[09/06/2012 20:14:32] /bc . Save.
[09/06/2012 20:14:36] /save
[09/06/2012 20:23:36] /reload config
[09/06/2012 20:29:45] /goto noxxx
[09/06/2012 20:29:50] /t
[09/06/2012 20:32:44] /goto noxxx
[09/06/2012 20:32:46] /t
[09/06/2012 20:35:13] /goto ded red
[09/06/2012 20:36:25] /goto noxxx
[09/06/2012 20:37:05] /attr health -29999999999999
[09/06/2012 20:37:09] /attr health -29999999999999
[09/06/2012 20:42:24] /bc . Save.
[09/06/2012 20:42:25] /save
[09/06/2012 20:42:28] /reload creatureevents
[09/06/2012 20:43:58] /bc . O Servidor vai ficar offline por 30 minutos, para arrumar estes erros.
[09/06/2012 20:44:14] /shutdown
[09/06/2012 21:34:58] /r 100
[09/06/2012 21:35:00] /i addon doll
[09/06/2012 22:00:02] /i backpack
[09/06/2012 22:00:13] /i master vip armor
[09/06/2012 22:00:15] /i master vip legs
[09/06/2012 22:00:18] /i master vip boots
[09/06/2012 22:00:21] /i master vip armor
[09/06/2012 22:00:31] /i master vip shield
[09/06/2012 22:00:36] /i master vip helmet
[09/06/2012 22:01:42] /i master vip wand
[09/06/2012 22:01:48] /goto junior boy
[09/06/2012 22:02:20] /i destroy field rune
[09/06/2012 22:02:35] /up
[09/06/2012 22:02:51] /up
[09/06/2012 22:03:14] /t
[09/06/2012 22:06:23] /bc . Clean.
[09/06/2012 22:06:27] /clean
[09/06/2012 22:35:10] /goto [CM] Illusion
[09/06/2012 23:10:52] /t
[10/06/2012 14:06:10] /goto Vemcmg
[10/06/2012 14:06:13] /ban Vemcmg
[10/06/2012 14:19:00] /ban Koakoakoakoako
[10/06/2012 14:24:26] /bc . Clean.
[10/06/2012 14:24:32] /clean
[10/06/2012 14:26:28] /goto Eu Quero Tcha
[10/06/2012 14:26:40] /ghost
[10/06/2012 14:26:49] /m magician
[10/06/2012 14:27:07] /attr health -22222222
[10/06/2012 14:27:11] /a 2
[10/06/2012 14:27:18] /ghost
[10/06/2012 14:27:20] /t
[10/06/2012 14:28:15] /goto Ricardo Humm
[10/06/2012 14:28:24] /t
[10/06/2012 14:33:07] /mc
[10/06/2012 15:02:39] /t
[10/06/2012 15:02:40] /up
[10/06/2012 15:02:53] /a
[10/06/2012 15:03:20] /t
[10/06/2012 15:03:59] /goto Caastiel
[10/06/2012 15:04:04] /t
[10/06/2012 15:04:08] /goto Caastiel
[10/06/2012 15:04:11] /a 5
[10/06/2012 15:04:11] /a 5
[10/06/2012 15:04:12] /a 5
[10/06/2012 15:04:12] /a 5
[10/06/2012 15:04:13] /a 5
[10/06/2012 15:04:14] /a 5
[10/06/2012 15:04:16] /a 5
[10/06/2012 15:04:17] /a 5
[10/06/2012 15:04:18] /a 5
[10/06/2012 15:04:18] /a 5
[10/06/2012 15:04:19] /a 5
[10/06/2012 15:04:20] /a 5
[10/06/2012 15:04:21] /a 5
[10/06/2012 15:06:34] /goto Magozera Ban
[10/06/2012 15:06:47] /unban magozera
[10/06/2012 15:06:52] /unban magozera
[10/06/2012 15:14:06] /i backpack
[10/06/2012 15:14:10] /i extreme mage
[10/06/2012 15:16:37] /up
[10/06/2012 15:17:13] /bc . Clean.
[10/06/2012 15:17:18] /clean
[10/06/2012 15:17:39] /t
[10/06/2012 15:20:30] /ban Anoouuune
[10/06/2012 15:26:50] /goto surfa na paralyze
[10/06/2012 15:33:49] /t Surfa Na Paralyze
[10/06/2012 15:42:43] /i baiak armor
[10/06/2012 15:42:48] /i baiak legs
[10/06/2012 15:42:51] /i baiak shield
[10/06/2012 15:42:54] /i vip wand
[10/06/2012 15:42:59] /i staff of baiak
[10/06/2012 15:43:03] /c fonado
[10/06/2012 15:43:06] /c finado
[10/06/2012 15:43:07] /a
[10/06/2012 15:43:53] /t /t finado
[10/06/2012 15:43:53] /t finado
[10/06/2012 15:44:13] /c maaczeraa jamaica
[10/06/2012 15:44:28] /c comander jamaica
[10/06/2012 15:45:25] /goto Finado
[10/06/2012 15:46:03] /squelch
[10/06/2012 16:31:31] /goto paulo brito
[10/06/2012 16:31:36] /t
[10/06/2012 17:18:53] /a 50
[10/06/2012 17:18:54] /a 50
[10/06/2012 17:18:58] /i 7355
[10/06/2012 17:18:58] /a
[10/06/2012 17:19:01] /a
[10/06/2012 17:19:02] /i 7355
[10/06/2012 17:25:48] /t
[10/06/2012 17:53:15] /goto aff adm
[10/06/2012 17:53:21] /ghost
[10/06/2012 17:53:35] /ghost
[10/06/2012 17:54:04] /t
[10/06/2012 18:01:32] /goto [admin] illusion
[10/06/2012 18:01:36] /goto [admin] illusion
[10/06/2012 18:01:39] /goto [admin] illusion
[10/06/2012 18:01:41] /goto [admin] illusion
[10/06/2012 18:01:46] /goto [admin] illusion
[10/06/2012 18:02:06] /ghost
[10/06/2012 18:10:29] /t
[10/06/2012 18:11:29] /ghost
[10/06/2012 18:12:10] /goto [ADMIN] Illusion
[10/06/2012 18:12:13] /a
[10/06/2012 18:22:04] /goto [admin] illusion
[10/06/2012 18:22:17] /i 11788
[10/06/2012 18:22:22] /r
[10/06/2012 18:22:38] /i 11790
[10/06/2012 18:22:45] /i 11790
[10/06/2012 18:22:47] /i 11790
[10/06/2012 18:22:52] /i 11790
[10/06/2012 18:22:53] /i 11790
[10/06/2012 18:22:54] /i 11790
[10/06/2012 18:22:55] /i 11790
[10/06/2012 18:22:58] /i 11790
[10/06/2012 18:23:25] /r
[10/06/2012 18:23:26] /r
[10/06/2012 18:23:27] /r
[10/06/2012 18:23:29] /r
[10/06/2012 18:23:30] /r
[10/06/2012 18:23:32] /r
[10/06/2012 18:23:37] /r
[10/06/2012 18:23:39] /r
[10/06/2012 18:23:39] /r
[10/06/2012 18:23:41] /r
[10/06/2012 18:23:45] /r
[10/06/2012 18:23:47] /r
[10/06/2012 18:23:51] /r
[10/06/2012 18:23:54] /r
[10/06/2012 18:23:55] /r
[10/06/2012 18:23:57] /r
[10/06/2012 18:23:59] /r
[10/06/2012 18:24:02] /r
[10/06/2012 18:24:03] /r
[10/06/2012 18:24:04] /r
[10/06/2012 18:24:05] /r
[10/06/2012 18:24:55] /t Druid Ownage Jr
[10/06/2012 18:34:41] /t
[10/06/2012 18:52:00] /ban Portasbaiak
[10/06/2012 18:54:44] /baninfo xx gangister xx
[10/06/2012 19:18:35] /bc . Clean.
[10/06/2012 19:18:39] /clean
[10/06/2012 19:23:01] /goto Matador De Angola
[10/06/2012 19:23:18] /t
[10/06/2012 19:23:44] /attr health -999999
[10/06/2012 19:23:46] /t
[10/06/2012 19:27:40] /goto [ADMIN] Illusion
[10/06/2012 19:55:54] /t
[10/06/2012 20:00:56] /mc
[10/06/2012 20:07:22] /goto Smurf Grimmjow
[10/06/2012 20:09:13] /goto Smurf Grimmjow
[10/06/2012 20:52:47] /ban Stanzolol
[10/06/2012 20:58:08] /goto Kaueziin Rusher
[10/06/2012 20:59:21] /t
[10/06/2012 21:41:29] /ban Leiia Anuncio
[10/06/2012 21:43:18] /goto Bleide Trovanno
[10/06/2012 21:59:01] /t
[10/06/2012 21:59:08] /ban Teros
[10/06/2012 22:03:04] /ban Espadinha sensual
[10/06/2012 22:04:25] /ban Divulgador ot
[10/06/2012 22:04:31] /ban Estilo Jamaica
[10/06/2012 23:24:14] /i 2160
[10/06/2012 23:24:15] /i 2160
[10/06/2012 23:24:15] /i 2160
[10/06/2012 23:24:15] /i 2160
[10/06/2012 23:24:16] /i 2160
[10/06/2012 23:24:16] /i 2160
[10/06/2012 23:24:16] /i 2160
[10/06/2012 23:24:17] /i 2160
[10/06/2012 23:24:17] /i 2160
[10/06/2012 23:24:17] /i 2160
[10/06/2012 23:24:17] /i 2160
[10/06/2012 23:24:20] /i 2160
[10/06/2012 23:24:29] /i 7439
[10/06/2012 23:27:24] /t
[11/06/2012 19:08:31] /bc . Clean.
[11/06/2012 19:08:39] /clean
[11/06/2012 21:25:13] /ban Lksds
[11/06/2012 21:26:06] /squelch
[11/06/2012 21:27:40] /squelch
[11/06/2012 21:28:13] /t
[11/06/2012 21:47:46] /t
[11/06/2012 21:47:55] /ban Borawar
[11/06/2012 23:03:56] /ban Deborarushandodeed
[11/06/2012 23:12:42] /goto [admin] illusion
[11/06/2012 23:13:23] /t
[11/06/2012 23:27:57] /ban Xdream
[12/06/2012 19:21:48] /ban Daniel Rush
[12/06/2012 19:24:42] /squelch
[12/06/2012 19:40:48] /ban Haxixe Rushmax
[12/06/2012 19:44:51] /bc . Clean.
[12/06/2012 19:44:58] /clean
[12/06/2012 19:47:30] /info Palaadin
[12/06/2012 20:34:53] /ban Eder
[12/06/2012 21:07:29] /ban Liad
[12/06/2012 21:16:16] /ban Raafa
[12/06/2012 21:27:34] /bc . Clean.
[12/06/2012 21:27:42] /clean
[12/06/2012 21:32:44] /ban Woony
[12/06/2012 21:50:08] /ban Mega Core
[12/06/2012 21:50:17] /ban Lhasd
[12/06/2012 22:17:05] /t
[12/06/2012 22:19:02] /squelch
[12/06/2012 22:58:50] /ban Bjasg
[12/06/2012 22:59:10] /ban Bjasg
[12/06/2012 23:00:12] /i bonebreaker
[12/06/2012 23:05:17] /ban Lucas
[12/06/2012 23:15:35] /i santa doll
[12/06/2012 23:16:13] /goto tridente
[12/06/2012 23:16:14] /goto trident
[12/06/2012 23:16:57] /t
[12/06/2012 23:19:21] /a 15
[12/06/2012 23:19:22] /a 15
[12/06/2012 23:19:24] /a 15
[12/06/2012 23:19:28] /a 15
[12/06/2012 23:19:28] /a 15
[12/06/2012 23:19:31] /a 15
[12/06/2012 23:19:32] /a 15
[12/06/2012 23:19:33] /a 15
[12/06/2012 23:19:34] /a 15
[12/06/2012 23:19:35] /a 15
[12/06/2012 23:19:35] /a 15
[12/06/2012 23:19:36] /a 15
[12/06/2012 23:19:36] /a 15
[12/06/2012 23:19:36] /a 15
[12/06/2012 23:19:37] /a 15
[12/06/2012 23:19:38] /a 15
[12/06/2012 23:19:38] /a 15
[12/06/2012 23:19:38] /a 15
[12/06/2012 23:19:39] /a 15
[12/06/2012 23:19:40] /a 15
[12/06/2012 23:19:50] /a 5
[12/06/2012 23:19:50] /a 5
[12/06/2012 23:19:50] /a 5
[12/06/2012 23:19:51] /a 5
[12/06/2012 23:19:51] /a 5
[12/06/2012 23:19:51] /a 5
[12/06/2012 23:19:51] /a 5
[12/06/2012 23:19:51] /a 5
[12/06/2012 23:19:51] /a 5
[12/06/2012 23:19:51] /a 5
[12/06/2012 23:19:51] /a 5
[12/06/2012 23:19:51] /a 5
[12/06/2012 23:19:51] /a 5
[12/06/2012 23:19:51] /a 5
[12/06/2012 23:19:52] /a 5
[12/06/2012 23:19:52] /a 5
[12/06/2012 23:19:52] /a 5
[12/06/2012 23:19:52] /a 5
[12/06/2012 23:19:52] /a 5
[12/06/2012 23:19:53] /a 5
[12/06/2012 23:19:53] /a 5
[12/06/2012 23:19:53] /a 5
[12/06/2012 23:19:54] /a 5
[12/06/2012 23:19:54] /a 5
[12/06/2012 23:19:55] /a 5
[12/06/2012 23:19:55] /a 5
[12/06/2012 23:19:55] /a 5
[12/06/2012 23:19:55] /a 5
[12/06/2012 23:19:55] /a 5
[12/06/2012 23:19:56] /a 5
[12/06/2012 23:19:56] /a 5
[12/06/2012 23:19:57] /a 5
[12/06/2012 23:19:57] /a 5
[12/06/2012 23:19:57] /a 5
[12/06/2012 23:19:58] /a 5
[12/06/2012 23:20:00] /a 5
[12/06/2012 23:20:00] /a 5
[12/06/2012 23:20:00] /a 5
[12/06/2012 23:20:00] /a 5
[12/06/2012 23:20:00] /a 5
[12/06/2012 23:20:00] /a 5
[12/06/2012 23:20:00] /a 5
[12/06/2012 23:20:00] /a 5
[12/06/2012 23:20:00] /a 5
[12/06/2012 23:20:01] /a 5
[12/06/2012 23:20:01] /a 5
[12/06/2012 23:20:01] /a 5
[12/06/2012 23:20:01] /a 5
[12/06/2012 23:20:01] /a 5
[12/06/2012 23:20:01] /a 5
[12/06/2012 23:20:01] /a 5
[12/06/2012 23:20:01] /a 5
[12/06/2012 23:20:01] /a 5
[12/06/2012 23:20:02] /a 5
[12/06/2012 23:20:02] /a 5
[12/06/2012 23:20:02] /a 5
[12/06/2012 23:20:02] /a 5
[12/06/2012 23:20:02] /a 5
[12/06/2012 23:20:02] /a 5
[12/06/2012 23:20:02] /a 5
[12/06/2012 23:20:02] /a 5
[12/06/2012 23:20:02] /a 5
[12/06/2012 23:20:02] /a 5
[12/06/2012 23:20:02] /a 5
[12/06/2012 23:20:02] /a 5
[12/06/2012 23:20:02] /a 5
[12/06/2012 23:20:02] /a 5
[12/06/2012 23:20:02] /a 5
[12/06/2012 23:20:02] /a 5
[12/06/2012 23:20:02] /a 5
[12/06/2012 23:20:02] /a 5
[12/06/2012 23:20:02] /a 5
[12/06/2012 23:20:02] /a 5
[12/06/2012 23:20:02] /a 5
[12/06/2012 23:20:03] /a 5
[12/06/2012 23:20:03] /a 5
[12/06/2012 23:20:03] /a 5
[12/06/2012 23:20:03] /a 5
[12/06/2012 23:20:03] /a 5
[12/06/2012 23:20:03] /a 5
[12/06/2012 23:20:03] /a 5
[12/06/2012 23:20:04] /a 5
[12/06/2012 23:20:05] /a 5
[12/06/2012 23:20:05] /a 5
[12/06/2012 23:20:05] /a 5
[12/06/2012 23:20:06] /a 5
[12/06/2012 23:20:06] /a 5
[12/06/2012 23:20:06] /a 5
[12/06/2012 23:20:06] /a 5
[12/06/2012 23:20:07] /a 5
[12/06/2012 23:20:07] /a 5
[12/06/2012 23:20:07] /a 5
[12/06/2012 23:20:07] /a 5
[12/06/2012 23:20:07] /a 5
[12/06/2012 23:20:10] /t
[12/06/2012 23:20:11] /a 5
[12/06/2012 23:20:12] /a 5
[12/06/2012 23:20:12] /a 5
[12/06/2012 23:20:12] /a 5
[12/06/2012 23:20:12] /a 5
[12/06/2012 23:20:12] /a 5
[12/06/2012 23:20:12] /a 5
[12/06/2012 23:20:12] /a 5
[12/06/2012 23:20:12] /a 5
[12/06/2012 23:20:13] /a 5
[12/06/2012 23:20:13] /a 5
[12/06/2012 23:20:14] /a 5
[12/06/2012 23:20:14] /a 5
[12/06/2012 23:20:14] /a 5
[12/06/2012 23:20:14] /a 5
[12/06/2012 23:20:14] /a 5
[12/06/2012 23:20:14] /a 5
[12/06/2012 23:20:14] /a 5
[12/06/2012 23:20:14] /a 5
[12/06/2012 23:20:14] /a 5
[12/06/2012 23:20:14] /a 5
[12/06/2012 23:20:14] /a 5
[12/06/2012 23:20:14] /a 5
[12/06/2012 23:20:14] /a 5
[12/06/2012 23:20:15] /a 5
[12/06/2012 23:20:15] /a 5
[12/06/2012 23:20:15] /a 5
[12/06/2012 23:20:15] /a 5
[12/06/2012 23:20:15] /a 5
[12/06/2012 23:20:15] /a 5
[12/06/2012 23:20:15] /a 5
[12/06/2012 23:20:15] /a 5
[12/06/2012 23:20:15] /a 5
[12/06/2012 23:20:15] /a 5
[12/06/2012 23:20:15] /a 5
[12/06/2012 23:20:15] /a 5
[12/06/2012 23:20:15] /a 5
[12/06/2012 23:20:15] /a 5
[12/06/2012 23:20:15] /a 5
[12/06/2012 23:20:15] /a 5
[12/06/2012 23:20:15] /a 5
[12/06/2012 23:20:15] /a 5
[12/06/2012 23:20:15] /a 5
[12/06/2012 23:20:15] /a 5
[12/06/2012 23:20:15] /a 5
[12/06/2012 23:20:15] /a 5
[12/06/2012 23:20:16] /a 5
[12/06/2012 23:20:16] /a 5
[12/06/2012 23:20:16] /a 5
[12/06/2012 23:20:28] /a 5
[12/06/2012 23:20:28] /a 5
[12/06/2012 23:20:29] /a 5
[12/06/2012 23:20:29] /a 5
[12/06/2012 23:20:29] /a 5
[12/06/2012 23:20:29] /a 5
[12/06/2012 23:20:30] /a 5
[12/06/2012 23:20:30] /a 5
[12/06/2012 23:20:30] /a 5
[12/06/2012 23:20:30] /a 5
[12/06/2012 23:20:30] /a 5
[12/06/2012 23:20:30] /a 5
[12/06/2012 23:20:30] /a 5
[12/06/2012 23:20:30] /a 5
[12/06/2012 23:20:30] /a 5
[12/06/2012 23:20:30] /a 5
[12/06/2012 23:20:30] /a 5
[12/06/2012 23:20:30] /a 5
[12/06/2012 23:20:30] /a 5
[12/06/2012 23:20:30] /a 5
[12/06/2012 23:20:30] /a 5
[12/06/2012 23:20:30] /a 5
[12/06/2012 23:20:30] /a 5
[12/06/2012 23:20:31] /a 5
[12/06/2012 23:20:31] /a 5
[12/06/2012 23:20:31] /a 5
[12/06/2012 23:20:31] /a 5
[12/06/2012 23:20:31] /a 5
[12/06/2012 23:20:31] /a 5
[12/06/2012 23:20:32] /a 5
[12/06/2012 23:20:32] /a 5
[12/06/2012 23:20:32] /a 5
[12/06/2012 23:20:32] /a 5
[12/06/2012 23:20:32] /a 5
[12/06/2012 23:20:32] /a 5
[12/06/2012 23:20:32] /a 5
[12/06/2012 23:20:32] /a 5
[12/06/2012 23:20:32] /a 5
[12/06/2012 23:20:32] /a 5
[12/06/2012 23:20:32] /a 5
[12/06/2012 23:20:33] /a 5
[12/06/2012 23:20:34] /a 5
[12/06/2012 23:20:34] /a 5
[12/06/2012 23:20:34] /a 5
[12/06/2012 23:20:34] /a 5
[12/06/2012 23:20:34] /a 5
[12/06/2012 23:20:34] /a 5
[12/06/2012 23:20:34] /a 5
[12/06/2012 23:20:34] /a 5
[12/06/2012 23:20:34] /a 5
[12/06/2012 23:20:35] /a 5
[12/06/2012 23:20:35] /a 5
[12/06/2012 23:20:35] /a 5
[12/06/2012 23:20:35] /a 5
[12/06/2012 23:20:35] /a 5
[12/06/2012 23:20:35] /a 5
[12/06/2012 23:20:35] /a 5
[12/06/2012 23:20:35] /a 5
[12/06/2012 23:20:35] /a 5
[12/06/2012 23:20:35] /a 5
[12/06/2012 23:20:35] /a 5
[12/06/2012 23:20:35] /a 5
[12/06/2012 23:20:35] /a 5
[12/06/2012 23:20:35] /a 5
[12/06/2012 23:20:35] /a 5
[12/06/2012 23:20:36] /a 5
[12/06/2012 23:20:36] /a 5
[12/06/2012 23:20:36] /a 5
[12/06/2012 23:20:36] /a 5
[12/06/2012 23:20:36] /a 5
[12/06/2012 23:20:36] /a 5
[12/06/2012 23:20:36] /a 5
[12/06/2012 23:20:36] /a 5
[12/06/2012 23:20:36] /a 5
[12/06/2012 23:20:36] /a 5
[12/06/2012 23:20:36] /a 5
[12/06/2012 23:20:36] /a 5
[12/06/2012 23:20:36] /a 5
[12/06/2012 23:20:36] /a 5
[12/06/2012 23:20:36] /a 5
[12/06/2012 23:20:36] /a 5
[12/06/2012 23:20:36] /a 5
[12/06/2012 23:20:36] /a 5
[12/06/2012 23:20:36] /a 5
[12/06/2012 23:20:36] /a 5
[12/06/2012 23:20:37] /a 5
[12/06/2012 23:20:37] /a 5
[12/06/2012 23:20:37] /a 5
[12/06/2012 23:20:37] /a 5
[12/06/2012 23:20:37] /a 5
[12/06/2012 23:20:37] /a 5
[12/06/2012 23:20:37] /a 5
[12/06/2012 23:20:37] /a 5
[12/06/2012 23:20:37] /a 5
[12/06/2012 23:20:37] /a 5
[12/06/2012 23:20:37] /a 5
[12/06/2012 23:20:37] /a 5
[12/06/2012 23:20:37] /a 5
[12/06/2012 23:20:37] /a 5
[12/06/2012 23:20:37] /a 5
[12/06/2012 23:20:38] /a 5
[12/06/2012 23:20:38] /a 5
[12/06/2012 23:20:38] /a 5
[12/06/2012 23:20:38] /a 5
[12/06/2012 23:20:38] /a 5
[12/06/2012 23:20:38] /a 5
[12/06/2012 23:20:38] /a 5
[12/06/2012 23:20:38] /a 5
[12/06/2012 23:20:38] /a 5
[12/06/2012 23:20:38] /a 5
[12/06/2012 23:20:38] /a 5
[12/06/2012 23:20:38] /a 5
[12/06/2012 23:20:38] /a 5
[12/06/2012 23:20:38] /a 5
[12/06/2012 23:20:38] /a 5
[12/06/2012 23:20:38] /a 5
[12/06/2012 23:20:38] /a 5
[12/06/2012 23:20:38] /a 5
[12/06/2012 23:20:39] /a 5
[12/06/2012 23:20:39] /a 5
[12/06/2012 23:20:39] /a 5
[12/06/2012 23:20:39] /a 5
[12/06/2012 23:20:39] /a 5
[12/06/2012 23:21:06] /a 5
[12/06/2012 23:21:06] /a 5
[12/06/2012 23:21:07] /a 5
[12/06/2012 23:21:07] /a 5
[12/06/2012 23:21:07] /a 5
[12/06/2012 23:21:07] /a 5
[12/06/2012 23:21:07] /a 5
[12/06/2012 23:21:07] /a 5
[12/06/2012 23:21:07] /a 5
[12/06/2012 23:21:07] /a 5
[12/06/2012 23:21:07] /a 5
[12/06/2012 23:21:07] /a 5
[12/06/2012 23:21:07] /a 5
[12/06/2012 23:21:07] /a 5
[12/06/2012 23:21:07] /a 5
[12/06/2012 23:21:07] /a 5
[12/06/2012 23:21:07] /a 5
[12/06/2012 23:21:07] /a 5
[12/06/2012 23:21:07] /a 5
[12/06/2012 23:21:07] /a 5
[12/06/2012 23:21:07] /a 5
[12/06/2012 23:21:07] /a 5
[12/06/2012 23:21:09] /a 5
[12/06/2012 23:21:10] /a 5
[12/06/2012 23:21:10] /a 5
[12/06/2012 23:21:10] /a 5
[12/06/2012 23:21:10] /a 5
[12/06/2012 23:21:10] /a 5
[12/06/2012 23:21:10] /a 5
[12/06/2012 23:21:10] /a 5
[12/06/2012 23:21:10] /a 5
[12/06/2012 23:21:10] /a 5
[12/06/2012 23:21:10] /a 5
[12/06/2012 23:21:10] /a 5
[12/06/2012 23:21:10] /a 5
[12/06/2012 23:21:10] /a 5
[12/06/2012 23:21:10] /a 5
[12/06/2012 23:21:10] /a 5
[12/06/2012 23:21:10] /a 5
[12/06/2012 23:21:10] /a 5
[12/06/2012 23:21:10] /a 5
[12/06/2012 23:21:11] /a 5
[12/06/2012 23:21:11] /a 5
[12/06/2012 23:21:11] /a 5
[12/06/2012 23:21:11] /a 5
[12/06/2012 23:21:11] /a 5
[12/06/2012 23:21:11] /a 5
[12/06/2012 23:21:11] /a 5
[12/06/2012 23:21:11] /a 5
[12/06/2012 23:21:11] /a 5
[12/06/2012 23:21:11] /a 5
[12/06/2012 23:21:11] /a 5
[12/06/2012 23:21:11] /a 5
[12/06/2012 23:21:11] /a 5
[12/06/2012 23:21:11] /a 5
[12/06/2012 23:21:11] /a 5
[12/06/2012 23:21:11] /a 5
[12/06/2012 23:21:12] /a 5
[12/06/2012 23:21:12] /a 5
[12/06/2012 23:21:12] /a 5
[12/06/2012 23:21:12] /a 5
[12/06/2012 23:21:12] /a 5
[12/06/2012 23:21:12] /a 5
[12/06/2012 23:21:12] /a 5
[12/06/2012 23:21:12] /a 5
[12/06/2012 23:21:12] /a 5
[12/06/2012 23:21:12] /a 5
[12/06/2012 23:21:12] /a 5
[12/06/2012 23:21:12] /a 5
[12/06/2012 23:21:12] /a 5
[12/06/2012 23:21:12] /a 5
[12/06/2012 23:21:13] /a 5
[12/06/2012 23:21:13] /a 5
[12/06/2012 23:21:13] /a 5
[12/06/2012 23:21:13] /a 5
[12/06/2012 23:21:13] /a 5
[12/06/2012 23:21:13] /a 5
[12/06/2012 23:21:13] /a 5
[12/06/2012 23:21:13] /a 5
[12/06/2012 23:21:13] /a 5
[12/06/2012 23:21:13] /a 5
[12/06/2012 23:21:13] /a 5
[12/06/2012 23:21:13] /a 5
[12/06/2012 23:21:13] /a 5
[12/06/2012 23:21:13] /a 5
[12/06/2012 23:21:13] /a 5
[12/06/2012 23:21:13] /a 5
[12/06/2012 23:21:13] /a 5
[12/06/2012 23:21:13] /a 5
[12/06/2012 23:21:14] /a 5
[12/06/2012 23:21:15] /a 5
[12/06/2012 23:21:15] /a 5
[12/06/2012 23:21:15] /a 5
[12/06/2012 23:21:15] /a 5
[12/06/2012 23:21:15] /a 5
[12/06/2012 23:21:15] /a 5
[12/06/2012 23:21:15] /a 5
[12/06/2012 23:21:15] /a 5
[12/06/2012 23:21:15] /a 5
[12/06/2012 23:21:15] /a 5
[12/06/2012 23:21:15] /a 5
[12/06/2012 23:21:15] /a 5
[12/06/2012 23:21:15] /a 5
[12/06/2012 23:21:15] /a 5
[12/06/2012 23:21:15] /a 5
[12/06/2012 23:21:16] /a 5
[12/06/2012 23:21:16] /a 5
[12/06/2012 23:21:16] /a 5
[12/06/2012 23:21:16] /a 5
[12/06/2012 23:21:16] /a 5
[12/06/2012 23:21:16] /a 5
[12/06/2012 23:21:16] /a 5
[12/06/2012 23:21:16] /a 5
[12/06/2012 23:21:16] /a 5
[12/06/2012 23:21:16] /a 5
[12/06/2012 23:21:16] /a 5
[12/06/2012 23:21:16] /a 5
[12/06/2012 23:21:16] /a 5
[12/06/2012 23:21:16] /a 5
[12/06/2012 23:21:16] /a 5
[12/06/2012 23:21:16] /a 5
[12/06/2012 23:21:16] /a 5
[12/06/2012 23:21:16] /a 5
[12/06/2012 23:21:16] /a 5
[12/06/2012 23:21:16] /a 5
[12/06/2012 23:21:16] /a 5
[12/06/2012 23:21:16] /a 5
[12/06/2012 23:21:16] /a 5
[12/06/2012 23:21:16] /a 5
[12/06/2012 23:21:16] /a 5
[12/06/2012 23:21:16] /a 5
[12/06/2012 23:21:16] /a 5
[12/06/2012 23:21:17] /a 5
[12/06/2012 23:21:17] /a 5
[12/06/2012 23:21:17] /a 5
[12/06/2012 23:21:17] /a 5
[12/06/2012 23:21:17] /a 5
[12/06/2012 23:21:17] /a 5
[12/06/2012 23:21:17] /a 5
[12/06/2012 23:21:17] /a 5
[12/06/2012 23:21:17] /a 5
[12/06/2012 23:21:17] /a 5
[12/06/2012 23:21:17] /a 5
[12/06/2012 23:21:17] /a 5
[12/06/2012 23:21:17] /a 5
[12/06/2012 23:21:17] /a 5
[12/06/2012 23:21:17] /a 5
[12/06/2012 23:21:17] /a 5
[12/06/2012 23:21:17] /a 5
[12/06/2012 23:21:17] /a 5
[12/06/2012 23:21:17] /a 5
[12/06/2012 23:21:17] /a 5
[12/06/2012 23:21:17] /a 5
[12/06/2012 23:21:18] /a 5
[12/06/2012 23:21:18] /a 5
[12/06/2012 23:21:18] /a 5
[12/06/2012 23:21:18] /a 5
[12/06/2012 23:21:18] /a 5
[12/06/2012 23:21:18] /a 5
[12/06/2012 23:21:19] /a 5
[12/06/2012 23:21:19] /a 5
[12/06/2012 23:21:19] /a 5
[12/06/2012 23:21:19] /a 5
[12/06/2012 23:21:19] /a 5
[12/06/2012 23:21:21] /a 5
[12/06/2012 23:21:21] /a 5
[12/06/2012 23:21:21] /a 5
[12/06/2012 23:21:21] /a 5
[12/06/2012 23:21:23] /a 5
[12/06/2012 23:21:23] /a 5
[12/06/2012 23:21:23] /a 5
[12/06/2012 23:21:23] /a 5
[12/06/2012 23:21:23] /a 5
[12/06/2012 23:21:23] /a 5
[12/06/2012 23:21:23] /a 5
[12/06/2012 23:21:23] /a 5
[12/06/2012 23:21:23] /a 5
[12/06/2012 23:21:23] /a 5
[12/06/2012 23:21:23] /a 5
[12/06/2012 23:21:23] /a 5
[12/06/2012 23:21:23] /a 5
[12/06/2012 23:21:23] /a 5
[12/06/2012 23:21:23] /a 5
[12/06/2012 23:21:23] /a 5
[12/06/2012 23:21:23] /a 5
[12/06/2012 23:21:23] /a 5
[12/06/2012 23:21:23] /a 5
[12/06/2012 23:21:23] /a 5
[12/06/2012 23:21:23] /a 5
[12/06/2012 23:21:23] /a 5
[12/06/2012 23:21:23] /a 5
[12/06/2012 23:21:23] /a 5
[12/06/2012 23:21:23] /a 5
[12/06/2012 23:21:23] /a 5
[12/06/2012 23:21:23] /a 5
[12/06/2012 23:21:24] /a 5
[12/06/2012 23:21:24] /a 5
[12/06/2012 23:21:24] /a 5
[12/06/2012 23:21:24] /a 5
[12/06/2012 23:21:24] /a 5
[12/06/2012 23:21:24] /a 5
[12/06/2012 23:21:24] /a 5
[12/06/2012 23:21:44] /a 5
[12/06/2012 23:21:45] /a 5
[12/06/2012 23:21:46] /a 5
[12/06/2012 23:21:46] /a 5
[12/06/2012 23:21:46] /a 5
[12/06/2012 23:21:46] /a 5
[12/06/2012 23:21:47] /a 5
[12/06/2012 23:21:47] /a 5
[12/06/2012 23:21:47] /a 5
[12/06/2012 23:21:47] /a 5
[12/06/2012 23:21:47] /a 5
[12/06/2012 23:21:47] /a 5
[12/06/2012 23:21:47] /a 5
[12/06/2012 23:21:47] /a 5
[12/06/2012 23:21:47] /a 5
[12/06/2012 23:21:47] /a 5
[12/06/2012 23:21:47] /a 5
[12/06/2012 23:21:47] /a 5
[12/06/2012 23:21:47] /a 5
[12/06/2012 23:21:48] /a 5
[12/06/2012 23:21:48] /a 5
[12/06/2012 23:21:48] /a 5
[12/06/2012 23:21:49] /a 5
[12/06/2012 23:21:49] /a 5
[12/06/2012 23:21:49] /a 5
[12/06/2012 23:21:49] /a 5
[12/06/2012 23:21:49] /a 5
[12/06/2012 23:21:49] /a 5
[12/06/2012 23:21:49] /a 5
[12/06/2012 23:21:49] /a 5
[12/06/2012 23:21:49] /a 5
[12/06/2012 23:21:50] /a 5
[12/06/2012 23:21:50] /a 5
[12/06/2012 23:21:50] /a 5
[12/06/2012 23:21:50] /a 5
[12/06/2012 23:21:50] /a 5
[12/06/2012 23:21:50] /a 5
[12/06/2012 23:21:50] /a 5
[12/06/2012 23:21:50] /a 5
[12/06/2012 23:21:50] /a 5
[12/06/2012 23:21:50] /a 5
[12/06/2012 23:21:51] /a 5
[12/06/2012 23:21:51] /a 5
[12/06/2012 23:21:51] /a 5
[12/06/2012 23:21:51] /a 5
[12/06/2012 23:21:51] /a 5
[12/06/2012 23:21:51] /a 5
[12/06/2012 23:21:51] /a 5
[12/06/2012 23:21:51] /a 5
[12/06/2012 23:21:51] /a 5
[12/06/2012 23:21:51] /a 5
[12/06/2012 23:21:51] /a 5
[12/06/2012 23:21:51] /a 5
[12/06/2012 23:21:51] /a 5
[12/06/2012 23:21:51] /a 5
[12/06/2012 23:21:51] /a 5
[12/06/2012 23:21:51] /a 5
[12/06/2012 23:21:51] /a 5
[12/06/2012 23:21:51] /a 5
[12/06/2012 23:21:51] /a 5
[12/06/2012 23:21:51] /a 5
[12/06/2012 23:21:51] /a 5
[12/06/2012 23:21:51] /a 5
[12/06/2012 23:21:52] /a 5
[12/06/2012 23:21:56] /a 5
[12/06/2012 23:21:56] /a 5
[12/06/2012 23:21:57] /a 5
[12/06/2012 23:21:57] /a 5
[12/06/2012 23:21:57] /a 5
[12/06/2012 23:21:57] /a 5
[12/06/2012 23:21:57] /a 5
[12/06/2012 23:21:58] /a 5
[12/06/2012 23:21:58] /a 5
[12/06/2012 23:21:58] /a 5
[12/06/2012 23:21:58] /a 5
[12/06/2012 23:21:59] /a 5
[12/06/2012 23:21:59] /a 5
[12/06/2012 23:21:59] /a 5
[12/06/2012 23:22:00] /a 5
[12/06/2012 23:22:00] /a 5
[12/06/2012 23:22:00] /a 5
[12/06/2012 23:22:00] /a 5
[12/06/2012 23:22:00] /a 5
[12/06/2012 23:22:01] /a 5
[12/06/2012 23:22:01] /a 5
[12/06/2012 23:22:01] /a 5
[12/06/2012 23:22:02] /a 5
[12/06/2012 23:22:02] /a 5
[12/06/2012 23:22:03] /a 5
[12/06/2012 23:22:03] /a 5
[12/06/2012 23:22:03] /a 5
[12/06/2012 23:22:03] /a 5
[12/06/2012 23:22:03] /a 5
[12/06/2012 23:22:04] /a 5
[12/06/2012 23:22:04] /a 5
[12/06/2012 23:22:04] /a 5
[12/06/2012 23:22:04] /a 5
[12/06/2012 23:22:05] /a 5
[12/06/2012 23:22:05] /a 5
[12/06/2012 23:22:05] /a 5
[12/06/2012 23:22:06] /a 5
[12/06/2012 23:22:06] /a 5
[12/06/2012 23:22:06] /a 5
[12/06/2012 23:22:06] /a 5
[12/06/2012 23:22:06] /a 5
[12/06/2012 23:22:07] /a 5
[12/06/2012 23:22:07] /a 5
[12/06/2012 23:22:08] /a 5
[12/06/2012 23:22:08] /a 5
[12/06/2012 23:22:08] /a 5
[12/06/2012 23:22:08] /a 5
[12/06/2012 23:22:09] /a 5
[12/06/2012 23:22:09] /a 5
[12/06/2012 23:22:09] /a 5
[12/06/2012 23:22:09] /a 5
[12/06/2012 23:22:09] /a 5
[12/06/2012 23:22:10] /a 5
[12/06/2012 23:22:10] /a 5
[12/06/2012 23:22:11] /a 5
[12/06/2012 23:22:11] /a 5
[12/06/2012 23:22:11] /a 5
[12/06/2012 23:22:11] /a 5
[12/06/2012 23:22:12] /a 5
[12/06/2012 23:22:12] /a 5
[12/06/2012 23:22:12] /a 5
[12/06/2012 23:22:12] /a 5
[12/06/2012 23:22:13] /a 5
[12/06/2012 23:22:14] /a 5
[12/06/2012 23:22:14] /a 5
[12/06/2012 23:22:15] /a 5
[12/06/2012 23:22:16] /a 5
[12/06/2012 23:22:16] /a 5
[12/06/2012 23:22:16] /a 5
[12/06/2012 23:22:16] /a 5
[12/06/2012 23:22:16] /a 5
[12/06/2012 23:22:17] /a 5
[12/06/2012 23:22:17] /a 5
[12/06/2012 23:22:17] /a 5
[12/06/2012 23:22:17] /a 5
[12/06/2012 23:22:18] /a 5
[12/06/2012 23:22:18] /a 5
[12/06/2012 23:22:19] /a 5
[12/06/2012 23:22:19] /a 5
[12/06/2012 23:22:19] /a 5
[12/06/2012 23:22:19] /a 5
[12/06/2012 23:22:19] /a 5
[12/06/2012 23:22:19] /a 5
[12/06/2012 23:22:19] /a 5
[12/06/2012 23:22:19] /a 5
[12/06/2012 23:22:19] /a 5
[12/06/2012 23:22:19] /a 5
[12/06/2012 23:22:19] /a 5
[12/06/2012 23:22:19] /a 5
[12/06/2012 23:22:19] /a 5
[12/06/2012 23:22:19] /a 5
[12/06/2012 23:22:19] /a 5
[12/06/2012 23:22:19] /a 5
[12/06/2012 23:22:19] /a 5
[12/06/2012 23:22:19] /a 5
[12/06/2012 23:22:19] /a 5
[12/06/2012 23:22:19] /a 5
[12/06/2012 23:22:19] /a 5
[12/06/2012 23:22:19] /a 5
[12/06/2012 23:22:19] /a 5
[12/06/2012 23:22:19] /a 5
[12/06/2012 23:22:19] /a 5
[12/06/2012 23:22:19] /a 5
[12/06/2012 23:22:19] /a 5
[12/06/2012 23:22:19] /a 5
[12/06/2012 23:22:19] /a 5
[12/06/2012 23:22:19] /a 5
[12/06/2012 23:22:20] /a 5
[12/06/2012 23:22:21] /a 5
[12/06/2012 23:22:21] /a 5
[12/06/2012 23:22:21] /a 5
[12/06/2012 23:22:21] /a 5
[12/06/2012 23:22:21] /a 5
[12/06/2012 23:22:21] /a 5
[12/06/2012 23:22:21] /a 5
[12/06/2012 23:22:21] /a 5
[12/06/2012 23:22:21] /a 5
[12/06/2012 23:22:21] /a 5
[12/06/2012 23:22:21] /a 5
[12/06/2012 23:22:21] /a 5
[12/06/2012 23:22:21] /a 5
[12/06/2012 23:22:21] /a 5
[12/06/2012 23:22:21] /a 5
[12/06/2012 23:22:21] /a 5
[12/06/2012 23:22:21] /a 5
[12/06/2012 23:22:21] /a 5
[12/06/2012 23:22:21] /a 5
[12/06/2012 23:22:21] /a 5
[12/06/2012 23:22:21] /a 5
[12/06/2012 23:22:21] /a 5
[12/06/2012 23:22:21] /a 5
[12/06/2012 23:22:21] /a 5
[12/06/2012 23:22:21] /a 5
[12/06/2012 23:22:30] /a 5
[12/06/2012 23:22:31] /a 5
[12/06/2012 23:22:32] /a 5
[12/06/2012 23:22:32] /a 5
[12/06/2012 23:22:32] /a 5
[12/06/2012 23:22:32] /a 5
[12/06/2012 23:22:32] /a 5
[12/06/2012 23:22:32] /a 5
[12/06/2012 23:22:32] /a 5
[12/06/2012 23:22:32] /a 5
[12/06/2012 23:22:32] /a 5
[12/06/2012 23:22:32] /a 5
[12/06/2012 23:22:32] /a 5
[12/06/2012 23:22:32] /a 5
[12/06/2012 23:22:32] /a 5
[12/06/2012 23:22:32] /a 5
[12/06/2012 23:22:32] /a 5
[12/06/2012 23:22:33] /a 5
[12/06/2012 23:22:33] /a 5
[12/06/2012 23:22:33] /a 5
[12/06/2012 23:22:33] /a 5
[12/06/2012 23:22:33] /a 5
[12/06/2012 23:22:33] /a 5
[12/06/2012 23:22:33] /a 5
[12/06/2012 23:22:33] /a 5
[12/06/2012 23:22:33] /a 5
[12/06/2012 23:22:33] /a 5
[12/06/2012 23:22:33] /a 5
[12/06/2012 23:22:33] /a 5
[12/06/2012 23:22:33] /a 5
[12/06/2012 23:22:33] /a 5
[12/06/2012 23:22:33] /a 5
[12/06/2012 23:22:33] /a 5
[12/06/2012 23:22:33] /a 5
[12/06/2012 23:22:33] /a 5
[12/06/2012 23:22:33] /a 5
[12/06/2012 23:22:33] /a 5
[12/06/2012 23:22:33] /a 5
[12/06/2012 23:22:33] /a 5
[12/06/2012 23:22:33] /a 5
[12/06/2012 23:22:34] /a 5
[12/06/2012 23:22:34] /a 5
[12/06/2012 23:22:34] /a 5
[12/06/2012 23:22:34] /a 5
[12/06/2012 23:22:34] /a 5
[12/06/2012 23:22:34] /a 5
[12/06/2012 23:22:34] /a 5
[12/06/2012 23:22:34] /a 5
[12/06/2012 23:22:34] /a 5
[12/06/2012 23:22:34] /a 5
[12/06/2012 23:22:34] /a 5
[12/06/2012 23:22:34] /a 5
[12/06/2012 23:33:06] /t
[12/06/2012 23:33:23] /ban Baiakk
[12/06/2012 23:50:26] /ban Dnfbd
[13/06/2012 00:06:33] /a
[13/06/2012 00:06:36] /ghost
[13/06/2012 00:08:22] /a
[13/06/2012 00:12:55] /goto Sebastiao Of Magia
[13/06/2012 00:13:07] /c [ADMIN] Illusion
[13/06/2012 00:13:38] /goto Sebastiao Of Magia
[13/06/2012 00:16:31] /t Kaueziin Rusher
[13/06/2012 00:16:43] /t
[13/06/2012 00:16:46] /ghost
[13/06/2012 14:10:53] /goto [ADMIN] Illusion
[13/06/2012 14:12:08] /goto [ADMIN] Illusion
[13/06/2012 14:32:40] /ghost
[13/06/2012 14:33:44] /squelch
[13/06/2012 14:35:00] /bc . Clean.
[13/06/2012 14:35:11] /clean
[13/06/2012 14:35:44] /squelch
[13/06/2012 14:38:24] /ghost "[ADMIN] Illusion
[13/06/2012 14:38:26] /ghost "[ADMIN] Illusion'
[13/06/2012 14:45:55] /ban Koapk
[13/06/2012 14:50:31] /ghost
[13/06/2012 16:06:31] /ban Druid the Hell
[13/06/2012 16:20:57] /goto [ADMIN] Illusion
[13/06/2012 16:21:56] /c Kinightziikka'sz
[13/06/2012 16:22:23] /c kina teste
[13/06/2012 16:22:27] /c kina teste
[13/06/2012 16:22:40] /ghost
[13/06/2012 16:28:20] /goto kina teste
[13/06/2012 16:28:27] /goto kina teste
[13/06/2012 16:28:56] /goto kina teste
[13/06/2012 16:29:02] /goto kina teste
[13/06/2012 17:06:34] /t
[13/06/2012 17:06:39] /ghost
[13/06/2012 17:16:23] /bc . Pessoal, desculpas pelo LAG, mas estamos sendo sofrendo por attack ddos pelo IP= 177.9.242.52
[13/06/2012 17:43:32] /up 2
[13/06/2012 17:44:14] /up
[13/06/2012 17:44:15] /c Anera Net
[13/06/2012 17:44:56] /ghost
[13/06/2012 17:46:27] /ban Anera Net
[13/06/2012 17:46:47] /ghost
[13/06/2012 17:46:51] /t
[13/06/2012 19:58:11] /ban Leiia Anuncio
[13/06/2012 20:37:27] /ban Malvadesa
[13/06/2012 20:38:49] /ban Redtube
[13/06/2012 21:09:56] /kick Global Zika
[13/06/2012 21:10:00] /goto Global Zika
[13/06/2012 21:10:30] /ghost
[13/06/2012 21:11:21] /ghost
[13/06/2012 21:11:21] /t
[13/06/2012 21:13:24] /a 15
[13/06/2012 21:13:27] /a 5
[13/06/2012 21:13:28] /a 5
[13/06/2012 21:13:30] /a 5
[13/06/2012 21:13:36] /mc
[13/06/2012 21:13:56] /ghost
[13/06/2012 21:14:36] /ban Global Zika
[13/06/2012 21:14:57] /ghost
[13/06/2012 21:15:23] /t
[13/06/2012 21:20:17] /goto Asking Alexandria
[13/06/2012 21:55:52] /ban Boladiin
[13/06/2012 22:09:52] /t
[13/06/2012 22:43:29] /squelch
[13/06/2012 22:43:30] /squelch
[13/06/2012 22:43:31] /squelch
[14/06/2012 19:11:55] /bc ; Save.
[14/06/2012 19:12:00] /save
[14/06/2012 20:04:12] /goto vinih rlz
[14/06/2012 20:04:13] /goto vinih rlz
[14/06/2012 20:04:14] /goto vinih rlz
[14/06/2012 20:04:15] /goto vinih rlz
[14/06/2012 20:04:17] /goto vinih rlz
[14/06/2012 20:04:17] /goto vinih rlz
[14/06/2012 20:04:18] /goto vinih rlz
[14/06/2012 20:04:18] /goto vinih rlz
[14/06/2012 20:04:18] /goto vinih rlz
[14/06/2012 20:04:19] /goto vinih rlz
[14/06/2012 20:04:19] /goto vinih rlz
[14/06/2012 20:04:20] /goto vinih rlz
[14/06/2012 20:04:20] /goto vinih rlz
[14/06/2012 20:04:21] /goto vinih rlz
[14/06/2012 20:04:21] /goto vinih rlz
[14/06/2012 20:04:34] /goto vinih rlz
[14/06/2012 20:04:36] /goto vinih rlz
[14/06/2012 20:04:36] /goto vinih rlz
[14/06/2012 20:04:37] /goto vinih rlz
[14/06/2012 20:04:37] /goto vinih rlz
[14/06/2012 20:04:38] /goto vinih rlz
[14/06/2012 20:04:38] /goto vinih rlz
[14/06/2012 20:04:38] /goto vinih rlz
[14/06/2012 20:04:39] /goto vinih rlz
[14/06/2012 20:04:50] /goto vinih rlz
[14/06/2012 20:04:51] /goto vinih rlz
[14/06/2012 20:04:52] /goto vinih rlz
[14/06/2012 20:04:52] /goto vinih rlz
[14/06/2012 20:04:52] /goto vinih rlz
[14/06/2012 20:04:52] /goto vinih rlz
[14/06/2012 20:04:52] /goto vinih rlz
[14/06/2012 20:04:52] /goto vinih rlz
[14/06/2012 20:04:52] /goto vinih rlz
[14/06/2012 20:04:52] /goto vinih rlz
[14/06/2012 20:04:52] /goto vinih rlz
[14/06/2012 20:04:52] /goto vinih rlz
[14/06/2012 20:04:52] /goto vinih rlz
[14/06/2012 20:04:52] /goto vinih rlz
[14/06/2012 20:04:52] /goto vinih rlz
[14/06/2012 20:04:52] /goto vinih rlz
[14/06/2012 20:04:52] /goto vinih rlz
[14/06/2012 20:04:52] /goto vinih rlz
[14/06/2012 20:04:52] /goto vinih rlz
[14/06/2012 20:04:52] /goto vinih rlz
[14/06/2012 20:04:52] /goto vinih rlz
[14/06/2012 20:04:52] /goto vinih rlz
[14/06/2012 20:04:52] /goto vinih rlz
[14/06/2012 20:04:53] /goto vinih rlz
[14/06/2012 20:04:53] /goto vinih rlz
[14/06/2012 20:04:53] /goto vinih rlz
[14/06/2012 20:04:53] /goto vinih rlz
[14/06/2012 20:04:53] /goto vinih rlz
[14/06/2012 20:04:53] /goto vinih rlz
[14/06/2012 20:04:53] /goto vinih rlz
[14/06/2012 20:04:53] /goto vinih rlz
[14/06/2012 20:04:53] /goto vinih rlz
[14/06/2012 20:04:53] /goto vinih rlz
[14/06/2012 20:04:53] /goto vinih rlz
[14/06/2012 20:04:53] /goto vinih rlz
[14/06/2012 20:04:53] /goto vinih rlz
[14/06/2012 20:04:53] /goto vinih rlz
[14/06/2012 20:04:53] /goto vinih rlz
[14/06/2012 20:04:53] /goto vinih rlz
[14/06/2012 20:04:53] /goto vinih rlz
[14/06/2012 20:04:53] /goto vinih rlz
[14/06/2012 20:04:53] /goto vinih rlz
[14/06/2012 20:04:53] /goto vinih rlz
[14/06/2012 20:04:53] /goto vinih rlz
[14/06/2012 20:04:53] /goto vinih rlz
[14/06/2012 20:04:53] /goto vinih rlz
[14/06/2012 20:04:53] /goto vinih rlz
[14/06/2012 20:04:53] /goto vinih rlz
[14/06/2012 20:04:53] /goto vinih rlz
[14/06/2012 20:04:53] /goto vinih rlz
[14/06/2012 20:04:53] /goto vinih rlz
[14/06/2012 20:04:54] /goto vinih rlz
[14/06/2012 20:04:54] /goto vinih rlz
[14/06/2012 20:04:54] /goto vinih rlz
[14/06/2012 20:04:54] /goto vinih rlz
[14/06/2012 20:04:54] /goto vinih rlz
[14/06/2012 20:04:54] /goto vinih rlz
[14/06/2012 20:04:54] /goto vinih rlz
[14/06/2012 20:04:54] /goto vinih rlz
[14/06/2012 20:04:54] /goto vinih rlz
[14/06/2012 20:04:54] /goto vinih rlz
[14/06/2012 20:04:54] /goto vinih rlz
[14/06/2012 20:04:54] /goto vinih rlz
[14/06/2012 20:04:54] /goto vinih rlz
[14/06/2012 20:04:54] /goto vinih rlz
[14/06/2012 20:04:54] /goto vinih rlz
[14/06/2012 20:04:54] /goto vinih rlz
[14/06/2012 20:04:54] /goto vinih rlz
[14/06/2012 20:04:54] /goto vinih rlz
[14/06/2012 20:04:54] /goto vinih rlz
[14/06/2012 20:04:54] /goto vinih rlz
[14/06/2012 20:04:54] /goto vinih rlz
[14/06/2012 20:04:54] /goto vinih rlz
[14/06/2012 20:04:54] /goto vinih rlz
[14/06/2012 20:04:54] /goto vinih rlz
[14/06/2012 20:04:54] /goto vinih rlz
[14/06/2012 20:04:54] /goto vinih rlz
[14/06/2012 20:04:55] /goto vinih rlz
[14/06/2012 20:04:55] /goto vinih rlz
[14/06/2012 20:04:55] /goto vinih rlz
[14/06/2012 20:04:55] /goto vinih rlz
[14/06/2012 20:04:55] /goto vinih rlz
[14/06/2012 20:04:55] /goto vinih rlz
[14/06/2012 20:04:55] /goto vinih rlz
[14/06/2012 20:04:55] /goto vinih rlz
[14/06/2012 20:04:55] /goto vinih rlz
[14/06/2012 20:04:55] /goto vinih rlz
[14/06/2012 20:04:55] /goto vinih rlz
[14/06/2012 20:04:55] /goto vinih rlz
[14/06/2012 20:04:56] /goto vinih rlz
[14/06/2012 20:04:56] /goto vinih rlz
[14/06/2012 20:04:56] /goto vinih rlz
[14/06/2012 20:04:56] /goto vinih rlz
[14/06/2012 20:04:56] /goto vinih rlz
[14/06/2012 20:04:57] /goto vinih rlz
[14/06/2012 20:04:57] /goto vinih rlz
[14/06/2012 20:04:57] /goto vinih rlz
[14/06/2012 20:04:57] /goto vinih rlz
[14/06/2012 20:04:57] /goto vinih rlz
[14/06/2012 20:04:57] /goto vinih rlz
[14/06/2012 20:04:57] /goto vinih rlz
[14/06/2012 20:04:57] /goto vinih rlz
[14/06/2012 20:04:57] /goto vinih rlz
[14/06/2012 20:04:57] /goto vinih rlz
[14/06/2012 20:04:57] /goto vinih rlz
[14/06/2012 20:04:57] /goto vinih rlz
[14/06/2012 20:04:57] /goto vinih rlz
[14/06/2012 20:04:57] /goto vinih rlz
[14/06/2012 20:04:57] /goto vinih rlz
[14/06/2012 20:04:57] /goto vinih rlz
[14/06/2012 20:04:57] /goto vinih rlz
[14/06/2012 20:04:57] /goto vinih rlz
[14/06/2012 20:04:57] /goto vinih rlz
[14/06/2012 20:04:57] /goto vinih rlz
[14/06/2012 20:04:57] /goto vinih rlz
[14/06/2012 20:04:57] /goto vinih rlz
[14/06/2012 20:04:57] /goto vinih rlz
[14/06/2012 20:04:57] /goto vinih rlz
[14/06/2012 20:04:57] /goto vinih rlz
[14/06/2012 20:04:57] /goto vinih rlz
[14/06/2012 20:04:57] /goto vinih rlz
[14/06/2012 20:04:57] /goto vinih rlz
[14/06/2012 20:04:57] /goto vinih rlz
[14/06/2012 20:04:57] /goto vinih rlz
[14/06/2012 20:04:57] /goto vinih rlz
[14/06/2012 20:05:00] /goto vinih rlz
[14/06/2012 20:05:00] /goto vinih rlz
[14/06/2012 20:05:00] /goto vinih rlz
[14/06/2012 20:05:00] /goto vinih rlz
[14/06/2012 20:05:00] /goto vinih rlz
[14/06/2012 20:05:00] /goto vinih rlz
[14/06/2012 20:05:00] /goto vinih rlz
[14/06/2012 20:05:00] /goto vinih rlz
[14/06/2012 20:05:00] /goto vinih rlz
[14/06/2012 20:05:00] /goto vinih rlz
[14/06/2012 20:05:00] /goto vinih rlz
[14/06/2012 20:05:00] /goto vinih rlz
[14/06/2012 20:05:00] /goto vinih rlz
[14/06/2012 20:05:00] /goto vinih rlz
[14/06/2012 20:05:00] /goto vinih rlz
[14/06/2012 20:05:00] /goto vinih rlz
[14/06/2012 20:05:00] /goto vinih rlz
[14/06/2012 20:05:00] /goto vinih rlz
[14/06/2012 20:05:00] /goto vinih rlz
[14/06/2012 20:05:00] /goto vinih rlz
[14/06/2012 20:05:00] /goto vinih rlz
[14/06/2012 20:05:00] /goto vinih rlz
[14/06/2012 20:05:00] /goto vinih rlz
[14/06/2012 20:05:00] /goto vinih rlz
[14/06/2012 20:05:00] /goto vinih rlz
[14/06/2012 20:05:00] /goto vinih rlz
[14/06/2012 20:05:00] /goto vinih rlz
[14/06/2012 20:05:00] /goto vinih rlz
[14/06/2012 20:05:00] /goto vinih rlz
[14/06/2012 20:05:00] /goto vinih rlz
[14/06/2012 20:05:00] /goto vinih rlz
[14/06/2012 20:05:00] /goto vinih rlz
[14/06/2012 20:05:00] /goto vinih rlz
[14/06/2012 20:05:00] /goto vinih rlz
[14/06/2012 20:05:00] /goto vinih rlz
[14/06/2012 20:05:00] /goto vinih rlz
[14/06/2012 20:05:00] /goto vinih rlz
[14/06/2012 20:05:00] /goto vinih rlz
[14/06/2012 20:05:00] /goto vinih rlz
[14/06/2012 20:05:00] /goto vinih rlz
[14/06/2012 20:05:00] /goto vinih rlz
[14/06/2012 20:05:00] /goto vinih rlz
[14/06/2012 20:05:00] /goto vinih rlz
[14/06/2012 20:05:00] /goto vinih rlz
[14/06/2012 20:05:00] /goto vinih rlz
[14/06/2012 20:05:00] /goto vinih rlz
[14/06/2012 20:05:00] /goto vinih rlz
[14/06/2012 20:05:00] /goto vinih rlz
[14/06/2012 20:05:00] /goto vinih rlz
[14/06/2012 20:05:00] /goto vinih rlz
[14/06/2012 20:05:00] /goto vinih rlz
[14/06/2012 20:05:00] /goto vinih rlz
[14/06/2012 20:05:00] /goto vinih rlz
[14/06/2012 20:05:01] /goto vinih rlz
[14/06/2012 20:05:01] /goto vinih rlz
[14/06/2012 20:05:01] /goto vinih rlz
[14/06/2012 20:05:01] /goto vinih rlz
[14/06/2012 20:05:01] /goto vinih rlz
[14/06/2012 20:05:01] /goto vinih rlz
[14/06/2012 20:05:01] /goto vinih rlz
[14/06/2012 20:05:01] /goto vinih rlz
[14/06/2012 20:05:01] /goto vinih rlz
[14/06/2012 20:05:01] /goto vinih rlz
[14/06/2012 20:05:01] /goto vinih rlz
[14/06/2012 20:05:01] /goto vinih rlz
[14/06/2012 20:05:01] /goto vinih rlz
[14/06/2012 20:05:01] /goto vinih rlz
[14/06/2012 20:05:01] /goto vinih rlz
[14/06/2012 20:05:01] /goto vinih rlz
[14/06/2012 20:05:01] /goto vinih rlz
[14/06/2012 20:05:01] /goto vinih rlz
[14/06/2012 20:05:01] /goto vinih rlz
[14/06/2012 20:05:02] /goto vinih rlz
[14/06/2012 20:05:02] /goto vinih rlz
[14/06/2012 20:05:02] /goto vinih rlz
[14/06/2012 20:05:02] /goto vinih rlz
[14/06/2012 20:05:02] /goto vinih rlz
[14/06/2012 20:05:02] /goto vinih rlz
[14/06/2012 20:05:02] /goto vinih rlz
[14/06/2012 20:05:02] /goto vinih rlz
[14/06/2012 20:05:02] /goto vinih rlz
[14/06/2012 20:05:02] /goto vinih rlz
[14/06/2012 20:05:02] /goto vinih rlz
[14/06/2012 20:05:02] /goto vinih rlz
[14/06/2012 20:05:02] /goto vinih rlz
[14/06/2012 20:05:02] /goto vinih rlz
[14/06/2012 20:05:02] /goto vinih rlz
[14/06/2012 20:05:02] /goto vinih rlz
[14/06/2012 20:05:02] /goto vinih rlz
[14/06/2012 20:05:02] /goto vinih rlz
[14/06/2012 20:05:02] /goto vinih rlz
[14/06/2012 20:05:02] /goto vinih rlz
[14/06/2012 20:05:02] /goto vinih rlz
[14/06/2012 20:05:02] /goto vinih rlz
[14/06/2012 20:05:02] /goto vinih rlz
[14/06/2012 20:05:02] /goto vinih rlz
[14/06/2012 20:05:02] /goto vinih rlz
[14/06/2012 20:05:02] /goto vinih rlz
[14/06/2012 20:05:02] /goto vinih rlz
[14/06/2012 20:05:02] /goto vinih rlz
[14/06/2012 20:05:02] /goto vinih rlz
[14/06/2012 20:05:02] /goto vinih rlz
[14/06/2012 20:05:02] /goto vinih rlz
[14/06/2012 20:05:02] /goto vinih rlz
[14/06/2012 20:05:53] /kick Viny Rlz
[14/06/2012 20:06:48] /goto Viny Rlz
[14/06/2012 20:07:13] /kick Viny Rlz
[14/06/2012 20:07:14] /kick Viny Rlz
[14/06/2012 20:07:14] /kick Viny Rlz
[14/06/2012 20:07:14] /kick Viny Rlz
[14/06/2012 20:07:14] /kick Viny Rlz
[14/06/2012 20:07:14] /kick Viny Rlz
[14/06/2012 20:07:14] /kick Viny Rlz
[14/06/2012 20:07:14] /kick Viny Rlz
[14/06/2012 20:07:14] /kick Viny Rlz
[14/06/2012 20:07:14] /kick Viny Rlz
[14/06/2012 20:07:14] /kick Viny Rlz
[14/06/2012 20:07:14] /kick Viny Rlz
[14/06/2012 20:07:14] /kick Viny Rlz
[14/06/2012 20:07:14] /kick Viny Rlz
[14/06/2012 20:07:14] /kick Viny Rlz
[14/06/2012 20:07:14] /kick Viny Rlz
[14/06/2012 20:07:14] /kick Viny Rlz
[14/06/2012 20:07:14] /kick Viny Rlz
[14/06/2012 20:07:14] /kick Viny Rlz
[14/06/2012 20:07:14] /kick Viny Rlz
[14/06/2012 20:07:14] /kick Viny Rlz
[14/06/2012 20:07:14] /kick Viny Rlz
[14/06/2012 20:07:14] /kick Viny Rlz
[14/06/2012 20:07:14] /kick Viny Rlz
[14/06/2012 20:07:14] /kick Viny Rlz
[14/06/2012 20:07:14] /kick Viny Rlz
[14/06/2012 20:07:14] /kick Viny Rlz
[14/06/2012 20:07:14] /kick Viny Rlz
[14/06/2012 20:07:15] /kick Viny Rlz
[14/06/2012 20:07:15] /kick Viny Rlz
[14/06/2012 20:07:15] /kick Viny Rlz
[14/06/2012 20:07:15] /kick Viny Rlz
[14/06/2012 20:07:15] /kick Viny Rlz
[14/06/2012 20:07:15] /kick Viny Rlz
[14/06/2012 20:07:15] /kick Viny Rlz
[14/06/2012 20:07:15] /kick Viny Rlz
[14/06/2012 20:07:15] /kick Viny Rlz
[14/06/2012 20:07:15] /kick Viny Rlz
[14/06/2012 20:07:15] /kick Viny Rlz
[14/06/2012 20:07:15] /kick Viny Rlz
[14/06/2012 20:07:15] /kick Viny Rlz
[14/06/2012 20:07:15] /kick Viny Rlz
[14/06/2012 20:07:15] /kick Viny Rlz
[14/06/2012 20:07:15] /kick Viny Rlz
[14/06/2012 20:07:15] /kick Viny Rlz
[14/06/2012 20:07:15] /kick Viny Rlz
[14/06/2012 20:07:15] /kick Viny Rlz
[14/06/2012 20:07:16] /kick Viny Rlz
[14/06/2012 20:07:16] /kick Viny Rlz
[14/06/2012 20:07:16] /kick Viny Rlz
[14/06/2012 20:07:16] /kick Viny Rlz
[14/06/2012 20:07:16] /kick Viny Rlz
[14/06/2012 20:07:16] /kick Viny Rlz
[14/06/2012 20:07:16] /kick Viny Rlz
[14/06/2012 20:07:16] /kick Viny Rlz
[14/06/2012 20:07:16] /kick Viny Rlz
[14/06/2012 20:07:16] /kick Viny Rlz
[14/06/2012 20:07:16] /kick Viny Rlz
[14/06/2012 20:07:16] /kick Viny Rlz
[14/06/2012 20:07:16] /kick Viny Rlz
[14/06/2012 20:07:16] /kick Viny Rlz
[14/06/2012 20:07:16] /kick Viny Rlz
[14/06/2012 20:07:16] /kick Viny Rlz
[14/06/2012 20:07:16] /kick Viny Rlz
[14/06/2012 20:07:16] /kick Viny Rlz
[14/06/2012 20:07:16] /kick Viny Rlz
[14/06/2012 20:07:16] /kick Viny Rlz
[14/06/2012 20:07:16] /kick Viny Rlz
[14/06/2012 20:07:16] /kick Viny Rlz
[14/06/2012 20:07:16] /kick Viny Rlz
[14/06/2012 20:07:16] /kick Viny Rlz
[14/06/2012 20:07:16] /kick Viny Rlz
[14/06/2012 20:07:16] /kick Viny Rlz
[14/06/2012 20:07:16] /kick Viny Rlz
[14/06/2012 20:07:16] /kick Viny Rlz
[14/06/2012 20:07:16] /kick Viny Rlz
[14/06/2012 20:07:16] /kick Viny Rlz
[14/06/2012 20:07:16] /kick Viny Rlz
[14/06/2012 20:07:16] /kick Viny Rlz
[14/06/2012 20:07:17] /kick Viny Rlz
[14/06/2012 20:07:17] /kick Viny Rlz
[14/06/2012 20:07:17] /kick Viny Rlz
[14/06/2012 20:07:17] /kick Viny Rlz
[14/06/2012 20:07:17] /kick Viny Rlz
[14/06/2012 20:07:17] /kick Viny Rlz
[14/06/2012 20:07:17] /kick Viny Rlz
[14/06/2012 20:07:17] /kick Viny Rlz
[14/06/2012 20:07:17] /kick Viny Rlz
[14/06/2012 20:07:17] /kick Viny Rlz
[14/06/2012 20:07:17] /kick Viny Rlz
[14/06/2012 20:07:17] /kick Viny Rlz
[14/06/2012 20:07:17] /kick Viny Rlz
[14/06/2012 20:07:17] /kick Viny Rlz
[14/06/2012 20:07:17] /kick Viny Rlz
[14/06/2012 20:07:17] /kick Viny Rlz
[14/06/2012 20:07:17] /kick Viny Rlz
[14/06/2012 20:07:17] /kick Viny Rlz
[14/06/2012 20:07:17] /kick Viny Rlz
[14/06/2012 20:07:17] /kick Viny Rlz
[14/06/2012 20:07:17] /kick Viny Rlz
[14/06/2012 20:07:17] /kick Viny Rlz
[14/06/2012 20:07:17] /kick Viny Rlz
[14/06/2012 20:07:17] /kick Viny Rlz
[14/06/2012 20:07:18] /kick Viny Rlz
[14/06/2012 20:07:18] /kick Viny Rlz
[14/06/2012 20:07:18] /kick Viny Rlz
[14/06/2012 20:07:18] /kick Viny Rlz
[14/06/2012 20:07:18] /kick Viny Rlz
[14/06/2012 20:07:18] /kick Viny Rlz
[14/06/2012 20:07:18] /kick Viny Rlz
[14/06/2012 20:07:18] /kick Viny Rlz
[14/06/2012 20:07:18] /kick Viny Rlz
[14/06/2012 20:07:18] /kick Viny Rlz
[14/06/2012 20:07:18] /kick Viny Rlz
[14/06/2012 20:07:18] /kick Viny Rlz
[14/06/2012 20:07:18] /kick Viny Rlz
[14/06/2012 20:07:18] /kick Viny Rlz
[14/06/2012 20:07:18] /kick Viny Rlz
[14/06/2012 20:07:18] /kick Viny Rlz
[14/06/2012 20:07:18] /kick Viny Rlz
[14/06/2012 20:07:18] /kick Viny Rlz
[14/06/2012 20:07:18] /kick Viny Rlz
[14/06/2012 20:07:18] /kick Viny Rlz
[14/06/2012 20:07:18] /kick Viny Rlz
[14/06/2012 20:07:18] /kick Viny Rlz
[14/06/2012 20:07:18] /kick Viny Rlz
[14/06/2012 20:07:18] /kick Viny Rlz
[14/06/2012 20:07:18] /kick Viny Rlz
[14/06/2012 20:07:18] /kick Viny Rlz
[14/06/2012 20:07:18] /kick Viny Rlz
[14/06/2012 20:07:18] /kick Viny Rlz
[14/06/2012 20:07:18] /kick Viny Rlz
[14/06/2012 20:07:18] /kick Viny Rlz
[14/06/2012 20:07:18] /kick Viny Rlz
[14/06/2012 20:07:18] /kick Viny Rlz
[14/06/2012 20:07:18] /kick Viny Rlz
[14/06/2012 20:07:18] /kick Viny Rlz
[14/06/2012 20:07:18] /kick Viny Rlz
[14/06/2012 20:07:18] /kick Viny Rlz
[14/06/2012 20:07:18] /kick Viny Rlz
[14/06/2012 20:07:18] /kick Viny Rlz
[14/06/2012 20:07:18] /kick Viny Rlz
[14/06/2012 20:07:18] /kick Viny Rlz
[14/06/2012 20:07:18] /kick Viny Rlz
[14/06/2012 20:07:18] /kick Viny Rlz
[14/06/2012 20:07:18] /kick Viny Rlz
[14/06/2012 20:07:18] /kick Viny Rlz
[14/06/2012 20:07:18] /kick Viny Rlz
[14/06/2012 20:07:19] /kick Viny Rlz
[14/06/2012 20:07:19] /kick Viny Rlz
[14/06/2012 20:07:19] /kick Viny Rlz
[14/06/2012 20:07:19] /kick Viny Rlz
[14/06/2012 20:07:19] /kick Viny Rlz
[14/06/2012 20:07:19] /kick Viny Rlz
[14/06/2012 20:07:19] /kick Viny Rlz
[14/06/2012 20:07:19] /kick Viny Rlz
[14/06/2012 20:07:19] /kick Viny Rlz
[14/06/2012 20:07:19] /kick Viny Rlz
[14/06/2012 20:07:19] /kick Viny Rlz
[14/06/2012 20:07:19] /kick Viny Rlz
[14/06/2012 20:07:19] /kick Viny Rlz
[14/06/2012 20:07:19] /kick Viny Rlz
[14/06/2012 20:07:19] /kick Viny Rlz
[14/06/2012 20:07:19] /kick Viny Rlz
[14/06/2012 20:07:19] /kick Viny Rlz
[14/06/2012 20:07:19] /kick Viny Rlz
[14/06/2012 20:07:19] /kick Viny Rlz
[14/06/2012 20:07:19] /kick Viny Rlz
[14/06/2012 20:07:19] /kick Viny Rlz
[14/06/2012 20:07:19] /kick Viny Rlz
[14/06/2012 20:07:19] /kick Viny Rlz
[14/06/2012 20:07:19] /kick Viny Rlz
[14/06/2012 20:07:19] /kick Viny Rlz
[14/06/2012 20:07:19] /kick Viny Rlz
[14/06/2012 20:07:19] /kick Viny Rlz
[14/06/2012 20:07:19] /kick Viny Rlz
[14/06/2012 20:07:20] /kick Viny Rlz
[14/06/2012 20:07:20] /kick Viny Rlz
[14/06/2012 20:07:20] /kick Viny Rlz
[14/06/2012 20:07:20] /kick Viny Rlz
[14/06/2012 20:07:20] /kick Viny Rlz
[14/06/2012 20:07:20] /kick Viny Rlz
[14/06/2012 20:07:20] /kick Viny Rlz
[14/06/2012 20:07:20] /kick Viny Rlz
[14/06/2012 20:07:20] /kick Viny Rlz
[14/06/2012 20:07:20] /kick Viny Rlz
[14/06/2012 20:07:20] /kick Viny Rlz
[14/06/2012 20:07:20] /kick Viny Rlz
[14/06/2012 20:07:21] /kick Viny Rlz
[14/06/2012 20:07:21] /kick Viny Rlz
[14/06/2012 20:07:21] /kick Viny Rlz
[14/06/2012 20:07:21] /kick Viny Rlz
[14/06/2012 20:07:21] /kick Viny Rlz
[14/06/2012 20:07:21] /kick Viny Rlz
[14/06/2012 20:07:21] /kick Viny Rlz
[14/06/2012 20:07:21] /kick Viny Rlz
[14/06/2012 20:07:21] /kick Viny Rlz
[14/06/2012 20:07:21] /kick Viny Rlz
[14/06/2012 20:07:21] /kick Viny Rlz
[14/06/2012 20:07:21] /kick Viny Rlz
[14/06/2012 20:07:21] /kick Viny Rlz
[14/06/2012 20:07:21] /kick Viny Rlz
[14/06/2012 20:07:21] /kick Viny Rlz
[14/06/2012 20:07:21] /kick Viny Rlz
[14/06/2012 20:07:21] /kick Viny Rlz
[14/06/2012 20:07:21] /kick Viny Rlz
[14/06/2012 20:07:21] /kick Viny Rlz
[14/06/2012 20:07:21] /kick Viny Rlz
[14/06/2012 20:07:21] /kick Viny Rlz
[14/06/2012 20:07:21] /kick Viny Rlz
[14/06/2012 20:07:21] /kick Viny Rlz
[14/06/2012 20:07:21] /kick Viny Rlz
[14/06/2012 20:07:21] /kick Viny Rlz
[14/06/2012 20:07:21] /kick Viny Rlz
[14/06/2012 20:07:21] /kick Viny Rlz
[14/06/2012 20:07:21] /kick Viny Rlz
[14/06/2012 20:07:21] /kick Viny Rlz
[14/06/2012 20:07:21] /kick Viny Rlz
[14/06/2012 20:07:21] /kick Viny Rlz
[14/06/2012 20:07:22] /kick Viny Rlz
[14/06/2012 20:07:22] /kick Viny Rlz
[14/06/2012 20:07:22] /kick Viny Rlz
[14/06/2012 20:07:22] /kick Viny Rlz
[14/06/2012 20:07:22] /kick Viny Rlz
[14/06/2012 20:07:22] /kick Viny Rlz
[14/06/2012 20:07:22] /kick Viny Rlz
[14/06/2012 20:07:22] /kick Viny Rlz
[14/06/2012 20:07:22] /kick Viny Rlz
[14/06/2012 20:07:22] /kick Viny Rlz
[14/06/2012 20:07:22] /kick Viny Rlz
[14/06/2012 20:07:22] /kick Viny Rlz
[14/06/2012 20:07:22] /kick Viny Rlz
[14/06/2012 20:07:22] /kick Viny Rlz
[14/06/2012 20:07:22] /kick Viny Rlz
[14/06/2012 20:07:22] /kick Viny Rlz
[14/06/2012 20:07:22] /kick Viny Rlz
[14/06/2012 20:07:22] /kick Viny Rlz
[14/06/2012 20:07:22] /kick Viny Rlz
[14/06/2012 20:07:22] /kick Viny Rlz
[14/06/2012 20:07:22] /kick Viny Rlz
[14/06/2012 20:07:22] /kick Viny Rlz
[14/06/2012 20:07:22] /kick Viny Rlz
[14/06/2012 20:07:22] /kick Viny Rlz
[14/06/2012 20:07:22] /kick Viny Rlz
[14/06/2012 20:07:22] /kick Viny Rlz
[14/06/2012 20:07:22] /kick Viny Rlz
[14/06/2012 20:07:22] /kick Viny Rlz
[14/06/2012 20:07:22] /kick Viny Rlz
[14/06/2012 20:07:22] /kick Viny Rlz
[14/06/2012 20:07:22] /kick Viny Rlz
[14/06/2012 20:07:22] /kick Viny Rlz
[14/06/2012 20:07:22] /kick Viny Rlz
[14/06/2012 20:07:22] /kick Viny Rlz
[14/06/2012 20:07:22] /kick Viny Rlz
[14/06/2012 20:07:22] /kick Viny Rlz
[14/06/2012 20:07:22] /kick Viny Rlz
[14/06/2012 20:07:22] /kick Viny Rlz
[14/06/2012 20:07:22] /kick Viny Rlz
[14/06/2012 20:07:22] /kick Viny Rlz
[14/06/2012 20:07:22] /kick Viny Rlz
[14/06/2012 20:07:22] /kick Viny Rlz
[14/06/2012 20:07:22] /kick Viny Rlz
[14/06/2012 20:07:22] /kick Viny Rlz
[14/06/2012 20:07:22] /kick Viny Rlz
[14/06/2012 20:07:22] /kick Viny Rlz
[14/06/2012 20:07:23] /kick Viny Rlz
[14/06/2012 20:07:23] /kick Viny Rlz
[14/06/2012 20:07:23] /kick Viny Rlz
[14/06/2012 20:07:23] /kick Viny Rlz
[14/06/2012 20:07:24] /kick Viny Rlz
[14/06/2012 20:07:24] /kick Viny Rlz
[14/06/2012 20:07:24] /kick Viny Rlz
[14/06/2012 20:07:24] /kick Viny Rlz
[14/06/2012 20:07:24] /kick Viny Rlz
[14/06/2012 20:07:24] /kick Viny Rlz
[14/06/2012 20:07:26] /kick Viny Rlz
[14/06/2012 20:07:26] /kick Viny Rlz
[14/06/2012 20:07:26] /kick Viny Rlz
[14/06/2012 20:07:26] /kick Viny Rlz
[14/06/2012 20:07:26] /kick Viny Rlz
[14/06/2012 20:07:26] /kick Viny Rlz
[14/06/2012 20:07:27] /kick Viny Rlz
[14/06/2012 20:07:27] /kick Viny Rlz
[14/06/2012 20:07:27] /kick Viny Rlz
[14/06/2012 20:07:27] /kick Viny Rlz
[14/06/2012 20:07:27] /kick Viny Rlz
[14/06/2012 20:07:27] /kick Viny Rlz
[14/06/2012 20:07:27] /kick Viny Rlz
[14/06/2012 20:07:27] /kick Viny Rlz
[14/06/2012 20:07:27] /kick Viny Rlz
[14/06/2012 20:07:27] /kick Viny Rlz
[14/06/2012 20:07:27] /kick Viny Rlz
[14/06/2012 20:07:27] /kick Viny Rlz
[14/06/2012 20:07:27] /kick Viny Rlz
[14/06/2012 20:07:27] /kick Viny Rlz
[14/06/2012 20:07:27] /kick Viny Rlz
[14/06/2012 20:07:27] /kick Viny Rlz
[14/06/2012 20:07:27] /kick Viny Rlz
[14/06/2012 20:07:27] /kick Viny Rlz
[14/06/2012 20:07:27] /kick Viny Rlz
[14/06/2012 20:07:27] /kick Viny Rlz
[14/06/2012 20:07:27] /kick Viny Rlz
[14/06/2012 20:07:27] /kick Viny Rlz
[14/06/2012 20:07:27] /kick Viny Rlz
[14/06/2012 20:07:27] /kick Viny Rlz
[14/06/2012 20:07:27] /kick Viny Rlz
[14/06/2012 20:07:27] /kick Viny Rlz
[14/06/2012 20:07:27] /kick Viny Rlz
[14/06/2012 20:07:27] /kick Viny Rlz
[14/06/2012 20:07:27] /kick Viny Rlz
[14/06/2012 20:07:27] /kick Viny Rlz
[14/06/2012 20:07:27] /kick Viny Rlz
[14/06/2012 20:07:28] /kick Viny Rlz
[14/06/2012 20:07:28] /kick Viny Rlz
[14/06/2012 20:07:28] /kick Viny Rlz
[14/06/2012 20:07:28] /kick Viny Rlz
[14/06/2012 20:07:28] /kick Viny Rlz
[14/06/2012 20:07:28] /kick Viny Rlz
[14/06/2012 20:07:28] /kick Viny Rlz
[14/06/2012 20:07:29] /kick Viny Rlz
[14/06/2012 20:07:29] /kick Viny Rlz
[14/06/2012 20:07:29] /kick Viny Rlz
[14/06/2012 20:07:30] /kick Viny Rlz
[14/06/2012 20:07:30] /kick Viny Rlz
[14/06/2012 20:07:30] /kick Viny Rlz
[14/06/2012 20:07:30] /kick Viny Rlz
[14/06/2012 20:07:30] /kick Viny Rlz
[14/06/2012 20:07:30] /kick Viny Rlz
[14/06/2012 20:07:30] /kick Viny Rlz
[14/06/2012 20:07:30] /kick Viny Rlz
[14/06/2012 20:07:30] /kick Viny Rlz
[14/06/2012 20:07:30] /kick Viny Rlz
[14/06/2012 20:07:30] /kick Viny Rlz
[14/06/2012 20:07:30] /kick Viny Rlz
[14/06/2012 20:07:30] /kick Viny Rlz
[14/06/2012 20:07:30] /kick Viny Rlz
[14/06/2012 20:07:30] /kick Viny Rlz
[14/06/2012 20:07:30] /kick Viny Rlz
[14/06/2012 20:07:30] /kick Viny Rlz
[14/06/2012 20:07:30] /kick Viny Rlz
[14/06/2012 20:07:30] /kick Viny Rlz
[14/06/2012 20:07:31] /kick Viny Rlz
[14/06/2012 20:07:31] /kick Viny Rlz
[14/06/2012 20:07:31] /kick Viny Rlz
[14/06/2012 20:07:31] /kick Viny Rlz
[14/06/2012 20:07:31] /kick Viny Rlz
[14/06/2012 20:07:31] /kick Viny Rlz
[14/06/2012 20:07:31] /kick Viny Rlz
[14/06/2012 20:07:31] /kick Viny Rlz
[14/06/2012 20:07:31] /kick Viny Rlz
[14/06/2012 20:07:31] /kick Viny Rlz
[14/06/2012 20:07:31] /kick Viny Rlz
[14/06/2012 20:07:31] /kick Viny Rlz
[14/06/2012 20:07:31] /kick Viny Rlz
[14/06/2012 20:07:31] /kick Viny Rlz
[14/06/2012 20:07:31] /kick Viny Rlz
[14/06/2012 20:07:31] /kick Viny Rlz
[14/06/2012 20:07:32] /kick Viny Rlz
[14/06/2012 20:07:32] /kick Viny Rlz
[14/06/2012 20:07:32] /kick Viny Rlz
[14/06/2012 20:07:32] /kick Viny Rlz
[14/06/2012 20:07:32] /kick Viny Rlz
[14/06/2012 20:07:32] /kick Viny Rlz
[14/06/2012 20:07:32] /kick Viny Rlz
[14/06/2012 20:07:32] /kick Viny Rlz
[14/06/2012 20:07:32] /kick Viny Rlz
[14/06/2012 20:07:32] /kick Viny Rlz
[14/06/2012 20:07:32] /kick Viny Rlz
[14/06/2012 20:07:32] /kick Viny Rlz
[14/06/2012 20:07:32] /kick Viny Rlz
[14/06/2012 20:07:32] /kick Viny Rlz
[14/06/2012 20:07:34] /kick Viny Rlz
[14/06/2012 20:07:34] /kick Viny Rlz
[14/06/2012 20:07:34] /kick Viny Rlz
[14/06/2012 20:07:34] /kick Viny Rlz
[14/06/2012 20:07:34] /kick Viny Rlz
[14/06/2012 20:07:34] /kick Viny Rlz
[14/06/2012 20:07:34] /kick Viny Rlz
[14/06/2012 20:07:34] /kick Viny Rlz
[14/06/2012 20:07:34] /kick Viny Rlz
[14/06/2012 20:07:34] /kick Viny Rlz
[14/06/2012 20:07:34] /kick Viny Rlz
[14/06/2012 20:07:34] /kick Viny Rlz
[14/06/2012 20:07:34] /kick Viny Rlz
[14/06/2012 20:07:34] /kick Viny Rlz
[14/06/2012 20:07:34] /kick Viny Rlz
[14/06/2012 20:07:34] /kick Viny Rlz
[14/06/2012 20:07:34] /kick Viny Rlz
[14/06/2012 20:07:34] /kick Viny Rlz
[14/06/2012 20:07:34] /kick Viny Rlz
[14/06/2012 20:07:34] /kick Viny Rlz
[14/06/2012 20:07:35] /kick Viny Rlz
[14/06/2012 20:07:35] /kick Viny Rlz
[14/06/2012 20:07:35] /kick Viny Rlz
[14/06/2012 20:07:35] /kick Viny Rlz
[14/06/2012 20:07:35] /kick Viny Rlz
[14/06/2012 20:07:35] /kick Viny Rlz
[14/06/2012 20:07:35] /kick Viny Rlz
[14/06/2012 20:07:35] /kick Viny Rlz
[14/06/2012 20:07:35] /kick Viny Rlz
[14/06/2012 20:07:35] /kick Viny Rlz
[14/06/2012 20:07:35] /kick Viny Rlz
[14/06/2012 20:07:35] /kick Viny Rlz
[14/06/2012 20:07:35] /kick Viny Rlz
[14/06/2012 20:07:35] /kick Viny Rlz
[14/06/2012 20:07:35] /kick Viny Rlz
[14/06/2012 20:07:35] /kick Viny Rlz
[14/06/2012 20:07:35] /kick Viny Rlz
[14/06/2012 20:07:35] /kick Viny Rlz
[14/06/2012 20:07:35] /kick Viny Rlz
[14/06/2012 20:07:35] /kick Viny Rlz
[14/06/2012 20:07:35] /kick Viny Rlz
[14/06/2012 20:07:35] /kick Viny Rlz
[14/06/2012 20:07:35] /kick Viny Rlz
[14/06/2012 20:07:35] /kick Viny Rlz
[14/06/2012 20:07:35] /kick Viny Rlz
[14/06/2012 20:07:35] /kick Viny Rlz
[14/06/2012 20:07:35] /kick Viny Rlz
[14/06/2012 20:07:35] /kick Viny Rlz
[14/06/2012 20:07:35] /kick Viny Rlz
[14/06/2012 20:07:35] /kick Viny Rlz
[14/06/2012 20:07:35] /kick Viny Rlz
[14/06/2012 20:07:36] /kick Viny Rlz
[14/06/2012 20:07:36] /kick Viny Rlz
[14/06/2012 20:07:36] /kick Viny Rlz
[14/06/2012 20:07:36] /kick Viny Rlz
[14/06/2012 20:07:36] /kick Viny Rlz
[14/06/2012 20:07:36] /kick Viny Rlz
[14/06/2012 20:07:36] /kick Viny Rlz
[14/06/2012 20:07:36] /kick Viny Rlz
[14/06/2012 20:07:36] /kick Viny Rlz
[14/06/2012 20:07:36] /kick Viny Rlz
[14/06/2012 20:07:36] /kick Viny Rlz
[14/06/2012 20:07:36] /kick Viny Rlz
[14/06/2012 20:07:36] /kick Viny Rlz
[14/06/2012 20:07:36] /kick Viny Rlz
[14/06/2012 20:07:37] /kick Viny Rlz
[14/06/2012 20:07:37] /kick Viny Rlz
[14/06/2012 20:07:37] /kick Viny Rlz
[14/06/2012 20:07:37] /kick Viny Rlz
[14/06/2012 20:07:37] /kick Viny Rlz
[14/06/2012 20:07:37] /kick Viny Rlz
[14/06/2012 20:07:37] /kick Viny Rlz
[14/06/2012 20:07:37] /kick Viny Rlz
[14/06/2012 20:07:37] /kick Viny Rlz
[14/06/2012 20:07:37] /kick Viny Rlz
[14/06/2012 20:07:37] /kick Viny Rlz
[14/06/2012 20:07:37] /kick Viny Rlz
[14/06/2012 20:07:37] /kick Viny Rlz
[14/06/2012 20:07:37] /kick Viny Rlz
[14/06/2012 20:07:37] /kick Viny Rlz
[14/06/2012 20:07:37] /kick Viny Rlz
[14/06/2012 20:07:37] /kick Viny Rlz
[14/06/2012 20:07:37] /kick Viny Rlz
[14/06/2012 20:07:37] /kick Viny Rlz
[14/06/2012 20:07:37] /kick Viny Rlz
[14/06/2012 20:07:37] /kick Viny Rlz
[14/06/2012 20:07:37] /kick Viny Rlz
[14/06/2012 20:07:37] /kick Viny Rlz
[14/06/2012 20:07:37] /kick Viny Rlz
[14/06/2012 20:07:37] /kick Viny Rlz
[14/06/2012 20:07:37] /kick Viny Rlz
[14/06/2012 20:07:37] /kick Viny Rlz
[14/06/2012 20:07:37] /kick Viny Rlz
[14/06/2012 20:07:37] /kick Viny Rlz
[14/06/2012 20:07:37] /kick Viny Rlz
[14/06/2012 20:07:37] /kick Viny Rlz
[14/06/2012 20:07:37] /kick Viny Rlz
[14/06/2012 20:07:38] /kick Viny Rlz
[14/06/2012 20:07:38] /kick Viny Rlz
[14/06/2012 20:07:38] /kick Viny Rlz
[14/06/2012 20:07:38] /kick Viny Rlz
[14/06/2012 20:07:38] /kick Viny Rlz
[14/06/2012 20:07:38] /kick Viny Rlz
[14/06/2012 20:07:38] /kick Viny Rlz
[14/06/2012 20:07:38] /kick Viny Rlz
[14/06/2012 20:07:38] /kick Viny Rlz
[14/06/2012 20:07:38] /kick Viny Rlz
[14/06/2012 20:07:38] /kick Viny Rlz
[14/06/2012 20:09:50] /ban /kick Viny Rlz
[14/06/2012 20:26:06] /ban viny rlz
[14/06/2012 20:26:08] /ban viny rlz
[14/06/2012 20:26:49] /squelch
[14/06/2012 20:26:51] /squelch
[14/06/2012 20:26:54] /t
[14/06/2012 20:27:12] /goto Vinih Rlz
[14/06/2012 20:30:12] /mc
[14/06/2012 20:30:58] /t
[14/06/2012 20:38:56] /ban Lord sopop
[14/06/2012 21:07:33] /ban Melhor Ot
[14/06/2012 22:57:43] /ban Rushzord
[15/06/2012 12:13:39] /ghost
[15/06/2012 12:24:50] /info simpaatica bruutta
[15/06/2012 12:27:39] /info Tecomodeticomole
[15/06/2012 12:28:30] /info Osama Binladem
[15/06/2012 12:28:57] /goto Osama Binladem
[15/06/2012 12:29:03] /kick Osama Binladem
[15/06/2012 12:29:05] /a 2
[15/06/2012 12:30:45] /t
[15/06/2012 12:33:03] /t Osama Binladem
[15/06/2012 15:14:00] /ghost
[15/06/2012 15:14:05] /t
[15/06/2012 15:15:01] /bc . O servidor que ficou online por algums minutos no lugar do Illusion, est online a 5 dias, e continuar online pelo IP " Fusion-OT.Sytes.NET "
[15/06/2012 15:18:14] /goto The Corporated
[15/06/2012 16:21:00] /ban Ndofpj
[15/06/2012 18:41:07] /info jajaj
[15/06/2012 18:45:30] /ban Druid Stronda
[15/06/2012 18:46:49] /ghost
[15/06/2012 18:47:25] /goto Sheok black
[15/06/2012 18:48:38] /info nxzt
[15/06/2012 18:48:53] /goto Nxzt
[15/06/2012 18:48:58] /a
[15/06/2012 18:49:10] /t
[15/06/2012 18:51:24] /squelch
[15/06/2012 18:51:27] /squelch
[15/06/2012 18:51:49] /ghost
[15/06/2012 18:53:42] /mc
[15/06/2012 19:02:30] /ban Venham
[15/06/2012 20:10:46] /ban Divulgador
[15/06/2012 20:37:52] /bc . Clean.
[15/06/2012 20:38:02] /clean
[15/06/2012 22:33:13] /info Strinity
[15/06/2012 22:47:48] /info yhaahao
[15/06/2012 22:47:52] /info yhaagao
[15/06/2012 23:01:15] /ban Etrem
[15/06/2012 23:14:46] /info Galinha Voadora
[15/06/2012 23:14:56] /goto Galinha Voadora
[15/06/2012 23:14:59] /up 4
[15/06/2012 23:15:01] /up 3
[15/06/2012 23:15:04] /c Galinha Voadora
[15/06/2012 23:15:06] /ghost
[15/06/2012 23:15:56] /mc
[15/06/2012 23:15:59] /t
[15/06/2012 23:16:02] /ghost
[15/06/2012 23:16:06] /up 3
[15/06/2012 23:16:08] /c Marmanjo Pevepe
[15/06/2012 23:16:12] /ghost
[15/06/2012 23:16:14] /c Marmanjo Pevepe
[15/06/2012 23:16:24] /ghost
[15/06/2012 23:16:26] /t
[15/06/2012 23:16:54] /up 2
[15/06/2012 23:16:56] /up
[15/06/2012 23:16:58] /down 2
[15/06/2012 23:17:02] /down
[15/06/2012 23:22:44] /ban Lord The mage
[15/06/2012 23:22:48] /up 2
[15/06/2012 23:22:50] /up 
[15/06/2012 23:22:52] /t
[16/06/2012 16:32:39] /goto Pepsi Light
[16/06/2012 16:34:05] /t
[16/06/2012 16:34:09] /bc . Clean.
[16/06/2012 16:34:13] /clean
[16/06/2012 16:34:18] /goto Simpaatica Bruutta
[16/06/2012 16:34:20] /t
[16/06/2012 23:01:51] /t
[16/06/2012 23:47:09] /t
[16/06/2012 23:48:13] /up 2
[16/06/2012 23:48:16] /up
[16/06/2012 23:48:19] /c kika
[16/06/2012 23:48:24] /ghost
[16/06/2012 23:51:07] /t kika
[16/06/2012 23:51:11] /ghost
[16/06/2012 23:51:13] /t
[17/06/2012 00:05:20] /t
[17/06/2012 01:13:10] /ban Meupauegarnde
[17/06/2012 01:15:50] /goto Surfa Na Paralyze
[17/06/2012 01:15:56] /i super mana potion
[17/06/2012 01:16:03] /c surfa na paralyze
[17/06/2012 01:16:11] /i super mana potion
[17/06/2012 01:16:48] /t
[17/06/2012 01:23:35] /ban Faiska
[17/06/2012 13:55:05] /a 2
[17/06/2012 13:55:07] /ghost
[17/06/2012 13:58:42] /t buga buga fartes
[17/06/2012 14:08:13] /ghost
[17/06/2012 14:49:51] /t
[17/06/2012 14:49:55] /ghost
[17/06/2012 14:49:56] /ghost
[17/06/2012 14:59:47] /ban Jean Zika
[17/06/2012 20:30:44] /ghost
[17/06/2012 20:32:19] /ghost
[17/06/2012 20:40:43] /mc
[17/06/2012 20:41:06] /up 3
[17/06/2012 20:41:15] /c [admin] illusion
[17/06/2012 20:41:20] /c Druid Ownage
[17/06/2012 20:41:24] /ghost
[17/06/2012 20:42:51] /ghost
[17/06/2012 20:42:52] /t
[17/06/2012 23:40:12] /bc . Clean.
[17/06/2012 23:40:22] /clean
[18/06/2012 19:15:02] /goto Druid Bandido
[18/06/2012 19:15:05] /t
[18/06/2012 20:15:52] /ban Abriu agr
[18/06/2012 21:42:56] /ban Baiak War
[19/06/2012 22:51:54] /ban Pro-g
[21/06/2012 19:45:52] /kick Mago Insanity
[21/06/2012 20:41:02] /bc . Clean.
[21/06/2012 20:41:14] /clean
[21/06/2012 22:13:53] /ban Davy
[21/06/2012 22:14:08] /ban Yunayhde
[21/06/2012 22:14:36] /goto Ghandy
[21/06/2012 22:14:40] /ban Ghandy
[21/06/2012 22:29:52] /bc . Clean.
[21/06/2012 22:29:59] /clean
[21/06/2012 22:40:39] /bc . Ultimo RollBack.
[21/06/2012 22:40:42] /ban Falostsz
[21/06/2012 22:42:46] /ban Raseec Mohamed
[21/06/2012 22:42:49] /t
[21/06/2012 22:43:08] /ban Drakee
[22/06/2012 21:35:31] /goto Eurushoevoceaprende
[22/06/2012 21:35:40] /i super mana potion
[22/06/2012 21:35:43] /i super mana potion
[22/06/2012 21:35:52] /goto Eurushoevoceaprende
[22/06/2012 21:36:42] /mc
[22/06/2012 21:37:29] /c xx gangister
[22/06/2012 21:37:32] /c xx gangister xx
[22/06/2012 21:37:50] /t Xx Gangister Xx
[22/06/2012 21:42:50] /unban xx gangister xx
[22/06/2012 21:45:08] /mc
[22/06/2012 21:45:58] /mc
[22/06/2012 21:51:42] /c Eurushoevoceaprende
[22/06/2012 21:52:26] /c Eurushoevoceaprende
[22/06/2012 21:52:29] /c Eurushoevoceaprende
[22/06/2012 21:52:31] /c Eurushoevoceaprende
[22/06/2012 21:52:32] /c Eurushoevoceaprende
[22/06/2012 21:52:32] /c Eurushoevoceaprende
[22/06/2012 21:52:33] /c Eurushoevoceaprende
[22/06/2012 21:52:33] /c Eurushoevoceaprende
[22/06/2012 21:52:34] /c Eurushoevoceaprende
[22/06/2012 21:52:34] /c Eurushoevoceaprende
[22/06/2012 21:52:34] /c Eurushoevoceaprende
[22/06/2012 21:52:35] /c Eurushoevoceaprende
[22/06/2012 21:52:35] /c Eurushoevoceaprende
[22/06/2012 21:52:36] /c Eurushoevoceaprende
[22/06/2012 21:52:36] /c Eurushoevoceaprende
[22/06/2012 21:52:36] /c Eurushoevoceaprende
[22/06/2012 21:52:37] /c Eurushoevoceaprende
[22/06/2012 21:52:37] /c Eurushoevoceaprende
[22/06/2012 21:52:38] /c Eurushoevoceaprende
[22/06/2012 21:52:38] /c Eurushoevoceaprende
[22/06/2012 21:52:38] /c Eurushoevoceaprende
[22/06/2012 21:52:39] /c Eurushoevoceaprende
[22/06/2012 21:52:39] /c Eurushoevoceaprende
[22/06/2012 21:52:40] /c Eurushoevoceaprende
[22/06/2012 21:52:41] /c Eurushoevoceaprende
[22/06/2012 21:52:42] /c Eurushoevoceaprende
[22/06/2012 21:52:43] /c Eurushoevoceaprende
[22/06/2012 21:52:43] /c Eurushoevoceaprende
[22/06/2012 21:52:44] /c Eurushoevoceaprende
[22/06/2012 21:52:45] /c Eurushoevoceaprende
[22/06/2012 21:52:46] /c Eurushoevoceaprende
[22/06/2012 21:52:46] /c Eurushoevoceaprende
[22/06/2012 21:52:47] /c Eurushoevoceaprende
[22/06/2012 21:52:48] /c Eurushoevoceaprende
[22/06/2012 21:52:48] /c Eurushoevoceaprende
[22/06/2012 21:52:49] /c Eurushoevoceaprende
[22/06/2012 21:52:50] /c Eurushoevoceaprende
[22/06/2012 21:52:51] /c Eurushoevoceaprende
[22/06/2012 21:52:52] /c Eurushoevoceaprende
[22/06/2012 21:52:57] /c Eurushoevoceaprende
[22/06/2012 21:52:58] /c Eurushoevoceaprende
[22/06/2012 21:52:59] /c Eurushoevoceaprende
[22/06/2012 21:53:00] /c Eurushoevoceaprende
[22/06/2012 21:53:00] /c Eurushoevoceaprende
[22/06/2012 21:53:01] /c Eurushoevoceaprende
[22/06/2012 21:53:02] /c Eurushoevoceaprende
[22/06/2012 21:53:03] /c Eurushoevoceaprende
[22/06/2012 21:53:04] /mc
[22/06/2012 21:53:05] /mc
[22/06/2012 21:53:06] /c Eurushoevoceaprende
[22/06/2012 21:53:07] /c Eurushoevoceaprende
[22/06/2012 21:53:08] /c Eurushoevoceaprende
[22/06/2012 21:53:09] /c Eurushoevoceaprende
[22/06/2012 21:53:18] /r
[22/06/2012 21:53:20] /r
[22/06/2012 21:53:26] /i super mana potion
[22/06/2012 21:55:07] /c Eurushoevoceaprende
[22/06/2012 21:55:07] /c Eurushoevoceaprende
[22/06/2012 21:55:08] /c Eurushoevoceaprende
[22/06/2012 21:55:08] /c Eurushoevoceaprende
[22/06/2012 21:55:09] /c Eurushoevoceaprende
[22/06/2012 21:55:09] /c Eurushoevoceaprende
[22/06/2012 21:55:10] /c Eurushoevoceaprende
[22/06/2012 21:55:10] /c Eurushoevoceaprende
[22/06/2012 21:55:10] /c Eurushoevoceaprende
[22/06/2012 21:55:11] /c Eurushoevoceaprende
[22/06/2012 21:55:11] /c Eurushoevoceaprende
[22/06/2012 21:55:12] /c Eurushoevoceaprende
[22/06/2012 21:55:12] /c Eurushoevoceaprende
[22/06/2012 21:55:13] /c Eurushoevoceaprende
[22/06/2012 21:55:13] /c Eurushoevoceaprende
[22/06/2012 21:55:13] /c Eurushoevoceaprende
[22/06/2012 21:55:14] /c Eurushoevoceaprende
[22/06/2012 21:55:14] /c Eurushoevoceaprende
[22/06/2012 21:55:15] /c Eurushoevoceaprende
[22/06/2012 21:55:21] /i stone
[22/06/2012 21:55:23] /a
[22/06/2012 21:55:25] /i stone
[22/06/2012 21:55:26] /r
[22/06/2012 21:55:28] /i stone
[22/06/2012 21:55:31] /c Eurushoevoceaprende
[22/06/2012 21:55:32] /a
[22/06/2012 21:55:46] /i super mana potion
[22/06/2012 21:55:53] /i super mana potion
[22/06/2012 21:56:08] /r
[22/06/2012 21:56:09] /r
[22/06/2012 21:56:10] /r
[22/06/2012 21:56:13] /r
[22/06/2012 21:56:13] /r
[22/06/2012 21:56:13] /r
[22/06/2012 21:56:15] /r
[22/06/2012 21:56:15] /r
[22/06/2012 21:56:16] /r
[22/06/2012 22:00:46] /t
