[16/03/2012 21:20:19] /a 1
[16/03/2012 21:23:43] /goto no name
[16/03/2012 21:26:37] /down
[16/03/2012 21:29:47] /a 5
[16/03/2012 21:30:03] /down
[16/03/2012 21:31:55] /a 5
[16/03/2012 21:32:09] /a 5
[16/03/2012 21:32:12] /a 5
[16/03/2012 21:34:08] /r
[16/03/2012 21:35:15] /b duvidas no help.
[16/03/2012 21:38:54] /goto peng leng
[16/03/2012 21:39:00] /goto peng leng
[16/03/2012 21:40:14] /goto no name
[16/03/2012 21:42:33] /a 1
[16/03/2012 21:49:00] /kick no name
[16/03/2012 21:53:09] /a 5
[16/03/2012 21:53:10] /a 5
[16/03/2012 21:53:17] /a 5
[16/03/2012 21:53:25] /a 5
[16/03/2012 21:56:12] /b To vazando galera , bom jogo , bom up , e boas wars .. e boa noite né . rs :D
[16/03/2012 22:25:55] /a 1
[16/03/2012 22:26:02] /b voltei x:
[16/03/2012 22:26:22] /goto Lkz'cifraaoow
[16/03/2012 22:26:40] /t Lkz'cifraaoow
[16/03/2012 22:26:57] /t
[16/03/2012 22:27:07] /t
[16/03/2012 22:27:15] /t
[16/03/2012 22:27:28] /a 5
[16/03/2012 22:28:27] /b duvidas no help.
[16/03/2012 22:29:41] /goto no name
[16/03/2012 22:30:59] /a 5
[16/03/2012 23:20:12] /b duvidas no help.
[16/03/2012 23:20:21] /a 1
[16/03/2012 23:23:40] /goto [gm] illusion
[16/03/2012 23:24:21] /newtype 237,toby
[16/03/2012 23:24:30] /goto toby
[16/03/2012 23:24:41] /newtype 238,toby
[16/03/2012 23:24:48] /a 1
[16/03/2012 23:25:02] /newtype 300,toby
[16/03/2012 23:25:47] /newtype 237
[16/03/2012 23:25:53] /newtype 227
[16/03/2012 23:25:57] /newtype 217
[16/03/2012 23:26:01] /newtype 247
[16/03/2012 23:26:05] /newtype 257
[16/03/2012 23:26:12] /newtype 267
[16/03/2012 23:26:17] /newtype 277
[16/03/2012 23:26:21] /newtype 287
[16/03/2012 23:26:25] /newtype 297
[16/03/2012 23:26:33] /newtype 210
[16/03/2012 23:26:38] /newtype 211
[16/03/2012 23:26:41] /newtype 212
[16/03/2012 23:26:46] /newtype 212,toby
[16/03/2012 23:28:14] /newtype 337
[16/03/2012 23:28:17] /newtype 327
[16/03/2012 23:28:22] /newtype 317
[16/03/2012 23:28:37] /newtype 347
[16/03/2012 23:28:42] /newtype 357
[16/03/2012 23:28:44] /newtype 367
[16/03/2012 23:29:26] /newtype 117
[16/03/2012 23:29:34] /newtype 127
[16/03/2012 23:29:37] /newtype 137
[16/03/2012 23:29:40] /newtype 147
[16/03/2012 23:29:44] /newtype 157
[16/03/2012 23:29:46] /newtype 167
[16/03/2012 23:29:49] /newtype 178
[16/03/2012 23:29:53] /newtype 177
[16/03/2012 23:30:32] /i addon doll
[16/03/2012 23:31:33] /b duvidas no help galera ..
[16/03/2012 23:34:37] /newtype 0,toby
[16/03/2012 23:37:15] /newtype 277
[16/03/2012 23:37:20] /newtype 287
[16/03/2012 23:39:21] /newtype 290
[16/03/2012 23:39:24] /newtype 291
[16/03/2012 23:40:10] /b help usado para bate papo vo da jail ate amanhã.
[16/03/2012 23:40:12] /b help usado para bate papo vo da jail ate amanhã.
[16/03/2012 23:40:12] /b help usado para bate papo vo da jail ate amanhã.
[16/03/2012 23:41:06] /b help channel usado só para duvidas pfv.
[16/03/2012 23:41:33] /newtype 17
[16/03/2012 23:41:36] /newtype 15
[16/03/2012 23:41:38] /newtype 14
[16/03/2012 23:41:40] /newtype 13
[16/03/2012 23:41:42] /newtype 12
[16/03/2012 23:41:47] /newtype 12,toby
[16/03/2012 23:41:49] /newtype 12,toby
[16/03/2012 23:42:52] /newtype 200
[16/03/2012 23:42:57] /newtype 80
[16/03/2012 23:43:00] /newtype 60
[16/03/2012 23:43:03] /newtype 70
[16/03/2012 23:43:05] /newtype 50
[16/03/2012 23:43:08] /newtype 40
[16/03/2012 23:43:14] /newtype 180
[16/03/2012 23:43:19] /newtype 170
[16/03/2012 23:44:08] /newtype esquirrel
[16/03/2012 23:44:34] /newtype esquirrel
[16/03/2012 23:46:34] /b Jow Poow procura team pra vip 2 msg para ele , reunir no templo.
[16/03/2012 23:46:35] /b Jow Poow procura team pra vip 2 msg para ele , reunir no templo.
[16/03/2012 23:46:35] /b Jow Poow procura team pra vip 2 msg para ele , reunir no templo.
[16/03/2012 23:46:36] /b Jow Poow procura team pra vip 2 msg para ele , reunir no templo.
[16/03/2012 23:46:55] /goto Jackie Cichy
[16/03/2012 23:48:03] /goto Jackie Cichy
[16/03/2012 23:48:23] /goto Jackie Cichy
[16/03/2012 23:48:25] /goto Jackie Cichy
[16/03/2012 23:48:40] /goto Jackie Cichy
[16/03/2012 23:49:30] /a 5
[16/03/2012 23:49:35] /r
[16/03/2012 23:49:39] /r
[16/03/2012 23:49:44] /a 5
[16/03/2012 23:49:49] /a 5
[16/03/2012 23:50:44] /r
[16/03/2012 23:50:45] /r
[16/03/2012 23:50:48] /r
[16/03/2012 23:51:53] /r
[16/03/2012 23:52:13] /i 2703
[16/03/2012 23:52:32] /a 5
[16/03/2012 23:52:33] /a 5
[16/03/2012 23:52:37] /a 5
[16/03/2012 23:52:37] /a 5
[16/03/2012 23:52:38] /a 5
[16/03/2012 23:52:38] /a 5
[16/03/2012 23:52:39] /a 5
[16/03/2012 23:52:39] /a 5
[16/03/2012 23:52:40] /a 5
[16/03/2012 23:52:55] /a 5
[16/03/2012 23:54:54] /a 5
[16/03/2012 23:54:55] /a 5
[16/03/2012 23:55:00] /a 5
[16/03/2012 23:55:01] /a 5
[16/03/2012 23:55:01] /a 5
[16/03/2012 23:55:02] /a 5
[16/03/2012 23:55:02] /a 5
[16/03/2012 23:55:03] /a 5
[16/03/2012 23:55:06] /a 5
[16/03/2012 23:55:07] /a 5
[16/03/2012 23:57:23] /t
[16/03/2012 23:58:49] /newtype 274
[16/03/2012 23:59:19] /newtype 274,toby
[17/03/2012 00:00:11] /a 1
[17/03/2012 00:08:57] /newtype 274,toby
[17/03/2012 00:09:01] /newtype 274,toby
[17/03/2012 00:11:16] /b boa noite , pra geral ai , bom jogo ^^
[17/03/2012 11:56:58] /b boom dia :D
[17/03/2012 11:57:04] /goto no name
[17/03/2012 11:57:23] /b aqui é 11:58 ainda
[17/03/2012 11:57:47] /b ta nessa tu? '-'
[17/03/2012 12:00:00] /r
[17/03/2012 12:01:36] /r
[17/03/2012 12:02:16] /a 5
[17/03/2012 12:02:33] /goto no name
[17/03/2012 12:02:35] /goto no name
[17/03/2012 12:03:17] /c devil caos
[17/03/2012 12:03:52] /ghost
[17/03/2012 12:04:06] /r
[17/03/2012 12:04:48] /ghost
[17/03/2012 12:05:01] /r
[17/03/2012 12:05:03] /t
[17/03/2012 12:05:56] /goto no name
[17/03/2012 12:06:18] /t
[17/03/2012 12:06:22] /a 1
[17/03/2012 12:07:43] /goto devil caos
[17/03/2012 12:07:55] /goto pally of inferno
[17/03/2012 12:08:14] /t
[17/03/2012 12:08:30] /b duvidas no help.
[17/03/2012 12:09:08] /a 1
[17/03/2012 12:09:25] /goto no name
[17/03/2012 12:09:39] /goto no name
[17/03/2012 12:10:03] /a 5
[17/03/2012 12:10:17] /i extreme wand
[17/03/2012 12:10:23] /t
[17/03/2012 12:10:34] /i extreme staff
[17/03/2012 12:10:44] /a 5
[17/03/2012 12:13:01] /t
[17/03/2012 12:13:55] /up
[17/03/2012 12:13:56] /up
[17/03/2012 12:13:58] /i master vip sword
[17/03/2012 12:14:57] /r
[17/03/2012 12:15:09] /t
[17/03/2012 12:15:14] /a 5
[17/03/2012 12:15:27] /a 5
[17/03/2012 12:15:27] /a 5
[17/03/2012 12:15:28] /a 5
[17/03/2012 12:15:28] /a 5
[17/03/2012 12:15:28] /a 5
[17/03/2012 12:15:28] /a 5
[17/03/2012 12:15:29] /a 5
[17/03/2012 12:15:29] /a 5
[17/03/2012 12:15:29] /a 5
[17/03/2012 12:15:29] /a 5
[17/03/2012 12:15:29] /a 5
[17/03/2012 12:15:30] /a 5
[17/03/2012 12:15:30] /a 5
[17/03/2012 12:15:30] /a 5
[17/03/2012 12:15:30] /a 5
[17/03/2012 12:15:31] /a 5
[17/03/2012 12:15:31] /a 5
[17/03/2012 12:15:31] /a 5
[17/03/2012 12:15:31] /a 5
[17/03/2012 12:15:32] /a 5
[17/03/2012 12:15:32] /a 5
[17/03/2012 12:15:32] /a 5
[17/03/2012 12:15:32] /a 5
[17/03/2012 12:15:33] /a 5
[17/03/2012 12:15:33] /a 5
[17/03/2012 12:15:33] /a 5
[17/03/2012 12:15:33] /a 5
[17/03/2012 12:15:34] /a 5
[17/03/2012 12:15:34] /a 5
[17/03/2012 12:15:34] /a 5
[17/03/2012 12:15:34] /a 5
[17/03/2012 12:15:35] /a 5
[17/03/2012 12:15:35] /a 5
[17/03/2012 12:15:36] /a 5
[17/03/2012 12:15:36] /a 5
[17/03/2012 12:15:36] /a 5
[17/03/2012 12:15:36] /a 5
[17/03/2012 12:15:36] /a 5
[17/03/2012 12:15:37] /a 5
[17/03/2012 12:15:37] /a 5
[17/03/2012 12:15:38] /a 5
[17/03/2012 12:15:38] /a 5
[17/03/2012 12:15:38] /a 5
[17/03/2012 12:15:38] /a 5
[17/03/2012 12:15:39] /a 5
[17/03/2012 12:15:39] /a 5
[17/03/2012 12:15:39] /a 5
[17/03/2012 12:15:39] /a 5
[17/03/2012 12:15:40] /a 5
[17/03/2012 12:15:40] /a 5
[17/03/2012 12:15:40] /a 5
[17/03/2012 12:15:41] /a 5
[17/03/2012 12:15:41] /a 5
[17/03/2012 12:15:41] /a 5
[17/03/2012 12:15:41] /a 5
[17/03/2012 12:15:42] /a 5
[17/03/2012 12:15:42] /a 5
[17/03/2012 12:15:42] /a 5
[17/03/2012 12:15:43] /a 5
[17/03/2012 12:15:43] /a 5
[17/03/2012 12:15:43] /a 5
[17/03/2012 12:15:44] /a 5
[17/03/2012 12:15:44] /a 5
[17/03/2012 12:15:44] /a 5
[17/03/2012 12:15:45] /a 5
[17/03/2012 12:15:45] /a 5
[17/03/2012 12:15:45] /a 5
[17/03/2012 12:15:52] /a 2
[17/03/2012 12:15:54] /a 5
[17/03/2012 12:15:54] /a 5
[17/03/2012 12:15:54] /a 5
[17/03/2012 12:15:55] /a 5
[17/03/2012 12:15:55] /a 5
[17/03/2012 12:15:55] /a 5
[17/03/2012 12:15:56] /a 5
[17/03/2012 12:16:01] /a 5
[17/03/2012 12:16:28] /t
[17/03/2012 12:16:51] /goto devil caos
[17/03/2012 12:19:55] /ghost
[17/03/2012 12:20:38] /a 1
[17/03/2012 12:20:48] /ghost
[17/03/2012 12:21:07] /unban mortann
[17/03/2012 12:21:56] /unban Mortann
[17/03/2012 12:31:33] /a 1
[17/03/2012 12:32:01] /b vou falar denovo , help é só para duvidas não para chat , se fizer de chat é jail por minimo 5 hrs .
[17/03/2012 12:32:03] /b vou falar denovo , help é só para duvidas não para chat , se fizer de chat é jail por minimo 5 hrs .
[17/03/2012 12:32:05] /b vou falar denovo , help é só para duvidas não para chat , se fizer de chat é jail por minimo 5 hrs .
[17/03/2012 12:32:15] /up
[17/03/2012 12:32:21] /a 5
[17/03/2012 12:32:25] /a 1
[17/03/2012 12:32:53] /t
[17/03/2012 12:33:01] /b duvidas no help.
[17/03/2012 12:33:05] /a 1
[17/03/2012 12:39:44] /up
[17/03/2012 12:39:45] /up
[17/03/2012 12:39:46] /up
[17/03/2012 12:39:51] /raid
[17/03/2012 12:41:30] /bc green, teste.
[17/03/2012 12:42:21] /baninfo 
[17/03/2012 12:44:17] /goto prostituto
[17/03/2012 12:44:26] /t
[17/03/2012 12:44:27] /up
[17/03/2012 12:44:29] /up
[17/03/2012 12:44:31] /up
[17/03/2012 12:45:27] /unban
[17/03/2012 12:46:22] /t
[17/03/2012 12:46:37] /up
[17/03/2012 12:46:39] /up
[17/03/2012 12:46:41] /up
[17/03/2012 12:49:17] /c juuniin official
[17/03/2012 12:49:35] /t juuniin official
[17/03/2012 12:58:27] /i sudden death
[17/03/2012 12:58:37] /i suden death
[17/03/2012 12:58:55] /s dark rodo
[17/03/2012 13:01:12] /newtype 284
[17/03/2012 13:03:24] /ghost
[17/03/2012 13:03:25] /ghost
[17/03/2012 13:03:31] /goto juuniin official
[17/03/2012 13:03:54] /t
[17/03/2012 13:04:03] /up
[17/03/2012 13:04:04] /up
[17/03/2012 13:04:07] /up
[17/03/2012 13:05:43] /newtype 248
[17/03/2012 13:05:49] /newtype 274
[17/03/2012 13:06:43] /t
[17/03/2012 13:07:21] /a 5
[17/03/2012 13:07:36] /t
[17/03/2012 13:07:47] /b zombie event quem qr?
[17/03/2012 13:08:23] /b quem quiser vem no templo zombie event
[17/03/2012 13:08:33] /b precisa no maximo 10.
[17/03/2012 13:08:36] /ghost
[17/03/2012 13:08:46] /b tem que morrer por utimo só .
[17/03/2012 13:09:00] /b quem quiser vem no tp do zombie event
[17/03/2012 13:09:26] /c offline
[17/03/2012 13:09:46] /b falta 1
[17/03/2012 13:10:08] /zombiestart
[17/03/2012 13:10:24] /a 2
[17/03/2012 13:10:29] /ghost
[17/03/2012 13:10:30] /a 1
[17/03/2012 13:10:31] /a 1
[17/03/2012 13:10:47] /b fecho porque o maximo é 10.
[17/03/2012 13:12:18] /b corram do bixo '-'
[17/03/2012 13:14:02] /c Legalize Canabis
[17/03/2012 13:14:03] /ghost
[17/03/2012 13:16:18] /i necromancer shiel
[17/03/2012 13:16:21] /i necromancer shield
[17/03/2012 13:16:40] /i nightmare shield
[17/03/2012 13:16:53] /t legalize canabis
[17/03/2012 13:16:56] /r
[17/03/2012 13:16:57] /t
[17/03/2012 13:16:59] /ghost
[17/03/2012 13:17:11] /up
[17/03/2012 13:17:13] /up
[17/03/2012 13:17:14] /up
[17/03/2012 13:19:03] /t
[17/03/2012 13:19:08] /b duvidas no help.
[17/03/2012 13:20:33] /goto bruxaa
[17/03/2012 13:20:44] /goto bruxaa
[17/03/2012 13:20:46] /goto bruxaa
[17/03/2012 13:22:33] /goto bruxaa
[17/03/2012 13:22:51] /a 5
[17/03/2012 13:23:09] /a 5
[17/03/2012 13:23:10] /a 5
[17/03/2012 13:23:10] /a 5
[17/03/2012 13:23:11] /a 5
[17/03/2012 13:23:11] /a 5
[17/03/2012 13:23:11] /a 5
[17/03/2012 13:23:12] /a 5
[17/03/2012 13:23:12] /a 5
[17/03/2012 13:23:12] /a 5
[17/03/2012 13:23:12] /a 5
[17/03/2012 13:23:13] /a 5
[17/03/2012 13:23:13] /a 5
[17/03/2012 13:23:13] /a 5
[17/03/2012 13:23:13] /a 5
[17/03/2012 13:23:14] /a 5
[17/03/2012 13:23:14] /a 5
[17/03/2012 13:23:14] /a 5
[17/03/2012 13:23:15] /a 5
[17/03/2012 13:23:15] /a 5
[17/03/2012 13:23:15] /a 5
[17/03/2012 13:23:15] /a 5
[17/03/2012 13:23:16] /a 5
[17/03/2012 13:23:16] /a 5
[17/03/2012 13:23:16] /a 5
[17/03/2012 13:23:16] /a 5
[17/03/2012 13:23:17] /a 5
[17/03/2012 13:23:17] /a 5
[17/03/2012 13:23:17] /a 5
[17/03/2012 13:23:18] /a 5
[17/03/2012 13:23:18] /a 5
[17/03/2012 13:23:18] /a 5
[17/03/2012 13:23:18] /a 5
[17/03/2012 13:23:18] /a 5
[17/03/2012 13:23:19] /a 5
[17/03/2012 13:23:19] /a 5
[17/03/2012 13:23:19] /a 5
[17/03/2012 13:23:20] /a 5
[17/03/2012 13:23:20] /a 5
[17/03/2012 13:23:20] /a 5
[17/03/2012 13:23:20] /a 5
[17/03/2012 13:23:21] /a 5
[17/03/2012 13:23:21] /a 5
[17/03/2012 13:23:22] /a 5
[17/03/2012 13:23:22] /a 5
[17/03/2012 13:23:22] /a 5
[17/03/2012 13:23:22] /a 5
[17/03/2012 13:23:22] /a 5
[17/03/2012 13:23:23] /a 5
[17/03/2012 13:23:23] /a 5
[17/03/2012 13:23:23] /a 5
[17/03/2012 13:23:23] /a 5
[17/03/2012 13:23:24] /a 5
[17/03/2012 13:23:24] /a 5
[17/03/2012 13:23:25] /a 5
[17/03/2012 13:23:26] /a 5
[17/03/2012 13:23:26] /a 5
[17/03/2012 13:23:50] /t
[17/03/2012 13:24:00] /newtype 384
[17/03/2012 13:24:04] /newtype 348
[17/03/2012 13:24:10] /newtype 374
[17/03/2012 13:24:17] /newtype 284
[17/03/2012 13:24:21] /newtype 248
[17/03/2012 13:24:26] /newtype 284
[17/03/2012 13:24:28] /newtype 274
[17/03/2012 13:26:02] /up
[17/03/2012 13:26:12] /t
[17/03/2012 13:26:32] /a 2
[17/03/2012 13:26:43] /a 5
[17/03/2012 13:26:45] /a 5
[17/03/2012 13:26:56] /a 5
[17/03/2012 13:27:04] /a 5
[17/03/2012 13:27:05] /a 5
[17/03/2012 13:27:06] /a 5
[17/03/2012 13:27:59] /t
[17/03/2012 13:28:04] /up
[17/03/2012 13:28:05] /up
[17/03/2012 13:28:06] /up
[17/03/2012 13:28:10] /ghost
[17/03/2012 13:33:50] /ghost
[17/03/2012 13:33:57] /goto [ADMIN] Illusion
[17/03/2012 13:33:58] /goto [ADMIN] Illusion
[17/03/2012 13:34:42] /a 5
[17/03/2012 13:37:19] /t
[17/03/2012 13:37:21] /up
[17/03/2012 13:37:21] /up
[17/03/2012 13:37:23] /up
[17/03/2012 13:37:26] /ghost
[17/03/2012 13:37:32] /newtype 274
[17/03/2012 13:38:00] /a 5
[17/03/2012 13:38:04] /a 5
[17/03/2012 13:39:26] /i skull staff
[17/03/2012 13:43:11] /t
[17/03/2012 13:43:16] /up
[17/03/2012 13:43:18] /up
[17/03/2012 13:43:19] /up
[17/03/2012 13:43:55] /ghost
[17/03/2012 13:56:19] /ghost
[17/03/2012 13:56:20] /ghost
[17/03/2012 13:57:06] /t
[17/03/2012 13:58:05] /squelch
[17/03/2012 13:58:12] /b duvidas no help.
[17/03/2012 13:58:35] /up
[17/03/2012 13:58:36] /up
[17/03/2012 14:00:10] /up
[17/03/2012 14:02:21] /bc . Duvidas no Help Chat.
[20/03/2012 14:06:30] /bc Boa Tarde.
[20/03/2012 14:09:49] /ghost
[20/03/2012 14:09:50] /ghost
[20/03/2012 14:10:31] /t
[20/03/2012 14:14:49] /bc . Duvidas no Help Chat.
[20/03/2012 14:15:06] /up
[20/03/2012 14:15:08] /up
[20/03/2012 14:15:14] /up
[20/03/2012 14:16:40] /i 2160
[20/03/2012 14:38:30] /t
[20/03/2012 14:44:24] /up
[20/03/2012 14:44:29] /up
[20/03/2012 14:44:30] /up
[20/03/2012 16:07:37] /ghost
[20/03/2012 16:07:38] /ghost
[20/03/2012 16:07:39] /t
[20/03/2012 16:07:48] /a 1
[20/03/2012 16:10:27] /a 1
[20/03/2012 16:10:54] /bc . Duvidas no Help Chat.
[20/03/2012 16:12:37] /a 5
[20/03/2012 16:12:49] /a 5
[20/03/2012 16:12:49] /a 5
[20/03/2012 16:12:49] /a 5
[20/03/2012 16:12:50] /a 5
[20/03/2012 16:12:50] /a 5
[20/03/2012 16:12:51] /a 5
[20/03/2012 16:12:51] /a 5
[20/03/2012 16:12:53] /a 5
[20/03/2012 16:12:54] /a 5
[20/03/2012 16:12:54] /a 5
[20/03/2012 16:12:54] /a 5
[20/03/2012 16:12:55] /a 5
[20/03/2012 16:12:55] /a 5
[20/03/2012 16:12:55] /a 5
[20/03/2012 16:12:56] /a 5
[20/03/2012 16:12:56] /a 5
[20/03/2012 16:12:56] /a 5
[20/03/2012 16:12:58] /a 5
[20/03/2012 16:13:11] /a 5
[20/03/2012 16:13:11] /a 5
[20/03/2012 16:13:12] /a 5
[20/03/2012 16:13:12] /a 5
[20/03/2012 16:13:13] /a 5
[20/03/2012 16:13:14] /a 5
[20/03/2012 16:13:14] /a 5
[20/03/2012 16:13:46] /t
[20/03/2012 16:13:51] /a 5
[20/03/2012 16:15:54] /t
[20/03/2012 23:43:36] /bc . Dúvidas no Help Chat.
[20/03/2012 23:43:44] /up
[20/03/2012 23:44:03] /a 5
[20/03/2012 23:44:07] /a 4
[20/03/2012 23:44:33] /a 5
[20/03/2012 23:46:05] /a 5
[20/03/2012 23:46:13] /a 5
[20/03/2012 23:47:44] /a 5
[20/03/2012 23:48:25] /a 5
[20/03/2012 23:48:29] /a 1
[20/03/2012 23:48:59] /a 5
[20/03/2012 23:50:23] /a 5
[20/03/2012 23:54:25] /goto pally of inferno
[21/03/2012 14:01:39] /ghost
[21/03/2012 14:01:40] /ghost
[21/03/2012 14:02:03] /bc . Dúvidas no Help Chat.
[21/03/2012 14:04:57] /i vip baiak rod
[21/03/2012 14:05:08] /i vip baiak wand
[21/03/2012 14:05:19] /i baiak rod
[21/03/2012 14:05:25] /i vip baiak rod
[21/03/2012 14:56:02] /bc . Dúvidas no Help Chat.
[21/03/2012 14:56:03] /t
[21/03/2012 14:57:44] /a 5
[21/03/2012 14:57:48] /goto no nam
[21/03/2012 14:57:50] /goto no name
[21/03/2012 14:58:07] /t
[21/03/2012 14:58:27] /up
[21/03/2012 14:58:28] /up
[21/03/2012 14:58:30] /up
[21/03/2012 14:58:43] /squelch
[21/03/2012 14:59:08] /t
[21/03/2012 14:59:13] /a 5
[21/03/2012 14:59:14] /a 5
[21/03/2012 14:59:15] /a 5
[21/03/2012 14:59:16] /a 5
[21/03/2012 15:02:08] /bc . Dúvidas no Help Chat.
[21/03/2012 15:04:11] /a 5
[21/03/2012 15:04:19] /a 5
[21/03/2012 15:04:24] /a 1
[21/03/2012 15:05:57] /a 5
[21/03/2012 15:06:04] /a 5
[21/03/2012 15:07:36] /a 5
[21/03/2012 15:07:56] /a 2
[21/03/2012 15:08:02] /a 5
[21/03/2012 15:08:05] /a 1
[21/03/2012 15:08:08] /a 2
[21/03/2012 15:08:26] /a 5
[21/03/2012 15:08:54] /a 5
[21/03/2012 15:09:17] /a 1
[21/03/2012 15:09:40] /goto bruxaa
[21/03/2012 15:09:52] /goto bruxaa
[21/03/2012 15:11:48] /goto bruxaa
[21/03/2012 15:13:14] /bc . Ninguém é editado.
[21/03/2012 15:15:00] /goto Pallyndan Diplomatty
[21/03/2012 15:15:02] /goto Pallyndan Diplomatty
[21/03/2012 15:15:51] /goto Arvore Do Reggea
[21/03/2012 15:15:54] /goto Arvore Do Reggea
[21/03/2012 15:15:55] /goto Arvore Do Reggea
[21/03/2012 15:18:10] /t
[21/03/2012 15:18:44] /a 2
[21/03/2012 15:19:16] /bc . Boa tarde , bom jogo.
[21/03/2012 15:19:18] /t
[21/03/2012 19:15:56] /bc . Dúvidas no Help Chat.
[21/03/2012 19:18:35] /a 5
[21/03/2012 19:18:39] /a 1
[21/03/2012 19:23:24] /a 5
[21/03/2012 19:24:44] /bc . KKKKKKKKKKKK
[21/03/2012 19:36:21] /a 5
[21/03/2012 19:36:36] /up
[21/03/2012 19:36:46] /a 5
[21/03/2012 19:38:25] /t
[21/03/2012 19:41:00] /up
[21/03/2012 19:42:31] /up
[21/03/2012 19:42:35] /up
[21/03/2012 19:42:44] /down
[21/03/2012 19:42:45] /down
[21/03/2012 19:43:10] /up
[21/03/2012 19:43:17] /up
[21/03/2012 19:44:22] /t
[21/03/2012 19:44:39] /a 5
[21/03/2012 19:44:45] /a 5
[21/03/2012 19:44:48] /a 1
[21/03/2012 19:44:51] /a 1
[21/03/2012 19:45:30] /a 5
[21/03/2012 19:45:34] /a 5
[21/03/2012 19:45:35] /a 5
[21/03/2012 19:45:36] /a 5
[21/03/2012 19:45:37] /a 5
[21/03/2012 19:46:17] /a 5
[21/03/2012 19:46:19] /a 5
[21/03/2012 19:46:23] /a 5
[21/03/2012 19:46:25] /a 5
[21/03/2012 19:48:48] /t
[21/03/2012 19:49:25] /a 5
[21/03/2012 19:49:29] /a 5
[21/03/2012 19:49:49] /a 5
[21/03/2012 19:49:54] /a 5
[21/03/2012 19:52:32] /goto sir death
[21/03/2012 19:59:32] /goto sir death
[21/03/2012 20:00:11] /bc . Dúvidas no Help Chat.
[21/03/2012 20:00:38] /t
[21/03/2012 21:23:08] /a 5
[21/03/2012 21:23:42] /bc . Dúvidas no Help Chat.
[21/03/2012 21:23:46] /up
[21/03/2012 21:23:47] /up
[21/03/2012 21:23:49] /up
[22/03/2012 12:58:49] /bc . Boa tarde , dúvidas no help.
[22/03/2012 12:58:51] /t
[22/03/2012 13:02:30] /goto legalize ja
[22/03/2012 13:03:15] /t
[22/03/2012 13:51:38] /bc . Dúvidas no Help Chat.
[22/03/2012 13:54:32] /a 5
[22/03/2012 13:55:15] /a 2
[22/03/2012 13:56:29] /a 5
[22/03/2012 13:56:30] /a 5
[22/03/2012 13:56:32] /a 5
[22/03/2012 13:56:33] /a 5
[22/03/2012 13:56:35] /a 5
[22/03/2012 13:56:38] /a 5
[22/03/2012 13:56:39] /a 5
[22/03/2012 13:56:41] /a 5
[22/03/2012 13:56:44] /a 5
[22/03/2012 13:56:50] /t
[22/03/2012 14:00:07] /goto duuh zika
[22/03/2012 14:00:24] /a 5
[22/03/2012 14:00:29] /a 5
[22/03/2012 14:04:51] /a 5
[22/03/2012 14:05:18] /a 5
[22/03/2012 14:05:47] /bc . PARA NOOOOOSSA ALEGRIA (music.
[22/03/2012 14:06:06] /a 5
[22/03/2012 14:07:45] /a 5
[22/03/2012 14:08:09] /i stone skin amulet
[22/03/2012 14:10:37] /a 5
[22/03/2012 14:11:55] /a 5
[22/03/2012 14:12:19] /a 5
[22/03/2012 14:12:29] /a 5
[22/03/2012 14:12:44] /a 5
[22/03/2012 14:12:50] /a 5
[22/03/2012 14:12:53] /a 1
[22/03/2012 14:12:56] /a 3
[22/03/2012 14:13:13] /a 1
[22/03/2012 14:13:16] /a 1
[22/03/2012 14:13:21] /a 1
[22/03/2012 14:14:48] /bc . quem tinha falado cmg sobre loterica? net caiu fala denovo ai.
[22/03/2012 14:15:52] /a 1
[22/03/2012 14:15:55] /a 1
[22/03/2012 14:15:58] /a 1
[22/03/2012 14:16:36] /a 5
[22/03/2012 14:16:37] /a 5
[22/03/2012 14:16:38] /a 5
[22/03/2012 14:16:39] /a 5
[22/03/2012 14:16:39] /a 5
[22/03/2012 14:16:39] /a 5
[22/03/2012 14:16:45] /a 1
[22/03/2012 14:17:58] /bc . Tá dificiu viu..
[22/03/2012 14:19:17] /t
[22/03/2012 14:19:21] /a 5
[22/03/2012 14:19:23] /a 5
[22/03/2012 14:20:59] /t
[22/03/2012 14:21:03] /up
[22/03/2012 14:21:14] /a 5
[22/03/2012 14:22:48] /goto Bruna surfistinha
[22/03/2012 14:23:05] /a 5
[22/03/2012 14:23:07] /a 5
[22/03/2012 14:23:18] /a 5
[22/03/2012 14:23:29] /a 1
[23/03/2012 11:27:24] /t
[23/03/2012 11:27:51] /bc . Boa tarde , dúvidas no Help Chat.
[23/03/2012 11:28:00] /a 5
[23/03/2012 11:28:01] /a 5
[23/03/2012 11:28:09] /a 5
[23/03/2012 11:28:33] /a 5
[23/03/2012 11:29:37] /a 5
[23/03/2012 11:29:40] /a 5
[23/03/2012 11:29:40] /a 5
[23/03/2012 11:29:42] /a 5
[23/03/2012 11:29:44] /a 5
[23/03/2012 11:29:47] /a 5
[23/03/2012 11:29:48] /a 5
[23/03/2012 11:29:48] /a 5
[23/03/2012 11:29:48] /a 5
[23/03/2012 11:29:48] /a 5
[23/03/2012 11:29:49] /a 5
[23/03/2012 11:29:49] /a 5
[23/03/2012 11:29:50] /a 5
[23/03/2012 11:29:58] /a 5
[23/03/2012 11:30:06] /a 5
[23/03/2012 11:30:07] /a 5
[23/03/2012 11:30:08] /a 5
[23/03/2012 11:30:11] /a 5
[23/03/2012 11:30:12] /a 5
[23/03/2012 11:30:13] /a 5
[23/03/2012 11:30:13] /a 5
[23/03/2012 11:30:46] /a 5
[23/03/2012 11:30:58] /t
[23/03/2012 11:31:22] /a 5
[23/03/2012 11:32:08] /t
[23/03/2012 11:33:21] /a 5
[23/03/2012 11:33:21] /a 5
[23/03/2012 11:33:22] /a 5
[23/03/2012 11:33:22] /a 5
[23/03/2012 11:33:23] /a 5
[23/03/2012 11:33:23] /a 5
[23/03/2012 11:33:23] /a 5
[23/03/2012 11:33:24] /a 5
[23/03/2012 11:33:24] /a 5
[23/03/2012 11:33:24] /a 5
[23/03/2012 11:33:27] /a 5
[23/03/2012 11:33:27] /a 5
[23/03/2012 11:33:27] /a 5
[23/03/2012 11:33:33] /a 5
[23/03/2012 11:33:43] /t
[23/03/2012 11:34:06] /a 5
[23/03/2012 11:35:01] /a 5
[23/03/2012 11:35:02] /a 5
[23/03/2012 11:35:03] /a 5
[23/03/2012 11:35:08] /goto soul eduardo
[23/03/2012 11:35:23] /a 5
[23/03/2012 11:35:24] /a 5
[23/03/2012 11:39:25] /t
[23/03/2012 11:39:35] /a 5
[23/03/2012 11:39:51] /a 5
[23/03/2012 11:42:52] /a 5
[23/03/2012 11:42:54] /a 5
[23/03/2012 11:42:59] /a 5
[23/03/2012 11:43:05] /a 2
[23/03/2012 11:43:12] /a 5
[23/03/2012 11:43:13] /a 5
[23/03/2012 11:43:15] /a 5
[23/03/2012 11:43:15] /a 5
[23/03/2012 11:43:18] /a 5
[23/03/2012 11:43:19] /a 5
[23/03/2012 11:43:21] /a 5
[23/03/2012 11:43:23] /a 5
[23/03/2012 11:43:28] /a 5
[23/03/2012 11:43:29] /a 5
[23/03/2012 11:43:30] /a 5
[23/03/2012 11:43:30] /a 5
[23/03/2012 11:43:34] /a 5
[23/03/2012 11:43:35] /a 5
[23/03/2012 11:43:35] /a 5
[23/03/2012 11:43:35] /a 5
[23/03/2012 11:43:35] /a 5
[23/03/2012 11:43:35] /a 5
[23/03/2012 11:43:35] /a 5
[23/03/2012 11:43:36] /a 5
[23/03/2012 11:43:36] /a 5
[23/03/2012 11:43:36] /a 5
[23/03/2012 11:43:39] /a 5
[23/03/2012 11:43:39] /a 5
[23/03/2012 11:44:16] /a 5
[23/03/2012 11:44:16] /a 5
[23/03/2012 11:44:17] /a 5
[23/03/2012 11:44:18] /a 5
[23/03/2012 11:44:20] /a 5
[23/03/2012 11:44:22] /a 5
[23/03/2012 11:44:25] /a 5
[23/03/2012 11:44:25] /a 5
[23/03/2012 11:44:25] /a 5
[23/03/2012 11:44:25] /a 5
[23/03/2012 11:44:26] /a 5
[23/03/2012 11:44:26] /a 5
[23/03/2012 11:44:27] /a 5
[23/03/2012 11:44:27] /a 5
[23/03/2012 11:44:27] /a 5
[23/03/2012 11:44:27] /a 5
[23/03/2012 11:44:27] /a 5
[23/03/2012 11:44:27] /a 5
[23/03/2012 11:44:28] /a 5
[23/03/2012 11:44:28] /a 5
[23/03/2012 11:44:28] /a 5
[23/03/2012 11:44:28] /a 5
[23/03/2012 11:44:28] /a 5
[23/03/2012 11:44:28] /a 5
[23/03/2012 11:44:29] /a 5
[23/03/2012 11:44:29] /a 5
[23/03/2012 11:44:29] /a 5
[23/03/2012 11:44:29] /a 5
[23/03/2012 11:44:29] /a 5
[23/03/2012 11:44:30] /a 5
[23/03/2012 11:44:30] /a 5
[23/03/2012 11:44:30] /a 5
[23/03/2012 11:44:30] /a 5
[23/03/2012 11:44:30] /a 5
[23/03/2012 11:44:31] /a 5
[23/03/2012 11:44:31] /a 5
[23/03/2012 11:44:31] /a 5
[23/03/2012 11:44:31] /a 5
[23/03/2012 11:44:31] /a 5
[23/03/2012 11:44:31] /a 5
[23/03/2012 11:44:32] /a 5
[23/03/2012 11:44:32] /a 5
[23/03/2012 11:44:32] /a 5
[23/03/2012 11:44:33] /a 5
[23/03/2012 11:44:33] /a 5
[23/03/2012 11:44:33] /a 5
[23/03/2012 11:44:34] /a 5
[23/03/2012 11:44:34] /a 5
[23/03/2012 11:44:35] /a 5
[23/03/2012 11:44:35] /a 5
[23/03/2012 11:44:35] /a 5
[23/03/2012 11:44:35] /a 5
[23/03/2012 11:44:35] /a 5
[23/03/2012 11:44:48] /c sir capetinha
[23/03/2012 11:45:02] /r
[23/03/2012 11:45:03] /r
[23/03/2012 11:45:04] /r
[23/03/2012 11:45:06] /r
[23/03/2012 11:45:07] /r
[23/03/2012 11:45:09] /r
[23/03/2012 11:45:11] /r
[23/03/2012 11:45:12] /r
[23/03/2012 11:45:13] /r
[23/03/2012 11:45:34] /t sir capetinha
[23/03/2012 11:45:35] /t
[23/03/2012 11:46:20] /a 5
[23/03/2012 11:46:27] /a 5
[23/03/2012 11:46:27] /a 5
[23/03/2012 11:46:27] /a 5
[23/03/2012 11:46:28] /a 5
[23/03/2012 11:46:28] /a 5
[23/03/2012 11:46:28] /a 5
[23/03/2012 11:46:28] /a 5
[23/03/2012 11:46:28] /a 5
[23/03/2012 11:46:28] /a 5
[23/03/2012 11:46:28] /a 5
[23/03/2012 11:46:29] /a 5
[23/03/2012 11:46:29] /a 5
[23/03/2012 11:46:29] /a 5
[23/03/2012 11:46:29] /a 5
[23/03/2012 11:46:29] /a 5
[23/03/2012 11:46:29] /a 5
[23/03/2012 11:46:30] /a 5
[23/03/2012 11:46:30] /a 5
[23/03/2012 11:46:30] /a 5
[23/03/2012 11:46:30] /a 5
[23/03/2012 11:46:31] /a 5
[23/03/2012 11:46:31] /a 5
[23/03/2012 11:46:31] /a 5
[23/03/2012 11:46:31] /a 5
[23/03/2012 11:46:31] /a 5
[23/03/2012 11:46:32] /a 5
[23/03/2012 11:46:32] /a 5
[23/03/2012 11:46:32] /a 5
[23/03/2012 11:46:32] /a 5
[23/03/2012 11:46:32] /a 5
[23/03/2012 11:46:32] /a 5
[23/03/2012 11:46:33] /a 5
[23/03/2012 11:46:33] /a 5
[23/03/2012 11:46:33] /a 5
[23/03/2012 11:46:34] /a 5
[23/03/2012 11:46:34] /a 5
[23/03/2012 11:46:34] /a 5
[23/03/2012 11:46:34] /a 5
[23/03/2012 11:46:34] /a 5
[23/03/2012 11:46:34] /a 5
[23/03/2012 11:46:35] /a 5
[23/03/2012 11:46:35] /a 5
[23/03/2012 11:46:35] /a 5
[23/03/2012 11:46:35] /a 5
[23/03/2012 11:46:35] /a 5
[23/03/2012 11:46:35] /a 5
[23/03/2012 11:46:36] /a 5
[23/03/2012 11:46:36] /a 5
[23/03/2012 11:46:36] /a 5
[23/03/2012 11:46:36] /a 5
[23/03/2012 11:46:37] /a 5
[23/03/2012 11:46:37] /a 5
[23/03/2012 11:46:37] /a 5
[23/03/2012 11:46:37] /a 5
[23/03/2012 11:46:37] /a 5
[23/03/2012 11:46:37] /a 5
[23/03/2012 11:46:38] /a 5
[23/03/2012 11:46:38] /a 5
[23/03/2012 11:46:39] /a 5
[23/03/2012 11:46:39] /a 5
[23/03/2012 11:46:39] /a 5
[23/03/2012 11:46:43] /a 5
[23/03/2012 11:46:43] /a 5
[23/03/2012 11:46:44] /a 5
[23/03/2012 11:46:44] /a 5
[23/03/2012 11:46:45] /a 5
[23/03/2012 11:46:45] /a 5
[23/03/2012 11:46:45] /a 5
[23/03/2012 11:46:45] /a 5
[23/03/2012 11:46:45] /a 5
[23/03/2012 11:46:48] /a 5
[23/03/2012 11:46:51] /a 5
[23/03/2012 11:46:51] /a 5
[23/03/2012 11:46:51] /a 5
[23/03/2012 11:46:52] /a 5
[23/03/2012 11:46:52] /a 5
[23/03/2012 11:46:52] /a 5
[23/03/2012 11:46:52] /a 5
[23/03/2012 11:46:52] /a 5
[23/03/2012 11:46:52] /a 5
[23/03/2012 11:46:53] /a 5
[23/03/2012 11:46:53] /a 5
[23/03/2012 11:46:54] /a 5
[23/03/2012 11:46:54] /a 5
[23/03/2012 11:46:54] /a 5
[23/03/2012 11:46:54] /a 5
[23/03/2012 11:46:54] /a 5
[23/03/2012 11:46:56] /a 5
[23/03/2012 11:46:56] /a 5
[23/03/2012 11:46:56] /a 5
[23/03/2012 11:46:56] /a 5
[23/03/2012 11:46:59] /a 5
[23/03/2012 11:47:06] /c sir capetinha
[23/03/2012 11:47:33] /t sir capetinha
[23/03/2012 11:47:48] /t
[23/03/2012 11:48:05] /goto chuck norris
[23/03/2012 11:49:26] /i sudden death
[23/03/2012 11:49:50] /i 2268
[23/03/2012 11:49:58] /i great spirit potion
[23/03/2012 11:50:04] /goto sir capetinha
[23/03/2012 11:50:26] /r 100
[23/03/2012 11:50:45] /ghost
[23/03/2012 11:50:47] /ghost
[23/03/2012 11:50:54] /up
[23/03/2012 11:50:55] /up
[23/03/2012 11:50:57] /up
[23/03/2012 11:51:59] /t
[23/03/2012 12:33:54] /bc . Dúvidas no Help Chat.
[23/03/2012 12:35:12] /goto sir capetinha
[23/03/2012 12:35:24] /a 2
[23/03/2012 12:35:32] /goto sir capetinha
[23/03/2012 12:35:35] /a 4
[23/03/2012 12:35:41] /c sir capetinha
[23/03/2012 12:35:50] /a 5
[23/03/2012 12:36:27] /t
[23/03/2012 12:36:41] /goto pally of inferno
[23/03/2012 12:37:51] /goto pally of inferno
[23/03/2012 12:37:52] /goto pally of inferno
[23/03/2012 12:37:55] /goto pally of inferno
[23/03/2012 12:38:08] /t
[23/03/2012 12:38:21] /a 5
[23/03/2012 12:38:34] /i 2410
[23/03/2012 12:38:45] /a 5
[23/03/2012 12:38:47] /up
[23/03/2012 12:38:48] /up
[23/03/2012 12:38:50] /up
[23/03/2012 12:38:59] /r 100
[23/03/2012 12:39:03] /t
[23/03/2012 12:39:20] /goto sir capetinha
[23/03/2012 12:39:38] /a 5
[23/03/2012 12:40:27] /goto sir capetinha
[23/03/2012 12:40:53] /kick sir capetinha
[23/03/2012 12:40:57] /t
[23/03/2012 12:46:08] /a 5
[23/03/2012 12:54:37] /a 5
[23/03/2012 12:54:45] /goto dark rodo
[23/03/2012 12:54:55] /t
[23/03/2012 12:55:11] /goto sir capetinha
[23/03/2012 12:55:25] /a 5
[23/03/2012 12:55:32] /a 5
[23/03/2012 12:55:33] /a 5
[23/03/2012 12:55:34] /a 5
[23/03/2012 12:55:34] /a 5
[23/03/2012 12:55:34] /a 5
[23/03/2012 12:55:35] /a 5
[23/03/2012 12:55:35] /a 5
[23/03/2012 12:55:35] /a 5
[23/03/2012 12:55:35] /a 5
[23/03/2012 12:55:35] /a 5
[23/03/2012 12:55:36] /a 5
[23/03/2012 12:55:36] /a 5
[23/03/2012 12:55:37] /a 5
[23/03/2012 12:55:37] /a 5
[23/03/2012 12:55:37] /a 5
[23/03/2012 12:55:38] /a 5
[23/03/2012 12:55:38] /a 5
[23/03/2012 12:55:38] /a 5
[23/03/2012 12:55:38] /a 5
[23/03/2012 12:55:38] /a 5
[23/03/2012 12:55:39] /a 5
[23/03/2012 12:55:39] /a 5
[23/03/2012 12:55:39] /a 5
[23/03/2012 12:55:39] /a 5
[23/03/2012 12:55:39] /a 5
[23/03/2012 12:55:39] /a 5
[23/03/2012 12:55:40] /a 5
[23/03/2012 12:55:40] /a 5
[23/03/2012 12:55:40] /a 5
[23/03/2012 12:55:42] /a 5
[23/03/2012 12:55:42] /a 5
[23/03/2012 12:55:42] /a 5
[23/03/2012 12:55:42] /a 5
[23/03/2012 12:55:50] /goto sir capetinha
[23/03/2012 12:55:59] /a 5
[23/03/2012 12:56:00] /a 5
[23/03/2012 12:56:01] /a 5
[23/03/2012 12:56:27] /a 5
[23/03/2012 12:56:31] /a 5
[23/03/2012 12:56:35] /a 5
[23/03/2012 12:56:35] /a 5
[23/03/2012 12:56:36] /a 5
[23/03/2012 12:58:03] /newtype 300
[23/03/2012 12:58:07] /ghost
[23/03/2012 12:58:16] /ghost
[23/03/2012 12:58:40] /ghost
[23/03/2012 12:58:58] /ghost
[23/03/2012 12:59:15] /c sir capetinha
[23/03/2012 13:01:05] /newtype 274
[23/03/2012 13:01:09] /ghost
[23/03/2012 13:01:18] /ghost
[23/03/2012 13:02:09] /r
[23/03/2012 13:02:20] /i stone
[23/03/2012 13:02:21] /i stone
[23/03/2012 13:02:22] /i stone
[23/03/2012 13:02:22] /i stone
[23/03/2012 13:02:23] /i stone
[23/03/2012 13:03:20] /r
[23/03/2012 13:03:21] /r
[23/03/2012 13:03:22] /r
[23/03/2012 13:03:23] /r
[23/03/2012 13:03:25] /r
[23/03/2012 13:03:51] /goto sir capetinha
[23/03/2012 13:04:14] /goto grim reaper
[23/03/2012 13:04:19] /t
[23/03/2012 13:04:24] /a 5
[23/03/2012 13:04:35] /a 2
[23/03/2012 13:04:46] /m grim reaper
[23/03/2012 13:04:47] /m grim reaper
[23/03/2012 13:04:53] /m grim reaper
[23/03/2012 13:04:53] /m grim reaper
[23/03/2012 13:05:04] /m grim reaper
[23/03/2012 13:05:04] /m grim reaper
[23/03/2012 13:05:20] /m grim reaper
[23/03/2012 13:05:20] /m grim reaper
[23/03/2012 13:05:28] /m grim reaper
[23/03/2012 13:05:28] /m grim reaper
[23/03/2012 13:10:20] /m grim reaper
[23/03/2012 13:10:22] /m grim reaper
[23/03/2012 13:13:12] /i blank rune
[23/03/2012 13:14:35] /goto mariajuana
[23/03/2012 13:28:40] /bc . Dúvidas no Help Chat.
[23/03/2012 13:30:01] /kick sir capetinha
[23/03/2012 13:30:15] /goto Eusomaiseu
[23/03/2012 13:30:24] /ghost
[23/03/2012 13:30:46] /ghost
[23/03/2012 13:30:57] /goto sir capetinha
[23/03/2012 13:33:37] /kick sir capetinha
[23/03/2012 13:34:16] /t
[23/03/2012 16:23:01] /goto sir capetinha
[23/03/2012 16:23:33] /t
[23/03/2012 16:24:38] /bc . Dúvidas no Help Chat.
[23/03/2012 16:28:25] /up
[23/03/2012 16:28:56] /a 5
[23/03/2012 16:30:20] /t
[23/03/2012 16:31:57] /i frozen star~
[23/03/2012 16:32:16] /i 2361
[23/03/2012 16:32:17] /i 2361
[23/03/2012 16:32:17] /i 2361
[23/03/2012 16:32:51] /i 5791
[23/03/2012 16:32:55] /i 5791
[23/03/2012 16:32:56] /i 5791
[23/03/2012 16:33:24] /i 2361
[23/03/2012 16:33:25] /i 2361
[23/03/2012 16:33:25] /i 2361
[23/03/2012 16:33:58] /i demon helmet
[23/03/2012 16:34:01] /i demon helmet
[23/03/2012 16:34:07] /i demon armor
[23/03/2012 16:34:38] /i dragon scale legs
[23/03/2012 16:34:44] /i dragon scale mail
[23/03/2012 16:34:56] /i dragon scale helmet
[23/03/2012 16:35:09] /c no name
[23/03/2012 16:35:14] /a 5
[23/03/2012 16:35:18] /c no name
[23/03/2012 16:35:19] /a 5
[23/03/2012 16:35:38] /c no name
[23/03/2012 16:36:13] /i necromancer shield
[23/03/2012 16:36:40] /i dragon scale shield
[23/03/2012 16:36:55] /i great sheild
[23/03/2012 16:37:02] /i great shield
[23/03/2012 16:37:32] /i nighmare doll
[23/03/2012 16:37:38] /i demon doll
[23/03/2012 16:37:42] /i nightmare doll
[23/03/2012 16:38:24] /r
[23/03/2012 16:40:34] /i golden armor
[23/03/2012 16:40:37] /i golden legs
[23/03/2012 16:40:39] /i golden helmet
[23/03/2012 16:40:48] /r
[23/03/2012 16:41:13] /i talon
[23/03/2012 16:42:30] /i baiak arrow
[23/03/2012 16:42:47] /i baiak arrow
[23/03/2012 16:43:41] /a 5
[23/03/2012 16:43:42] /a 5
[23/03/2012 16:43:42] /a 5
[23/03/2012 16:43:42] /a 5
[23/03/2012 16:43:42] /a 5
[23/03/2012 16:43:43] /a 5
[23/03/2012 16:43:43] /a 5
[23/03/2012 16:43:45] /a 5
[23/03/2012 16:43:48] /a 3
[23/03/2012 16:43:50] /a 5
[23/03/2012 16:43:51] /a 5
[23/03/2012 16:43:51] /a 5
[23/03/2012 16:43:51] /a 5
[23/03/2012 16:43:51] /a 5
[23/03/2012 16:43:54] /up
[23/03/2012 16:43:55] /a 5
[23/03/2012 16:43:56] /a 5
[23/03/2012 16:43:56] /a 5
[23/03/2012 16:43:56] /a 5
[23/03/2012 16:43:57] /a 5
[23/03/2012 16:43:57] /a 5
[23/03/2012 16:43:59] /up
[23/03/2012 16:44:12] /down
[23/03/2012 16:44:12] /a 5
[23/03/2012 16:44:12] /a 5
[23/03/2012 16:44:13] /a 5
[23/03/2012 16:44:13] /a 5
[23/03/2012 16:44:13] /a 5
[23/03/2012 16:44:16] /a 5
[23/03/2012 16:44:17] /a 5
[23/03/2012 16:44:17] /a 5
[23/03/2012 16:44:17] /a 5
[23/03/2012 16:44:17] /a 5
[23/03/2012 16:44:19] /a 5
[23/03/2012 16:44:19] /a 5
[23/03/2012 16:44:26] /a 5
[23/03/2012 16:44:27] /a 5
[23/03/2012 16:44:27] /a 5
[23/03/2012 16:44:28] /a 5
[23/03/2012 16:44:28] /a 5
[23/03/2012 16:44:28] /a 5
[23/03/2012 16:44:29] /a 5
[23/03/2012 16:44:29] /a 5
[23/03/2012 16:44:29] /a 5
[23/03/2012 16:44:30] /a 5
[23/03/2012 16:44:30] /a 5
[23/03/2012 16:44:32] /a 5
[23/03/2012 16:44:34] /down
[23/03/2012 16:44:35] /a 5
[23/03/2012 16:44:39] /a 5
[23/03/2012 16:44:45] /a 5
[23/03/2012 16:44:45] /a 5
[23/03/2012 16:44:45] /a 5
[23/03/2012 16:44:46] /a 5
[23/03/2012 16:44:46] /a 5
[23/03/2012 16:44:48] /a 2
[23/03/2012 16:44:50] /a 5
[23/03/2012 16:44:52] /a 5
[23/03/2012 16:44:57] /a 5
[23/03/2012 16:44:57] /a 5
[23/03/2012 16:44:57] /a 5
[23/03/2012 16:44:57] /a 5
[23/03/2012 16:44:57] /a 5
[23/03/2012 16:44:58] /a 5
[23/03/2012 16:45:02] /a 5
[23/03/2012 16:45:02] /a 5
[23/03/2012 16:45:03] /a 5
[23/03/2012 16:45:03] /a 5
[23/03/2012 16:45:03] /a 5
[23/03/2012 16:45:05] /a 5
[23/03/2012 16:45:08] /down
[23/03/2012 16:45:26] /a 5
[23/03/2012 16:45:26] /a 5
[23/03/2012 16:45:26] /a 5
[23/03/2012 16:45:26] /a 5
[23/03/2012 16:45:28] /a 5
[23/03/2012 16:45:30] /a 5
[23/03/2012 16:45:31] /a 5
[23/03/2012 16:45:31] /a 5
[23/03/2012 16:45:31] /a 5
[23/03/2012 16:45:31] /a 5
[23/03/2012 16:45:31] /a 5
[23/03/2012 16:45:32] /a 5
[23/03/2012 16:45:32] /a 5
[23/03/2012 16:45:32] /a 5
[23/03/2012 16:45:32] /a 5
[23/03/2012 16:45:33] /a 5
[23/03/2012 16:45:33] /a 5
[23/03/2012 16:45:34] /a 5
[23/03/2012 16:45:34] /a 5
[23/03/2012 16:45:36] /a 5
[23/03/2012 16:45:43] /c no name
[23/03/2012 16:46:10] /r
[23/03/2012 16:46:36] /i 
[23/03/2012 16:46:38] /i 8851
[23/03/2012 16:46:47] /i 8854
[23/03/2012 16:46:51] /i 8888
[23/03/2012 16:47:30] /i golden crossbow
[23/03/2012 16:47:48] /i golden bow
[23/03/2012 16:48:06] /i 8918
[23/03/2012 16:48:13] /goto no name
[23/03/2012 16:49:36] /i master vip bow
[23/03/2012 16:49:40] /i master vip crossbow
[23/03/2012 16:50:11] /kick no name
[23/03/2012 16:53:26] /up
[23/03/2012 16:56:29] /i small rubi
[23/03/2012 16:56:36] /i ruby
[23/03/2012 16:56:38] /i rubi
[23/03/2012 16:56:47] /i small ruby
[23/03/2012 16:56:55] /t
[23/03/2012 16:56:59] /down
[23/03/2012 16:57:00] /down
[23/03/2012 16:57:24] /goto no name
[23/03/2012 16:58:13] /r
[23/03/2012 16:58:34] /a 5
[23/03/2012 16:58:39] /a 5
[23/03/2012 16:58:40] /a 5
[23/03/2012 16:58:42] /a 5
[23/03/2012 16:58:43] /a 5
[23/03/2012 16:58:46] /down
[23/03/2012 16:59:25] /a 5
[23/03/2012 17:01:18] /i extreme wand
[23/03/2012 17:01:24] /i extreme sword
[23/03/2012 17:03:11] /i extreme sword
[23/03/2012 17:03:12] /i extreme sword
[23/03/2012 17:03:12] /i extreme sword
[23/03/2012 17:03:12] /i extreme sword
[23/03/2012 17:03:12] /i extreme sword
[23/03/2012 17:03:13] /i extreme sword
[23/03/2012 17:03:13] /i extreme sword
[23/03/2012 17:03:13] /i extreme sword
[23/03/2012 17:03:14] /i extreme sword
[23/03/2012 17:03:14] /i extreme sword
[23/03/2012 17:03:14] /i extreme sword
[23/03/2012 17:03:15] /i extreme sword
[23/03/2012 17:03:16] /i extreme sword
[23/03/2012 17:03:17] /i extreme sword
[23/03/2012 17:03:18] /i extreme sword
[23/03/2012 17:03:20] /i extreme sword
[23/03/2012 17:03:21] /i extreme sword
[23/03/2012 17:03:22] /i extreme sword
[23/03/2012 17:03:22] /i extreme sword
[23/03/2012 17:03:24] /i extreme sword
[23/03/2012 17:03:25] /i extreme sword
[23/03/2012 17:03:26] /i extreme sword
[23/03/2012 17:03:26] /i extreme sword
[23/03/2012 17:03:27] /i extreme sword
[23/03/2012 17:03:28] /i extreme sword
[23/03/2012 17:03:28] /i extreme sword
[23/03/2012 17:03:30] /i extreme sword
[23/03/2012 17:03:31] /i extreme sword
[23/03/2012 17:03:32] /i extreme sword
[23/03/2012 17:03:33] /i extreme sword
[23/03/2012 17:03:34] /i extreme sword
[23/03/2012 17:03:35] /i extreme sword
[23/03/2012 17:03:36] /i extreme sword
[23/03/2012 17:03:38] /i extreme sword
[23/03/2012 17:03:39] /i extreme sword
[23/03/2012 17:03:40] /i extreme sword
[23/03/2012 17:03:42] /i extreme sword
[23/03/2012 17:03:43] /i extreme sword
[23/03/2012 17:03:44] /i extreme sword
[23/03/2012 17:03:45] /i extreme sword
[23/03/2012 17:03:46] /i extreme sword
[23/03/2012 17:03:48] /i extreme sword
[23/03/2012 17:03:49] /i extreme sword
[23/03/2012 17:03:50] /i extreme sword
[23/03/2012 17:03:51] /i extreme sword
[23/03/2012 17:03:52] /i extreme sword
[23/03/2012 17:03:53] /i extreme sword
[23/03/2012 17:03:54] /i extreme sword
[23/03/2012 17:03:55] /i extreme sword
[23/03/2012 17:04:21] /i extreme axe
[23/03/2012 17:04:22] /i extreme axe
[23/03/2012 17:04:34] /r
[23/03/2012 17:04:35] /r
[23/03/2012 17:04:45] /i extreme wand
[23/03/2012 17:05:16] /i extreme staff
[23/03/2012 17:05:17] /i extreme staff
[23/03/2012 17:05:18] /i extreme staff
[23/03/2012 17:05:18] /i extreme staff
[23/03/2012 17:05:20] /i extreme staff
[23/03/2012 17:05:20] /i extreme staff
[23/03/2012 17:05:21] /i extreme staff
[23/03/2012 17:05:22] /i extreme staff
[23/03/2012 17:05:23] /i extreme staff
[23/03/2012 17:05:24] /i extreme staff
[23/03/2012 17:05:24] /i extreme staff
[23/03/2012 17:05:25] /i extreme staff
[23/03/2012 17:05:26] /i extreme staff
[23/03/2012 17:05:27] /i extreme staff
[23/03/2012 17:05:28] /i extreme staff
[23/03/2012 17:05:28] /i extreme staff
[23/03/2012 17:05:29] /i extreme staff
[23/03/2012 17:05:38] /i extreme staff
[23/03/2012 17:05:39] /i extreme staff
[23/03/2012 17:05:40] /i extreme staff
[23/03/2012 17:05:41] /i extreme staff
[23/03/2012 17:05:42] /i extreme staff
[23/03/2012 17:05:42] /i extreme staff
[23/03/2012 17:05:43] /i extreme staff
[23/03/2012 17:05:44] /i extreme staff
[23/03/2012 17:05:45] /i extreme staff
[23/03/2012 17:05:46] /i extreme staff
[23/03/2012 17:05:47] /i extreme staff
[23/03/2012 17:05:48] /i extreme staff
[23/03/2012 17:05:49] /i extreme staff
[23/03/2012 17:05:49] /i extreme staff
[23/03/2012 17:05:50] /i extreme staff
[23/03/2012 17:05:51] /i extreme staff
[23/03/2012 17:05:52] /i extreme staff
[23/03/2012 17:05:52] /i extreme staff
[23/03/2012 17:05:53] /i extreme staff
[23/03/2012 17:05:54] /i extreme staff
[23/03/2012 17:05:55] /i extreme staff
[23/03/2012 17:05:56] /i extreme staff
[23/03/2012 17:06:25] /i extreme kinife
[23/03/2012 17:06:28] /i extreme knife
[23/03/2012 17:06:37] /r
[23/03/2012 17:08:16] /kick no name
[23/03/2012 17:08:39] /i extreme axe
[23/03/2012 17:08:45] /r
[23/03/2012 17:08:47] /t
[23/03/2012 17:09:08] /i extreme club
[23/03/2012 17:09:12] /r
[23/03/2012 17:10:25] /kick no name
[23/03/2012 17:14:14] /bc . o tutor do ot é gay.
[23/03/2012 17:15:22] /s
[23/03/2012 17:22:46] /i paladin shield/r
[23/03/2012 17:22:48] /r
[23/03/2012 17:22:52] /i paladin shield
[23/03/2012 17:27:49] /i stone
[23/03/2012 17:30:12] /a 5
[23/03/2012 17:30:18] /a 1
[23/03/2012 17:31:05] /a 5
[23/03/2012 17:32:46] /t
[23/03/2012 17:32:48] /up
[23/03/2012 17:32:49] /up
[23/03/2012 17:32:56] /c sir capetinha
[23/03/2012 17:33:23] /down sir capetinha
[23/03/2012 17:33:29] /c sir capetinha
[23/03/2012 17:33:31] /t
[23/03/2012 17:34:36] /goto sir capetinha
[23/03/2012 17:34:38] /goto sir capetinha
[23/03/2012 17:34:42] /ghost
[23/03/2012 17:34:51] /ghost
[23/03/2012 17:34:55] /t
[23/03/2012 20:32:59] /bc . Boa noite , dúvidas no Help Chat.
[23/03/2012 20:34:13] /a 5
[23/03/2012 20:34:19] /a 5
[23/03/2012 20:34:58] /a 5
[23/03/2012 20:36:16] /c soul ziika
[23/03/2012 20:37:56] /goto sir capetinha
[23/03/2012 20:39:56] /bc . Vamos galera .. Todo mundo vip 2. :}
[23/03/2012 20:40:11] /t Rhyu
[23/03/2012 20:40:47] /a 5
[23/03/2012 20:40:56] /a 5
[23/03/2012 20:41:00] /a 5
[23/03/2012 20:41:02] /a 5
[23/03/2012 20:41:05] /a 5
[23/03/2012 20:41:06] /a 5
[23/03/2012 20:41:08] /a 5
[23/03/2012 20:41:11] /a 5
[23/03/2012 20:41:35] /t
[23/03/2012 20:41:51] /up
[23/03/2012 20:41:52] /up
[23/03/2012 20:41:54] /up
[09/06/2012 20:15:44] /t
[09/06/2012 20:17:33] /a
[09/06/2012 20:17:34] /a
[09/06/2012 20:17:35] /a
[09/06/2012 20:17:36] /a
[09/06/2012 20:17:38] /a 30
[09/06/2012 20:17:39] /a 30
[09/06/2012 20:17:41] /a 30
[09/06/2012 20:17:42] /a 30
[09/06/2012 20:17:44] /a 20
[09/06/2012 20:17:48] /a 20
[09/06/2012 20:17:48] /a 20
[09/06/2012 20:18:11] /up
[09/06/2012 20:18:12] /up
[09/06/2012 20:18:13] /up
[09/06/2012 20:20:15] /attr group 5
[09/06/2012 20:20:19] /attr group 6
[09/06/2012 20:20:22] /attr group 6
[09/06/2012 20:20:26] /attr group 4
[09/06/2012 20:20:28] /attr group 3
[09/06/2012 20:20:30] /attr group 3
[09/06/2012 20:20:31] /attr group 2
[09/06/2012 20:20:32] /attr group 1
[09/06/2012 20:20:42] /attr attack group 1
[09/06/2012 20:20:56] /attr attack 200
[09/06/2012 20:21:03] /t
[09/06/2012 22:33:34] /up
[09/06/2012 22:33:44] /up
[09/06/2012 22:33:45] /up
[09/06/2012 22:33:46] /up
[09/06/2012 22:40:44] /t
[09/06/2012 22:41:32] /a 2
[09/06/2012 22:41:45] /a 4
[09/06/2012 22:41:47] /a 4
[09/06/2012 22:42:02] /a 3
[09/06/2012 22:42:06] /a 3
[09/06/2012 22:42:14] /a 3
[09/06/2012 22:42:46] /a
[09/06/2012 22:42:48] /a
[09/06/2012 22:42:53] /a
[09/06/2012 22:42:55] /a
[09/06/2012 22:43:03] /a 3
[09/06/2012 22:43:05] /a 3
[09/06/2012 22:43:06] /a 3
[09/06/2012 22:43:08] /a
[09/06/2012 22:43:53] /goto  Ricardao Snooker 
[09/06/2012 22:43:59] /goto Ricardao Snooker 
[09/06/2012 22:44:03] /goto Ricardao Snooker
[09/06/2012 22:44:07] /goto Ricardao Snooker
[09/06/2012 22:44:20] /goto druide
[09/06/2012 22:44:23] /goto Revero 
[09/06/2012 22:44:24] /goto Revero
[09/06/2012 23:06:52] /down
[09/06/2012 23:06:54] /down
[09/06/2012 23:06:55] /down
[09/06/2012 23:06:58] /up
[09/06/2012 23:06:59] /up
[09/06/2012 23:07:01] /up
[09/06/2012 23:07:56] /a
[09/06/2012 23:07:57] /a
[09/06/2012 23:08:22] /i magicwall rune
[09/06/2012 23:08:35] /goto herminio
[09/06/2012 23:11:29] /goto herminio
[09/06/2012 23:11:32] /goto herminio
[09/06/2012 23:11:33] /goto herminio
[09/06/2012 23:11:34] /goto herminio
[09/06/2012 23:11:52] /goto herminio
[09/06/2012 23:11:54] /goto herminio
[09/06/2012 23:13:22] /a 2
[09/06/2012 23:13:35] /i magic sword
[09/06/2012 23:22:06] /up
[09/06/2012 23:22:08] /up
[09/06/2012 23:22:09] /up
[09/06/2012 23:22:10] /up
[09/06/2012 23:22:18] /down
[09/06/2012 23:22:26] /a 10
[09/06/2012 23:22:40] /a 2
[09/06/2012 23:22:44] /up
[09/06/2012 23:23:33] /c lordzeraah
[09/06/2012 23:23:54] /i great mana potion
[09/06/2012 23:23:57] /i great mana potion
[09/06/2012 23:24:06] /i sudden death rune
[09/06/2012 23:24:48] /i addon foll
[09/06/2012 23:24:52] /i addon doll
[09/06/2012 23:25:42] /t lordzeraah
[09/06/2012 23:26:18] /c lordzeraah
[09/06/2012 23:26:56] /i mage bots
[09/06/2012 23:27:06] /i knight boots
[09/06/2012 23:27:49] /i mage boots
[09/06/2012 23:27:55] /i mage legs
[09/06/2012 23:28:03] /i mago armor
[09/06/2012 23:28:20] /i mago robe
[09/06/2012 23:28:42] /i mage robe
[09/06/2012 23:29:24] /i mage shield
[09/06/2012 23:29:38] /i mage book
[09/06/2012 23:29:43] /i mage mask
[09/06/2012 23:29:48] /i mage helmet
[09/06/2012 23:30:06] /i mage monocle
[09/06/2012 23:30:32] /t lordzeraah
[09/06/2012 23:35:25] /c lord of fusion
[09/06/2012 23:35:28] /i mage monocle
[09/06/2012 23:35:38] /i mage robe
[09/06/2012 23:35:45] /i mage legs
[09/06/2012 23:35:51] /i mage boots
[09/06/2012 23:36:30] /i 2160
[09/06/2012 23:37:24] /t lord of fusion
[09/06/2012 23:38:31] /ghost
[09/06/2012 23:40:12] /ghost
[09/06/2012 23:41:06] /ghost
[09/06/2012 23:41:30] /ghost
[09/06/2012 23:42:21] /ghost
[09/06/2012 23:49:10] /ghost
[09/06/2012 23:49:12] /t
[09/06/2012 23:50:49] /up
[09/06/2012 23:50:50] /up
[09/06/2012 23:50:51] /up
[09/06/2012 23:58:47] /ghost
[09/06/2012 23:59:55] /ghost
[09/06/2012 23:59:56] /t
[10/06/2012 00:00:01] /up
[10/06/2012 00:00:02] /up
[10/06/2012 00:00:03] /up
[10/06/2012 00:00:06] /ghost
[10/06/2012 00:10:37] /goto lord of fusion
[10/06/2012 00:10:41] /ghost
[10/06/2012 00:10:52] /goto lord of fusion
[10/06/2012 00:11:11] /i sudden death rune
[10/06/2012 00:12:03] /goto tubex
[10/06/2012 00:12:07] /ghost
[10/06/2012 00:16:02] /goto lord of fusion
[10/06/2012 00:16:07] /ghost
[10/06/2012 00:16:45] /i addon doll
[10/06/2012 00:23:30] /up
[10/06/2012 00:23:31] /up
[10/06/2012 00:23:35] /down
[10/06/2012 00:23:38] /up
[10/06/2012 00:26:16] /i extrema mage
[10/06/2012 00:26:20] /i extrema mago
[10/06/2012 00:26:26] /i extreme rod
[10/06/2012 00:26:30] /i extrema rod
[10/06/2012 00:26:50] /i mage extrema
[10/06/2012 00:27:51] /i mage extrema
[10/06/2012 00:27:53] /i mage extremo
[10/06/2012 00:28:01] /i extreme mage
[10/06/2012 00:28:03] /i extreme mage
[10/06/2012 00:30:13] /goto lordzeraah
[10/06/2012 00:37:43] /c denox
[10/06/2012 00:37:58] /i mage extreme
[10/06/2012 00:38:00] /i mage extrema
[10/06/2012 00:38:07] /i extreme mage
[10/06/2012 00:38:26] /i addon doll
[10/06/2012 00:38:49] /i mage boots
[10/06/2012 00:38:55] /i mage legs
[10/06/2012 00:38:59] /i mage robe
[10/06/2012 00:39:23] /i mage monocle
[10/06/2012 00:39:34] /i mage spellbook
[10/06/2012 00:40:06] /i 2160
[10/06/2012 00:44:20] /goto denox
[10/06/2012 00:44:27] /m rotrom
[10/06/2012 00:44:31] /m rotworm
[10/06/2012 00:44:32] /m rotworm
[10/06/2012 00:44:32] /m rotworm
[10/06/2012 00:44:33] /m rotworm
[10/06/2012 00:44:33] /m rotworm
[10/06/2012 10:52:30] /t
[10/06/2012 10:53:50] /up
[10/06/2012 10:53:51] /up
[10/06/2012 10:53:53] /up
[10/06/2012 10:53:55] /up
[10/06/2012 10:53:58] /up
[10/06/2012 10:54:00] /up
[10/06/2012 10:55:04] /down
[10/06/2012 10:55:04] /down
[10/06/2012 10:55:06] /down
[10/06/2012 10:59:03] /a 3
[10/06/2012 11:00:00] /t
[10/06/2012 11:03:40] /up
[10/06/2012 11:03:41] /up
[10/06/2012 11:03:44] /up
[10/06/2012 11:03:45] /up
[10/06/2012 11:09:40] /t
[10/06/2012 11:10:30] /a 2
[10/06/2012 12:32:52] /up
[10/06/2012 12:32:54] /up
[10/06/2012 12:32:56] /up
[10/06/2012 12:32:58] /up
[10/06/2012 12:33:11] /c lordzeraah
[10/06/2012 12:33:19] /c lord of fusion
[10/06/2012 12:33:54] /c lordzeraah
[10/06/2012 12:34:00] /c lord of fusion
[10/06/2012 12:34:05] /c naine
[10/06/2012 12:34:26] /t naine
[10/06/2012 12:35:01] /i 2160
[10/06/2012 12:35:02] /i 2160
[10/06/2012 12:35:26] /c naine
[10/06/2012 12:37:31] /t naine
[10/06/2012 12:38:14] /t lordzeraah
[10/06/2012 12:38:18] /t lord of fusion
[10/06/2012 12:38:48] /c denox
[10/06/2012 12:38:54] /i 2160
[10/06/2012 12:39:12] /t denox
[10/06/2012 12:49:18] /i mage ring
[10/06/2012 12:49:21] /i mage ring
[10/06/2012 12:49:21] /i mage ring
[10/06/2012 12:49:38] /c lordzeraah
[10/06/2012 12:49:51] /t lordzeraah
[10/06/2012 12:49:56] /c lord of fusion
[10/06/2012 12:50:12] /t lord of fusion
[10/06/2012 12:50:28] /c denox
[10/06/2012 12:50:37] /t denox
[10/06/2012 14:21:22] /c Bunitinhu Netdown
[10/06/2012 14:22:30] /t bunitinhu netdown
[10/06/2012 14:49:51] /c lordzeraah
[10/06/2012 14:49:54] /c denox
[10/06/2012 14:50:01] /c lord of fusion
[10/06/2012 14:50:06] /i 2160
[10/06/2012 14:50:07] /i 2160
[10/06/2012 14:50:07] /i 2160
[10/06/2012 14:50:08] /i 2160
[10/06/2012 14:50:41] /t lord of fusion
[10/06/2012 14:50:46] /t lordzeraah
[10/06/2012 15:06:08] /t
[10/06/2012 15:06:42] /up
[10/06/2012 15:06:43] /up
[10/06/2012 15:12:50] /a
[10/06/2012 15:12:52] /a
[10/06/2012 15:12:55] /a
[10/06/2012 15:12:56] /a
[10/06/2012 15:12:58] /a
[10/06/2012 15:12:59] /a
[10/06/2012 15:13:03] /a
[10/06/2012 15:13:05] /a
[10/06/2012 15:13:07] /a
[10/06/2012 15:13:08] /a
[10/06/2012 15:13:09] /a
[10/06/2012 15:13:10] /a
[10/06/2012 15:13:11] /a
[10/06/2012 15:13:11] /a
[10/06/2012 15:13:18] /a 3
[11/06/2012 17:20:53] /up
[11/06/2012 17:20:54] /up
[11/06/2012 17:21:01] /t
[11/06/2012 17:21:21] /goto quinto vigia
[11/06/2012 17:22:11] /a 3
[11/06/2012 17:22:12] /a 3
[11/06/2012 17:22:13] /a 3
[11/06/2012 17:23:07] /goto quinto vigia
[11/06/2012 17:23:09] /goto quinto vigia
[11/06/2012 17:23:09] /goto quinto vigia
[11/06/2012 17:23:10] /goto quinto vigia
[11/06/2012 17:23:11] /goto quinto vigia
[11/06/2012 17:23:13] /goto quinto vigia
[11/06/2012 17:23:15] /goto quinto vigia/goto quinto vigia
[11/06/2012 17:23:17] /goto quinto vigia
[11/06/2012 17:23:49] /goto quinto vigia
[11/06/2012 17:29:07] /goto quinto vigia
[11/06/2012 17:29:08] /goto quinto vigia
[11/06/2012 17:29:09] /goto quinto vigia
[11/06/2012 17:29:10] /goto quinto vigia
[11/06/2012 17:29:12] /goto quinto vigia
[11/06/2012 17:29:31] /goto quinto vigia
[11/06/2012 17:29:32] /goto quinto vigia
[11/06/2012 17:29:35] /t
[11/06/2012 17:29:37] /up
[11/06/2012 17:29:38] /up
[11/06/2012 17:29:39] /up
[11/06/2012 17:29:44] /goto quinto vigia
[11/06/2012 17:29:46] /goto quinto vigia
[11/06/2012 17:29:54] /up
[11/06/2012 17:29:55] /up
[11/06/2012 17:29:56] /up
[11/06/2012 17:29:57] /up
[11/06/2012 17:30:01] /c quinto vigia
[11/06/2012 17:30:06] /i 2160
[11/06/2012 17:30:11] /i 2160
[11/06/2012 17:30:18] /t quinto vigia
[11/06/2012 17:31:01] /t
[11/06/2012 17:31:07] /up
[11/06/2012 17:31:07] /up
[11/06/2012 17:31:08] /up
[11/06/2012 17:31:36] /t
[11/06/2012 17:31:39] /goto quinto vigia
[11/06/2012 17:31:46] /goto quinto vigia
[11/06/2012 17:31:48] /goto quinto vigia
[11/06/2012 17:31:50] /goto quinto vigia
[11/06/2012 17:31:53] /goto quinto vigia
[11/06/2012 17:31:55] /goto quinto vigia
[11/06/2012 17:32:07] /up
[11/06/2012 17:32:21] /t
[11/06/2012 17:33:05] /up
[11/06/2012 17:33:06] /up
[11/06/2012 17:33:07] /up
[11/06/2012 17:33:24] /goto quinto vigia
[11/06/2012 17:38:26] /up
[11/06/2012 17:38:27] /up
[11/06/2012 17:38:29] /up
[11/06/2012 17:38:30] /up
[11/06/2012 17:39:08] /c molux
[11/06/2012 17:39:41] /i knight axe
[11/06/2012 17:39:57] /i extreme axe
[11/06/2012 17:40:16] /attr attack 200
[11/06/2012 17:40:32] /attr mod attack 200
[11/06/2012 17:40:45] /attr attack , 200
[11/06/2012 17:40:51] /attr attack ,200
[11/06/2012 17:41:09] /attr attack 200
[11/06/2012 17:41:12] /attr attack 300
[11/06/2012 17:41:43] /attr 200
[11/06/2012 17:41:57] /attr ,attack 200
[11/06/2012 17:42:06] /attr atack 200
[11/06/2012 17:44:07] /attr set attack 300
[11/06/2012 17:44:22] /attr set deff 300
[11/06/2012 17:45:36] /t molux
[11/06/2012 18:22:10] /c molux
[11/06/2012 18:22:12] /i 2160
[11/06/2012 18:22:13] /i 2160
[11/06/2012 18:22:13] /i 2160
[11/06/2012 18:22:13] /i 2160
[11/06/2012 18:22:44] /t molux
[11/06/2012 18:29:04] /t
[11/06/2012 18:31:21] /t
[11/06/2012 18:31:25] /goto molux
[11/06/2012 18:31:27] /goto molux
