[12/12/2011 14:04:21] /down
[12/12/2011 14:04:22] /down
[12/12/2011 14:04:35] /ghost
[12/12/2011 14:06:58] /goto Sky Line
[12/12/2011 14:07:39] /ghost
[12/12/2011 14:07:42] /ghost
[12/12/2011 14:08:23] /a
[12/12/2011 14:08:44] /a
[12/12/2011 14:11:29] /a
[12/12/2011 14:11:31] /a
[12/12/2011 14:11:35] /a
[12/12/2011 14:11:40] /a 2
[12/12/2011 14:11:43] /a 2
[12/12/2011 14:12:17] /a 50
[12/12/2011 14:12:21] /a 50
[12/12/2011 14:12:27] /a 3
[12/12/2011 14:12:30] /a 3
[12/12/2011 14:12:35] /a
[12/12/2011 14:12:38] /a 3
[12/12/2011 14:12:51] /ghost
[12/12/2011 14:14:18] /a
[12/12/2011 14:19:17] /goto bob marley
[12/12/2011 14:19:44] /a
[12/12/2011 14:20:23] /a
[12/12/2011 14:20:26] /a
[12/12/2011 14:20:27] /a
[12/12/2011 14:20:31] /a
[12/12/2011 14:20:44] /a 10
[12/12/2011 14:23:02] /t
[12/12/2011 14:23:08] /ghost
[12/12/2011 14:23:13] /goto bob marley
[12/12/2011 14:25:01] /ghost
[12/12/2011 14:26:30] /ghost
[12/12/2011 14:26:41] /t [GM] Alan
[12/12/2011 14:28:47] /ghost
[12/12/2011 14:31:07] /ghost
[12/12/2011 14:31:08] /ghost
[12/12/2011 14:31:24] /b Para Mais Informação Sobre Os Itens Donate o Site é Esse : magobaiak.servegame.com
[12/12/2011 14:31:58] /ghost
[12/12/2011 14:34:01] /b Um Aviso Os GM's Não Podem Dar Itens, Dinheiro, Level, Nem Puxar Pra Final De Quest.
[12/12/2011 14:34:15] /b Então Por Favor Não Pedir ...
[12/12/2011 14:34:21] /ghost
[12/12/2011 14:35:49] /b Um Aviso Os GM's Não Podem Dar Itens, Dinheiro, Level, Nem Puxar Pra Final De Quest.
[12/12/2011 14:36:30] /ghost
[12/12/2011 14:36:52] /b Para Mais Informação Sobre Os Itens Donate o Site é Esse : magobaiak.servegame.com 
[12/12/2011 14:37:00] /b Duvidas HELP.
[12/12/2011 14:37:32] /goto [GM] Alan
[12/12/2011 14:38:17] /t
[12/12/2011 14:38:31] /a 3
[12/12/2011 14:38:34] /a 4
[12/12/2011 14:40:17] /a
[12/12/2011 14:40:39] /b QUEM QUISER VIM EVENTO DE DADO MANDA PM
[12/12/2011 14:41:10] /c Claiton Predador
[12/12/2011 14:41:16] /t Claiton Predador
[12/12/2011 14:41:18] /a
[12/12/2011 14:42:28] /goto [ADM]
[12/12/2011 14:42:41] /goto [ADM]
[12/12/2011 14:43:28] /a 5
[12/12/2011 14:43:31] /a 10
[12/12/2011 14:45:32] /ghost
[12/12/2011 14:45:59] /a
[12/12/2011 14:46:11] /c Charles
[12/12/2011 14:46:14] /a
[12/12/2011 14:46:18] /a 5
[12/12/2011 14:46:21] /a 10
[12/12/2011 14:53:16] /t Master Zera
[12/12/2011 14:54:49] /t Sunscreen
[12/12/2011 15:12:37] /t Swr Sorc
[12/12/2011 15:12:41] /t Xneto
[12/12/2011 15:12:44] /t Monstrinho
[12/12/2011 15:12:48] /t Master Zera
[12/12/2011 15:12:56] /b ACABO O EVENTO ..
[12/12/2011 15:14:25] /ghost
[12/12/2011 15:14:50] /b Um Aviso Os GM's Não Podem Dar Itens, Dinheiro, Level, Nem Puxar Pra Final De Quest.
[12/12/2011 15:15:21] /b Um Aviso Os GM's Não Podem Dar Itens, Dinheiro, Level, Nem Puxar Pra Final De Quest.
[12/12/2011 15:15:51] /a
[12/12/2011 15:15:54] /a 2
[12/12/2011 15:16:17] /t
[12/12/2011 15:16:57] /a
[12/12/2011 15:16:59] /a
[12/12/2011 15:18:56] /t
[12/12/2011 15:18:57] /ghost
[12/12/2011 15:19:18] /b ALL TEMPLE PRA QUEM NAO SABE ONDE É
[12/12/2011 15:20:34] /a 2
[12/12/2011 15:20:40] /a 5
[12/12/2011 15:20:52] /a 5
[12/12/2011 15:21:57] /t Smith
[12/12/2011 15:22:10] /t Juniorzera
[12/12/2011 15:22:20] /t Magezinho
[12/12/2011 15:22:26] /t Mulek Pipa Da Favela
[12/12/2011 15:22:37] /t Scizor
[12/12/2011 15:22:41] /t Boloc Druidzinho
[12/12/2011 15:22:45] /t Demon Anarquia
[12/12/2011 15:22:48] /t Demon Anarquia
[12/12/2011 15:22:53] /t Gerente da boca
[12/12/2011 15:23:19] /t Assassin Black
[12/12/2011 15:23:22] /t
[12/12/2011 15:24:16] /t
[12/12/2011 15:27:45] /a 2
[12/12/2011 15:28:17] /a 2
[12/12/2011 15:28:50] /clean
[12/12/2011 15:30:52] /goto GOLD Ferumbras
[12/12/2011 15:31:00] /goto GOLD Warlock
[12/12/2011 15:31:42] /t
[12/12/2011 15:32:28] /t Menino disordeiro
[12/12/2011 15:32:36] /a 2
[12/12/2011 15:32:48] /ghost
[12/12/2011 15:33:01] /a 3
[12/12/2011 15:33:06] /c Jonas The Legend
[12/12/2011 15:33:10] /t
[12/12/2011 15:33:19] /t Jonas The Legend
[12/12/2011 15:33:34] /a 2
[12/12/2011 15:34:06] /c Assassin Blac
[12/12/2011 15:34:08] /c Assassin Black
[12/12/2011 15:34:46] /b Para Mais Informação Sobre Os Itens Donate o Site é Esse : magobaiak.servegame.com
[12/12/2011 15:35:05] /save
[12/12/2011 15:35:13] /save
[12/12/2011 15:35:45] /b Caminhão De Lixo Vai Passar Pelo Ot Em 5 Segundos.
[12/12/2011 15:35:51] /clean
[12/12/2011 15:36:21] /goto [ADM]
[12/12/2011 15:36:37] /ghost
[12/12/2011 15:36:49] /a 2
[12/12/2011 15:37:13] /c Menino Da Luz
[12/12/2011 15:37:52] /clean
[12/12/2011 15:38:25] /a 2
[12/12/2011 15:38:46] /a 20
[12/12/2011 15:38:48] /a 10
[12/12/2011 15:38:50] /a 5
[12/12/2011 15:38:51] /a 
[12/12/2011 15:38:58] /a 50
[12/12/2011 15:39:00] /a 10
[12/12/2011 15:39:04] /a 10
[12/12/2011 15:42:14] /a 2
[12/12/2011 15:42:56] /a 2
[12/12/2011 15:43:20] /a 2
[12/12/2011 15:44:13] /a 3
[12/12/2011 15:45:22] /b O Caminhão De Lixo Vai Passar Pelo OT
[12/12/2011 15:45:30] /clean
[12/12/2011 15:45:34] /a
[12/12/2011 15:51:16] /b o Elder Junior TA PERGUNTANDO QUEM QUER IR VIP 2 VEM TEMPLO
[12/12/2011 15:51:49] /b Para Mais Informação Sobre Os Itens Donate o Site é Esse : magobaiak.servegame.com
[12/12/2011 15:52:13] /goto Gerente da boca
[12/12/2011 15:52:16] /goto Gerente da boca
[12/12/2011 15:52:18] /goto Gerente da boca
[12/12/2011 15:52:23] /ghost
[12/12/2011 15:52:31] /goto Smith
[12/12/2011 15:52:51] /c Elder Junior
[12/12/2011 15:53:00] /ghost
[12/12/2011 15:54:04] /a 2
[12/12/2011 15:54:09] /a
[12/12/2011 15:54:16] /a 3
[12/12/2011 15:54:20] /a 3
[12/12/2011 15:54:52] /a 3
[12/12/2011 15:54:56] /a 3
[12/12/2011 15:55:42] /a
[12/12/2011 15:56:14] /a 1
[12/12/2011 15:59:16] /a
[12/12/2011 15:59:34] /a
[12/12/2011 15:59:40] /a 2
[12/12/2011 16:01:12] /c cabuloso
[12/12/2011 16:01:34] /c Menino disordeiro
[12/12/2011 16:01:54] /c tanker bloker
[12/12/2011 16:02:17] /t Menino disordeiro
[12/12/2011 16:02:22] /c elder luiz
[12/12/2011 16:02:25] /c elder luiz
[12/12/2011 16:02:30] /c elder junior
[12/12/2011 16:02:35] /a
[12/12/2011 16:03:33] /c Tanker Blockador
[12/12/2011 16:03:41] /a
[12/12/2011 16:03:50] /t Tanker Blockador
[12/12/2011 16:04:16] /c xneto
[12/12/2011 16:04:19] /c xneto
[12/12/2011 16:04:20] /c xneto
[12/12/2011 16:04:21] /c xneto
[12/12/2011 16:04:21] /c xneto
[12/12/2011 16:04:22] /c xneto
[12/12/2011 16:04:23] /c xneto
[12/12/2011 16:04:23] /c xneto
[12/12/2011 16:04:23] /c xneto
[12/12/2011 16:04:24] /c xneto
[12/12/2011 16:04:24] /c xneto
[12/12/2011 16:04:25] /c xneto
[12/12/2011 16:04:27] /c xneto
[12/12/2011 16:04:59] /c Tanker Blockador
[12/12/2011 16:05:24] /t Tanker Blockador
[12/12/2011 16:07:50] /a
[12/12/2011 16:09:10] /c Smith
[12/12/2011 16:10:08] /a
[12/12/2011 16:10:10] /a 2
[12/12/2011 16:10:12] /a 2
[12/12/2011 16:11:31] /ghost
[12/12/2011 16:11:38] /ghost
[12/12/2011 16:11:45] /ghost
[12/12/2011 16:11:49] /ghost
[12/12/2011 16:11:59] /a
[12/12/2011 16:12:01] /a
[12/12/2011 16:12:03] /a
[12/12/2011 16:12:04] /a
[12/12/2011 16:12:09] /a
[12/12/2011 16:12:13] /a
[12/12/2011 16:12:19] /c Infernatil
[12/12/2011 16:12:20] /c Infernatil
[12/12/2011 16:12:21] /c Infernatil
[12/12/2011 16:12:22] /c Infernatil
[12/12/2011 16:12:24] /c Infernatil
[12/12/2011 16:12:27] /c Infernatil
[12/12/2011 16:12:28] /c Infernatil
[12/12/2011 16:12:28] /c Infernatil
[12/12/2011 16:12:29] /c Infernatil
[12/12/2011 16:12:30] /c Infernatil
[12/12/2011 16:13:00] /a
[12/12/2011 16:13:09] /c Lord Seymour
[12/12/2011 16:14:18] /t Bob Marley
[12/12/2011 16:15:38] /ghost
[12/12/2011 16:16:08] /a
[12/12/2011 16:16:10] /a
[12/12/2011 16:16:15] /a
[12/12/2011 16:16:28] /ghost
[12/12/2011 16:16:38] /ghost
[12/12/2011 16:16:46] /ghost
[12/12/2011 16:18:10] /ghost
[12/12/2011 16:18:15] /a
[12/12/2011 16:18:18] /a
[12/12/2011 16:18:21] /ghost
[12/12/2011 16:18:37] /ghost
[12/12/2011 16:18:38] /ghost
[12/12/2011 16:18:51] /ghost
[12/12/2011 16:19:12] /ghost
[12/12/2011 16:20:05] /b QUEST VIP 2 SOLED ;)
[12/12/2011 16:20:42] /c smith
[12/12/2011 16:24:22] /b 16:24 Ze da Gema [262]: divulga team ai pra vip 2 quest
[12/12/2011 16:25:17] /b New Era Está Invitando Lvl 250+ no Team ! - Falar Com Lord Seymour
[12/12/2011 16:25:48] /b NEED TEAM FOR QUEST VIP 2 FALAR COM >> Ze da Gema
[12/12/2011 16:25:49] /b New Era Está Invitando Lvl 250+ no Team ! - Falar Com Lord Seymour
[12/12/2011 16:25:50] /b NEED TEAM FOR QUEST VIP 2 FALAR COM >> Ze da Gema
[12/12/2011 16:25:51] /b New Era Está Invitando Lvl 250+ no Team ! - Falar Com Lord Seymour
[12/12/2011 16:25:51] /b NEED TEAM FOR QUEST VIP 2 FALAR COM >> Ze da Gema
[12/12/2011 16:26:07] /clean
[12/12/2011 16:26:27] /b NEED TEAM FOR QUEST VIP 2 FALAR COM (Bob Marley)
[12/12/2011 16:26:31] /b New Era Está Invitando Lvl 250+ no Team ! - Falar Com Lord Seymour
[12/12/2011 16:27:43] /a
[12/12/2011 16:27:46] /a 2
[12/12/2011 16:27:58] /a 2
[12/12/2011 16:28:02] /a 2
[12/12/2011 16:28:04] /a 2
[12/12/2011 16:28:05] /a 2
[12/12/2011 16:28:24] /a 2
[12/12/2011 16:28:27] /a 2
[12/12/2011 16:28:34] /a 2
[12/12/2011 16:28:38] /a 2
[12/12/2011 16:28:56] /b 16:27 Bob Marley [413]: FALA ASSIM QUEM QUISER IR VIP 3 ESSO ENTRAR NO TP E AGRUPAR
[12/12/2011 16:29:05] /b New Era Está Invitando Lvl 250+ no Team ! - Falar Com Lord Seymour
[12/12/2011 16:29:21] /b DIGAM QUE EU SOU O GM MAIS BONZINHO :)
[12/12/2011 16:29:53] /a
[12/12/2011 16:30:27] /a
[12/12/2011 16:30:29] /a
[12/12/2011 16:30:56] /b 16:27 Bob Marley [413]: FALA ASSIM QUEM QUISER IR VIP 3 ESSO ENTRAR NO TP E AGRUPAR
[12/12/2011 16:31:44] /a
[12/12/2011 16:32:34] /a
[12/12/2011 16:33:20] /c demon
[12/12/2011 16:33:25] /c demon vip
[12/12/2011 16:33:51] /c dragon
[12/12/2011 16:33:55] /c dragon
[12/12/2011 16:33:55] /c dragon
[12/12/2011 16:33:55] /c dragon
[12/12/2011 16:33:56] /c dragon
[12/12/2011 16:33:56] /c dragon
[12/12/2011 16:33:56] /c dragon
[12/12/2011 16:33:57] /c dragon
[12/12/2011 16:33:57] /c dragon
[12/12/2011 16:33:57] /c dragon
[12/12/2011 16:33:58] /c dragon
[12/12/2011 16:33:58] /c dragon
[12/12/2011 16:33:59] /c dragon
[12/12/2011 16:33:59] /c dragon
[12/12/2011 16:34:00] /c dragon
[12/12/2011 16:34:08] /c dragon
[12/12/2011 16:34:08] /c dragon
[12/12/2011 16:34:09] /c dragon
[12/12/2011 16:34:09] /c dragon
[12/12/2011 16:34:09] /c dragon
[12/12/2011 16:34:10] /c dragon
[12/12/2011 16:34:10] /c dragon
[12/12/2011 16:34:11] /c dragon
[12/12/2011 16:34:11] /c dragon
[12/12/2011 16:34:11] /c dragon
[12/12/2011 16:34:12] /c dragon
[12/12/2011 16:34:12] /c dragon
[12/12/2011 16:34:13] /c dragon
[12/12/2011 16:34:13] /c dragon
[12/12/2011 16:34:13] /c dragon
[12/12/2011 16:34:14] /c dragon
[12/12/2011 16:34:28] /c dragon
[12/12/2011 16:34:29] /c dragon
[12/12/2011 16:34:30] /c dragon
[12/12/2011 16:34:30] /c dragon
[12/12/2011 16:34:31] /c dragon
[12/12/2011 16:34:31] /c dragon
[12/12/2011 16:34:32] /c dragon
[12/12/2011 16:34:32] /c dragon
[12/12/2011 16:34:33] /c dragon
[12/12/2011 16:34:33] /c dragon
[12/12/2011 16:34:34] /c dragon
[12/12/2011 16:34:34] /c dragon
[12/12/2011 16:34:35] /c dragon
[12/12/2011 16:34:35] /c dragon
[12/12/2011 16:34:36] /c dragon
[12/12/2011 16:34:36] /c dragon
[12/12/2011 16:34:37] /c dragon
[12/12/2011 16:34:37] /c dragon
[12/12/2011 16:34:38] /c dragon
[12/12/2011 16:34:38] /c dragon
[12/12/2011 16:34:39] /c dragon
[12/12/2011 16:34:39] /c dragon
[12/12/2011 16:34:39] /c dragon
[12/12/2011 16:34:40] /c dragon
[12/12/2011 16:34:40] /c dragon
[12/12/2011 16:34:41] /c dragon
[12/12/2011 16:34:41] /c dragon
[12/12/2011 16:34:58] /c dragon
[12/12/2011 16:35:34] /clean
[12/12/2011 16:36:15] /clean
[12/12/2011 16:36:35] /goto Bob Marley
[12/12/2011 16:36:42] /a
[12/12/2011 16:36:50] /c Xneto
[12/12/2011 16:36:57] /goto Elder Junior
[12/12/2011 16:37:03] /c Xneto
[12/12/2011 16:40:27] /goto Bob Marley
[12/12/2011 16:40:59] /c Bob Marley
[12/12/2011 16:41:33] /c smith
[12/12/2011 16:41:36] /c cabuloso
[12/12/2011 16:41:43] /goto
[12/12/2011 16:41:48] /goto Elder Junior
[12/12/2011 16:41:51] /c cabuloso
[12/12/2011 16:42:06] /goto Bob Marley
[12/12/2011 16:43:02] /goto Bob Marley
[12/12/2011 16:49:56] /a
[12/12/2011 16:54:32] /ghost
[12/12/2011 16:55:33] /goto Bob Marley
[12/12/2011 16:56:06] /ghost
[12/12/2011 16:56:42] /kick Bob Marley
[12/12/2011 16:58:38] /b GALERA TA LAG AE?? (FALA HELP)
[12/12/2011 16:59:43] /b GALERA TA LAG AE?? (FALA HELP)
[12/12/2011 16:59:58] /kick Boloc Druidzinho
[12/12/2011 17:00:38] /a
[12/12/2011 17:00:40] /a 5
[12/12/2011 17:06:10] /ghost
[12/12/2011 17:09:46] /ghost
[12/12/2011 17:13:55] /goto Xneto
[12/12/2011 17:15:02] /t
[12/12/2011 17:18:27] /b Quem Quiser Ir Vip 2 Entra No TP (QUEM PEDIU FOI O Swr Sorc)
[12/12/2011 17:21:46] /goto xneto
[12/12/2011 17:22:22] /b Quem Quiser Ir Vip 2 Entra No TP (QUEM PEDIU FOI O Swr Sorc)
[12/12/2011 17:22:22] /b Quem Quiser Ir Vip 2 Entra No TP (QUEM PEDIU FOI O Swr Sorc)
[12/12/2011 17:22:23] /b Quem Quiser Ir Vip 2 Entra No TP (QUEM PEDIU FOI O Swr Sorc)
[12/12/2011 17:22:23] /b Quem Quiser Ir Vip 2 Entra No TP (QUEM PEDIU FOI O Swr Sorc)
[12/12/2011 17:25:06] /c bob marley
[12/12/2011 17:25:24] /t Bob Marley
[12/12/2011 17:25:24] /t Bob Marley
[12/12/2011 17:25:24] /t Bob Marley
[12/12/2011 17:25:54] /t
[12/12/2011 17:28:18] /a
[12/12/2011 17:28:19] /a
[12/12/2011 17:28:22] /a
[12/12/2011 17:28:23] /a
[12/12/2011 17:28:24] /a
[12/12/2011 17:28:26] /a
[12/12/2011 17:28:27] /a
[12/12/2011 17:28:29] /a
[12/12/2011 17:28:35] /a
[12/12/2011 17:28:37] /a
[12/12/2011 17:28:40] /a
[12/12/2011 17:28:45] /a
[12/12/2011 17:28:47] /a
[12/12/2011 17:28:50] /a
[12/12/2011 17:28:55] /a
[12/12/2011 17:28:57] /a
[12/12/2011 17:29:23] /a
[12/12/2011 17:29:29] /a
[12/12/2011 17:29:48] /b VERDADE ;)
[12/12/2011 17:29:56] /b kkkkkkkkkkkkk ;p
[12/12/2011 17:30:43] /b reinicia
[12/12/2011 17:31:45] /kick Bob Marley
[12/12/2011 17:31:53] /kick Loolziin
[12/12/2011 17:36:53] /goto Xneto
[12/12/2011 17:36:57] /a
[12/12/2011 17:38:22] /goto Zeus
[12/12/2011 17:38:37] /a
[12/12/2011 17:38:45] /c Zeus
[12/12/2011 17:38:46] /a
[12/12/2011 17:39:37] /kick Bob Marley
[12/12/2011 17:47:15] /c Smith
[12/12/2011 17:47:16] /c Smith
[12/12/2011 17:47:17] /c Smith
[12/12/2011 17:47:18] /c Smith
[12/12/2011 17:47:18] /c Smith
[12/12/2011 17:47:18] /c Smith
[12/12/2011 17:47:19] /c Smith
[12/12/2011 17:47:22] /c Smith
[12/12/2011 17:47:23] /c Smith
[12/12/2011 17:48:41] /a
[12/12/2011 17:48:44] /a 5
[12/12/2011 17:48:47] /c Boloc Druidzinho
[12/12/2011 17:48:51] /a 
[12/12/2011 17:48:52] /c Boloc Druidzinho
[12/12/2011 17:48:57] /t Boloc Druidzinho
[12/12/2011 17:48:59] /t
[12/12/2011 17:51:05] /a 2
[12/12/2011 17:51:31] /ghost
[12/12/2011 17:53:05] /clean
[12/12/2011 17:56:52] /down
[12/12/2011 17:57:02] /down
[12/12/2011 17:57:03] /down
[12/12/2011 17:57:06] /down
[12/12/2011 17:57:19] /ghost
[12/12/2011 17:58:33] /a
[12/12/2011 17:58:36] /a 1
[12/12/2011 17:59:36] /b Para Mais Informação Sobre Os Itens Donate Acesse o Site : magobaiak.servegame.com
[12/12/2011 17:59:51] /b Para Mais Informação Sobre Os Itens Donate Acesse o Site : magobaiak.servegame.com
[12/12/2011 18:02:01] /b Para Mais Informação Sobre Os Itens Donate Acesse o Site : magobaiak.servegame.com
[12/12/2011 18:03:12] /goto bazir
[12/12/2011 18:03:22] /c [GM] Alan
[12/12/2011 18:03:24] /t
[12/12/2011 18:06:10] /a
[12/12/2011 18:07:15] /a
[12/12/2011 18:07:38] /kick [GM] Alan
[12/12/2011 18:07:41] /kick [GM] Alan
[12/12/2011 18:08:10] /t
[12/12/2011 18:08:52] /ghost
[12/12/2011 18:10:13] /a
[12/12/2011 18:11:35] /a
[12/12/2011 18:11:37] /a
[12/12/2011 18:11:55] /goto [GM] Alan
[12/12/2011 18:11:55] /goto [GM] Alan
[12/12/2011 18:11:56] /goto [GM] Alan
[12/12/2011 18:11:56] /goto [GM] Alan
[12/12/2011 18:11:57] /goto [GM] Alan
[12/12/2011 18:11:57] /goto [GM] Alan
[12/12/2011 18:11:57] /goto [GM] Alan
[12/12/2011 18:11:58] /goto [GM] Alan
[12/12/2011 18:11:58] /goto [GM] Alan
[12/12/2011 18:11:59] /goto [GM] Alan
[12/12/2011 18:11:59] /goto [GM] Alan
[12/12/2011 18:11:59] /goto [GM] Alan
[12/12/2011 18:15:06] /ghost
[12/12/2011 18:20:50] /t
[12/12/2011 18:20:51] /t Sarudrix
[12/12/2011 18:20:59] /goto Blood Of Hell
[12/12/2011 18:22:16] /b Para Mais Informação Sobre Os Itens Donate Acesse o Site : magobaiak.servegame.com
[12/12/2011 18:23:31] /clean
[12/12/2011 18:24:17] /goto hool
[12/12/2011 18:24:22] /ghost
[12/12/2011 18:24:34] /goto Rush Mage 
[12/12/2011 18:24:48] /ghost
[12/12/2011 18:25:14] /kick Rush Mage
[12/12/2011 18:25:17] /t
[12/12/2011 18:25:21] /ghost
[12/12/2011 18:25:25] /ghost
[12/12/2011 18:29:12] /b Para Mais Informação Sobre Os Itens Donate o Site é Esse : magobaiak.servegame.com..Duvidas HELP
[12/12/2011 18:29:21] /ghost
[12/12/2011 18:31:58] /b Para Mais Informação Sobre Os Itens Donate Acesse Nosso Site : magobaiak.servegame.com.. Qualquer Duvida HELP. Obrigado Pela Atenção.
[12/12/2011 18:32:04] /b Para Mais Informação Sobre Os Itens Donate Acesse Nosso Site : magobaiak.servegame.com.. Qualquer Duvida HELP. Obrigado Pela Atenção.
[12/12/2011 18:34:04] /b O Player Xneto recruta para guild Xtence falar com ele
[12/12/2011 18:36:53] /b Para Mais Informação Sobre Os Itens Donate Acesse Nosso Site : magobaiak.servegame.com ~~ Duvidas HELP (Obrigado Pela Atenção)
[12/12/2011 18:39:25] /b Para Mais Informação Sobre Os Itens Donate Acesse Nosso Site : magobaiak.servegame.com ~~ Duvidas HELP (Obrigado Pela Atenção)
[12/12/2011 18:39:48] /ghost
[12/12/2011 18:39:56] /ghost
[12/12/2011 18:40:02] /ghost
[12/12/2011 18:40:10] /ghost
[12/12/2011 18:40:15] /a
[12/12/2011 18:40:18] /a 10
[12/12/2011 18:40:26] /ghost
[12/12/2011 18:40:51] /ghost
[12/12/2011 18:45:43] /b Para Mais Informação Sobre Os Itens Donate Acesse Nosso Site : magobaiak.servegame.com ~~ Duvidas HELP (Obrigado Pela Atenção)
[12/12/2011 18:46:19] /t
[12/12/2011 18:46:22] /a
[12/12/2011 18:46:24] /a
[12/12/2011 18:46:27] /a 3
[12/12/2011 18:46:34] /a 5
[12/12/2011 18:46:38] /ghost
[12/12/2011 18:47:31] /ghost
[12/12/2011 18:48:12] /clean
[12/12/2011 18:49:15] /ghost
[12/12/2011 18:49:47] /a
[12/12/2011 18:49:50] /a 2
[12/12/2011 18:50:25] /ghost
[12/12/2011 18:50:36] /a
[12/12/2011 18:50:42] /ghost
[12/12/2011 18:51:30] /ghost
[12/12/2011 18:51:45] /ghost
[12/12/2011 18:51:46] /ghost
[12/12/2011 18:53:04] /c Xneto
[12/12/2011 18:53:12] /a
[12/12/2011 18:53:14] /ghost
[12/12/2011 18:53:25] /a
[12/12/2011 18:53:35] /ghost
[12/12/2011 18:59:13] /goto apocalypse
[12/12/2011 18:59:15] /goto apocalypse
[12/12/2011 18:59:16] /goto apocalypse
[12/12/2011 18:59:26] /c xneto
[12/12/2011 19:00:08] /a
[12/12/2011 19:00:12] /a 2
[12/12/2011 19:00:21] /c xneto
[12/12/2011 19:01:14] /clean
[12/12/2011 19:01:51] /t xneto
[12/12/2011 19:01:56] /clean
[12/12/2011 19:02:31] /a 10
[12/12/2011 19:02:32] /a 10
[12/12/2011 19:02:36] /a 20
[12/12/2011 19:02:53] /a 4
[12/12/2011 19:03:00] /a 5
[12/12/2011 19:03:18] /up
[12/12/2011 19:03:22] /a 5
[12/12/2011 19:03:27] /a
[12/12/2011 19:03:28] /a
[12/12/2011 19:03:35] /a 40
[12/12/2011 19:03:52] /a 10
[12/12/2011 19:03:54] /a 10
[12/12/2011 19:03:55] /a 10
[12/12/2011 19:03:56] /a 10
[12/12/2011 19:04:06] /c xneto
[12/12/2011 19:04:27] /t xneto
[12/12/2011 19:05:38] /c Jaapuka Mage
[12/12/2011 20:57:40] /ghost
[12/12/2011 20:57:42] /ghost
[12/12/2011 20:57:45] /t
[12/12/2011 20:58:00] /a 2
[12/12/2011 20:58:18] /c xneto
[12/12/2011 20:58:31] /t xneto
[12/12/2011 20:58:44] /a 2
[12/12/2011 20:58:46] /a 2
[12/12/2011 20:59:21] /a 2
[12/12/2011 20:59:43] /t
[12/12/2011 20:59:51] /a 2
[12/12/2011 21:00:30] /a 50
[12/12/2011 21:00:32] /a 50
[12/12/2011 21:00:34] /a 10
[12/12/2011 21:00:37] /a 10
[12/12/2011 21:00:39] /a 10
[12/12/2011 21:00:41] /a 10
[12/12/2011 21:00:43] /a 10
[12/12/2011 21:00:43] /a 10
[12/12/2011 21:00:43] /a 10
[12/12/2011 21:00:44] /a 10
[12/12/2011 21:00:44] /a 10
[12/12/2011 21:00:45] /a 10
[12/12/2011 21:00:46] /a 10
[12/12/2011 21:00:48] /a 10
[12/12/2011 21:00:49] /a 10
[12/12/2011 21:00:53] /a 10
[12/12/2011 21:00:54] /a 10
[12/12/2011 21:00:57] /a 10
[12/12/2011 21:00:59] /a 10
[12/12/2011 21:01:04] /a 10
[12/12/2011 21:01:07] /a 10
[12/12/2011 21:01:08] /a 10
[12/12/2011 21:01:10] /a 10
[12/12/2011 21:01:11] /a 10
[12/12/2011 21:01:14] /a 10
[12/12/2011 21:01:15] /a 10
[12/12/2011 21:01:16] /a 10
[12/12/2011 21:01:18] /a 10
[12/12/2011 21:01:19] /a 10
[12/12/2011 21:01:20] /a 10
[12/12/2011 21:01:23] /a 10
[12/12/2011 21:01:24] /a 10
[12/12/2011 21:01:25] /a 10
[12/12/2011 21:01:26] /a 10
[12/12/2011 21:01:27] /a 10
[12/12/2011 21:01:30] /a 10
[12/12/2011 21:01:53] /a 10
[12/12/2011 21:01:55] /a 10
[12/12/2011 21:01:57] /a 10
[12/12/2011 21:01:59] /a 10
[12/12/2011 21:02:01] /a 
[12/12/2011 21:02:16] /a 
[12/12/2011 21:02:18] /a 
[12/12/2011 21:02:30] /a 
[12/12/2011 21:02:32] /a 10
[12/12/2011 21:02:33] /a 10
[12/12/2011 21:02:33] /a 10
[12/12/2011 21:02:34] /a 10
[12/12/2011 21:02:34] /a 10
[12/12/2011 21:02:37] /a 10
[12/12/2011 21:02:38] /a 10
[12/12/2011 21:02:39] /a 10
[12/12/2011 21:02:40] /a 10
[12/12/2011 21:02:41] /a 10
[12/12/2011 21:02:41] /a 10
[12/12/2011 21:02:42] /a 10
[12/12/2011 21:02:43] /a 10
[12/12/2011 21:02:43] /a 10
[12/12/2011 21:02:44] /a 10
[12/12/2011 21:02:44] /a 10
[12/12/2011 21:02:45] /a 10
[12/12/2011 21:02:45] /a 10
[12/12/2011 21:02:46] /a 10
[12/12/2011 21:02:46] /a 10
[12/12/2011 21:02:47] /a 10
[12/12/2011 21:02:47] /a 10
[12/12/2011 21:02:48] /a 10
[12/12/2011 21:02:49] /a 10
[12/12/2011 21:02:49] /a 10
[12/12/2011 21:02:50] /a 10
[12/12/2011 21:02:50] /a 10
[12/12/2011 21:02:51] /a 10
[12/12/2011 21:02:52] /a 10
[12/12/2011 21:02:52] /a 10
[12/12/2011 21:02:53] /a 10
[12/12/2011 21:02:53] /a 10
[12/12/2011 21:02:54] /a 10
[12/12/2011 21:02:55] /a 10
[12/12/2011 21:02:55] /a 10
[12/12/2011 21:02:56] /a 
[12/12/2011 21:02:58] /a 
[12/12/2011 21:02:58] /a 
[12/12/2011 21:02:59] /a 
[12/12/2011 21:03:00] /a 
[12/12/2011 21:03:00] /a 
[12/12/2011 21:03:00] /a 
[12/12/2011 21:03:01] /a 
[12/12/2011 21:03:02] /a 10
[12/12/2011 21:03:06] /a 10
[12/12/2011 21:03:08] /a 10
[12/12/2011 21:03:08] /a 10
[12/12/2011 21:03:09] /a 10
[12/12/2011 21:03:10] /a 10
[12/12/2011 21:03:11] /a 
[12/12/2011 21:03:12] /a 
[12/12/2011 21:03:14] /a 10
[12/12/2011 21:03:27] /c Jaapuka Mage
[12/12/2011 21:04:19] /c xneto
[12/12/2011 21:04:30] /t
[12/12/2011 22:11:07] /a 2
[12/12/2011 22:11:17] /c Lord Seymour
[12/12/2011 22:11:39] /a 10
[12/12/2011 22:11:40] /a 10
[12/12/2011 22:11:40] /a 10
[12/12/2011 22:11:42] /a 10
[12/12/2011 22:11:43] /a 10
[12/12/2011 22:12:49] /a
[12/12/2011 22:12:51] /a
[12/12/2011 22:13:50] /a
[12/12/2011 22:13:57] /a
[12/12/2011 22:15:10] /a
[12/12/2011 22:15:19] /a
[12/12/2011 22:15:21] /a
[12/12/2011 22:16:06] /a
[12/12/2011 22:16:20] /c Lord Seymour
[12/12/2011 22:16:24] /a
[12/12/2011 22:16:32] /c Lord Seymour
[12/12/2011 22:16:35] /t Lord Seymour
[12/12/2011 22:16:49] /c Lord Seymour
[12/12/2011 22:16:50] /t Lord Seymour
[12/12/2011 22:17:02] /a 10
[12/12/2011 22:17:03] /a 10
[12/12/2011 22:17:04] /a 10
[12/12/2011 22:17:04] /a 10
[12/12/2011 22:17:06] /a 10
[12/12/2011 22:17:07] /a 10
[12/12/2011 22:17:21] /c Lord Seymour
[12/12/2011 22:17:28] /t Lord Seymour
[12/12/2011 22:17:37] /c Lord Seymour
[12/12/2011 22:17:41] /t Lord Seymour
[12/12/2011 22:17:47] /c Lord Seymour
[12/12/2011 22:18:15] /ghost
[12/12/2011 22:18:26] /t Lord Seymour
[12/12/2011 22:18:43] /c Lord Seymour
[12/12/2011 22:18:58] /t Lord Seymour
[12/12/2011 22:19:00] /t Lord Seymour
[12/12/2011 22:19:01] /t Lord Seymour
[12/12/2011 22:19:01] /t Lord Seymour
[12/12/2011 22:19:02] /t Lord Seymour
[12/12/2011 22:19:02] /t Lord Seymour
[12/12/2011 22:19:02] /t Lord Seymour
[12/12/2011 22:19:03] /t Lord Seymour
[12/12/2011 22:19:05] /t Lord Seymour
[12/12/2011 22:19:56] /t
[12/12/2011 22:20:10] /clean
[12/12/2011 22:39:14] /ghost
[12/12/2011 22:39:20] /ghost
[12/12/2011 23:40:25] /a 2
[12/12/2011 23:41:09] /ghost
[12/12/2011 23:41:15] /goto Master Zera
[12/12/2011 23:41:19] /goto Master Zera
[12/12/2011 23:41:22] /goto Master Zera
[12/12/2011 23:41:36] /goto kina
[13/12/2011 06:21:56] /a 10
[13/12/2011 06:22:01] /a 10
[13/12/2011 06:22:04] /a 20
[13/12/2011 06:22:15] /a 4
[13/12/2011 06:22:25] /a
[13/12/2011 06:22:27] /a
[13/12/2011 06:22:28] /a
[13/12/2011 06:22:32] /a 2
[13/12/2011 06:22:38] /up
[13/12/2011 06:22:51] /a 10
[13/12/2011 06:22:52] /a 10
[13/12/2011 06:22:53] /a 10
[13/12/2011 06:22:54] /a 10
[13/12/2011 06:22:55] /a 10
[13/12/2011 06:23:07] /c rusho na war
[13/12/2011 06:30:35] /clean
[13/12/2011 07:16:19] /ghost
[13/12/2011 07:16:23] /c Ownt's
[13/12/2011 07:16:27] /t Ownt's
[13/12/2011 07:28:25] /c Ownt's
[13/12/2011 07:28:45] /t
[13/12/2011 07:29:43] /c Ownt's
[13/12/2011 07:29:48] /c Ownt's
[13/12/2011 07:30:54] /kick Kina'chooser
[13/12/2011 07:31:09] /c Ownt's
[13/12/2011 07:31:13] /t Kina'chooser
[13/12/2011 07:31:39] /c Ownt's
[13/12/2011 07:31:53] /t Ownt's
[13/12/2011 07:32:08] /t
[13/12/2011 08:09:31] /a 5
[13/12/2011 08:09:38] /a 5
[13/12/2011 08:09:39] /a 5
[13/12/2011 08:09:39] /a 5
[13/12/2011 08:09:40] /a 5
[13/12/2011 08:09:40] /a 5
[13/12/2011 08:09:41] /a 5
[13/12/2011 08:09:42] /a 5
[13/12/2011 08:09:43] /a 5
[13/12/2011 08:09:44] /a 5
[13/12/2011 08:09:45] /a 5
[13/12/2011 08:09:46] /a 5
[13/12/2011 08:09:47] /a 5
[13/12/2011 08:09:48] /a 5
[13/12/2011 08:09:53] /a 5
[13/12/2011 08:09:54] /a 5
[13/12/2011 08:09:56] /a 5
[13/12/2011 08:09:57] /a 5
[13/12/2011 08:09:59] /a 5
[13/12/2011 08:10:01] /a 5
[13/12/2011 08:10:01] /a 5
[13/12/2011 08:10:02] /a 5
[13/12/2011 08:10:03] /a 5
[13/12/2011 08:10:04] /a 5
[13/12/2011 08:10:06] /a 5
[13/12/2011 08:10:08] /a 5
[13/12/2011 08:10:14] /a 5
[13/12/2011 08:10:16] /a 5
[13/12/2011 08:10:22] /a 50
[13/12/2011 08:10:25] /a 50
[13/12/2011 08:10:30] /a 50
[13/12/2011 08:10:31] /a 50
[13/12/2011 08:10:34] /a 50
[13/12/2011 08:10:35] /a 50
[13/12/2011 08:10:58] /a 50
[13/12/2011 08:11:04] /a 5
[13/12/2011 08:11:05] /a 5
[13/12/2011 08:11:14] /a 5
[13/12/2011 08:11:15] /a 5
[13/12/2011 08:11:15] /a 5
[13/12/2011 08:11:16] /a 5
[13/12/2011 08:11:17] /a 5
[13/12/2011 08:11:17] /a 5
[13/12/2011 08:11:28] /c Ownt's
[13/12/2011 08:12:09] /clean
[13/12/2011 09:32:59] /ghost
[13/12/2011 09:33:01] /ghost
[13/12/2011 09:33:11] /c Best
[13/12/2011 09:33:20] /t Best
[13/12/2011 09:39:28] /ghost
[13/12/2011 09:39:30] /t
[13/12/2011 09:41:00] /ghost
[13/12/2011 09:41:07] /b AE NEGADA ;)
[13/12/2011 09:41:26] /b 09:41 Joaoziin Metraalha [117]: .faz 1 evento ae
[13/12/2011 09:41:31] /b TINHA Q TER UM '-'
[13/12/2011 09:42:22] /b CALMA GENTE TO FALANDO COM O ADM SE POSSO FAZER EVENTO ...
[13/12/2011 09:43:28] /b 09:42 [ADM]: faz
[13/12/2011 09:43:42] /b AGORA VAMO VE OS ITENS FALE ALGUNS AE ;)
[13/12/2011 09:43:53] /b VAI SER DE ESCONDE PELA CITY ;)
[13/12/2011 09:44:06] /b NAO VALE ITENS DONATE --'
[13/12/2011 09:48:59] /ghost
[13/12/2011 09:49:07] /b GALERA VAI COMEÇA O EVENTO ;)
[13/12/2011 09:49:29] /b EU VOU ESCONDER ITENS DA VIP E ALGUNS KK
[13/12/2011 09:49:59] /b GALERA SÓ TEM ITENS DA VIP 1 '-'
[13/12/2011 09:50:23] /b TEM 2 WAND VIP 2 ;)
[13/12/2011 09:51:07] /up
[13/12/2011 09:51:09] /up
[13/12/2011 09:51:36] /b GALERA AS DUAS WAND VIP 2 JA ESTAO ESCONDIDAS LADO >> DA CITY
[13/12/2011 09:52:31] /b GALERA É EVENTO NAO POSSO FIK FALANDO --'
[13/12/2011 09:52:58] /b GALERA AS DUAS WAND VIP 2 JA ESTAO ESCONDIDAS LADO >> SOBE ESCADA \/ DA CITY
[13/12/2011 09:53:30] /b Joaoziin Metraalha TA PERTO
[13/12/2011 09:53:37] /ghost
[13/12/2011 09:53:40] /ghost
[13/12/2011 09:53:59] /b BEST DA PERTO
[13/12/2011 09:54:48] /b Joaoziin Metraalha AXOOOOOOOOOOOOOOOOOOOO
[13/12/2011 09:54:52] /b Joaoziin Metraalha AXOOOOOOOOOOOOOOOOOOOO
[13/12/2011 09:55:00] /t
[13/12/2011 09:55:46] /b Joaoziin Metraalha AXO SÓ 1 TEM OUTRA ESCONDIDA AINDA
[13/12/2011 09:56:25] /b lado <<<< da city a proxima wand
[13/12/2011 09:56:49] /t Amanda Silva
[13/12/2011 09:57:07] /goto Thummerzinha
[13/12/2011 09:57:11] /ghost
[13/12/2011 09:57:41] /ghost
[13/12/2011 09:57:48] /b Thummerzinha AXOOOOOOOO
[13/12/2011 10:00:48] /t
[13/12/2011 10:01:00] /b GALERA EVENTO ZUBI VAI TER WAND FODONA IGUAL DONATE
[13/12/2011 10:01:11] /b O ULTIMO Q SOBREVIVE GANHA
[13/12/2011 10:01:21] /b MASTER VIP WAND ;)
[13/12/2011 10:02:13] /b CALMA GALERA MUITA PM
[13/12/2011 10:03:12] /zombiestart 10
[13/12/2011 10:03:37] /b GALERA ONDE PEGA O BUNUS TA O TP
[13/12/2011 10:04:10] /goto Thummerzinha
[13/12/2011 10:05:37] /b RELAXA GALERA NA PROXIMA SEJAM MAIS LIGEIRO VAI SER ENTRADA DE 20 PLAYER '-' QUEM ENTRA PARTICIPA QUEM FIK NAO PARTICIPA ;)
[13/12/2011 10:05:51] /b QUANDO ACABA ESSE JA VO FAZE OUTRO
[13/12/2011 10:07:08] /c Heross
[13/12/2011 10:07:13] /b Heross GANHOOOOOOOO
[13/12/2011 10:07:25] /b GANHO A STAR DA VIP 3
[13/12/2011 10:07:40] /zombiestart 20
[13/12/2011 10:07:45] /t
[13/12/2011 10:08:05] /b VAI GALERA
[13/12/2011 10:08:26] /zombiestart 30
[13/12/2011 10:09:02] /b  ENTRA GALERA TELEPORT NO LADO DO BAU DE 100K >>
[13/12/2011 10:09:06] /b  ENTRA GALERA TELEPORT NO LADO DO BAU DE 100K >>
[13/12/2011 10:09:07] /b  ENTRA GALERA TELEPORT NO LADO DO BAU DE 100K >>
[13/12/2011 10:09:07] /b  ENTRA GALERA TELEPORT NO LADO DO BAU DE 100K >>
[13/12/2011 10:09:39] /b GALERA NAO DA PRA RESPONDE TODOS PM --' E AINDA FIK CHINGANDO VO DA BAN --'
[13/12/2011 10:09:45] /ghost
[13/12/2011 10:10:00] /ghost
[13/12/2011 10:10:23] /b FALTA 8 PLAYER PRA COMEÇA O EVENTO
[13/12/2011 10:10:26] /b 7
[13/12/2011 10:10:32] /t
[13/12/2011 10:10:58] /c Ownt's
[13/12/2011 10:11:04] /c Ownt's
[13/12/2011 10:11:14] /b 1 PLAYER
[13/12/2011 10:11:15] /b 1 PLAYER
[13/12/2011 10:11:16] /b 1 PLAYER
[13/12/2011 10:11:22] /t
[13/12/2011 10:11:40] /b FEXOOOOOOOOOO
[13/12/2011 10:11:52] /goto Ownt's
[13/12/2011 10:12:54] /b AAAH GALERA PARA DE MANHA ELES SAO FRACOS e.'
[13/12/2011 10:13:02] /b e.e'
[13/12/2011 10:13:14] /c Strick Flesh
[13/12/2011 10:13:24] /c Elite Ao-extremo
[13/12/2011 10:15:47] /b Galera Para Saber Mais Sobre Os Itens Donates Entrem No Nosso Site : magobaiak.servegame.com.
[13/12/2011 10:15:53] /c Kappozinhohh
[13/12/2011 10:16:09] /b GALERA OS BIXO SAO FRACO --'
[13/12/2011 10:16:35] /b TO RINDO KKKKKKKKKKKKKKK
[13/12/2011 10:16:48] /b TO RINDO KKKKKKKKKKKKKKK
[13/12/2011 10:17:02] /c Swr Sorc
[13/12/2011 10:17:33] /ghost
[13/12/2011 10:17:39] /ghost
[13/12/2011 10:17:56] /b SÓ TEM UNS 4 AKE '-'
[13/12/2011 10:18:47] /b GALERA TA DANDO LAG PQ TA TENDO EVENTO DE Zombie É IGUAL INVASAO AJJA ACABA ;)
[13/12/2011 10:18:58] /b jaja*
[13/12/2011 10:19:30] /b GALERA VAI TER +1 EVENTO DE ZUMBIE
[13/12/2011 10:19:35] /b BEST Win
[13/12/2011 10:19:40] /ghost
[13/12/2011 10:19:43] /c best
[13/12/2011 10:21:13] /t Best
[13/12/2011 10:21:23] /b VAI TER OUTRO VALENDO MASTER WAND VIP '-'
[13/12/2011 10:21:25] /t
[13/12/2011 10:21:49] /zombiestart 30
[13/12/2011 10:22:55] /b GALERA ESSE EVENTO TA VALENDO 10:22 You see a Master Vip Wand. It can only be wielded properly by elder druids and master sorcerers of level 100 or higher. It weighs 23.00 oz. a melhor wand.
[13/12/2011 10:23:04] /b GALERA ESSE EVENTO TA VALENDO 10:22 You see a Master Vip Wand. It can only be wielded properly by elder druids and master sorcerers of level 100 or higher. It weighs 23.00 oz. a melhor wand.
[13/12/2011 10:23:04] /b GALERA ESSE EVENTO TA VALENDO 10:22 You see a Master Vip Wand. It can only be wielded properly by elder druids and master sorcerers of level 100 or higher. It weighs 23.00 oz. a melhor wand.
[13/12/2011 10:23:04] /b GALERA ESSE EVENTO TA VALENDO 10:22 You see a Master Vip Wand. It can only be wielded properly by elder druids and master sorcerers of level 100 or higher. It weighs 23.00 oz. a melhor wand.
[13/12/2011 10:23:04] /b GALERA ESSE EVENTO TA VALENDO 10:22 You see a Master Vip Wand. It can only be wielded properly by elder druids and master sorcerers of level 100 or higher. It weighs 23.00 oz. a melhor wand.
[13/12/2011 10:23:26] /b É A MELHOR WAND ;) 
[13/12/2011 10:23:35] /t
[13/12/2011 10:23:48] /b ENQUANTO ISSO OS NOOB Q KISER ITENS MANDA PM
[13/12/2011 10:24:07] /ghost
[13/12/2011 10:24:09] /ghost
[13/12/2011 10:25:20] /b GALERA FREE ITENS NA FRENTE DO TEMPLO (ITENS NOOB)
[13/12/2011 10:25:22] /b GALERA FREE ITENS NA FRENTE DO TEMPLO (ITENS NOOB)
[13/12/2011 10:25:24] /b GALERA FREE ITENS NA FRENTE DO TEMPLO (ITENS NOOB)
[13/12/2011 10:25:26] /b GALERA FREE ITENS NA FRENTE DO TEMPLO (ITENS NOOB)
[13/12/2011 10:25:27] /b GALERA FREE ITENS NA FRENTE DO TEMPLO (ITENS NOOB)
[13/12/2011 10:25:28] /b GALERA FREE ITENS NA FRENTE DO TEMPLO (ITENS NOOB)
[13/12/2011 10:25:52] /c Mama Aki
[13/12/2011 10:26:34] /b GALERA VAI TODO MUNDO ZOMBIE DPS VAI TER FREE ITENS
[13/12/2011 10:26:35] /b GALERA VAI TODO MUNDO ZOMBIE DPS VAI TER FREE ITENS
[13/12/2011 10:26:35] /b GALERA VAI TODO MUNDO ZOMBIE DPS VAI TER FREE ITENS
[13/12/2011 10:26:40] /b GALERA VAI TODO MUNDO ZOMBIE DPS VAI TER FREE ITENS
[13/12/2011 10:26:41] /b GALERA VAI TODO MUNDO ZOMBIE DPS VAI TER FREE ITENS
[13/12/2011 10:26:45] /b GALERA VAI TODO MUNDO ZOMBIE DPS VAI TER FREE ITENS
[13/12/2011 10:26:47] /b GALERA VAI TODO MUNDO ZOMBIE DPS VAI TER FREE ITENS
[13/12/2011 10:27:16] /b VAMO GALERA ENTRANDO NO TP AKE NO TEMPLO
[13/12/2011 10:27:17] /b VAMO GALERA ENTRANDO NO TP AKE NO TEMPLO
[13/12/2011 10:27:17] /b VAMO GALERA ENTRANDO NO TP AKE NO TEMPLO
[13/12/2011 10:27:23] /b VAMO GALERA ENTRANDO NO TP AKE NO TEMPLO
[13/12/2011 10:27:45] /b VAMO GALERA ENTRANDO NO TP AKE NO TEMPLO
[13/12/2011 10:28:07] /b GALERA VAI TODO MUNDO ZOMBIE DPS VAI TER FREE ITENS
[13/12/2011 10:28:07] /b GALERA VAI TODO MUNDO ZOMBIE DPS VAI TER FREE ITENS
[13/12/2011 10:28:10] /b GALERA VAI TODO MUNDO ZOMBIE DPS VAI TER FREE ITENS
[13/12/2011 10:28:11] /b VAMO GALERA ENTRANDO NO TP AKE NO TEMPLO
[13/12/2011 10:28:28] /b 10:27 Zombie Arena Event started.
[13/12/2011 10:28:29] /b 10:27 Zombie Arena Event started.
[13/12/2011 10:28:30] /b 10:27 Zombie Arena Event started.
[13/12/2011 10:28:30] /b 10:27 Zombie Arena Event started.
[13/12/2011 10:28:34] /goto best
[13/12/2011 10:30:13] /c Xneto
[13/12/2011 10:30:31] /b VAI NEGADA CORRE DOS ZUMBIE
[13/12/2011 10:30:31] /b VAI NEGADA CORRE DOS ZUMBIE
[13/12/2011 10:30:32] /b VAI NEGADA CORRE DOS ZUMBIE
[13/12/2011 10:30:39] /t
[13/12/2011 10:31:05] /ghost
[13/12/2011 10:31:21] /b JA MORREU ALGUEM ?? KKKKKKKKKK
[13/12/2011 10:31:41] /b Galera Para Saber Mais Sobre Os Itens Donates Entrem No Nosso Site : magobaiak.servegame.com.
[13/12/2011 10:32:05] /b Galera Para Saber Mais Sobre Os Itens Donates Entrem No Nosso Site : magobaiak.servegame.com.
[13/12/2011 10:32:06] /b Galera Para Saber Mais Sobre Os Itens Donates Entrem No Nosso Site : magobaiak.servegame.com.
[13/12/2011 10:32:06] /b Galera Para Saber Mais Sobre Os Itens Donates Entrem No Nosso Site : magobaiak.servegame.com.
[13/12/2011 10:32:41] /b DEPOIS DESSE EVENTO VOU FAZE FREE ITENS COM ITENS DA VIP 1 E 4 KK
[13/12/2011 10:32:43] /b DEPOIS DESSE EVENTO VOU FAZE FREE ITENS COM ITENS DA VIP 1 E 4 KK
[13/12/2011 10:33:48] /kick Mestre pala
[13/12/2011 10:33:53] /kick Buriba
[13/12/2011 10:33:57] /kick Yngwie Malmsteen
[13/12/2011 10:34:03] /kick Vibe
[13/12/2011 10:34:07] /kick Que boca
[13/12/2011 10:34:14] /kick Elite Ao-extremo
[13/12/2011 10:34:21] /kick Thiielezin
[13/12/2011 10:34:57] /goto Xneto
[13/12/2011 10:35:45] /down
[13/12/2011 10:35:46] /down
[13/12/2011 10:36:23] /b Luxo'all WIN
[13/12/2011 10:36:25] /b Luxo'all WIN
[13/12/2011 10:36:25] /b Luxo'all WIN
[13/12/2011 10:36:26] /b Luxo'all WIN
[13/12/2011 10:36:32] /c Luxo'all
[13/12/2011 10:36:40] /c Luxo'all
[13/12/2011 10:36:41] /ghost
[13/12/2011 10:37:01] /t
[13/12/2011 10:37:05] /t luxo'all
[13/12/2011 10:37:18] /b FREE ITENS NA FRENTE DO TEMPLO
[13/12/2011 10:37:18] /b FREE ITENS NA FRENTE DO TEMPLO
[13/12/2011 10:37:18] /b FREE ITENS NA FRENTE DO TEMPLO
[13/12/2011 10:37:19] /b FREE ITENS NA FRENTE DO TEMPLO
[13/12/2011 10:37:19] /b FREE ITENS NA FRENTE DO TEMPLO
[13/12/2011 10:37:22] /b FREE ITENS NA FRENTE DO TEMPLO
[13/12/2011 10:37:23] /b FREE ITENS NA FRENTE DO TEMPLO
[13/12/2011 10:37:23] /b FREE ITENS NA FRENTE DO TEMPLO
[13/12/2011 10:37:24] /b FREE ITENS NA FRENTE DO TEMPLO
[13/12/2011 10:37:24] /b FREE ITENS NA FRENTE DO TEMPLO
[13/12/2011 10:37:25] /b FREE ITENS NA FRENTE DO TEMPLO
[13/12/2011 10:37:34] /c Luxo'all
[13/12/2011 10:37:35] /c Luxo'all
[13/12/2011 10:37:59] /b 1
[13/12/2011 10:38:00] /b 2
[13/12/2011 10:38:02] /b 3
[13/12/2011 10:38:04] /b eja
[13/12/2011 10:39:10] /kick Account Manager
[13/12/2011 10:39:10] /kick Account Manager
[13/12/2011 10:39:11] /kick Account Manager
[13/12/2011 10:39:11] /kick Account Manager
[13/12/2011 10:39:11] /kick Account Manager
[13/12/2011 10:39:12] /kick Account Manager
[13/12/2011 10:39:12] /kick Account Manager
[13/12/2011 10:39:13] /kick Account Manager
[13/12/2011 10:39:13] /kick Account Manager
[13/12/2011 10:39:13] /kick Account Manager
[13/12/2011 10:39:14] /kick Account Manager
[13/12/2011 10:39:14] /kick Account Manager
[13/12/2011 10:39:14] /kick Account Manager
[13/12/2011 10:39:15] /kick Account Manager
[13/12/2011 10:39:15] /kick Account Manager
[13/12/2011 10:39:16] /kick Account Manager
[13/12/2011 10:39:16] /kick Account Manager
[13/12/2011 10:39:16] /kick Account Manager
[13/12/2011 10:39:17] /kick Account Manager
[13/12/2011 10:39:26] /b TENTARAM FAZER MAS LOG KKKKKKKKKKKKKKKKKKKKKKKKK
[13/12/2011 10:39:45] /b GALERA NAO POSSO TROK ITENS NAO TENHO COMANDO 00']
[13/12/2011 10:39:49] /b GALERA NAO POSSO TROK ITENS NAO TENHO COMANDO --'
[13/12/2011 10:39:50] /b GALERA NAO POSSO TROK ITENS NAO TENHO COMANDO --'
[13/12/2011 10:39:51] /b GALERA NAO POSSO TROK ITENS NAO TENHO COMANDO --'
[13/12/2011 10:40:31] /b LUXO'ALL >> GANHO O EVENTO DE ZUMBI 
[13/12/2011 10:40:31] /b LUXO'ALL >> GANHO O EVENTO DE ZUMBI 
[13/12/2011 10:40:32] /b LUXO'ALL >> GANHO O EVENTO DE ZUMBI 
[13/12/2011 10:40:32] /b LUXO'ALL >> GANHO O EVENTO DE ZUMBI 
[13/12/2011 10:40:33] /b LUXO'ALL >> GANHO O EVENTO DE ZUMBI 
[13/12/2011 10:40:33] /b LUXO'ALL >> GANHO O EVENTO DE ZUMBI 
[13/12/2011 10:40:33] /b LUXO'ALL >> GANHO O EVENTO DE ZUMBI 
[13/12/2011 10:40:34] /b LUXO'ALL >> GANHO O EVENTO DE ZUMBI 
[13/12/2011 10:40:34] /b LUXO'ALL >> GANHO O EVENTO DE ZUMBI 
[13/12/2011 10:40:34] /b LUXO'ALL >> GANHO O EVENTO DE ZUMBI 
[13/12/2011 10:41:06] /b GALERA VO SAI DESSE CHAR VO LOGA MEU MEU MAGE '-'
[13/12/2011 13:01:59] /ghost
[13/12/2011 13:02:05] /goto blue sky
[13/12/2011 13:02:08] /ghost
[13/12/2011 13:02:34] /t
[13/12/2011 13:02:39] /a
[13/12/2011 13:02:46] /a 2
[13/12/2011 13:03:12] /a
[13/12/2011 13:03:15] /a 2
[13/12/2011 13:04:13] /ghost
[13/12/2011 13:04:16] /ghost
[13/12/2011 13:04:52] /a 5
[13/12/2011 13:05:53] /a 2
[13/12/2011 13:06:15] /clean
[13/12/2011 13:06:36] /a 6
[13/12/2011 13:06:47] /ghost
[13/12/2011 13:07:20] /goto magezera
[13/12/2011 13:07:27] /goto magezera
[13/12/2011 13:08:27] /goto Lixo Gm
[13/12/2011 13:08:35] /ghost
[13/12/2011 13:10:01] /a 2
[13/12/2011 13:10:06] /c Priiscilinhaa
[13/12/2011 13:10:33] /t Priiscilinhaa
[13/12/2011 13:10:58] /t Kromus Aways ;)
[13/12/2011 13:11:08] /t Kromus Aways
[13/12/2011 13:11:19] /kick Stifler Headhunter
[13/12/2011 13:11:26] /kick xneto
[13/12/2011 13:12:14] /kick Account Manager
[13/12/2011 13:12:40] /b NAO POSSO DA ITENS ENTOA PAREM DE PEDIIIIIIIIIIIIIIIIII TA DANDO DOR DE CABEÇAAAAA
[13/12/2011 13:12:41] /b NAO POSSO DA ITENS ENTOA PAREM DE PEDIIIIIIIIIIIIIIIIII TA DANDO DOR DE CABEÇAAAAA
[13/12/2011 13:12:42] /b NAO POSSO DA ITENS ENTOA PAREM DE PEDIIIIIIIIIIIIIIIIII TA DANDO DOR DE CABEÇAAAAA
[13/12/2011 13:12:42] /b NAO POSSO DA ITENS ENTOA PAREM DE PEDIIIIIIIIIIIIIIIIII TA DANDO DOR DE CABEÇAAAAA
[13/12/2011 13:12:42] /b NAO POSSO DA ITENS ENTOA PAREM DE PEDIIIIIIIIIIIIIIIIII TA DANDO DOR DE CABEÇAAAAA
[13/12/2011 13:12:43] /b NAO POSSO DA ITENS ENTOA PAREM DE PEDIIIIIIIIIIIIIIIIII TA DANDO DOR DE CABEÇAAAAA
[13/12/2011 13:12:43] /b NAO POSSO DA ITENS ENTOA PAREM DE PEDIIIIIIIIIIIIIIIIII TA DANDO DOR DE CABEÇAAAAA
[13/12/2011 13:13:28] /b SÓ TEM EVENTO QUANDO [ADM] TA ON
[13/12/2011 13:13:44] /c Luxo'all
[13/12/2011 13:14:31] /c Luxo'all
[13/12/2011 13:14:48] /t Luxo'all
[13/12/2011 13:14:50] /t
[13/12/2011 13:15:11] /ghost
[13/12/2011 13:15:55] /c Strick Flesh
[13/12/2011 13:16:15] /t Strick Flesh
[13/12/2011 13:16:17] /t
[13/12/2011 13:17:31] /a
[13/12/2011 13:17:36] /a 2
[13/12/2011 13:20:22] /a
[13/12/2011 13:20:30] /goto pilla gm
[13/12/2011 13:20:32] /goto pilla gm
[13/12/2011 13:20:32] /goto pilla gm
[13/12/2011 13:20:32] /goto pilla gm
[13/12/2011 13:20:33] /goto pilla gm
[13/12/2011 13:20:33] /goto pilla gm
[13/12/2011 13:20:34] /goto pilla gm
[13/12/2011 13:20:34] /goto pilla gm
[13/12/2011 13:20:34] /goto pilla gm
[13/12/2011 13:20:35] /goto pilla gm
[13/12/2011 13:20:36] /goto pilla gm
[13/12/2011 13:20:38] /goto pilla gm
[13/12/2011 13:20:39] /goto pilla gm
[13/12/2011 13:20:40] /goto pilla gm
[13/12/2011 13:20:42] /goto pilla gm
[13/12/2011 13:20:45] /goto pilla gm
[13/12/2011 13:20:53] /goto pilla gm
[13/12/2011 13:21:00] /goto pilla gm
[13/12/2011 13:21:02] /goto pilla gm
[13/12/2011 13:21:07] /goto pilla gm
[13/12/2011 13:21:08] /goto pilla gm
[13/12/2011 13:21:08] /goto pilla gm
[13/12/2011 13:21:09] /goto pilla gm
[13/12/2011 13:21:09] /goto pilla gm
[13/12/2011 13:21:09] /goto pilla gm
[13/12/2011 13:21:10] /goto pilla gm
[13/12/2011 13:21:10] /goto pilla gm
[13/12/2011 13:21:24] /a 2
[13/12/2011 13:21:58] /a 2
[13/12/2011 13:22:03] /a 2
[13/12/2011 13:22:11] /a 2
[13/12/2011 13:22:26] /c pilla gm
[13/12/2011 13:22:28] /c pilla gm
[13/12/2011 13:22:29] /c pilla gm
[13/12/2011 13:22:30] /c pilla gm
[13/12/2011 13:22:32] /c pilla gm
[13/12/2011 13:22:33] /c pilla gm
[13/12/2011 13:22:34] /c pilla gm
[13/12/2011 13:22:34] /c pilla gm
[13/12/2011 13:22:35] /c pilla gm
[13/12/2011 13:22:36] /c pilla gm
[13/12/2011 13:22:36] /c pilla gm
[13/12/2011 13:23:17] /c rusho na war
[13/12/2011 13:23:18] /t rusho na war
[13/12/2011 13:23:20] /c rusho na war
[13/12/2011 13:23:22] /t rusho na war
[13/12/2011 13:23:31] /t Magician
[13/12/2011 13:23:33] /t Magician
[13/12/2011 13:23:38] /t Pilla Gm
[13/12/2011 13:23:41] /c Pilla Gm
[13/12/2011 13:23:43] /t Pilla Gm
[13/12/2011 13:23:43] /c Pilla Gm
[13/12/2011 13:23:44] /t Pilla Gm
[13/12/2011 13:23:45] /c Pilla Gm
[13/12/2011 13:23:54] /c xneto
[13/12/2011 13:23:58] /t xneto
[13/12/2011 13:24:16] /c Xneto
[13/12/2011 13:24:35] /ghost
[13/12/2011 13:25:15] /c Xneto
[13/12/2011 13:27:34] /t Xneto
[13/12/2011 13:27:56] /c Pilla Gm
[13/12/2011 13:27:57] /c Pilla Gm
[13/12/2011 13:27:58] /c Pilla Gm
[13/12/2011 13:27:59] /c Pilla Gm
[13/12/2011 13:28:00] /c Pilla Gm
[13/12/2011 13:28:01] /c Pilla Gm
[13/12/2011 13:28:02] /c Pilla Gm
[13/12/2011 13:28:04] /c Pilla Gm
[13/12/2011 13:28:05] /c Pilla Gm
[13/12/2011 13:28:07] /c Pilla Gm
[13/12/2011 13:28:08] /c Pilla Gm
[13/12/2011 13:28:10] /c Pilla Gm
[13/12/2011 13:28:12] /c Pilla Gm
[13/12/2011 13:28:14] /c Pilla Gm
[13/12/2011 13:28:17] /c Pilla Gm
[13/12/2011 13:28:21] /c Pilla Gm
[13/12/2011 13:28:24] /c Pilla Gm
[13/12/2011 13:28:27] /c Pilla Gm
[13/12/2011 13:28:30] /c Pilla Gm
[13/12/2011 13:28:33] /c Pilla Gm
[13/12/2011 13:28:37] /c Pilla Gm
[13/12/2011 13:28:40] /c Pilla Gm
[13/12/2011 13:28:42] /c Pilla Gm
[13/12/2011 13:28:45] /c Pilla Gm
[13/12/2011 13:28:49] /c Pilla Gm
[13/12/2011 13:28:54] /c Pilla Gm
[13/12/2011 13:28:56] /c Pilla Gm
[13/12/2011 13:29:04] /c Pilla Gm
[13/12/2011 13:29:25] /a
[13/12/2011 13:29:26] /a
[13/12/2011 13:29:28] /a 10
[13/12/2011 13:29:42] /a 1-
[13/12/2011 13:29:43] /a 10
[13/12/2011 13:29:55] /a 10
[13/12/2011 13:29:58] /a 209
[13/12/2011 13:30:00] /a 20
[13/12/2011 13:30:03] /a 20
[13/12/2011 13:30:06] /a 30
[13/12/2011 13:30:11] /a 14
[13/12/2011 13:31:59] /goto Mazik
[13/12/2011 13:32:10] /ghost
[13/12/2011 13:32:15] /ghost
[13/12/2011 13:32:19] /kick Mazik
[13/12/2011 13:32:50] /t
[13/12/2011 13:32:53] /t mazik
[13/12/2011 13:33:19] /clean
[13/12/2011 13:33:54] /goto Mazik
[13/12/2011 13:34:00] /goto Mazik
[13/12/2011 13:34:16] /goto Mazik
[13/12/2011 13:34:37] /c Mazik
[13/12/2011 13:34:40] /c Mazik
[13/12/2011 13:34:43] /c Mazik
[13/12/2011 13:36:44] /a 5
[13/12/2011 13:36:53] /c Mazik
[13/12/2011 13:36:56] /c Mazik
[13/12/2011 13:36:58] /c Mazik
[13/12/2011 13:37:05] /c Mazik
[13/12/2011 13:37:39] /c Mazik
[13/12/2011 13:37:50] /a
[13/12/2011 13:37:57] /a 2
[13/12/2011 13:38:34] /a 5
[13/12/2011 13:38:36] /c Mazik
[13/12/2011 13:38:39] /a 10
[13/12/2011 13:38:40] /c Mazik
[13/12/2011 13:38:52] /a
[13/12/2011 13:39:12] /c Mazik
[13/12/2011 13:39:22] /a 5
[13/12/2011 13:39:24] /c Mazik
[13/12/2011 13:39:26] /c Mazik
[13/12/2011 13:39:27] /c Mazik
[13/12/2011 13:39:37] /c Mazik
[13/12/2011 13:39:44] /t
[13/12/2011 13:39:50] /t Mazik
[13/12/2011 13:39:58] /goto Mazik
[13/12/2011 13:40:01] /goto Mazik
[13/12/2011 13:40:02] /goto Mazik
[13/12/2011 13:40:04] /goto Mazik
[13/12/2011 13:40:06] /goto Mazik
[13/12/2011 13:40:10] /goto Mazik
[13/12/2011 13:40:28] /clean
[13/12/2011 13:41:14] /goto Leokenji
[13/12/2011 13:41:26] /goto Leokenji
[13/12/2011 13:41:30] /goto Leokenji
[13/12/2011 13:41:33] /goto Leokenji
[13/12/2011 13:41:38] /goto Leokenji
[13/12/2011 13:41:42] /goto Leokenji
[13/12/2011 13:41:47] /goto Leokenji
[13/12/2011 13:41:53] /goto Leokenji
[13/12/2011 13:41:55] /goto Leokenji
[13/12/2011 13:41:57] /goto Leokenji
[13/12/2011 13:42:08] /t Pilla Gm
[13/12/2011 13:42:50] /goto Leokenji
[13/12/2011 13:42:52] /goto Leokenji
[13/12/2011 13:43:33] /a c10
[13/12/2011 13:43:37] /a 10
[13/12/2011 13:43:42] /a 10
[13/12/2011 13:44:01] /t
[13/12/2011 13:44:13] /ghost
[13/12/2011 13:44:14] /t
[13/12/2011 13:44:18] /t
[13/12/2011 13:44:19] /ghost
[13/12/2011 13:44:26] /t Leokenji
[13/12/2011 13:44:27] /t Leokenji
[13/12/2011 13:44:28] /t Leokenji
[13/12/2011 13:44:29] /t Leokenji
[13/12/2011 13:44:29] /t Leokenji
[13/12/2011 13:44:29] /t Leokenji
[13/12/2011 13:44:30] /t Leokenji
[13/12/2011 13:44:30] /t Leokenji
[13/12/2011 13:44:30] /t Leokenji
[13/12/2011 13:44:31] /t Leokenji
[13/12/2011 13:44:32] /t Leokenji
[13/12/2011 13:44:32] /t Leokenji
[13/12/2011 13:44:32] /t Leokenji
[13/12/2011 13:44:32] /t Leokenji
[13/12/2011 13:44:33] /t Leokenji
[13/12/2011 13:44:33] /t Leokenji
[13/12/2011 13:44:34] /t Leokenji
[13/12/2011 13:44:34] /t Leokenji
[13/12/2011 13:44:35] /t Leokenji
[13/12/2011 13:44:36] /t Leokenji
[13/12/2011 13:44:36] /t Leokenji
[13/12/2011 13:44:36] /t Leokenji
[13/12/2011 13:44:36] /t Leokenji
[13/12/2011 13:44:37] /t Leokenji
[13/12/2011 13:44:37] /t Leokenji
[13/12/2011 13:44:37] /t Leokenji
[13/12/2011 13:44:38] /t Leokenji
[13/12/2011 13:44:38] /t Leokenji
[13/12/2011 13:44:39] /t Leokenji
[13/12/2011 13:44:39] /t Leokenji
[13/12/2011 13:44:40] /t Leokenji
[13/12/2011 13:44:40] /t Leokenji
[13/12/2011 13:44:41] /t Leokenji
[13/12/2011 13:44:41] /t Leokenji
[13/12/2011 13:44:42] /t Leokenji
[13/12/2011 13:44:43] /t Leokenji
[13/12/2011 13:44:44] /t Leokenji
[13/12/2011 13:44:55] /goto Pilla Gm
[13/12/2011 13:45:07] /goto Pilla Gm
[13/12/2011 13:45:17] /goto Pilla Gm
[13/12/2011 13:45:18] /goto Pilla Gm
[13/12/2011 13:45:31] /goto Pilla Gm
[13/12/2011 13:46:01] /goto Pilla Gm
[13/12/2011 13:46:05] /t Leokenji
[13/12/2011 13:46:06] /t Leokenji
[13/12/2011 13:46:06] /t Leokenji
[13/12/2011 13:46:07] /t Leokenji
[13/12/2011 13:46:07] /t Leokenji
[13/12/2011 13:46:07] /t Leokenji
[13/12/2011 13:46:07] /t Leokenji
[13/12/2011 13:46:07] /t Leokenji
[13/12/2011 13:46:07] /t Leokenji
[13/12/2011 13:46:07] /t Leokenji
[13/12/2011 13:46:08] /t Leokenji
[13/12/2011 13:46:08] /t Leokenji
[13/12/2011 13:46:08] /t Leokenji
[13/12/2011 13:46:08] /t Leokenji
[13/12/2011 13:46:09] /t Leokenji
[13/12/2011 13:46:09] /t Leokenji
[13/12/2011 13:46:11] /t Leokenji
[13/12/2011 13:46:11] /t Leokenji
[13/12/2011 13:46:11] /t Leokenji
[13/12/2011 13:46:12] /t Leokenji
[13/12/2011 13:46:12] /t Leokenji
[13/12/2011 13:46:13] /t Leokenji
[13/12/2011 13:46:13] /t Leokenji
[13/12/2011 13:46:13] /t Leokenji
[13/12/2011 13:46:14] /t Leokenji
[13/12/2011 13:46:14] /t Leokenji
[13/12/2011 13:46:14] /t Leokenji
[13/12/2011 13:46:14] /t Leokenji
[13/12/2011 13:46:14] /t Leokenji
[13/12/2011 13:46:15] /t Leokenji
[13/12/2011 13:46:15] /t Leokenji
[13/12/2011 13:46:15] /t Leokenji
[13/12/2011 13:46:16] /t Leokenji
[13/12/2011 13:46:16] /t Leokenji
[13/12/2011 13:46:16] /t Leokenji
[13/12/2011 13:46:17] /t Leokenji
[13/12/2011 13:46:17] /t Leokenji
[13/12/2011 13:46:17] /t Leokenji
[13/12/2011 13:46:17] /t Leokenji
[13/12/2011 13:46:18] /t Leokenji
[13/12/2011 13:46:18] /t Leokenji
[13/12/2011 13:46:18] /t Leokenji
[13/12/2011 13:46:19] /t Leokenji
[13/12/2011 13:46:19] /t Leokenji
[13/12/2011 13:46:19] /t Leokenji
[13/12/2011 13:46:19] /t Leokenji
[13/12/2011 13:46:20] /t Leokenji
[13/12/2011 13:46:20] /t Leokenji
[13/12/2011 13:46:20] /t Leokenji
[13/12/2011 13:46:20] /t Leokenji
[13/12/2011 13:46:21] /t Leokenji
[13/12/2011 13:46:21] /t Leokenji
[13/12/2011 13:46:21] /t Leokenji
[13/12/2011 13:46:22] /t Leokenji
[13/12/2011 13:46:22] /t Leokenji
[13/12/2011 13:46:22] /t Leokenji
[13/12/2011 13:46:22] /t Leokenji
[13/12/2011 13:46:23] /t Leokenji
[13/12/2011 13:46:23] /t Leokenji
[13/12/2011 13:46:23] /t Leokenji
[13/12/2011 13:46:23] /t Leokenji
[13/12/2011 13:46:24] /t Leokenji
[13/12/2011 13:46:24] /t Leokenji
[13/12/2011 13:46:24] /t Leokenji
[13/12/2011 13:46:25] /t Leokenji
[13/12/2011 13:46:26] /t Leokenji
[13/12/2011 13:46:26] /t Leokenji
[13/12/2011 13:46:26] /t Leokenji
[13/12/2011 13:46:26] /t Leokenji
[13/12/2011 13:46:27] /t Leokenji
[13/12/2011 13:46:27] /t Leokenji
[13/12/2011 13:46:27] /t Leokenji
[13/12/2011 13:46:28] /t Leokenji
[13/12/2011 13:46:28] /t Leokenji
[13/12/2011 13:46:28] /t Leokenji
[13/12/2011 13:46:28] /t Leokenji
[13/12/2011 13:46:28] /t Leokenji
[13/12/2011 13:46:29] /t Leokenji
[13/12/2011 13:46:29] /t Leokenji
[13/12/2011 13:46:33] /goto Pilla Gm
[13/12/2011 13:46:39] /t Leokenji
[13/12/2011 13:46:39] /t Leokenji
[13/12/2011 13:46:39] /t Leokenji
[13/12/2011 13:46:39] /t Leokenji
[13/12/2011 13:46:39] /t Leokenji
[13/12/2011 13:46:39] /t Leokenji
[13/12/2011 13:46:39] /t Leokenji
[13/12/2011 13:46:39] /t Leokenji
[13/12/2011 13:46:39] /t Leokenji
[13/12/2011 13:46:39] /t Leokenji
[13/12/2011 13:46:39] /t Leokenji
[13/12/2011 13:46:40] /t Leokenji
[13/12/2011 13:46:40] /t Leokenji
[13/12/2011 13:46:40] /t Leokenji
[13/12/2011 13:46:40] /t Leokenji
[13/12/2011 13:46:40] /t Leokenji
[13/12/2011 13:46:40] /t Leokenji
[13/12/2011 13:46:40] /t Leokenji
[13/12/2011 13:46:40] /t Leokenji
[13/12/2011 13:46:40] /t Leokenji
[13/12/2011 13:46:40] /t Leokenji
[13/12/2011 13:46:40] /t Leokenji
[13/12/2011 13:46:40] /t Leokenji
[13/12/2011 13:46:40] /t Leokenji
[13/12/2011 13:46:40] /t Leokenji
[13/12/2011 13:46:40] /t Leokenji
[13/12/2011 13:46:40] /t Leokenji
[13/12/2011 13:46:40] /t Leokenji
[13/12/2011 13:46:40] /t Leokenji
[13/12/2011 13:46:40] /t Leokenji
[13/12/2011 13:46:40] /t Leokenji
[13/12/2011 13:46:40] /t Leokenji
[13/12/2011 13:46:40] /t Leokenji
[13/12/2011 13:46:41] /t Leokenji
[13/12/2011 13:46:41] /t Leokenji
[13/12/2011 13:46:41] /t Leokenji
[13/12/2011 13:46:41] /t Leokenji
[13/12/2011 13:46:41] /t Leokenji
[13/12/2011 13:46:41] /t Leokenji
[13/12/2011 13:46:41] /t Leokenji
[13/12/2011 13:46:41] /t Leokenji
[13/12/2011 13:46:41] /t Leokenji
[13/12/2011 13:46:41] /t Leokenji
[13/12/2011 13:46:41] /t Leokenji
[13/12/2011 13:46:41] /t Leokenji
[13/12/2011 13:46:41] /t Leokenji
[13/12/2011 13:46:41] /t Leokenji
[13/12/2011 13:46:41] /t Leokenji
[13/12/2011 13:46:41] /t Leokenji
[13/12/2011 13:46:41] /t Leokenji
[13/12/2011 13:46:41] /t Leokenji
[13/12/2011 13:46:41] /t Leokenji
[13/12/2011 13:46:41] /t Leokenji
[13/12/2011 13:46:41] /t Leokenji
[13/12/2011 13:46:41] /t Leokenji
[13/12/2011 13:46:41] /t Leokenji
[13/12/2011 13:46:41] /t Leokenji
[13/12/2011 13:46:42] /t Leokenji
[13/12/2011 13:46:42] /t Leokenji
[13/12/2011 13:46:42] /t Leokenji
[13/12/2011 13:46:42] /t Leokenji
[13/12/2011 13:46:42] /t Leokenji
[13/12/2011 13:46:42] /t Leokenji
[13/12/2011 13:46:42] /t Leokenji
[13/12/2011 13:46:42] /t Leokenji
[13/12/2011 13:46:42] /t Leokenji
[13/12/2011 13:46:42] /t Leokenji
[13/12/2011 13:46:42] /t Leokenji
[13/12/2011 13:46:42] /t Leokenji
[13/12/2011 13:46:42] /t Leokenji
[13/12/2011 13:46:42] /t Leokenji
[13/12/2011 13:46:42] /t Leokenji
[13/12/2011 13:46:42] /t Leokenji
[13/12/2011 13:46:42] /t Leokenji
[13/12/2011 13:46:42] /t Leokenji
[13/12/2011 13:46:43] /t Leokenji
[13/12/2011 13:46:43] /t Leokenji
[13/12/2011 13:46:43] /t Leokenji
[13/12/2011 13:46:43] /t Leokenji
[13/12/2011 13:46:43] /t Leokenji
[13/12/2011 13:46:43] /t Leokenji
[13/12/2011 13:46:43] /t Leokenji
[13/12/2011 13:46:43] /t Leokenji
[13/12/2011 13:46:43] /t Leokenji
[13/12/2011 13:46:43] /t Leokenji
[13/12/2011 13:46:43] /t Leokenji
[13/12/2011 13:46:43] /t Leokenji
[13/12/2011 13:46:43] /t Leokenji
[13/12/2011 13:46:43] /t Leokenji
[13/12/2011 13:46:43] /t Leokenji
[13/12/2011 13:46:43] /t Leokenji
[13/12/2011 13:46:43] /t Leokenji
[13/12/2011 13:46:43] /t Leokenji
[13/12/2011 13:46:43] /t Leokenji
[13/12/2011 13:46:43] /t Leokenji
[13/12/2011 13:46:43] /t Leokenji
[13/12/2011 13:46:43] /t Leokenji
[13/12/2011 13:46:43] /t Leokenji
[13/12/2011 13:46:43] /t Leokenji
[13/12/2011 13:46:44] /t Leokenji
[13/12/2011 13:46:44] /t Leokenji
[13/12/2011 13:46:44] /t Leokenji
[13/12/2011 13:46:44] /t Leokenji
[13/12/2011 13:46:44] /t Leokenji
[13/12/2011 13:46:44] /t Leokenji
[13/12/2011 13:46:44] /t Leokenji
[13/12/2011 13:46:44] /t Leokenji
[13/12/2011 13:46:44] /t Leokenji
[13/12/2011 13:46:44] /t Leokenji
[13/12/2011 13:46:44] /t Leokenji
[13/12/2011 13:46:44] /t Leokenji
[13/12/2011 13:46:44] /t Leokenji
[13/12/2011 13:46:44] /t Leokenji
[13/12/2011 13:46:44] /t Leokenji
[13/12/2011 13:46:44] /t Leokenji
[13/12/2011 13:46:44] /t Leokenji
[13/12/2011 13:46:44] /t Leokenji
[13/12/2011 13:46:44] /t Leokenji
[13/12/2011 13:46:44] /t Leokenji
[13/12/2011 13:46:45] /t Leokenji
[13/12/2011 13:46:45] /t Leokenji
[13/12/2011 13:46:45] /t Leokenji
[13/12/2011 13:46:45] /t Leokenji
[13/12/2011 13:46:45] /t Leokenji
[13/12/2011 13:46:45] /t Leokenji
[13/12/2011 13:46:45] /t Leokenji
[13/12/2011 13:46:45] /t Leokenji
[13/12/2011 13:46:45] /t Leokenji
[13/12/2011 13:46:45] /t Leokenji
[13/12/2011 13:46:45] /t Leokenji
[13/12/2011 13:46:45] /t Leokenji
[13/12/2011 13:46:45] /t Leokenji
[13/12/2011 13:46:45] /t Leokenji
[13/12/2011 13:46:45] /t Leokenji
[13/12/2011 13:46:45] /t Leokenji
[13/12/2011 13:46:45] /t Leokenji
[13/12/2011 13:46:45] /t Leokenji
[13/12/2011 13:46:45] /t Leokenji
[13/12/2011 13:46:45] /t Leokenji
[13/12/2011 13:46:45] /t Leokenji
[13/12/2011 13:46:45] /t Leokenji
[13/12/2011 13:46:45] /t Leokenji
[13/12/2011 13:46:46] /t Leokenji
[13/12/2011 13:46:46] /t Leokenji
[13/12/2011 13:46:46] /t Leokenji
[13/12/2011 13:46:48] /a
[13/12/2011 13:46:50] /a 5
[13/12/2011 13:46:53] /a 5
[13/12/2011 13:46:54] /a 5
[13/12/2011 13:46:54] /a 5
[13/12/2011 13:46:55] /a 5
[13/12/2011 13:46:55] /a 5
[13/12/2011 13:46:56] /a 5
[13/12/2011 13:46:56] /a 5
[13/12/2011 13:46:58] /c Leokenji
[13/12/2011 13:47:01] /t Leokenji
[13/12/2011 13:47:18] /t Leokenji
[13/12/2011 13:47:35] /t Leokenji
[13/12/2011 13:48:05] /t
[13/12/2011 13:48:35] /b MEU DEUS TODO MUNDO FALA CMG EU SOU O MAIS BADALADO
[13/12/2011 13:48:36] /b MEU DEUS TODO MUNDO FALA CMG EU SOU O MAIS BADALADO
[13/12/2011 13:48:36] /b MEU DEUS TODO MUNDO FALA CMG EU SOU O MAIS BADALADO
[13/12/2011 13:48:37] /b MEU DEUS TODO MUNDO FALA CMG EU SOU O MAIS BADALADO
[13/12/2011 13:48:37] /b MEU DEUS TODO MUNDO FALA CMG EU SOU O MAIS BADALADO
[13/12/2011 13:48:59] /b Tanker Blockador TA PERGUNTANDO QUEM QUER IR VIP 2 COM ELE
[13/12/2011 13:49:03] /b Tanker Blockador TA PERGUNTANDO QUEM QUER IR VIP 2 COM ELE
[13/12/2011 13:49:04] /b Tanker Blockador TA PERGUNTANDO QUEM QUER IR VIP 2 COM ELE
[13/12/2011 13:49:04] /b Tanker Blockador TA PERGUNTANDO QUEM QUER IR VIP 2 COM ELE
[13/12/2011 13:49:04] /b Tanker Blockador TA PERGUNTANDO QUEM QUER IR VIP 2 COM ELE
[13/12/2011 13:49:05] /b Tanker Blockador TA PERGUNTANDO QUEM QUER IR VIP 2 COM ELE
[13/12/2011 13:49:05] /b Tanker Blockador TA PERGUNTANDO QUEM QUER IR VIP 2 COM ELE
[13/12/2011 13:49:05] /b Tanker Blockador TA PERGUNTANDO QUEM QUER IR VIP 2 COM ELE
[13/12/2011 13:49:06] /b Tanker Blockador TA PERGUNTANDO QUEM QUER IR VIP 2 COM ELE
[13/12/2011 13:49:07] /b Tanker Blockador TA PERGUNTANDO QUEM QUER IR VIP 2 COM ELE
[13/12/2011 13:49:07] /b Tanker Blockador TA PERGUNTANDO QUEM QUER IR VIP 2 COM ELE
[13/12/2011 13:49:07] /b Tanker Blockador TA PERGUNTANDO QUEM QUER IR VIP 2 COM ELE
[13/12/2011 13:49:07] /b Tanker Blockador TA PERGUNTANDO QUEM QUER IR VIP 2 COM ELE
[13/12/2011 13:49:08] /b Tanker Blockador TA PERGUNTANDO QUEM QUER IR VIP 2 COM ELE
[13/12/2011 13:49:08] /b Tanker Blockador TA PERGUNTANDO QUEM QUER IR VIP 2 COM ELE
[13/12/2011 13:49:09] /b Tanker Blockador TA PERGUNTANDO QUEM QUER IR VIP 2 COM ELE
[13/12/2011 13:49:09] /b Tanker Blockador TA PERGUNTANDO QUEM QUER IR VIP 2 COM ELE
[13/12/2011 13:49:09] /b Tanker Blockador TA PERGUNTANDO QUEM QUER IR VIP 2 COM ELE
[13/12/2011 13:49:10] /b Tanker Blockador TA PERGUNTANDO QUEM QUER IR VIP 2 COM ELE
[13/12/2011 13:49:44] /b Tanker Blockador TA PERGUNTANDO QUEM QUER IR VIP 2 COM ELE MANDA MSG PRA ELE NAO PRA MIM PORRA
[13/12/2011 13:50:41] /t BEST
[13/12/2011 13:50:41] /t BEST
[13/12/2011 13:50:41] /t BEST
[13/12/2011 13:50:41] /t BEST
[13/12/2011 13:50:41] /t BEST
[13/12/2011 13:50:41] /t BEST
[13/12/2011 13:50:42] /t BEST
[13/12/2011 13:50:42] /t BEST
[13/12/2011 13:50:42] /t BEST
[13/12/2011 13:50:42] /t BEST
[13/12/2011 13:50:42] /t BEST
[13/12/2011 13:50:42] /t BEST
[13/12/2011 13:50:42] /t BEST
[13/12/2011 13:50:42] /t BEST
[13/12/2011 13:50:42] /t BEST
[13/12/2011 13:50:42] /t BEST
[13/12/2011 13:50:42] /t BEST
[13/12/2011 13:50:42] /t BEST
[13/12/2011 13:50:42] /t BEST
[13/12/2011 13:50:42] /t BEST
[13/12/2011 13:50:42] /t BEST
[13/12/2011 13:50:42] /t BEST
[13/12/2011 13:50:42] /t BEST
[13/12/2011 13:50:42] /t BEST
[13/12/2011 13:50:42] /t BEST
[13/12/2011 13:50:42] /t BEST
[13/12/2011 13:50:42] /t BEST
[13/12/2011 13:50:42] /t BEST
[13/12/2011 13:50:43] /t BEST
[13/12/2011 13:50:43] /t BEST
[13/12/2011 13:50:43] /t BEST
[13/12/2011 13:50:43] /t BEST
[13/12/2011 13:50:43] /t BEST
[13/12/2011 13:50:43] /t BEST
[13/12/2011 13:50:43] /t BEST
[13/12/2011 13:50:43] /t BEST
[13/12/2011 13:50:43] /t BEST
[13/12/2011 13:50:43] /t BEST
[13/12/2011 13:50:43] /t BEST
[13/12/2011 13:50:43] /t BEST
[13/12/2011 13:50:43] /t BEST
[13/12/2011 13:50:43] /t BEST
[13/12/2011 13:50:43] /t BEST
[13/12/2011 13:50:44] /t BEST
[13/12/2011 13:50:44] /t BEST
[13/12/2011 13:50:44] /t BEST
[13/12/2011 13:50:44] /t BEST
[13/12/2011 13:50:44] /t BEST
[13/12/2011 13:50:45] /t BEST
[13/12/2011 13:50:45] /t BEST
[13/12/2011 13:50:45] /t BEST
[13/12/2011 13:50:45] /t BEST
[13/12/2011 13:50:45] /t BEST
[13/12/2011 13:50:45] /t BEST
[13/12/2011 13:50:45] /t BEST
[13/12/2011 13:50:45] /t BEST
[13/12/2011 13:50:45] /t BEST
[13/12/2011 13:50:45] /t BEST
[13/12/2011 13:50:45] /t BEST
[13/12/2011 13:50:46] /t BEST
[13/12/2011 13:50:46] /t BEST
[13/12/2011 13:50:46] /t BEST
[13/12/2011 13:50:46] /t BEST
[13/12/2011 13:50:46] /t BEST
[13/12/2011 13:50:46] /t BEST
[13/12/2011 13:50:46] /t BEST
[13/12/2011 13:50:46] /t BEST
[13/12/2011 13:50:46] /t BEST
[13/12/2011 13:50:46] /t BEST
[13/12/2011 13:50:46] /t BEST
[13/12/2011 13:50:46] /t BEST
[13/12/2011 13:50:47] /t BEST
[13/12/2011 13:50:47] /t BEST
[13/12/2011 13:50:47] /t BEST
[13/12/2011 13:50:47] /t BEST
[13/12/2011 13:50:47] /t BEST
[13/12/2011 13:50:48] /t BEST
[13/12/2011 13:50:48] /t BEST
[13/12/2011 13:50:48] /t BEST
[13/12/2011 13:50:48] /t BEST
[13/12/2011 13:50:48] /t BEST
[13/12/2011 13:50:49] /t BEST
[13/12/2011 13:50:49] /t BEST
[13/12/2011 13:50:49] /t BEST
[13/12/2011 13:50:49] /t BEST
[13/12/2011 13:50:50] /t BEST
[13/12/2011 13:50:50] /t BEST
[13/12/2011 13:50:50] /t BEST
[13/12/2011 13:50:50] /t BEST
[13/12/2011 13:50:50] /t BEST
[13/12/2011 13:50:50] /t BEST
[13/12/2011 13:50:50] /t BEST
[13/12/2011 13:50:50] /t BEST
[13/12/2011 13:50:50] /t BEST
[13/12/2011 13:50:50] /t BEST
[13/12/2011 13:50:50] /t BEST
[13/12/2011 13:50:51] /t BEST
[13/12/2011 13:50:51] /t BEST
[13/12/2011 13:50:51] /t BEST
[13/12/2011 13:50:51] /t BEST
[13/12/2011 13:50:51] /t BEST
[13/12/2011 13:50:51] /t BEST
[13/12/2011 13:50:51] /t BEST
[13/12/2011 13:50:51] /t BEST
[13/12/2011 13:50:51] /t BEST
[13/12/2011 13:50:51] /t BEST
[13/12/2011 13:50:51] /t BEST
[13/12/2011 13:50:51] /t BEST
[13/12/2011 13:50:51] /t BEST
[13/12/2011 13:50:51] /t BEST
[13/12/2011 13:50:51] /t BEST
[13/12/2011 13:50:51] /t BEST
[13/12/2011 13:50:51] /t BEST
[13/12/2011 13:50:51] /t BEST
[13/12/2011 13:50:51] /t BEST
[13/12/2011 13:50:51] /t BEST
[13/12/2011 13:50:51] /t BEST
[13/12/2011 13:50:51] /t BEST
[13/12/2011 13:50:52] /t BEST
[13/12/2011 13:50:52] /t BEST
[13/12/2011 13:50:52] /t BEST
[13/12/2011 13:50:52] /t BEST
[13/12/2011 13:50:52] /t BEST
[13/12/2011 13:50:52] /t BEST
[13/12/2011 13:50:52] /t BEST
[13/12/2011 13:50:52] /t BEST
[13/12/2011 13:50:52] /t BEST
[13/12/2011 13:50:52] /t BEST
[13/12/2011 13:50:52] /t BEST
[13/12/2011 13:50:52] /t BEST
[13/12/2011 13:50:52] /t BEST
[13/12/2011 13:50:52] /t BEST
[13/12/2011 13:50:52] /t BEST
[13/12/2011 13:50:52] /t BEST
[13/12/2011 13:50:52] /t BEST
[13/12/2011 13:50:52] /t BEST
[13/12/2011 13:50:52] /t BEST
[13/12/2011 13:50:53] /t BEST
[13/12/2011 13:50:53] /t BEST
[13/12/2011 13:50:53] /t BEST
[13/12/2011 13:50:53] /t BEST
[13/12/2011 13:50:53] /t BEST
[13/12/2011 13:50:53] /t BEST
[13/12/2011 13:50:53] /t BEST
[13/12/2011 13:50:53] /t BEST
[13/12/2011 13:50:53] /t BEST
[13/12/2011 13:50:53] /t BEST
[13/12/2011 13:50:53] /t BEST
[13/12/2011 13:50:53] /t BEST
[13/12/2011 13:50:53] /t BEST
[13/12/2011 13:50:53] /t BEST
[13/12/2011 13:50:53] /t BEST
[13/12/2011 13:50:53] /t BEST
[13/12/2011 13:50:53] /t BEST
[13/12/2011 13:50:53] /t BEST
[13/12/2011 13:50:53] /t BEST
[13/12/2011 13:50:53] /t BEST
[13/12/2011 13:50:53] /t BEST
[13/12/2011 13:50:53] /t BEST
[13/12/2011 13:50:53] /t BEST
[13/12/2011 13:50:53] /t BEST
[13/12/2011 13:50:53] /t BEST
[13/12/2011 13:50:54] /t BEST
[13/12/2011 13:50:54] /t BEST
[13/12/2011 13:50:54] /t BEST
[13/12/2011 13:50:54] /t BEST
[13/12/2011 13:50:54] /t BEST
[13/12/2011 13:50:54] /t BEST
[13/12/2011 13:50:54] /t BEST
[13/12/2011 13:50:54] /t BEST
[13/12/2011 13:50:54] /t BEST
[13/12/2011 13:50:54] /t BEST
[13/12/2011 13:50:54] /t BEST
[13/12/2011 13:50:54] /t BEST
[13/12/2011 13:50:54] /t BEST
[13/12/2011 13:50:54] /t BEST
[13/12/2011 13:50:54] /t BEST
[13/12/2011 13:50:54] /t BEST
[13/12/2011 13:50:54] /t BEST
[13/12/2011 13:50:54] /t BEST
[13/12/2011 13:50:55] /t BEST
[13/12/2011 13:50:55] /t BEST
[13/12/2011 13:50:55] /t BEST
[13/12/2011 13:50:55] /t BEST
[13/12/2011 13:50:55] /t BEST
[13/12/2011 13:50:55] /t BEST
[13/12/2011 13:50:55] /t BEST
[13/12/2011 13:50:55] /t BEST
[13/12/2011 13:50:55] /t BEST
[13/12/2011 13:50:55] /t BEST
[13/12/2011 13:50:55] /t BEST
[13/12/2011 13:50:55] /t BEST
[13/12/2011 13:50:55] /t BEST
[13/12/2011 13:50:55] /t BEST
[13/12/2011 13:50:56] /t BEST
[13/12/2011 13:50:56] /t BEST
[13/12/2011 13:50:56] /t BEST
[13/12/2011 13:50:56] /t BEST
[13/12/2011 13:50:56] /t BEST
[13/12/2011 13:50:56] /t BEST
[13/12/2011 13:50:56] /t BEST
[13/12/2011 13:50:56] /t BEST
[13/12/2011 13:50:56] /t BEST
[13/12/2011 13:50:56] /t BEST
[13/12/2011 13:50:56] /t BEST
[13/12/2011 13:50:56] /t BEST
[13/12/2011 13:50:56] /t BEST
[13/12/2011 13:50:56] /t BEST
[13/12/2011 13:50:56] /t BEST
[13/12/2011 13:50:56] /t BEST
[13/12/2011 13:50:56] /t BEST
[13/12/2011 13:51:02] /t BEST
[13/12/2011 13:51:02] /t BEST
[13/12/2011 13:51:03] /t BEST
[13/12/2011 13:51:03] /t BEST
[13/12/2011 13:51:03] /t BEST
[13/12/2011 13:51:03] /t BEST
[13/12/2011 13:51:03] /t BEST
[13/12/2011 13:51:03] /t BEST
[13/12/2011 13:51:03] /t BEST
[13/12/2011 13:51:03] /t BEST
[13/12/2011 13:51:03] /t BEST
[13/12/2011 13:51:03] /t BEST
[13/12/2011 13:51:03] /t BEST
[13/12/2011 13:51:03] /t BEST
[13/12/2011 13:51:03] /t BEST
[13/12/2011 13:51:03] /t BEST
[13/12/2011 13:51:03] /t BEST
[13/12/2011 13:51:03] /t BEST
[13/12/2011 13:51:03] /t BEST
[13/12/2011 13:51:03] /t BEST
[13/12/2011 13:51:03] /t BEST
[13/12/2011 13:51:03] /t BEST
[13/12/2011 13:51:04] /t BEST
[13/12/2011 13:51:04] /t BEST
[13/12/2011 13:51:04] /t BEST
[13/12/2011 13:51:04] /t BEST
[13/12/2011 13:51:04] /t BEST
[13/12/2011 13:51:04] /t BEST
[13/12/2011 13:51:04] /t BEST
[13/12/2011 13:51:04] /t BEST
[13/12/2011 13:51:04] /t BEST
[13/12/2011 13:51:04] /t BEST
[13/12/2011 13:51:04] /t BEST
[13/12/2011 13:51:04] /t BEST
[13/12/2011 13:51:04] /t BEST
[13/12/2011 13:51:04] /t BEST
[13/12/2011 13:51:04] /t BEST
[13/12/2011 13:51:04] /t BEST
[13/12/2011 13:51:04] /t BEST
[13/12/2011 13:51:04] /t BEST
[13/12/2011 13:51:07] /t BEST
[13/12/2011 13:51:08] /t BEST
[13/12/2011 13:51:08] /t BEST
[13/12/2011 13:51:08] /t BEST
[13/12/2011 13:51:08] /t BEST
[13/12/2011 13:51:08] /t BEST
[13/12/2011 13:51:09] /t BEST
[13/12/2011 13:51:09] /t BEST
[13/12/2011 13:51:09] /t BEST
[13/12/2011 13:51:09] /t BEST
[13/12/2011 13:51:09] /t BEST
[13/12/2011 13:51:10] /t BEST
[13/12/2011 13:51:10] /t BEST
[13/12/2011 13:51:10] /t BEST
[13/12/2011 13:51:10] /t BEST
[13/12/2011 13:51:10] /t BEST
[13/12/2011 13:51:10] /t BEST
[13/12/2011 13:51:11] /t BEST
[13/12/2011 13:51:31] /t BEST
[13/12/2011 13:51:35] /t BEST
[13/12/2011 13:51:39] /t BEST
[13/12/2011 13:51:40] /t BEST
[13/12/2011 13:51:43] /t BEST
[13/12/2011 13:51:52] /t BEST
[13/12/2011 13:51:57] /t BEST
[13/12/2011 13:52:02] /t BEST
[13/12/2011 13:52:14] /t BEST
[13/12/2011 13:52:19] /t BEST
[13/12/2011 14:09:05] /kick 
[13/12/2011 14:09:06] /kick Xneto
[13/12/2011 14:09:17] /kick Rusho Na War
[13/12/2011 14:14:54] /goto best
[13/12/2011 14:14:59] /c xneto
[13/12/2011 14:26:50] /t
[13/12/2011 14:26:55] /ghost
[13/12/2011 14:27:19] /a 2
[13/12/2011 14:27:41] /c rusho na war
[13/12/2011 14:28:03] /c Lord Seymour
[13/12/2011 14:28:16] /t Lord Seymour
[13/12/2011 14:28:36] /goto Lord Seymour
[13/12/2011 14:28:45] /t Lord Seymour
[13/12/2011 14:29:43] /goto dont lure
[13/12/2011 14:30:06] /c Lord Seymour
[13/12/2011 14:30:10] /t Lord Seymour
[13/12/2011 14:30:53] /c Lord Seymour
[13/12/2011 14:30:59] /t Lord Seymour
[13/12/2011 14:31:13] /c Lord Seymour
[13/12/2011 14:31:15] /t Lord Seymour
[13/12/2011 14:31:22] /a
[13/12/2011 14:31:24] /a
[13/12/2011 14:31:29] /a 5
[13/12/2011 14:31:47] /c Lord Seymour
[13/12/2011 14:31:50] /t Lord Seymour
[13/12/2011 14:32:41] /b EAEE NEGADA 
[13/12/2011 14:33:02] /c Lord Seymour
[13/12/2011 14:34:25] /c Rusho Na War
[13/12/2011 14:43:02] /c best
[13/12/2011 14:43:51] /t best
[13/12/2011 14:45:42] /t
[13/12/2011 14:45:58] /a 2
[13/12/2011 14:46:05] /c rusho na war
[13/12/2011 14:51:29] /c rusho na war
[13/12/2011 16:03:14] /ghost
[13/12/2011 16:03:16] /ghost
[13/12/2011 16:03:17] /t
[13/12/2011 16:04:02] /ghost
[13/12/2011 16:04:22] /c Smith
[13/12/2011 16:05:49] /t
[13/12/2011 16:06:27] /c smith
[13/12/2011 16:06:35] /c smith
[13/12/2011 16:06:38] /t Smith
[13/12/2011 16:06:44] /c smith
[13/12/2011 16:06:46] /t Smith
[13/12/2011 16:06:49] /c smith
[13/12/2011 16:06:50] /t Smith
[13/12/2011 16:06:57] /c smith
[13/12/2011 16:06:58] /t Smith
[13/12/2011 16:07:04] /c smith
[13/12/2011 16:07:05] /t Smith
[13/12/2011 16:07:43] /c smith
[13/12/2011 16:07:44] /t Smith
[13/12/2011 16:07:47] /a 2
[13/12/2011 16:08:24] /c smith
[13/12/2011 16:08:42] /t Smith
[13/12/2011 16:09:01] /c Perdeu'o Gm
[13/12/2011 16:09:40] /a 2
[13/12/2011 16:09:49] /a 2
[13/12/2011 16:10:01] /a 10
[13/12/2011 16:10:01] /a 10
[13/12/2011 16:10:02] /a 10
[13/12/2011 16:10:23] /a
[13/12/2011 16:10:25] /a
[13/12/2011 16:10:34] /c smith
[13/12/2011 16:10:39] /t smith
[13/12/2011 16:10:47] /c smith
[13/12/2011 16:11:20] /t BEST
[13/12/2011 16:11:20] /t BEST
[13/12/2011 16:11:21] /t BEST
[13/12/2011 16:13:02] /goto swr sorc
[13/12/2011 16:13:08] /c smith
[13/12/2011 16:14:05] /t
[13/12/2011 16:14:50] /t BEST
[13/12/2011 16:14:53] /t BEST
[13/12/2011 16:14:54] /t BEST
[13/12/2011 16:15:08] /kick Account Manager
[13/12/2011 16:15:38] /kick Account Manager
[13/12/2011 16:16:03] /goto swr sorc
[13/12/2011 16:16:08] /c Luxo'all
[13/12/2011 16:16:16] /t ;)
[13/12/2011 16:16:22] /t
[13/12/2011 16:22:55] /goto Haha
[13/12/2011 16:22:57] /goto Haha
[13/12/2011 16:22:58] /goto Haha
[13/12/2011 16:23:12] /goto Haha
[13/12/2011 16:23:14] /goto Haha
[13/12/2011 16:23:15] /goto Haha
[13/12/2011 16:23:17] /goto Haha
[13/12/2011 16:23:19] /clean
[13/12/2011 16:23:39] /goto Haha
[13/12/2011 16:23:40] /goto Haha
[13/12/2011 16:23:40] /goto Haha
[13/12/2011 16:23:41] /goto Haha
[13/12/2011 16:23:48] /ghost
[13/12/2011 16:23:49] /ghost
[13/12/2011 16:52:40] /goto [ADM]
[13/12/2011 17:04:14] /a
[13/12/2011 17:04:16] /a
[13/12/2011 17:04:21] /a
[13/12/2011 17:04:23] /a 2
[13/12/2011 17:04:39] /a 2
