[08/11/2011 16:18:03] /goto Katacresi
[08/11/2011 16:26:59] /t
[08/11/2011 16:27:04] /ghost
[08/11/2011 16:46:47] /goto [ADM] Lucas
[08/11/2011 16:47:04] /ghost
[08/11/2011 16:51:06] /a
[08/11/2011 16:51:09] /a
[08/11/2011 16:51:13] /a 3
[08/11/2011 16:51:45] /t
[08/11/2011 16:52:21] /ghost
[08/11/2011 16:54:29] /a
[08/11/2011 17:00:20] /b duvidas no help
[08/11/2011 17:00:34] /goto Palin
[08/11/2011 17:01:42] /t
[08/11/2011 17:02:14] /a 2
[08/11/2011 17:03:43] /a 2
[08/11/2011 17:06:11] /a 50
[08/11/2011 17:06:14] /a 30
[08/11/2011 17:06:16] /a 30
[08/11/2011 17:06:17] /a 30
[08/11/2011 17:06:19] /a 10
[08/11/2011 17:06:21] /a
[08/11/2011 17:06:22] /a
[08/11/2011 17:06:27] /a 20
[08/11/2011 17:06:31] /a 15
[08/11/2011 17:07:01] /a 2
[08/11/2011 17:07:40] /a 2
[08/11/2011 17:07:53] /a 3
[08/11/2011 17:08:23] /ghost
[08/11/2011 17:08:56] /a 2
[08/11/2011 17:09:00] /a 2
[08/11/2011 17:09:31] /t
[08/11/2011 17:09:48] /a 2
[08/11/2011 17:10:04] /a 2
[08/11/2011 17:10:07] /a 2
[08/11/2011 17:10:20] /a 7
[08/11/2011 17:11:09] /goto Eurushomtmtmtpqp
[08/11/2011 17:12:46] /kick Eurushomtmtmtpqp
[08/11/2011 17:13:19] /b duvidas usem o help
[08/11/2011 17:13:52] /b lucas fla comigo ai rapidin
[08/11/2011 17:15:05] /t
[08/11/2011 17:16:56] /a
[08/11/2011 17:17:18] /goto dont lure
[08/11/2011 17:17:29] /goto warlock
[08/11/2011 17:17:41] /goto king of baiak
[08/11/2011 17:18:07] /goto bazir
[08/11/2011 17:18:12] /a 3
[08/11/2011 17:18:19] /goto bazir
[08/11/2011 17:18:29] /goto orc leader
[08/11/2011 17:18:33] /down
[08/11/2011 17:18:34] /down
[08/11/2011 17:18:34] /down
[08/11/2011 17:18:39] /down
[08/11/2011 17:18:41] /down
[08/11/2011 17:18:42] /down
[08/11/2011 17:18:48] /a 3
[08/11/2011 17:19:01] /a 2
[08/11/2011 17:19:17] /a 5
[08/11/2011 17:20:30] /a 6
[08/11/2011 17:20:38] /goto abominator
[08/11/2011 17:20:57] /goto the fire elemental
[08/11/2011 17:26:46] /goto dont lurer
[08/11/2011 17:26:57] /goto dont lure
[08/11/2011 17:27:03] /a 40
[08/11/2011 17:27:24] /a 2
[08/11/2011 17:27:33] /a 5
[08/11/2011 17:27:50] /a 100
[08/11/2011 17:27:54] /a 30
[08/11/2011 17:27:57] /a 40
[08/11/2011 17:28:01] /a 20
[08/11/2011 17:28:07] /a 50
[08/11/2011 17:29:56] /goto massacre
[08/11/2011 17:30:03] /goto ushuriel
[08/11/2011 17:31:54] /goto giant spider
[08/11/2011 17:32:01] /down
[08/11/2011 17:32:21] /a 10
[08/11/2011 17:32:22] /a 10
[08/11/2011 17:32:36] /a 100
[08/11/2011 17:32:39] /a 50
[08/11/2011 17:32:44] /a 40
[08/11/2011 17:33:20] /goto assassin
[08/11/2011 17:33:57] /t
[08/11/2011 17:34:06] /a
[08/11/2011 17:34:10] /a 2
[08/11/2011 17:34:23] /t
[08/11/2011 17:34:37] /b duvidas no help
[08/11/2011 17:35:49] /c Eurushomtmtmtpqp
[08/11/2011 17:36:15] /a 2
[08/11/2011 17:36:24] /goto apocalypse
[08/11/2011 17:37:24] /goto carphinilha
[08/11/2011 17:37:37] /goto orc
[08/11/2011 17:37:58] /goto carphilinha 
[08/11/2011 17:38:21] /goto orc leader
[08/11/2011 17:38:32] /a 30
[08/11/2011 17:38:40] /a 33
[08/11/2011 17:38:42] /a 4
[08/11/2011 17:39:18] /goto Carniphila
[08/11/2011 17:39:56] /goto Carniphila
[08/11/2011 17:40:10] /a 4
[08/11/2011 17:40:37] /c Eurushomtmtmtpqp
[08/11/2011 17:40:56] /t
[08/11/2011 17:42:05] /c Eurushomtmtmtpqp
[08/11/2011 17:42:12] /c Eurushomtmtmtpqp
[08/11/2011 17:44:57] /a 2
[08/11/2011 17:46:32] /t
[08/11/2011 17:53:34] /a 3
[08/11/2011 17:54:11] /a 4
[08/11/2011 18:01:27] /goto Sneyp
[08/11/2011 18:01:32] /goto Sneyp
[08/11/2011 18:02:20] /b 00:01 Irakiiana [426]: ajuda eu na vip 2 alguem pelo amor de Deus
[08/11/2011 18:06:16] /goto master vip seller
[08/11/2011 18:07:24] /a 3
[08/11/2011 18:07:29] /goto hero
[08/11/2011 18:30:38] /t
[08/11/2011 18:30:44] /save
[08/11/2011 18:33:51] /kick Relaxaeurushoo'sz
[08/11/2011 18:34:07] /goto Relaxaeurushoo'sz
[08/11/2011 18:34:49] /a
[08/11/2011 18:35:28] /goto phantasm
[08/11/2011 18:35:35] /goto lost soul
[08/11/2011 18:36:07] /c Relaxaeurushoo'sz
[08/11/2011 18:37:41] /a 2
[08/11/2011 18:37:46] /t
[08/11/2011 18:38:25] /c Relaxaeurushoo'sz
[08/11/2011 18:39:21] /ghost
[08/11/2011 18:39:44] /a 3
[08/11/2011 18:42:58] /goto Relaxaeurushoo'sz
[08/11/2011 18:43:55] /a 3
[08/11/2011 18:45:06] /goto dwarf geomancer
[08/11/2011 18:45:24] /goto dwarf guardian
[08/11/2011 18:45:43] /goto dwarf
[08/11/2011 18:45:51] /a 4
[08/11/2011 18:46:26] /a 3
[08/11/2011 18:46:34] /a 5
[08/11/2011 18:46:55] /c Relaxaeurushoo'sz
[08/11/2011 18:47:30] /t Relaxaeurushoo'sz
[08/11/2011 18:47:32] /t
[08/11/2011 18:48:53] /goto savage thuug
[08/11/2011 18:50:23] /goto gold hydra
[08/11/2011 18:51:14] /t
[08/11/2011 18:54:05] /goto Savage Thuug
[08/11/2011 18:56:48] /goto elder beholder
[08/11/2011 18:56:56] /c Relaxaeurushoo'sz
[08/11/2011 18:57:29] /goto braindeath
[08/11/2011 18:57:37] /goto crystal spider
[08/11/2011 18:59:05] /goto Dworc Venomsniper    
[08/11/2011 18:59:10] /goto Dworc Venomsniper    
[08/11/2011 18:59:29] /c Relaxaeurushoo'sz
[08/11/2011 19:02:19] /goto Relaxaeurushoo'sz
[08/11/2011 19:03:46] /b vo ir dormir ... bom jogo a todos
[08/11/2011 19:03:49] /t
[08/11/2011 19:32:41] /ghost
[08/11/2011 19:34:09] /c relaxaeurushoo'sz
[08/11/2011 19:34:16] /goto Carniphila
[08/11/2011 19:34:29] /c relaxaeurushoo'sz
[08/11/2011 19:34:59] /c relaxaeurushoo'sz
[08/11/2011 19:35:35] /c savage thuug
[08/11/2011 19:36:27] /t
[08/11/2011 19:36:40] /a 2
[08/11/2011 19:39:21] /a 2
[08/11/2011 19:42:19] /a Carniphila
[08/11/2011 19:42:26] /goto Carniphila
[08/11/2011 19:42:39] /c Savage Thuug
[08/11/2011 19:42:52] /c assassin thuug
[08/11/2011 19:45:41] /c Savage Thuug
[08/11/2011 19:45:42] /c Savage Thuug
[08/11/2011 19:45:42] /c Savage Thuug
[08/11/2011 19:45:43] /c Savage Thuug
[08/11/2011 19:45:45] /c Savage Thuug
[08/11/2011 19:45:46] /c Savage Thuug
[08/11/2011 19:45:47] /c Savage Thuug
[08/11/2011 19:45:48] /c Savage Thuug
[08/11/2011 19:45:49] /c Savage Thuug
[08/11/2011 19:45:50] /c Savage Thuug
[08/11/2011 19:45:57] /c Savage Thuug
[08/11/2011 19:45:59] /c Savage Thuug
[08/11/2011 19:46:01] /c Savage Thuug
[08/11/2011 19:46:13] /c Savage Thuug
[08/11/2011 19:46:14] /c Savage Thuug
[08/11/2011 19:46:17] /c Savage Thuug
[08/11/2011 19:46:19] /c Savage Thuug
[08/11/2011 19:46:21] /c Savage Thuug
[08/11/2011 19:46:48] /a 3
[08/11/2011 19:46:58] /a 3
[08/11/2011 19:47:29] /a 20
[08/11/2011 19:47:31] /a 20
[08/11/2011 19:47:32] /a 20
[08/11/2011 19:47:38] /a 20
[08/11/2011 19:47:42] /a 20
[08/11/2011 19:47:45] /a 2
[08/11/2011 19:47:46] /a 2
[08/11/2011 19:47:48] /a 2
[08/11/2011 19:47:50] /a 2
[08/11/2011 19:47:50] /a 2
[08/11/2011 19:47:50] /a 2
[08/11/2011 19:47:51] /a 2
[08/11/2011 19:47:51] /a 2
[08/11/2011 19:47:52] /a 2
[08/11/2011 19:47:52] /a 2
[08/11/2011 19:47:53] /a 2
[08/11/2011 19:47:53] /a 2
[08/11/2011 19:47:54] /a 2
[08/11/2011 19:47:55] /a 2
[08/11/2011 19:47:55] /a 2
[08/11/2011 19:47:56] /a 2
[08/11/2011 19:47:56] /a 2
[08/11/2011 19:47:57] /a 2
[08/11/2011 19:47:57] /a 2
[08/11/2011 19:48:00] /a 2
[08/11/2011 19:48:00] /a 2
[08/11/2011 19:48:00] /a 2
[08/11/2011 19:48:01] /a 2
[08/11/2011 19:48:01] /a 2
[08/11/2011 19:48:02] /a 2
[08/11/2011 19:48:03] /a 2
[08/11/2011 19:48:03] /a 2
[08/11/2011 19:48:06] /a 2
[08/11/2011 19:48:06] /a 2
[08/11/2011 19:48:07] /a 2
[08/11/2011 19:48:08] /a 2
[08/11/2011 19:48:08] /a 2
[08/11/2011 19:48:15] /a 5
[08/11/2011 19:48:16] /a 5
[08/11/2011 19:48:17] /a 5
[08/11/2011 19:48:18] /a 5
[08/11/2011 19:48:19] /a 5
[08/11/2011 19:48:20] /a 5
[08/11/2011 19:48:21] /a 5
[08/11/2011 19:48:23] /a 5
[08/11/2011 19:48:23] /a 5
[08/11/2011 19:48:25] /a 5
[08/11/2011 19:48:25] /a 5
[08/11/2011 19:48:26] /a 5
[08/11/2011 19:48:27] /a 5
[08/11/2011 19:48:30] /a 5
[08/11/2011 19:48:32] /a 5
[08/11/2011 19:48:33] /a 5
[08/11/2011 19:48:33] /a 5
[08/11/2011 19:48:33] /a 5
[08/11/2011 19:48:35] /a 5
[08/11/2011 19:48:35] /a 5
[08/11/2011 19:48:37] /a 5
[08/11/2011 19:48:37] /a 5
[08/11/2011 19:48:38] /a 5
[08/11/2011 19:48:40] /a 5
[08/11/2011 19:48:41] /a 5
[08/11/2011 19:48:41] /a 5
[08/11/2011 19:48:43] /a 5
[08/11/2011 19:48:45] /a 5
[08/11/2011 19:48:45] /a 5
[08/11/2011 19:48:45] /a 5
[08/11/2011 19:48:46] /a 5
[08/11/2011 19:48:47] /a 5
[08/11/2011 19:48:48] /a 5
[08/11/2011 19:48:49] /a 5
[08/11/2011 19:48:53] /a 5
[08/11/2011 19:48:55] /a 5
[08/11/2011 19:48:55] /a 5
[08/11/2011 19:49:10] /a 20
[08/11/2011 19:49:20] /a 40
[08/11/2011 19:49:27] /a 20
[08/11/2011 19:49:45] /a 5
[08/11/2011 19:49:57] /a 5
[08/11/2011 19:49:59] /a 5
[08/11/2011 19:50:01] /a 5
[08/11/2011 19:50:03] /a 5
[08/11/2011 19:50:03] /a 5
[08/11/2011 19:50:04] /a 5
[08/11/2011 19:50:04] /a 5
[08/11/2011 19:50:05] /a 5
[08/11/2011 19:50:05] /a 5
[08/11/2011 19:50:06] /a 5
[08/11/2011 19:50:06] /a 5
[08/11/2011 19:50:08] /a 5
[08/11/2011 19:50:08] /a 5
[08/11/2011 19:50:09] /a 5
[08/11/2011 19:50:10] /a 5
[08/11/2011 19:50:12] /a 5
[08/11/2011 19:50:12] /a 5
[08/11/2011 19:50:12] /a 5
[08/11/2011 19:50:13] /a 5
[08/11/2011 19:50:27] /a 5
[08/11/2011 19:50:32] /a 5
[08/11/2011 19:50:34] /a 5
[08/11/2011 19:50:35] /a 5
[08/11/2011 19:50:38] /a 5
[08/11/2011 19:50:38] /a 5
[08/11/2011 19:50:39] /a 5
[08/11/2011 19:50:41] /a 5
[08/11/2011 19:51:34] /goto Dwarf Geomancer
[08/11/2011 19:51:50] /a 6
[08/11/2011 19:51:51] /a 6
[08/11/2011 19:51:52] /a 6
[08/11/2011 19:51:52] /a 6
[08/11/2011 19:51:53] /a 6
[08/11/2011 19:51:57] /a 6
[08/11/2011 19:51:59] /a 6
[08/11/2011 19:52:02] /a 6
[08/11/2011 19:52:03] /a 6
[08/11/2011 19:52:04] /a 6
[08/11/2011 19:52:06] /a 6
[08/11/2011 19:52:07] /a 6
[08/11/2011 19:52:07] /a 6
[08/11/2011 19:52:08] /a 6
[08/11/2011 19:52:09] /a 6
[08/11/2011 19:52:10] /a 6
[08/11/2011 19:52:10] /a 6
[08/11/2011 19:52:12] /a 6
[08/11/2011 19:52:13] /a 6
[08/11/2011 19:52:14] /a 6
[08/11/2011 19:52:18] /a 6
[08/11/2011 19:52:18] /a 6
[08/11/2011 19:52:19] /a 6
[08/11/2011 19:52:20] /a 6
[08/11/2011 19:52:22] /a 6
[08/11/2011 19:52:22] /a 6
[08/11/2011 19:52:22] /a 6
[08/11/2011 19:52:23] /a 6
[08/11/2011 19:52:24] /a 6
[08/11/2011 19:52:24] /a 6
[08/11/2011 19:52:24] /a 6
[08/11/2011 19:52:25] /a 6
[08/11/2011 19:52:25] /a 6
[08/11/2011 19:52:25] /a 6
[08/11/2011 19:52:26] /a 6
[08/11/2011 19:52:26] /a 6
[08/11/2011 19:52:27] /a 6
[08/11/2011 19:52:27] /a 6
[08/11/2011 19:52:29] /a 6
[08/11/2011 19:52:29] /a 6
[08/11/2011 19:52:30] /a 6
[08/11/2011 19:52:32] /a 6
[08/11/2011 19:52:32] /a 6
[08/11/2011 19:52:33] /a 6
[08/11/2011 19:52:34] /a 6
[08/11/2011 19:53:37] /goto giant spider
[08/11/2011 19:53:51] /t
[08/11/2011 19:55:12] /goto Rafinha Almeida
[08/11/2011 19:55:27] /t
[08/11/2011 19:59:45] /a 2
[08/11/2011 19:59:54] /a 2
[08/11/2011 19:59:55] /a 2
[08/11/2011 19:59:55] /a 2
[08/11/2011 19:59:56] /a 2
[08/11/2011 19:59:56] /a 2
[08/11/2011 19:59:57] /a 2
[08/11/2011 19:59:57] /a 2
[08/11/2011 19:59:58] /a 2
[08/11/2011 19:59:58] /a 2
[08/11/2011 20:01:11] /a 20
[08/11/2011 20:02:01] /a 2
[08/11/2011 20:02:43] /a 20
[08/11/2011 20:02:46] /a 20
[08/11/2011 20:02:50] /a 2
[08/11/2011 20:02:51] /a 2
[08/11/2011 20:02:51] /a 2
[08/11/2011 20:02:52] /a 2
[08/11/2011 20:02:55] /a 2
[08/11/2011 20:02:56] /a 2
[08/11/2011 20:02:56] /a 2
[08/11/2011 20:02:56] /a 2
[08/11/2011 20:02:57] /a 2
[08/11/2011 20:02:57] /a 2
[08/11/2011 20:02:58] /a 2
[08/11/2011 20:02:58] /a 2
[08/11/2011 20:02:58] /a 2
[08/11/2011 20:03:00] /a 2
[08/11/2011 20:03:00] /a 2
[08/11/2011 20:03:01] /a 2
[08/11/2011 20:03:01] /a 2
[08/11/2011 20:03:02] /a 2
[08/11/2011 20:03:02] /a 2
[08/11/2011 20:03:03] /a 2
[08/11/2011 20:03:04] /a 2
[08/11/2011 20:03:04] /a 2
[08/11/2011 20:03:04] /a 2
[08/11/2011 20:03:05] /a 2
[08/11/2011 20:03:05] /a 2
[08/11/2011 20:03:09] /a 2
[08/11/2011 20:03:09] /a 2
[08/11/2011 20:03:10] /a 2
[08/11/2011 20:03:10] /a 2
[08/11/2011 20:03:11] /a 2
[08/11/2011 20:03:13] /a 2
[08/11/2011 20:03:14] /a 2
[08/11/2011 20:03:14] /a 2
[08/11/2011 20:03:15] /a 2
[08/11/2011 20:03:15] /a 2
[08/11/2011 20:03:16] /a 2
[08/11/2011 20:03:16] /a 2
[08/11/2011 20:03:17] /a 2
[08/11/2011 20:03:17] /a 2
[08/11/2011 20:03:17] /a 2
[08/11/2011 20:03:18] /a 2
[08/11/2011 20:03:18] /a 2
[08/11/2011 20:03:19] /a 2
[08/11/2011 20:03:19] /a 2
[08/11/2011 20:03:20] /a 2
[08/11/2011 20:03:20] /a 2
[08/11/2011 20:03:22] /a 2
[08/11/2011 20:03:22] /a 2
[08/11/2011 20:03:24] /a 2
[08/11/2011 20:03:25] /a 2
[08/11/2011 20:03:32] /c Relaxaeurushoo'sz
[08/11/2011 20:04:17] /t Relaxaeurushoo'sz
[08/11/2011 20:04:20] /t
[09/11/2011 02:02:24] /goto Relaxaeurushoo'sz
[09/11/2011 02:02:47] /goto ushuriel
[09/11/2011 02:12:17] /c thanderkann
[09/11/2011 02:28:28] /c thanderkann
[09/11/2011 02:29:42] /goto dwarf
[09/11/2011 02:29:53] /up
[09/11/2011 02:30:55] /c thanderaknn
[09/11/2011 02:31:11] /c thanderkann
[09/11/2011 02:31:33] /goto Carniphila
[09/11/2011 02:32:18] /a 4
[09/11/2011 02:32:32] /c thanderkann
[09/11/2011 02:34:29] /t
[09/11/2011 02:37:34] /goto update sller
[09/11/2011 02:37:56] /goto update seller
[09/11/2011 02:40:12] /a
[09/11/2011 02:40:36] /goto thanderkann
[09/11/2011 02:41:59] /goto dont lure
[09/11/2011 02:42:04] /a 50
[09/11/2011 02:42:07] /a 40
[09/11/2011 02:42:14] /a 2
[09/11/2011 02:42:18] /a 5
[09/11/2011 02:42:28] /a 110
[09/11/2011 02:42:33] /a 40
[09/11/2011 02:42:35] /a 30
[09/11/2011 02:42:41] /a 3
[09/11/2011 02:46:10] /c thanderkann
[09/11/2011 02:51:40] /t
[09/11/2011 02:56:16] /goto Merlkin 
[09/11/2011 03:01:45] /goto  Dragon Lord Hatchling 
[09/11/2011 03:02:05] /goto Infernalist 
[09/11/2011 03:02:08] /goto Infernalist
[09/11/2011 03:02:29] /goto Diabolic Imp 
[09/11/2011 03:03:24] /t
[09/11/2011 03:04:04] /a 2
[09/11/2011 03:06:49] /a 4
[09/11/2011 03:07:08] /a 2
[09/11/2011 03:07:57] /a 3
[09/11/2011 03:09:46] /c thanderkann
[09/11/2011 03:10:10] /kick Thanderkann
[09/11/2011 03:20:09] /t
[09/11/2011 03:20:14] /a 30
[09/11/2011 05:03:58] /t
[09/11/2011 05:56:50] /ghost
[09/11/2011 05:57:23] /goto Skol Sensation
[09/11/2011 05:58:03] /kick Skol Sensation
[09/11/2011 05:58:06] /t
[09/11/2011 05:58:21] /goto thanderkann
[09/11/2011 05:59:24] /goto infernatil
[09/11/2011 05:59:39] /goto bugzin
[09/11/2011 05:59:41] /t
[09/11/2011 06:01:09] /ghost
[09/11/2011 06:01:13] /goto Rafinha Almeida
[09/11/2011 06:01:32] /kick Rafinha Almeida
[09/11/2011 06:01:45] /goto Rafinha Almeida
[09/11/2011 06:01:49] /goto Rafinha Almeida
[09/11/2011 06:01:51] /goto Rafinha Almeida
[09/11/2011 06:01:54] /goto Rafinha Almeida
[09/11/2011 06:01:56] /goto Rafinha Almeida
[09/11/2011 06:01:58] /goto Rafinha Almeida
[09/11/2011 06:02:00] /goto Rafinha Almeida
[09/11/2011 06:02:13] /goto Rafinha Almeida
[09/11/2011 06:02:34] /goto Eurushomtmtmtpqp
[09/11/2011 06:02:48] /kick Eurushomtmtmtpqp
[09/11/2011 06:04:40] /goto Eurushomtmtmtpqp
[09/11/2011 06:05:51] /t
[09/11/2011 09:16:01] /goto mazaah
[09/11/2011 09:16:54] /ghost
[09/11/2011 09:18:18] /b salve galerinha D;
[09/11/2011 09:18:53] /b duvidas usem o hel ;x
[09/11/2011 09:24:25] /goto dwarf
[09/11/2011 09:24:43] /down
[09/11/2011 09:24:46] /a 10
[09/11/2011 09:24:55] /down
[09/11/2011 09:24:58] /down
[09/11/2011 09:25:01] /down
[09/11/2011 09:25:03] /down
[09/11/2011 09:25:05] /down
[09/11/2011 09:25:09] /a 4
[09/11/2011 09:25:15] /down
[09/11/2011 09:25:18] /a 5
[09/11/2011 09:28:14] /up
[09/11/2011 09:28:24] /goto dwarf
[09/11/2011 09:28:37] /c Ivan
[09/11/2011 09:29:00] /t
[09/11/2011 09:30:21] /b nao sei nada sobre magias novas, por favor fale com o adm '-'
[09/11/2011 09:34:47] /info Eurushomtmtmtpqp
[09/11/2011 09:36:52] /b desculpa gente tava afk
[09/11/2011 09:43:58] /info Maazah
[09/11/2011 09:44:56] /info Ivan
[09/11/2011 09:45:02] /t
[09/11/2011 09:45:28] /info Skol Sensation
[09/11/2011 09:50:15] /c Eurushodemaismsmpqp
[09/11/2011 09:53:05] /clean
[09/11/2011 09:58:39] /info Skol Sensation
[09/11/2011 09:58:47] /info Skol Sensation
[09/11/2011 10:03:50] /info Thanderkann
[09/11/2011 10:09:28] /goto the fire elemental
[09/11/2011 10:10:28] /a
[09/11/2011 10:10:32] /a 2
[09/11/2011 10:10:40] /a 3
[09/11/2011 10:12:35] /a 6
[09/11/2011 10:12:37] /a 6
[09/11/2011 10:12:38] /a 6
[09/11/2011 10:18:21] /info [ADM] Lucas
[09/11/2011 10:20:50] /goto guerra mooca
[09/11/2011 10:21:11] /t
[09/11/2011 10:26:08] /b lucas o povo ta falando q ta lag DA UM JEITO AI PORRA
[09/11/2011 10:28:25] /goto Druid Of Sky
[09/11/2011 10:28:42] /goto Druid Of Sky
[09/11/2011 10:28:44] /goto Druid Of Sky
[09/11/2011 10:28:45] /goto Druid Of Sky
[09/11/2011 10:28:48] /goto Druid Of Sky
[09/11/2011 10:29:32] /b duvidas no help !
[09/11/2011 10:29:58] /goto thanderkann
[09/11/2011 10:30:52] /ghost
[09/11/2011 10:32:14] /c Thanderkann
[09/11/2011 10:33:25] /goto training vip
[09/11/2011 10:33:37] /goto update seller
[09/11/2011 10:33:41] /t
[09/11/2011 10:33:48] /a 7
[09/11/2011 10:34:09] /a 3
[09/11/2011 10:35:26] /t
[09/11/2011 10:37:22] /goto thalas
[09/11/2011 10:39:42] /b duvidas usem o hel [NAO VO RESPONDE PRIVATE]
[09/11/2011 10:43:26] /t
[09/11/2011 10:48:20] /goto sceptre
[09/11/2011 10:58:49] /goto rafinha almeida
[09/11/2011 10:59:11] /c Lucas Zika
[09/11/2011 10:59:22] /t
[09/11/2011 11:00:38] /b merda nukando --'
[09/11/2011 11:00:50] /goto account mannager
[09/11/2011 11:01:01] /goto account mannager
[09/11/2011 11:01:14] /goto Account Manager
[09/11/2011 11:01:34] /info Account Manager
[09/11/2011 21:51:45] /goto Guerra Mooca
[09/11/2011 21:52:08] /goto Leo gatinho
[09/11/2011 22:03:32] /goto update seller
[09/11/2011 22:03:38] /goto update seller
[09/11/2011 22:03:44] /goto update seler
[09/11/2011 22:03:52] /t
[09/11/2011 22:04:01] /a 3
[09/11/2011 22:04:05] /c thanderkann
[09/11/2011 23:32:55] /goto ushuriel
[09/11/2011 23:33:22] /c Assassin Thuug 
[09/11/2011 23:33:46] /t
[09/11/2011 23:33:58] /goto ushuriel
[09/11/2011 23:34:22] /c Savage Thuug
[09/11/2011 23:35:09] /goto dwarf
[09/11/2011 23:35:46] /a 3
[09/11/2011 23:36:02] /a 4
[09/11/2011 23:36:12] /c Savage Thuug
[09/11/2011 23:36:31] /t Savage Thuug
[09/11/2011 23:36:33] /t
[09/11/2011 23:37:00] /a 4
[09/11/2011 23:37:22] /a 2
[09/11/2011 23:37:34] /c Savage Thuug
[09/11/2011 23:37:42] /t Savage Thuug
[09/11/2011 23:37:44] /t
[10/11/2011 00:46:17] /goto infernatil
[10/11/2011 00:46:23] /goto carnipilha
[10/11/2011 00:46:29] /goto dwarf
[10/11/2011 00:46:32] /up
[10/11/2011 00:47:46] /goto Carniphila
[10/11/2011 00:47:51] /a 7
[10/11/2011 00:48:13] /c mazaah
[10/11/2011 00:48:15] /c mazaah
[10/11/2011 00:48:16] /c mazaah
[10/11/2011 00:48:17] /c mazaah
[10/11/2011 00:48:17] /c mazaah
[10/11/2011 00:48:18] /c mazaah
[10/11/2011 00:48:19] /c mazaah
[10/11/2011 00:48:19] /c mazaah
[10/11/2011 00:48:20] /c mazaah
[10/11/2011 00:48:21] /c mazaah
[10/11/2011 00:48:21] /c mazaah
[10/11/2011 00:48:22] /c mazaah
[10/11/2011 00:48:22] /c mazaah
[10/11/2011 00:48:23] /c mazaah
[10/11/2011 00:48:24] /c mazaah
[10/11/2011 00:48:24] /c mazaah
[10/11/2011 00:48:28] /c mazaah
[10/11/2011 00:48:29] /c mazaah
[10/11/2011 00:48:30] /c mazaah
[10/11/2011 00:48:31] /c mazaah
[10/11/2011 00:48:32] /c mazaah
[10/11/2011 00:48:37] /c mazaah
[10/11/2011 00:48:39] /c mazaah
[10/11/2011 00:48:41] /c mazaah
[10/11/2011 00:48:42] /c mazaah
[10/11/2011 00:48:43] /c mazaah
[10/11/2011 00:48:44] /c mazaah
[10/11/2011 00:48:44] /c mazaah
[10/11/2011 00:48:45] /c mazaah
[10/11/2011 00:48:54] /c mazaah
[10/11/2011 00:48:56] /c mazaah
[10/11/2011 00:49:01] /c mazaah
[10/11/2011 00:49:02] /c mazaah
[10/11/2011 00:49:03] /c mazaah
[10/11/2011 00:49:03] /c mazaah
[10/11/2011 00:49:04] /c mazaah
[10/11/2011 00:49:04] /c mazaah
[10/11/2011 00:49:05] /c mazaah
[10/11/2011 00:49:11] /c mazaah
[10/11/2011 00:49:12] /c mazaah
[10/11/2011 00:49:19] /c maazah
[10/11/2011 01:18:50] /kick Healing Rullez
[10/11/2011 01:41:49] /ghost
