[12/12/2011 14:09:50] /ghost
[12/12/2011 14:11:32] /goto
[12/12/2011 14:11:51] /goto
[12/12/2011 14:12:29] /ghost
[12/12/2011 14:12:56] /ghost
[12/12/2011 14:16:29] /ghost
[12/12/2011 14:16:43] /ghost
[12/12/2011 14:21:30] /goto gm japa
[12/12/2011 14:22:28] /goto [GM] Japa
[12/12/2011 14:22:40] /goto [GM] Japa
[12/12/2011 14:22:45] /goto [GM] Japa
[12/12/2011 14:22:46] /goto [GM] Japa
[12/12/2011 14:22:51] /goto [GM] Japa
[12/12/2011 14:23:06] /goto [GM] Japa
[12/12/2011 14:24:07] /goto [GM] Japa
[12/12/2011 14:24:46] /goto madruga
[12/12/2011 14:27:18] /goto [GM] Japa
[12/12/2011 14:27:35] /goto [ADM]
[12/12/2011 14:27:39] /goto [ADM]
[12/12/2011 14:27:41] /goto [ADM]
[12/12/2011 14:30:24] /goto [GM] Japa
[12/12/2011 14:32:52] /b Para Mais Informação Sobre Os Itens Donate o Site é Esse : magobaiak.servegame.com..Duvidas HELP
[12/12/2011 14:33:04] /b Para Mais Informação Sobre Os Itens Donate o Site é Esse : magobaiak.servegame.com..Duvidas HELP
[12/12/2011 14:34:49] /b Para Mais Informação Sobre Os Itens Donate o Site é Esse : magobaiak.servegame.com..Duvidas HELP
[12/12/2011 14:35:48] /goto [GM] Japa
[12/12/2011 14:36:49] /goto temple
[12/12/2011 14:36:51] /goto temple
[12/12/2011 14:39:50] /goto [GM] Japa
[12/12/2011 14:39:54] /goto [GM] Japa
[12/12/2011 14:39:54] /goto [GM] Japa
[12/12/2011 14:39:55] /goto [GM] Japa
[12/12/2011 14:39:55] /goto [GM] Japa
[12/12/2011 14:39:55] /goto [GM] Japa
[12/12/2011 14:39:55] /goto [GM] Japa
[12/12/2011 14:39:55] /goto [GM] Japa
[12/12/2011 14:39:55] /goto [GM] Japa
[12/12/2011 14:39:55] /goto [GM] Japa
[12/12/2011 14:39:55] /goto [GM] Japa
[12/12/2011 14:39:55] /goto [GM] Japa
[12/12/2011 14:39:55] /goto [GM] Japa
[12/12/2011 14:39:55] /goto [GM] Japa
[12/12/2011 14:39:55] /goto [GM] Japa
[12/12/2011 14:39:55] /goto [GM] Japa
[12/12/2011 14:39:55] /goto [GM] Japa
[12/12/2011 14:39:55] /goto [GM] Japa
[12/12/2011 14:39:55] /goto [GM] Japa
[12/12/2011 14:39:55] /goto [GM] Japa
[12/12/2011 14:39:55] /goto [GM] Japa
[12/12/2011 14:39:55] /goto [GM] Japa
[12/12/2011 14:39:55] /goto [GM] Japa
[12/12/2011 14:39:55] /goto [GM] Japa
[12/12/2011 14:39:55] /goto [GM] Japa
[12/12/2011 14:39:55] /goto [GM] Japa
[12/12/2011 14:39:55] /goto [GM] Japa
[12/12/2011 14:39:55] /goto [GM] Japa
[12/12/2011 14:39:56] /goto [GM] Japa
[12/12/2011 14:39:56] /goto [GM] Japa
[12/12/2011 14:39:56] /goto [GM] Japa
[12/12/2011 14:39:56] /goto [GM] Japa
[12/12/2011 14:39:56] /goto [GM] Japa
[12/12/2011 14:39:56] /goto [GM] Japa
[12/12/2011 14:39:56] /goto [GM] Japa
[12/12/2011 14:39:56] /goto [GM] Japa
[12/12/2011 14:39:56] /goto [GM] Japa
[12/12/2011 14:39:56] /goto [GM] Japa
[12/12/2011 14:39:56] /goto [GM] Japa
[12/12/2011 14:39:56] /goto [GM] Japa
[12/12/2011 14:39:56] /goto [GM] Japa
[12/12/2011 14:39:56] /goto [GM] Japa
[12/12/2011 14:39:56] /goto [GM] Japa
[12/12/2011 14:39:56] /goto [GM] Japa
[12/12/2011 14:39:56] /goto [GM] Japa
[12/12/2011 14:40:19] /goto [GM] Japa
[12/12/2011 14:41:28] /goto [GM] Japa
[12/12/2011 14:42:06] /goto [GM] Japa
[12/12/2011 14:42:09] /goto [GM] Japa
[12/12/2011 14:42:16] /goto [GM] Japa
[12/12/2011 14:43:13] /goto [GM] Japa
[12/12/2011 14:43:41] /goto [GM] Japa
[12/12/2011 14:45:11] /ghost
[12/12/2011 14:51:48] /goto samurai
[12/12/2011 16:38:49] /ghost
[12/12/2011 16:39:06] /goto [GM] Japa
[12/12/2011 16:40:45] /ghost madruga
[12/12/2011 16:40:53] /ghost madruga
[12/12/2011 16:41:08] /goto madruga
[12/12/2011 17:58:18] /b Para Mais Informação Sobre Os Itens Donate o Site é Esse : magobaiak.servegame.com..Duvidas HELP
[12/12/2011 18:00:32] /goto [GM] Japa
[12/12/2011 18:02:51] /ghost
[12/12/2011 18:03:10] /ghost
[12/12/2011 18:04:02] /goto cabuloso
[12/12/2011 18:04:16] /goto [GM] Japa
[12/12/2011 18:04:18] /goto [GM] Japa
[12/12/2011 18:05:15] /goto [GM] Japa
[12/12/2011 18:05:18] /goto [GM] Japa
[12/12/2011 18:11:14] /goto [GM] Japa
[12/12/2011 18:11:19] /goto [GM] Japa
[12/12/2011 18:11:19] /goto [GM] Japa
[12/12/2011 18:11:20] /goto [GM] Japa
[12/12/2011 18:11:20] /goto [GM] Japa
[12/12/2011 18:11:21] /goto [GM] Japa
[12/12/2011 18:11:21] /goto [GM] Japa
[12/12/2011 18:11:21] /goto [GM] Japa
[12/12/2011 18:11:21] /goto [GM] Japa
[12/12/2011 18:11:21] /goto [GM] Japa
[12/12/2011 18:11:30] /goto [GM] Japa
[12/12/2011 18:11:30] /goto [GM] Japa
[12/12/2011 18:11:30] /goto [GM] Japa
[12/12/2011 18:11:30] /goto [GM] Japa
[12/12/2011 18:11:30] /goto [GM] Japa
[12/12/2011 18:11:31] /goto [GM] Japa
[12/12/2011 18:11:31] /goto [GM] Japa
[12/12/2011 18:11:31] /goto [GM] Japa
[12/12/2011 18:11:31] /goto [GM] Japa
[12/12/2011 18:11:31] /goto [GM] Japa
[12/12/2011 18:11:32] /goto [GM] Japa
[12/12/2011 18:11:42] /goto [GM] Japa
[12/12/2011 18:11:43] /goto [GM] Japa
[12/12/2011 18:11:43] /goto [GM] Japa
[12/12/2011 18:11:44] /goto [GM] Japa
[12/12/2011 18:11:44] /goto [GM] Japa
[12/12/2011 18:11:44] /goto [GM] Japa
[12/12/2011 18:11:44] /goto [GM] Japa
[12/12/2011 18:11:44] /goto [GM] Japa
[12/12/2011 18:11:45] /goto [GM] Japa
[12/12/2011 18:11:45] /goto [GM] Japa
[12/12/2011 18:11:45] /goto [GM] Japa
[12/12/2011 18:11:45] /goto [GM] Japa
[12/12/2011 18:11:45] /goto [GM] Japa
[12/12/2011 18:11:45] /goto [GM] Japa
[12/12/2011 18:11:45] /goto [GM] Japa
[12/12/2011 18:11:45] /goto [GM] Japa
[12/12/2011 18:11:45] /goto [GM] Japa
[12/12/2011 18:11:45] /goto [GM] Japa
[12/12/2011 18:11:45] /goto [GM] Japa
[12/12/2011 18:11:45] /goto [GM] Japa
[12/12/2011 18:11:45] /goto [GM] Japa
[12/12/2011 18:11:45] /goto [GM] Japa
[12/12/2011 18:11:45] /goto [GM] Japa
[12/12/2011 18:11:45] /goto [GM] Japa
[12/12/2011 18:11:46] /goto [GM] Japa
[12/12/2011 18:11:46] /goto [GM] Japa
[12/12/2011 18:11:46] /goto [GM] Japa
[12/12/2011 18:11:46] /goto [GM] Japa
[12/12/2011 18:11:46] /goto [GM] Japa
[12/12/2011 18:11:46] /goto [GM] Japa
[12/12/2011 18:11:46] /goto [GM] Japa
[12/12/2011 18:11:46] /goto [GM] Japa
[12/12/2011 18:11:46] /goto [GM] Japa
[12/12/2011 18:11:46] /goto [GM] Japa
[12/12/2011 18:11:46] /goto [GM] Japa
[12/12/2011 18:11:46] /goto [GM] Japa
[12/12/2011 18:11:46] /goto [GM] Japa
[12/12/2011 18:11:46] /goto [GM] Japa
[12/12/2011 18:11:46] /goto [GM] Japa
[12/12/2011 18:11:46] /goto [GM] Japa
[12/12/2011 18:11:46] /goto [GM] Japa
[12/12/2011 18:11:46] /goto [GM] Japa
[12/12/2011 18:11:46] /goto [GM] Japa
[12/12/2011 18:11:46] /goto [GM] Japa
[12/12/2011 18:11:46] /goto [GM] Japa
[12/12/2011 18:11:46] /goto [GM] Japa
[12/12/2011 18:11:47] /goto [GM] Japa
[12/12/2011 18:11:47] /goto [GM] Japa
[12/12/2011 18:11:47] /goto [GM] Japa
[12/12/2011 18:11:47] /goto [GM] Japa
[12/12/2011 18:11:47] /goto [GM] Japa
[12/12/2011 18:11:47] /goto [GM] Japa
[12/12/2011 18:11:47] /goto [GM] Japa
[12/12/2011 18:11:47] /goto [GM] Japa
[12/12/2011 18:11:47] /goto [GM] Japa
[12/12/2011 18:11:47] /goto [GM] Japa
[12/12/2011 18:11:47] /goto [GM] Japa
[12/12/2011 18:11:47] /goto [GM] Japa
[12/12/2011 18:11:47] /goto [GM] Japa
[12/12/2011 18:11:47] /goto [GM] Japa
[12/12/2011 18:11:47] /goto [GM] Japa
[12/12/2011 18:11:47] /goto [GM] Japa
[12/12/2011 18:11:47] /goto [GM] Japa
[12/12/2011 18:11:47] /goto [GM] Japa
[12/12/2011 18:11:47] /goto [GM] Japa
[12/12/2011 18:11:47] /goto [GM] Japa
[12/12/2011 18:11:47] /goto [GM] Japa
[12/12/2011 18:11:47] /goto [GM] Japa
[12/12/2011 18:11:47] /goto [GM] Japa
[12/12/2011 18:11:47] /goto [GM] Japa
[12/12/2011 18:11:47] /goto [GM] Japa
[12/12/2011 18:11:47] /goto [GM] Japa
[12/12/2011 18:11:48] /goto [GM] Japa
[12/12/2011 18:11:48] /goto [GM] Japa
[12/12/2011 18:11:48] /goto [GM] Japa
[12/12/2011 18:11:48] /goto [GM] Japa
[12/12/2011 18:14:40] /a (x)
[12/12/2011 18:14:43] /a (x)
[12/12/2011 18:14:44] /a (x)
[12/12/2011 18:14:46] /a (x)
[12/12/2011 18:14:47] /a (x)
[12/12/2011 18:14:48] /a (x)
[12/12/2011 18:14:50] /a (x)
[12/12/2011 18:14:51] /a (x)
[12/12/2011 18:14:54] /a (x)
[12/12/2011 18:14:55] /a (x)
[12/12/2011 18:14:56] /a (x)
[12/12/2011 18:15:01] /a (x)
[12/12/2011 18:16:03] /goto madruga
[12/12/2011 18:18:10] /goto [GM] Japa
[12/12/2011 18:19:19] /a (x)
[12/12/2011 18:21:04] /goto [GM] Japa
[12/12/2011 18:21:08] /goto [GM] Japa
[12/12/2011 18:21:09] /goto [GM] Japa
[12/12/2011 18:21:09] /goto [GM] Japa
[12/12/2011 18:21:09] /goto [GM] Japa
[12/12/2011 18:21:10] /goto [GM] Japa
[12/12/2011 18:21:11] /goto [GM] Japa
[12/12/2011 18:21:11] /goto [GM] Japa
[12/12/2011 18:21:52] /b Para Mais Informação Sobre Os Itens Donate o Site é Esse : magobaiak.servegame.com..Duvidas HELP
[12/12/2011 18:24:06] /kick vingador celestial
[12/12/2011 18:24:29] /ghost
[12/12/2011 18:24:48] /ghost
[12/12/2011 18:26:22] /b ja falei nao do itens pf nao peça ultimo aviso strick flesh....18:25 Strick Flesh [138]: tem alguam vip star para me dar prfv
[12/12/2011 18:28:50] /b Para Mais Informação Sobre Os Itens Donate o Site é Esse : magobaiak.servegame.com..Duvidas HELP
[12/12/2011 18:34:15] /b Para Mais Informação Sobre Os Itens Donate o Site é Esse : magobaiak.servegame.com..Duvidas HELP
[12/12/2011 18:36:37] /c sky line
[12/12/2011 18:38:25] /a (5)
[12/12/2011 18:38:27] /a (5)
[12/12/2011 18:38:34] /a (50)
[12/12/2011 18:38:56] /a (50)
[12/12/2011 18:38:57] /a (50)
[12/12/2011 18:38:57] /a (50)
[12/12/2011 18:38:57] /a (50)
[12/12/2011 18:38:57] /a (50)
[12/12/2011 18:38:57] /a (50)
[12/12/2011 18:38:57] /a (50)
[12/12/2011 18:38:57] /a (50)
[12/12/2011 18:38:57] /a (50)
[12/12/2011 18:38:57] /a (50)
[12/12/2011 18:38:57] /a (50)
[12/12/2011 18:38:57] /a (50)
[12/12/2011 18:38:58] /a (50)
[12/12/2011 18:38:58] /a (50)
[12/12/2011 18:38:58] /a (50)
[12/12/2011 18:38:58] /a (50)
[12/12/2011 18:38:58] /a (50)
[12/12/2011 18:38:58] /a (50)
[12/12/2011 18:38:58] /a (50)
[12/12/2011 18:38:58] /a (50)
[12/12/2011 18:38:58] /a (50)
[12/12/2011 18:38:58] /a (50)
[12/12/2011 18:38:58] /a (50)
[12/12/2011 18:38:58] /a (50)
[12/12/2011 18:38:58] /a (50)
[12/12/2011 18:38:58] /a (50)
[12/12/2011 18:38:58] /a (50)
[12/12/2011 18:38:58] /a (50)
[12/12/2011 18:38:58] /a (50)
[12/12/2011 18:38:58] /a (50)
[12/12/2011 18:38:58] /a (50)
[12/12/2011 18:38:58] /a (50)
[12/12/2011 18:38:58] /a (50)
[12/12/2011 18:38:58] /a (50)
[12/12/2011 18:38:58] /a (50)
[12/12/2011 18:38:58] /a (50)
[12/12/2011 18:38:59] /a (50)
[12/12/2011 18:38:59] /a (50)
[12/12/2011 18:38:59] /a (50)
[12/12/2011 18:38:59] /a (50)
[12/12/2011 18:38:59] /a (50)
[12/12/2011 18:38:59] /a (50)
[12/12/2011 18:38:59] /a (50)
[12/12/2011 18:38:59] /a (50)
[12/12/2011 18:38:59] /a (50)
[12/12/2011 18:38:59] /a (50)
[12/12/2011 18:38:59] /a (50)
[12/12/2011 18:39:01] /a (50)
[12/12/2011 18:39:02] /a (50)
[12/12/2011 18:39:02] /a (50)
[12/12/2011 18:39:02] /a (50)
[12/12/2011 18:39:02] /a (50)
[12/12/2011 18:39:02] /a (50)
[12/12/2011 18:39:02] /a (50)
[12/12/2011 18:39:02] /a (50)
[12/12/2011 18:39:02] /a (50)
[12/12/2011 18:39:02] /a (50)
[12/12/2011 18:39:02] /a (50)
[12/12/2011 18:39:02] /a (50)
[12/12/2011 18:39:02] /a (50)
[12/12/2011 18:39:02] /a (50)
[12/12/2011 18:39:02] /a (50)
[12/12/2011 18:39:02] /a (50)
[12/12/2011 18:39:02] /a (50)
[12/12/2011 18:39:02] /a (50)
[12/12/2011 18:39:02] /a (50)
[12/12/2011 18:39:02] /a (50)
[12/12/2011 18:39:03] /a (50)
[12/12/2011 18:39:03] /a (50)
[12/12/2011 18:39:03] /a (50)
[12/12/2011 18:39:03] /a (50)
[12/12/2011 18:39:03] /a (50)
[12/12/2011 18:39:03] /a (50)
[12/12/2011 18:39:03] /a (50)
[12/12/2011 18:39:03] /a (50)
[12/12/2011 18:39:03] /a (50)
[12/12/2011 18:39:03] /a (50)
[12/12/2011 18:39:03] /a (50)
[12/12/2011 18:39:03] /a (50)
[12/12/2011 18:39:03] /a (50)
[12/12/2011 18:39:03] /a (50)
[12/12/2011 18:39:03] /a (50)
[12/12/2011 18:39:03] /a (50)
[12/12/2011 18:39:03] /a (50)
[12/12/2011 18:39:03] /a (50)
[12/12/2011 18:39:03] /a (50)
[12/12/2011 18:39:03] /a (50)
[12/12/2011 18:39:03] /a (50)
[12/12/2011 18:39:03] /a (50)
[12/12/2011 18:39:03] /a (50)
[12/12/2011 18:39:03] /a (50)
[12/12/2011 18:39:03] /a (50)
[12/12/2011 18:39:03] /a (50)
[12/12/2011 18:39:04] /a (50)
[12/12/2011 18:39:04] /a (50)
[12/12/2011 18:39:04] /a (50)
[12/12/2011 18:39:04] /a (50)
[12/12/2011 18:39:04] /a (50)
[12/12/2011 18:39:04] /a (50)
[12/12/2011 18:39:04] /a (50)
[12/12/2011 18:39:04] /a (50)
[12/12/2011 18:39:04] /a (50)
[12/12/2011 18:39:04] /a (50)
[12/12/2011 18:39:04] /a (50)
[12/12/2011 18:39:04] /a (50)
[12/12/2011 18:39:04] /a (50)
[12/12/2011 18:39:04] /a (50)
[12/12/2011 18:39:04] /a (50)
[12/12/2011 18:39:04] /a (50)
[12/12/2011 18:39:04] /a (50)
[12/12/2011 18:39:04] /a (50)
[12/12/2011 18:39:05] /a (50)
[12/12/2011 18:39:05] /a (50)
[12/12/2011 18:39:05] /a (50)
[12/12/2011 18:39:05] /a (50)
[12/12/2011 18:39:05] /a (50)
[12/12/2011 18:39:05] /a (50)
[12/12/2011 18:39:05] /a (50)
[12/12/2011 18:39:06] /a (50)
[12/12/2011 18:39:06] /a (50)
[12/12/2011 18:39:06] /a (50)
[12/12/2011 18:39:06] /a (50)
[12/12/2011 18:39:06] /a (50)
[12/12/2011 18:39:06] /a (50)
[12/12/2011 18:39:06] /a (50)
[12/12/2011 18:39:06] /a (50)
[12/12/2011 18:39:07] /a (50)
[12/12/2011 18:39:07] /a (50)
[12/12/2011 18:39:07] /a (50)
[12/12/2011 18:39:07] /a (50)
[12/12/2011 18:39:07] /a (50)
[12/12/2011 18:39:07] /a (50)
[12/12/2011 18:39:07] /a (50)
[12/12/2011 18:39:07] /a (50)
[12/12/2011 18:39:07] /a (50)
[12/12/2011 18:39:07] /a (50)
[12/12/2011 18:39:07] /a (50)
[12/12/2011 18:39:07] /a (50)
[12/12/2011 18:39:07] /a (50)
[12/12/2011 18:39:07] /a (50)
[12/12/2011 18:39:07] /a (50)
[12/12/2011 18:39:07] /a (50)
[12/12/2011 18:39:07] /a (50)
[12/12/2011 18:39:07] /a (50)
[12/12/2011 18:39:07] /a (50)
[12/12/2011 18:39:07] /a (50)
[12/12/2011 18:39:07] /a (50)
[12/12/2011 18:39:07] /a (50)
[12/12/2011 18:39:07] /a (50)
[12/12/2011 18:39:07] /a (50)
[12/12/2011 18:39:07] /a (50)
[12/12/2011 18:39:07] /a (50)
[12/12/2011 18:39:07] /a (50)
[12/12/2011 18:39:07] /a (50)
[12/12/2011 18:39:08] /a (50)
[12/12/2011 18:39:08] /a (50)
[12/12/2011 18:39:08] /a (50)
[12/12/2011 18:39:08] /a (50)
[12/12/2011 18:39:08] /a (50)
[12/12/2011 18:39:08] /a (50)
[12/12/2011 18:39:08] /a (50)
[12/12/2011 18:39:08] /a (50)
[12/12/2011 18:39:08] /a (50)
[12/12/2011 18:39:08] /a (50)
[12/12/2011 18:39:08] /a (50)
[12/12/2011 18:39:08] /a (50)
[12/12/2011 18:39:08] /a (50)
[12/12/2011 18:39:08] /a (50)
[12/12/2011 18:39:08] /a (50)
[12/12/2011 18:39:08] /a (50)
[12/12/2011 18:39:08] /a (50)
[12/12/2011 18:39:08] /a (50)
[12/12/2011 18:39:08] /a (50)
[12/12/2011 18:39:08] /a (50)
[12/12/2011 18:39:08] /a (50)
[12/12/2011 18:39:08] /a (50)
[12/12/2011 18:39:08] /a (50)
[12/12/2011 18:39:09] /a (50)
[12/12/2011 18:39:09] /a (50)
[12/12/2011 18:39:09] /a (50)
[12/12/2011 18:39:09] /a (50)
[12/12/2011 18:39:09] /a (50)
[12/12/2011 18:39:09] /a (50)
[12/12/2011 18:39:09] /a (50)
[12/12/2011 18:39:09] /a (50)
[12/12/2011 18:39:09] /a (50)
[12/12/2011 18:39:09] /a (50)
[12/12/2011 18:39:09] /a (50)
[12/12/2011 18:39:09] /a (50)
[12/12/2011 18:39:09] /a (50)
[12/12/2011 18:39:09] /a (50)
[12/12/2011 18:39:09] /a (50)
[12/12/2011 18:39:09] /a (50)
[12/12/2011 18:39:09] /a (50)
[12/12/2011 18:39:09] /a (50)
[12/12/2011 18:39:09] /a (50)
[12/12/2011 18:39:09] /a (50)
[12/12/2011 18:39:09] /a (50)
[12/12/2011 18:39:09] /a (50)
[12/12/2011 18:39:09] /a (50)
[12/12/2011 18:39:10] /a (50)
[12/12/2011 18:39:10] /a (50)
[12/12/2011 18:39:10] /a (50)
[12/12/2011 18:39:10] /a (50)
[12/12/2011 18:39:10] /a (50)
[12/12/2011 18:39:10] /a (50)
[12/12/2011 18:39:10] /a (50)
[12/12/2011 18:39:10] /a (50)
[12/12/2011 18:39:10] /a (50)
[12/12/2011 18:39:10] /a (50)
[12/12/2011 18:39:10] /a (50)
[12/12/2011 18:39:10] /a (50)
[12/12/2011 18:39:10] /a (50)
[12/12/2011 18:39:10] /a (50)
[12/12/2011 18:39:10] /a (50)
[12/12/2011 18:39:10] /a (50)
[12/12/2011 18:39:10] /a (50)
[12/12/2011 18:39:10] /a (50)
[12/12/2011 18:39:10] /a (50)
[12/12/2011 18:39:10] /a (50)
[12/12/2011 18:39:10] /a (50)
[12/12/2011 18:39:10] /a (50)
[12/12/2011 18:39:10] /a (50)
[12/12/2011 18:39:10] /a (50)
[12/12/2011 18:39:10] /a (50)
[12/12/2011 18:39:11] /a (50)
[12/12/2011 18:39:11] /a (50)
[12/12/2011 18:39:11] /a (50)
[12/12/2011 18:39:11] /a (50)
[12/12/2011 18:39:11] /a (50)
[12/12/2011 18:39:11] /a (50)
[12/12/2011 18:39:11] /a (50)
[12/12/2011 18:39:11] /a (50)
[12/12/2011 18:39:11] /a (50)
[12/12/2011 18:39:11] /a (50)
[12/12/2011 18:39:11] /a (50)
[12/12/2011 18:39:11] /a (50)
[12/12/2011 18:39:11] /a (50)
[12/12/2011 18:39:11] /a (50)
[12/12/2011 18:39:11] /a (50)
[12/12/2011 18:39:11] /a (50)
[12/12/2011 18:39:11] /a (50)
[12/12/2011 18:39:11] /a (50)
[12/12/2011 18:39:11] /a (50)
[12/12/2011 18:39:11] /a (50)
[12/12/2011 18:39:11] /a (50)
[12/12/2011 18:39:11] /a (50)
[12/12/2011 18:39:11] /a (50)
[12/12/2011 18:39:11] /a (50)
[12/12/2011 18:39:11] /a (50)
[12/12/2011 18:39:11] /a (50)
[12/12/2011 18:39:11] /a (50)
[12/12/2011 18:39:12] /a (50)
[12/12/2011 18:39:12] /a (50)
[12/12/2011 18:39:12] /a (50)
[12/12/2011 18:39:12] /a (50)
[12/12/2011 18:39:12] /a (50)
[12/12/2011 18:39:12] /a (50)
[12/12/2011 18:39:12] /a (50)
[12/12/2011 18:39:12] /a (50)
[12/12/2011 18:39:12] /a (50)
[12/12/2011 18:39:12] /a (50)
[12/12/2011 18:39:12] /a (50)
[12/12/2011 18:39:12] /a (50)
[12/12/2011 18:39:12] /a (50)
[12/12/2011 18:39:12] /a (50)
[12/12/2011 18:39:12] /a (50)
[12/12/2011 18:39:12] /a (50)
[12/12/2011 18:39:12] /a (50)
[12/12/2011 18:39:12] /a (50)
[12/12/2011 18:39:13] /a (50)
[12/12/2011 18:39:13] /a (50)
[12/12/2011 18:39:13] /a (50)
[12/12/2011 18:39:13] /a (50)
[12/12/2011 18:39:13] /a (50)
[12/12/2011 18:39:13] /a (50)
[12/12/2011 18:39:13] /a (50)
[12/12/2011 18:39:13] /a (50)
[12/12/2011 18:39:13] /a (50)
[12/12/2011 18:39:13] /a (50)
[12/12/2011 18:39:13] /a (50)
[12/12/2011 18:39:13] /a (50)
[12/12/2011 18:39:13] /a (50)
[12/12/2011 18:39:13] /a (50)
[12/12/2011 18:39:13] /a (50)
[12/12/2011 18:39:13] /a (50)
[12/12/2011 18:39:13] /a (50)
[12/12/2011 18:39:14] /a (50)
[12/12/2011 18:39:14] /a (50)
[12/12/2011 18:39:14] /a (50)
[12/12/2011 18:39:14] /a (50)
[12/12/2011 18:39:14] /a (50)
[12/12/2011 18:39:14] /a (50)
[12/12/2011 18:39:14] /a (50)
[12/12/2011 18:39:14] /a (50)
[12/12/2011 18:39:14] /a (50)
[12/12/2011 18:39:15] /a (50)
[12/12/2011 18:39:15] /a (50)
[12/12/2011 18:39:15] /a (50)
[12/12/2011 18:39:15] /a (50)
[12/12/2011 18:39:15] /a (50)
[12/12/2011 18:39:15] /a (50)
[12/12/2011 18:39:15] /a (50)
[12/12/2011 18:39:15] /a (50)
[12/12/2011 18:39:15] /a (50)
[12/12/2011 18:39:15] /a (50)
[12/12/2011 18:39:15] /a (50)
[12/12/2011 18:39:15] /a (50)
[12/12/2011 18:39:15] /a (50)
[12/12/2011 18:39:15] /a (50)
[12/12/2011 18:39:15] /a (50)
[12/12/2011 18:39:15] /a (50)
[12/12/2011 18:39:15] /a (50)
[12/12/2011 18:39:15] /a (50)
[12/12/2011 18:39:15] /a (50)
[12/12/2011 18:39:15] /a (50)
[12/12/2011 18:39:15] /a (50)
[12/12/2011 18:39:15] /a (50)
[12/12/2011 18:39:15] /a (50)
[12/12/2011 18:39:16] /a (50)
[12/12/2011 18:39:16] /a (50)
[12/12/2011 18:39:16] /a (50)
[12/12/2011 18:39:16] /a (50)
[12/12/2011 18:39:16] /a (50)
[12/12/2011 18:39:16] /a (50)
[12/12/2011 18:39:16] /a (50)
[12/12/2011 18:39:16] /a (50)
[12/12/2011 18:39:16] /a (50)
[12/12/2011 18:39:16] /a (50)
[12/12/2011 18:39:16] /a (50)
[12/12/2011 18:39:16] /a (50)
[12/12/2011 18:39:16] /a (50)
[12/12/2011 18:39:16] /a (50)
[12/12/2011 18:39:16] /a (50)
[12/12/2011 18:39:16] /a (50)
[12/12/2011 18:39:16] /a (50)
[12/12/2011 18:39:16] /a (50)
[12/12/2011 18:39:16] /a (50)
[12/12/2011 18:39:16] /a (50)
[12/12/2011 18:39:16] /a (50)
[12/12/2011 18:39:17] /a (50)
[12/12/2011 18:39:17] /a (50)
[12/12/2011 18:39:17] /a (50)
[12/12/2011 18:39:17] /a (50)
[12/12/2011 18:39:17] /a (50)
[12/12/2011 18:39:17] /a (50)
[12/12/2011 18:39:20] /a (50)
[12/12/2011 18:39:20] /a (50)
[12/12/2011 18:39:20] /a (50)
[12/12/2011 18:39:20] /a (50)
[12/12/2011 18:39:20] /a (50)
[12/12/2011 18:39:21] /a (50)
[12/12/2011 18:39:21] /a (50)
[12/12/2011 18:39:21] /a (50)
[12/12/2011 18:39:21] /a (50)
[12/12/2011 18:39:21] /a (50)
[12/12/2011 18:39:21] /a (50)
[12/12/2011 18:39:21] /a (50)
[12/12/2011 18:39:21] /a (50)
[12/12/2011 18:39:21] /a (50)
[12/12/2011 18:39:21] /a (50)
[12/12/2011 18:39:21] /a (50)
[12/12/2011 18:39:21] /a (50)
[12/12/2011 18:39:21] /a (50)
[12/12/2011 18:39:21] /a (50)
[12/12/2011 18:39:21] /a (50)
[12/12/2011 18:39:21] /a (50)
[12/12/2011 18:39:21] /a (50)
[12/12/2011 18:39:21] /a (50)
[12/12/2011 18:39:21] /a (50)
[12/12/2011 18:39:21] /a (50)
[12/12/2011 18:39:22] /a (50)
[12/12/2011 18:39:22] /a (50)
[12/12/2011 18:39:22] /a (50)
[12/12/2011 18:39:22] /a (50)
[12/12/2011 18:39:22] /a (50)
[12/12/2011 18:39:23] /a (50)
[12/12/2011 18:39:23] /a (50)
[12/12/2011 18:39:23] /a (50)
[12/12/2011 18:39:24] /a (50)
[12/12/2011 18:39:25] /a (50)
[12/12/2011 18:39:25] /a (50)
[12/12/2011 18:39:25] /a (50)
[12/12/2011 18:39:25] /a (50)
[12/12/2011 18:39:25] /a (50)
[12/12/2011 18:39:25] /a (50)
[12/12/2011 18:39:25] /a (50)
[12/12/2011 18:39:25] /a (50)
[12/12/2011 18:39:25] /a (50)
[12/12/2011 18:39:25] /a (50)
[12/12/2011 18:39:25] /a (50)
[12/12/2011 18:39:25] /a (50)
[12/12/2011 18:39:25] /a (50)
[12/12/2011 18:39:25] /a (50)
[12/12/2011 18:39:25] /a (50)
[12/12/2011 18:39:25] /a (50)
[12/12/2011 18:39:25] /a (50)
[12/12/2011 18:39:25] /a (50)
[12/12/2011 18:39:25] /a (50)
[12/12/2011 18:39:25] /a (50)
[12/12/2011 18:39:25] /a (50)
[12/12/2011 18:39:25] /a (50)
[12/12/2011 18:39:25] /a (50)
[12/12/2011 18:39:26] /a (50)
[12/12/2011 18:39:26] /a (50)
[12/12/2011 18:39:26] /a (50)
[12/12/2011 18:39:26] /a (50)
[12/12/2011 18:39:26] /a (50)
[12/12/2011 18:39:26] /a (50)
[12/12/2011 18:39:26] /a (50)
[12/12/2011 18:39:26] /a (50)
[12/12/2011 18:39:26] /a (50)
[12/12/2011 18:39:26] /a (50)
[12/12/2011 18:39:26] /a (50)
[12/12/2011 18:39:26] /a (50)
[12/12/2011 18:39:26] /a (50)
[12/12/2011 18:39:26] /a (50)
[12/12/2011 18:39:26] /a (50)
[12/12/2011 18:39:26] /a (50)
[12/12/2011 18:39:26] /a (50)
[12/12/2011 18:39:26] /a (50)
[12/12/2011 18:39:26] /a (50)
[12/12/2011 18:39:27] /a (50)
[12/12/2011 18:39:27] /a (50)
[12/12/2011 18:39:27] /a (50)
[12/12/2011 18:39:27] /a (50)
[12/12/2011 18:39:29] /goto [GM] Japa
[12/12/2011 18:41:04] /t
[12/12/2011 18:41:07] /t
[12/12/2011 18:41:11] /goto [GM] Japa
[12/12/2011 18:41:14] /t
[12/12/2011 18:41:51] /t knight jesus
[12/12/2011 18:42:24] /t cat
[12/12/2011 18:43:27] /t 
[12/12/2011 18:44:13] /t 
[12/12/2011 18:46:14] /t
[12/12/2011 18:46:26] /a
[12/12/2011 18:46:35] /a
[12/12/2011 18:46:45] /a
[12/12/2011 18:46:50] /a
[12/12/2011 18:46:56] /a
[12/12/2011 18:47:07] /a
[12/12/2011 18:47:08] /a
[12/12/2011 18:47:08] /a
[12/12/2011 18:47:08] /a
[12/12/2011 18:47:08] /a
[12/12/2011 18:47:08] /a
[12/12/2011 18:47:08] /a
[12/12/2011 18:47:08] /a
[12/12/2011 18:47:09] /a
[12/12/2011 18:47:09] /a
[12/12/2011 18:47:09] /a
[12/12/2011 18:47:09] /a
[12/12/2011 18:47:09] /a
[12/12/2011 18:47:09] /a
[12/12/2011 18:47:09] /a
[12/12/2011 18:47:09] /a
[12/12/2011 18:47:09] /a
[12/12/2011 18:47:09] /a
[12/12/2011 18:47:09] /a
[12/12/2011 18:47:09] /a
[12/12/2011 18:47:09] /a
[12/12/2011 18:47:09] /a
[12/12/2011 18:47:10] /a
[12/12/2011 18:47:10] /a
[12/12/2011 18:47:10] /a
[12/12/2011 18:47:10] /a
[12/12/2011 18:47:10] /a
[12/12/2011 18:47:10] /a
[12/12/2011 18:47:10] /a
[12/12/2011 18:47:10] /a
[12/12/2011 18:47:10] /a
[12/12/2011 18:47:10] /a
[12/12/2011 18:47:10] /a
[12/12/2011 18:47:10] /a
[12/12/2011 18:47:10] /a
[12/12/2011 18:47:10] /a
[12/12/2011 18:47:10] /a
[12/12/2011 18:47:10] /a
[12/12/2011 18:47:11] /a
[12/12/2011 18:47:11] /a
[12/12/2011 18:47:11] /a
[12/12/2011 18:47:11] /a
[12/12/2011 18:47:11] /a
[12/12/2011 18:47:11] /a
[12/12/2011 18:47:11] /a
[12/12/2011 18:47:11] /a
[12/12/2011 18:47:11] /a
[12/12/2011 18:47:11] /a
[12/12/2011 18:47:11] /a
[12/12/2011 18:47:11] /a
[12/12/2011 18:47:11] /a
[12/12/2011 18:47:11] /a
[12/12/2011 18:47:11] /a
[12/12/2011 18:47:11] /a
[12/12/2011 18:47:11] /a
[12/12/2011 18:47:11] /a
[12/12/2011 18:47:11] /a
[12/12/2011 18:47:12] /a
[12/12/2011 18:47:12] /a
[12/12/2011 18:47:12] /a
[12/12/2011 18:47:12] /a
[12/12/2011 18:47:12] /a
[12/12/2011 18:47:12] /a
[12/12/2011 18:47:12] /a
[12/12/2011 18:47:12] /a
[12/12/2011 18:47:12] /a
[12/12/2011 18:47:12] /a
[12/12/2011 18:47:12] /a
[12/12/2011 18:47:12] /a
[12/12/2011 18:47:12] /a
[12/12/2011 18:47:12] /a
[12/12/2011 18:47:12] /a
[12/12/2011 18:47:12] /a
[12/12/2011 18:47:12] /a
[12/12/2011 18:47:12] /a
[12/12/2011 18:47:12] /a
[12/12/2011 18:47:12] /a
[12/12/2011 18:47:12] /a
[12/12/2011 18:47:12] /a
[12/12/2011 18:47:12] /a
[12/12/2011 18:47:12] /a
[12/12/2011 18:47:13] /a
[12/12/2011 18:47:13] /a
[12/12/2011 18:47:13] /a
[12/12/2011 18:47:13] /a
[12/12/2011 18:47:13] /a
[12/12/2011 18:47:13] /a
[12/12/2011 18:47:13] /a
[12/12/2011 18:47:13] /a
[12/12/2011 18:47:13] /a
[12/12/2011 18:47:13] /a
[12/12/2011 18:47:13] /a
[12/12/2011 18:47:13] /a
[12/12/2011 18:47:13] /a
[12/12/2011 18:47:13] /a
[12/12/2011 18:47:13] /a
[12/12/2011 18:47:13] /a
[12/12/2011 18:47:13] /a
[12/12/2011 18:47:13] /a
[12/12/2011 18:47:13] /a
[12/12/2011 18:47:14] /a
[12/12/2011 18:47:14] /a
[12/12/2011 18:47:14] /a
[12/12/2011 18:47:14] /a
[12/12/2011 18:47:14] /a
[12/12/2011 18:47:14] /a
[12/12/2011 18:47:14] /a
[12/12/2011 18:47:14] /a
[12/12/2011 18:47:14] /a
[12/12/2011 18:47:14] /a
[12/12/2011 18:47:14] /a
[12/12/2011 18:47:14] /a
[12/12/2011 18:47:14] /a
[12/12/2011 18:47:14] /a
[12/12/2011 18:47:14] /a
[12/12/2011 18:47:15] /a
[12/12/2011 18:47:15] /a
[12/12/2011 18:47:15] /a
[12/12/2011 18:47:15] /a
[12/12/2011 18:47:15] /a
[12/12/2011 18:47:15] /a
[12/12/2011 18:47:15] /a
[12/12/2011 18:47:15] /a
[12/12/2011 18:47:15] /a
[12/12/2011 18:47:15] /a
[12/12/2011 18:47:15] /a
[12/12/2011 18:47:15] /a
[12/12/2011 18:47:15] /a
[12/12/2011 18:47:15] /a
[12/12/2011 18:47:15] /a
[12/12/2011 18:47:15] /a
[12/12/2011 18:47:15] /a
[12/12/2011 18:47:16] /a
[12/12/2011 18:47:16] /a
[12/12/2011 18:47:16] /a
[12/12/2011 18:47:16] /a
[12/12/2011 18:47:16] /a
[12/12/2011 18:47:16] /a
[12/12/2011 18:47:16] /a
[12/12/2011 18:47:16] /a
[12/12/2011 18:47:29] /a
[12/12/2011 18:47:29] /a
[12/12/2011 18:47:29] /a
[12/12/2011 18:47:29] /a
[12/12/2011 18:47:30] /a
[12/12/2011 18:47:30] /a
[12/12/2011 18:47:30] /a
[12/12/2011 18:47:30] /a
[12/12/2011 18:47:30] /a
[12/12/2011 18:47:30] /a
[12/12/2011 18:47:30] /a
[12/12/2011 18:47:31] /a
[12/12/2011 18:47:31] /a
[12/12/2011 18:47:31] /a
[12/12/2011 18:47:31] /a
[12/12/2011 18:47:31] /a
[12/12/2011 18:47:31] /a
[12/12/2011 18:47:31] /a
[12/12/2011 18:47:31] /a
[12/12/2011 18:47:31] /a
[12/12/2011 18:47:31] /a
[12/12/2011 18:47:31] /a
[12/12/2011 18:47:31] /a
[12/12/2011 18:47:36] /a
[12/12/2011 18:47:36] /a
[12/12/2011 18:47:36] /a
[12/12/2011 18:47:36] /a
[12/12/2011 18:47:36] /a
[12/12/2011 18:47:36] /a
[12/12/2011 18:47:36] /a
[12/12/2011 18:47:37] /a
[12/12/2011 18:47:37] /a
[12/12/2011 18:47:37] /a
[12/12/2011 18:47:37] /a
[12/12/2011 18:47:37] /a
[12/12/2011 18:47:37] /a
[12/12/2011 18:47:37] /a
[12/12/2011 18:47:37] /a
[12/12/2011 18:47:37] /a
[12/12/2011 18:47:37] /a
[12/12/2011 18:47:37] /a
[12/12/2011 18:47:38] /a
[12/12/2011 18:47:38] /a
[12/12/2011 18:47:38] /a
[12/12/2011 18:47:38] /a
[12/12/2011 18:47:38] /a
[12/12/2011 18:47:38] /a
[12/12/2011 18:47:38] /a
[12/12/2011 18:47:38] /a
[12/12/2011 18:47:39] /a
[12/12/2011 18:47:39] /a
[12/12/2011 18:47:39] /a
[12/12/2011 18:47:39] /a
[12/12/2011 18:47:39] /a
[12/12/2011 18:47:39] /a
[12/12/2011 18:47:39] /a
[12/12/2011 18:47:39] /a
[12/12/2011 18:47:39] /a
[12/12/2011 18:47:39] /a
[12/12/2011 18:47:39] /a
[12/12/2011 18:47:40] /a
[12/12/2011 18:47:40] /a
[12/12/2011 18:47:40] /a
[12/12/2011 18:47:40] /a
[12/12/2011 18:47:40] /a
[12/12/2011 18:47:40] /a
[12/12/2011 18:47:40] /a
[12/12/2011 18:47:40] /a
[12/12/2011 18:47:40] /a
[12/12/2011 18:47:41] /a
[12/12/2011 18:47:41] /a
[12/12/2011 18:47:41] /a
[12/12/2011 18:47:41] /a
[12/12/2011 18:47:41] /a
[12/12/2011 18:47:41] /a
[12/12/2011 18:47:41] /a
[12/12/2011 18:47:41] /a
[12/12/2011 18:47:42] /a
[12/12/2011 18:47:42] /a
[12/12/2011 18:47:42] /a
[12/12/2011 18:47:42] /a
[12/12/2011 18:47:43] /a
[12/12/2011 18:47:43] /a
[12/12/2011 18:47:44] /a
[12/12/2011 18:47:44] /a
[12/12/2011 18:47:44] /a
[12/12/2011 18:47:44] /a
[12/12/2011 18:47:44] /a
[12/12/2011 18:47:44] /a
[12/12/2011 18:47:44] /a
[12/12/2011 18:47:44] /a
[12/12/2011 18:47:44] /a
[12/12/2011 18:47:44] /a
[12/12/2011 18:47:45] /a
[12/12/2011 18:47:45] /a
[12/12/2011 18:47:45] /a
[12/12/2011 18:47:45] /a
[12/12/2011 18:47:45] /a
[12/12/2011 18:47:45] /a
[12/12/2011 18:47:50] /a
[12/12/2011 18:47:51] /a
[12/12/2011 18:47:52] /a
[12/12/2011 18:47:52] /a
[12/12/2011 18:47:53] /a
[12/12/2011 18:47:54] /a
[12/12/2011 18:47:55] /a
[12/12/2011 18:47:57] /a
[12/12/2011 18:47:58] /a
[12/12/2011 18:47:59] /a
[12/12/2011 18:47:59] /a
[12/12/2011 18:47:59] /a
[12/12/2011 18:47:59] /a
[12/12/2011 18:47:59] /a
[12/12/2011 18:47:59] /a
[12/12/2011 18:47:59] /a
[12/12/2011 18:47:59] /a
[12/12/2011 18:47:59] /a
[12/12/2011 18:47:59] /a
[12/12/2011 18:47:59] /a
[12/12/2011 18:47:59] /a
[12/12/2011 18:47:59] /a
[12/12/2011 18:47:59] /a
[12/12/2011 18:47:59] /a
[12/12/2011 18:47:59] /a
[12/12/2011 18:47:59] /a
[12/12/2011 18:47:59] /a
[12/12/2011 18:48:00] /a
[12/12/2011 18:48:00] /a
[12/12/2011 18:48:00] /a
[12/12/2011 18:48:00] /a
[12/12/2011 18:48:00] /a
[12/12/2011 18:48:00] /a
[12/12/2011 18:48:00] /a
[12/12/2011 18:48:00] /a
[12/12/2011 18:48:00] /a
[12/12/2011 18:48:00] /a
[12/12/2011 18:48:00] /a
[12/12/2011 18:48:00] /a
[12/12/2011 18:48:00] /a
[12/12/2011 18:48:00] /a
[12/12/2011 18:48:03] /a
[12/12/2011 18:48:04] /a
[12/12/2011 18:48:04] /a
[12/12/2011 18:48:04] /a
[12/12/2011 18:48:04] /a
[12/12/2011 18:48:04] /a
[12/12/2011 18:48:05] /a
[12/12/2011 18:48:05] /a
[12/12/2011 18:48:05] /a
[12/12/2011 18:48:05] /a
[12/12/2011 18:48:05] /a
[12/12/2011 18:48:05] /a
[12/12/2011 18:48:05] /a
[12/12/2011 18:48:05] /a
[12/12/2011 18:48:06] /a
[12/12/2011 18:48:10] /a
[12/12/2011 18:48:11] /a
[12/12/2011 18:48:12] /a
[12/12/2011 18:48:13] /a
[12/12/2011 18:48:25] /a
[12/12/2011 18:48:31] /a
[12/12/2011 18:48:52] /a
[12/12/2011 18:48:53] /a
[12/12/2011 18:48:53] /a
[12/12/2011 18:48:53] /a
[12/12/2011 18:48:53] /a
[12/12/2011 18:48:53] /a
[12/12/2011 18:48:53] /a
[12/12/2011 18:48:53] /a
[12/12/2011 18:48:53] /a
[12/12/2011 18:48:53] /a
[12/12/2011 18:48:53] /a
[12/12/2011 18:48:53] /a
[12/12/2011 18:48:53] /a
[12/12/2011 18:48:53] /a
[12/12/2011 18:48:53] /a
[12/12/2011 18:48:54] /a
[12/12/2011 18:48:54] /a
[12/12/2011 18:48:54] /a
[12/12/2011 18:48:54] /a
[12/12/2011 18:48:54] /a
[12/12/2011 18:48:54] /a
[12/12/2011 18:48:54] /a
[12/12/2011 18:48:54] /a
[12/12/2011 18:48:54] /a
[12/12/2011 18:48:54] /a
[12/12/2011 18:48:54] /a
[12/12/2011 18:48:54] /a
[12/12/2011 18:48:54] /a
[12/12/2011 18:48:54] /a
[12/12/2011 18:48:55] /a
[12/12/2011 18:48:55] /a
[12/12/2011 18:48:55] /a
[12/12/2011 18:48:55] /a
[12/12/2011 18:48:55] /a
[12/12/2011 18:48:55] /a
[12/12/2011 18:48:55] /a
[12/12/2011 18:48:55] /a
[12/12/2011 18:48:55] /a
[12/12/2011 18:48:55] /a
[12/12/2011 18:48:55] /a
[12/12/2011 18:48:55] /a
[12/12/2011 18:48:56] /a
[12/12/2011 18:48:56] /a
[12/12/2011 18:48:56] /a
[12/12/2011 18:48:56] /a
[12/12/2011 18:48:56] /a
[12/12/2011 18:48:56] /a
[12/12/2011 18:48:56] /a
[12/12/2011 18:48:56] /a
[12/12/2011 18:48:56] /a
[12/12/2011 18:48:56] /a
[12/12/2011 18:48:56] /a
[12/12/2011 18:48:56] /a
[12/12/2011 18:48:56] /a
[12/12/2011 18:48:56] /a
[12/12/2011 18:48:57] /a
[12/12/2011 18:48:57] /a
[12/12/2011 18:48:57] /a
[12/12/2011 18:48:57] /a
[12/12/2011 18:48:57] /a
[12/12/2011 18:48:57] /a
[12/12/2011 18:48:57] /a
[12/12/2011 18:48:57] /a
[12/12/2011 18:48:57] /a
[12/12/2011 18:48:57] /a
[12/12/2011 18:48:58] /a
[12/12/2011 18:48:58] /a
[12/12/2011 18:48:58] /a
[12/12/2011 18:48:58] /a
[12/12/2011 18:48:58] /a
[12/12/2011 18:48:58] /a
[12/12/2011 18:48:58] /a
[12/12/2011 18:48:58] /a
[12/12/2011 18:48:58] /a
[12/12/2011 18:48:58] /a
[12/12/2011 18:48:58] /a
[12/12/2011 18:48:58] /a
[12/12/2011 18:48:59] /a
[12/12/2011 18:48:59] /a
[12/12/2011 18:48:59] /a
[12/12/2011 18:48:59] /a
[12/12/2011 18:48:59] /a
[12/12/2011 18:48:59] /a
[12/12/2011 18:48:59] /a
[12/12/2011 18:48:59] /a
[12/12/2011 18:49:00] /a
[12/12/2011 18:49:00] /a
[12/12/2011 18:49:00] /a
[12/12/2011 18:49:00] /a
[12/12/2011 18:49:00] /a
[12/12/2011 18:49:00] /a
[12/12/2011 18:49:00] /a
[12/12/2011 18:49:00] /a
[12/12/2011 18:49:00] /a
[12/12/2011 18:49:01] /a
[12/12/2011 18:49:01] /a
[12/12/2011 18:49:01] /a
[12/12/2011 18:49:01] /a
[12/12/2011 18:49:01] /a
[12/12/2011 18:49:01] /a
[12/12/2011 18:49:01] /a
[12/12/2011 18:49:01] /a
[12/12/2011 18:49:02] /a
[12/12/2011 18:49:08] /a
[12/12/2011 18:49:09] /a
[12/12/2011 18:49:09] /a
[12/12/2011 18:49:09] /a
[12/12/2011 18:49:09] /a
[12/12/2011 18:49:09] /a
[12/12/2011 18:49:09] /a
[12/12/2011 18:49:09] /a
[12/12/2011 18:49:11] /a
[12/12/2011 18:49:27] /goto [GM] Japa
[12/12/2011 18:50:36] /a
[12/12/2011 18:50:37] /a
[12/12/2011 18:50:37] /a
[12/12/2011 18:50:37] /a
[12/12/2011 18:50:37] /a
[12/12/2011 18:50:37] /a
[12/12/2011 18:50:38] /a
[12/12/2011 18:50:38] /a
[12/12/2011 18:50:38] /a
[12/12/2011 18:50:38] /a
[12/12/2011 18:50:38] /a
[12/12/2011 18:50:38] /a
[12/12/2011 18:50:38] /a
[12/12/2011 18:50:38] /a
[12/12/2011 18:50:38] /a
[12/12/2011 18:50:38] /a
[12/12/2011 18:50:39] /a
[12/12/2011 18:50:39] /a
[12/12/2011 18:50:39] /a
[12/12/2011 18:50:39] /a
[12/12/2011 18:50:39] /a
[12/12/2011 18:50:39] /a
[12/12/2011 18:50:39] /a
[12/12/2011 18:50:39] /a
[12/12/2011 18:50:40] /a
[12/12/2011 18:50:40] /a
[12/12/2011 18:50:40] /a
[12/12/2011 18:50:40] /a
[12/12/2011 18:50:40] /a
[12/12/2011 18:50:40] /a
[12/12/2011 18:50:40] /a
[12/12/2011 18:50:40] /a
[12/12/2011 18:50:40] /a
[12/12/2011 18:50:40] /a
[12/12/2011 18:50:40] /a
[12/12/2011 18:50:41] /a
[12/12/2011 18:50:41] /a
[12/12/2011 18:50:41] /a
[12/12/2011 18:50:41] /a
[12/12/2011 18:50:41] /a
[12/12/2011 18:50:41] /a
[12/12/2011 18:50:41] /a
[12/12/2011 18:50:41] /a
[12/12/2011 18:50:42] /a
[12/12/2011 18:50:42] /a
[12/12/2011 18:50:42] /a
[12/12/2011 18:50:42] /a
[12/12/2011 18:50:42] /a
[12/12/2011 18:50:42] /a
[12/12/2011 18:50:42] /a
[12/12/2011 18:50:42] /a
[12/12/2011 18:50:42] /a
[12/12/2011 18:50:42] /a
[12/12/2011 18:50:42] /a
[12/12/2011 18:50:43] /a
[12/12/2011 18:50:43] /a
[12/12/2011 18:50:43] /a
[12/12/2011 18:50:43] /a
[12/12/2011 18:50:43] /a
[12/12/2011 18:50:44] /a
[12/12/2011 18:50:44] /a
[12/12/2011 18:50:46] /a
[12/12/2011 18:50:46] /a
[12/12/2011 18:50:46] /a
[12/12/2011 18:50:47] /a
[12/12/2011 18:50:48] /a
[12/12/2011 18:50:57] /a
[12/12/2011 18:50:57] /a
[12/12/2011 18:50:57] /a
[12/12/2011 18:50:57] /a
[12/12/2011 18:50:58] /a
[12/12/2011 18:50:58] /a
[12/12/2011 18:50:58] /a
[12/12/2011 18:50:58] /a
[12/12/2011 18:50:58] /a
[12/12/2011 18:50:58] /a
[12/12/2011 18:50:58] /a
[12/12/2011 18:50:58] /a
[12/12/2011 18:50:58] /a
[12/12/2011 18:50:58] /a
[12/12/2011 18:50:58] /a
[12/12/2011 18:50:58] /a
[12/12/2011 18:50:58] /a
[12/12/2011 18:50:58] /a
[12/12/2011 18:50:59] /a
[12/12/2011 18:50:59] /a
[12/12/2011 18:50:59] /a
[12/12/2011 18:50:59] /a
[12/12/2011 18:50:59] /a
[12/12/2011 18:50:59] /a
[12/12/2011 18:50:59] /a
[12/12/2011 18:50:59] /a
[12/12/2011 18:50:59] /a
[12/12/2011 18:50:59] /a
[12/12/2011 18:50:59] /a
[12/12/2011 18:50:59] /a
[12/12/2011 18:50:59] /a
[12/12/2011 18:50:59] /a
[12/12/2011 18:50:59] /a
[12/12/2011 18:51:00] /a
[12/12/2011 18:51:00] /a
[12/12/2011 18:51:00] /a
[12/12/2011 18:51:00] /a
[12/12/2011 18:51:00] /a
[12/12/2011 18:51:00] /a
[12/12/2011 18:51:00] /a
[12/12/2011 18:51:00] /a
[12/12/2011 18:51:00] /a
[12/12/2011 18:51:00] /a
[12/12/2011 18:51:00] /a
[12/12/2011 18:51:00] /a
[12/12/2011 18:51:00] /a
[12/12/2011 18:51:00] /a
[12/12/2011 18:51:00] /a
[12/12/2011 18:51:00] /a
[12/12/2011 18:51:00] /a
[12/12/2011 18:51:00] /a
[12/12/2011 18:51:00] /a
[12/12/2011 18:51:00] /a
[12/12/2011 18:51:01] /a
[12/12/2011 18:51:01] /a
[12/12/2011 18:51:01] /a
[12/12/2011 18:51:01] /a
[12/12/2011 18:51:01] /a
[12/12/2011 18:51:01] /a
[12/12/2011 18:51:01] /a
[12/12/2011 18:51:01] /a
[12/12/2011 18:51:01] /a
[12/12/2011 18:51:01] /a
[12/12/2011 18:51:01] /a
[12/12/2011 18:51:01] /a
[12/12/2011 18:51:01] /a
[12/12/2011 18:51:01] /a
[12/12/2011 18:51:01] /a
[12/12/2011 18:51:01] /a
[12/12/2011 18:51:01] /a
[12/12/2011 18:51:01] /a
[12/12/2011 18:51:01] /a
[12/12/2011 18:51:01] /a
[12/12/2011 18:51:01] /a
[12/12/2011 18:51:01] /a
[12/12/2011 18:51:02] /a
[12/12/2011 18:51:02] /a
[12/12/2011 18:51:02] /a
[12/12/2011 18:51:02] /a
[12/12/2011 18:51:02] /a
[12/12/2011 18:51:02] /a
[12/12/2011 18:51:02] /a
[12/12/2011 18:51:03] /a
[12/12/2011 18:51:03] /a
[12/12/2011 18:51:03] /a
[12/12/2011 18:51:04] /a
[12/12/2011 18:51:04] /a
[12/12/2011 18:51:04] /a
[12/12/2011 18:51:04] /a
[12/12/2011 18:51:04] /a
[12/12/2011 18:51:04] /a
[12/12/2011 18:51:04] /a
[12/12/2011 18:51:04] /a
[12/12/2011 18:51:04] /a
[12/12/2011 18:51:04] /a
[12/12/2011 18:51:04] /a
[12/12/2011 18:51:04] /a
[12/12/2011 18:51:04] /a
[12/12/2011 18:51:04] /a
[12/12/2011 18:51:04] /a
[12/12/2011 18:51:04] /a
[12/12/2011 18:51:04] /a
[12/12/2011 18:51:05] /a
[12/12/2011 18:51:05] /a
[12/12/2011 18:51:05] /a
[12/12/2011 18:51:05] /a
[12/12/2011 18:51:05] /a
[12/12/2011 18:51:05] /a
[12/12/2011 18:51:05] /a
[12/12/2011 18:51:05] /a
[12/12/2011 18:51:05] /a
[12/12/2011 18:51:05] /a
[12/12/2011 18:51:05] /a
[12/12/2011 18:51:05] /a
[12/12/2011 18:51:05] /a
[12/12/2011 18:51:05] /a
[12/12/2011 18:51:05] /a
[12/12/2011 18:51:05] /a
[12/12/2011 18:51:05] /a
[12/12/2011 18:51:06] /a
[12/12/2011 18:51:06] /a
[12/12/2011 18:51:06] /a
[12/12/2011 18:51:06] /a
[12/12/2011 18:51:06] /a
[12/12/2011 18:51:06] /a
[12/12/2011 18:51:06] /a
[12/12/2011 18:51:06] /a
[12/12/2011 18:51:06] /a
[12/12/2011 18:51:06] /a
[12/12/2011 18:51:06] /a
[12/12/2011 18:51:06] /a
[12/12/2011 18:51:06] /a
[12/12/2011 18:51:06] /a
[12/12/2011 18:51:07] /a
[12/12/2011 18:51:07] /a
[12/12/2011 18:51:07] /a
[12/12/2011 18:51:07] /a
[12/12/2011 18:51:07] /a
[12/12/2011 18:51:07] /a
[12/12/2011 18:51:07] /a
[12/12/2011 18:51:07] /a
[12/12/2011 18:51:07] /a
[12/12/2011 18:51:07] /a
[12/12/2011 18:51:07] /a
[12/12/2011 18:51:07] /a
[12/12/2011 18:51:07] /a
[12/12/2011 18:51:07] /a
[12/12/2011 18:51:08] /a
[12/12/2011 18:51:08] /a
[12/12/2011 18:51:08] /a
[12/12/2011 18:51:08] /a
[12/12/2011 18:51:08] /a
[12/12/2011 18:51:08] /a
[12/12/2011 18:51:08] /a
[12/12/2011 18:51:08] /a
[12/12/2011 18:51:09] /a
[12/12/2011 18:51:09] /a
[12/12/2011 18:51:09] /a
[12/12/2011 18:51:09] /a
[12/12/2011 18:51:09] /a
[12/12/2011 18:51:09] /a
[12/12/2011 18:51:09] /a
[12/12/2011 18:51:09] /a
[12/12/2011 18:51:09] /a
[12/12/2011 18:51:09] /a
[12/12/2011 18:51:09] /a
[12/12/2011 18:51:09] /a
[12/12/2011 18:51:09] /a
[12/12/2011 18:51:10] /a
[12/12/2011 18:51:10] /a
[12/12/2011 18:51:10] /a
[12/12/2011 18:51:10] /a
[12/12/2011 18:51:10] /a
[12/12/2011 18:51:10] /a
[12/12/2011 18:51:10] /a
[12/12/2011 18:51:10] /a
[12/12/2011 18:51:10] /a
[12/12/2011 18:51:10] /a
[12/12/2011 18:51:10] /a
[12/12/2011 18:51:10] /a
[12/12/2011 18:51:11] /a
[12/12/2011 18:51:11] /a
[12/12/2011 18:51:11] /a
[12/12/2011 18:51:11] /a
[12/12/2011 18:51:11] /a
[12/12/2011 18:51:11] /a
[12/12/2011 18:51:11] /a
[12/12/2011 18:51:11] /a
[12/12/2011 18:51:12] /a
[12/12/2011 18:51:12] /a
[12/12/2011 18:51:12] /a
[12/12/2011 18:51:12] /a
[12/12/2011 18:51:12] /a
[12/12/2011 18:51:12] /a
[12/12/2011 18:51:12] /a
[12/12/2011 18:51:12] /a
[12/12/2011 18:51:12] /a
[12/12/2011 18:51:12] /a
[12/12/2011 18:51:13] /a
[12/12/2011 18:51:13] /a
[12/12/2011 18:51:13] /a
[12/12/2011 18:51:13] /a
[12/12/2011 18:51:13] /a
[12/12/2011 18:51:13] /a
[12/12/2011 18:51:13] /a
[12/12/2011 18:51:13] /a
[12/12/2011 18:51:13] /a
[12/12/2011 18:51:13] /a
[12/12/2011 18:51:13] /a
[12/12/2011 18:51:15] /a
[12/12/2011 18:51:15] /a
[12/12/2011 18:51:15] /a
[12/12/2011 18:51:15] /a
[12/12/2011 18:51:16] /a
[12/12/2011 18:51:16] /a
[12/12/2011 18:51:16] /a
[12/12/2011 18:51:16] /a
[12/12/2011 18:51:16] /a
[12/12/2011 18:51:16] /a
[12/12/2011 18:51:16] /a
[12/12/2011 18:51:16] /a
[12/12/2011 18:51:16] /a
[12/12/2011 18:51:16] /a
[12/12/2011 18:51:16] /a
[12/12/2011 18:51:16] /a
[12/12/2011 18:51:16] /a
[12/12/2011 18:51:16] /a
[12/12/2011 18:51:16] /a
[12/12/2011 18:51:17] /a
[12/12/2011 18:51:17] /a
[12/12/2011 18:51:17] /a
[12/12/2011 18:51:17] /a
[12/12/2011 18:51:17] /a
[12/12/2011 18:51:17] /a
[12/12/2011 18:51:17] /a
[12/12/2011 18:51:19] /a
[12/12/2011 18:51:21] /a
[12/12/2011 18:51:22] /a
[12/12/2011 18:51:22] /a
[12/12/2011 18:51:22] /a
[12/12/2011 18:51:22] /a
[12/12/2011 18:51:22] /a
[12/12/2011 18:51:22] /a
[12/12/2011 18:51:22] /a
[12/12/2011 18:51:37] /a
[12/12/2011 18:51:38] /a
[12/12/2011 18:51:38] /a
[12/12/2011 18:51:38] /a
[12/12/2011 18:51:38] /a
[12/12/2011 18:51:38] /a
[12/12/2011 18:51:38] /a
[12/12/2011 18:51:38] /a
[12/12/2011 18:51:39] /a
[12/12/2011 18:51:39] /a
[12/12/2011 18:51:39] /a
[12/12/2011 18:51:39] /a
[12/12/2011 18:51:39] /a
[12/12/2011 18:51:39] /a
[12/12/2011 18:51:39] /a
[12/12/2011 18:51:39] /a
[12/12/2011 18:51:39] /a
[12/12/2011 18:51:39] /a
[12/12/2011 18:51:39] /a
[12/12/2011 18:51:39] /a
[12/12/2011 18:51:40] /a
[12/12/2011 18:51:40] /a
[12/12/2011 18:51:40] /a
[12/12/2011 18:51:40] /a
[12/12/2011 18:51:40] /a
[12/12/2011 18:51:40] /a
[12/12/2011 18:51:40] /a
[12/12/2011 18:51:40] /a
[12/12/2011 18:51:41] /a
[12/12/2011 18:51:42] /a
[12/12/2011 18:51:42] /a
[12/12/2011 18:51:42] /a
[12/12/2011 18:51:42] /a
[12/12/2011 18:51:42] /a
[12/12/2011 18:51:42] /a
[12/12/2011 18:51:42] /a
[12/12/2011 18:51:42] /a
[12/12/2011 18:51:42] /a
[12/12/2011 18:51:42] /a
[12/12/2011 18:51:42] /a
[12/12/2011 18:51:42] /a
[12/12/2011 18:51:42] /a
[12/12/2011 18:51:42] /a
[12/12/2011 18:51:42] /a
[12/12/2011 18:51:43] /a
[12/12/2011 18:51:43] /a
[12/12/2011 18:51:43] /a
[12/12/2011 18:51:43] /a
[12/12/2011 18:51:43] /a
[12/12/2011 18:51:43] /a
[12/12/2011 18:51:43] /a
[12/12/2011 18:51:43] /a
[12/12/2011 18:51:43] /a
[12/12/2011 18:51:43] /a
[12/12/2011 18:51:43] /a
[12/12/2011 18:51:43] /a
[12/12/2011 18:51:44] /a
[12/12/2011 18:51:47] /a
[12/12/2011 18:52:37] /a
[12/12/2011 18:53:23] /a
[12/12/2011 18:53:24] /a
[12/12/2011 18:53:24] /a
[12/12/2011 18:53:24] /a
[12/12/2011 18:53:24] /a
[12/12/2011 18:53:24] /a
[12/12/2011 18:53:24] /a
[12/12/2011 18:53:24] /a
[12/12/2011 18:53:24] /a
[12/12/2011 18:53:24] /a
[12/12/2011 18:53:24] /a
[12/12/2011 18:53:25] /a
[12/12/2011 18:53:25] /a
[12/12/2011 18:53:25] /a
[12/12/2011 18:53:25] /a
[12/12/2011 18:53:25] /a
[12/12/2011 18:53:26] /a
[12/12/2011 18:53:26] /a
[12/12/2011 18:53:27] /a
[12/12/2011 18:53:30] /a
[12/12/2011 18:53:59] /a
[12/12/2011 18:54:08] /a
[12/12/2011 18:54:08] /a
[12/12/2011 18:54:09] /a
[12/12/2011 18:54:09] /a
[12/12/2011 18:54:09] /a
[12/12/2011 18:54:09] /a
[12/12/2011 18:54:09] /a
[12/12/2011 18:54:09] /a
[12/12/2011 18:54:09] /a
[12/12/2011 18:54:09] /a
[12/12/2011 18:54:09] /a
[12/12/2011 18:54:09] /a
[12/12/2011 18:54:09] /a
[12/12/2011 18:54:09] /a
[12/12/2011 18:54:09] /a
[12/12/2011 18:54:09] /a
[12/12/2011 18:54:09] /a
[12/12/2011 18:54:09] /a
[12/12/2011 18:54:09] /a
[12/12/2011 18:54:09] /a
[12/12/2011 18:54:09] /a
[12/12/2011 18:54:09] /a
[12/12/2011 18:54:09] /a
[12/12/2011 18:54:10] /a
[12/12/2011 18:54:10] /a
[12/12/2011 18:54:10] /a
[12/12/2011 18:54:10] /a
[12/12/2011 18:54:10] /a
[12/12/2011 18:54:10] /a
[12/12/2011 18:54:10] /a
[12/12/2011 18:54:10] /a
[12/12/2011 18:54:10] /a
[12/12/2011 18:54:10] /a
[12/12/2011 18:54:10] /a
[12/12/2011 18:54:10] /a
[12/12/2011 18:54:10] /a
[12/12/2011 18:54:10] /a
[12/12/2011 18:54:10] /a
[12/12/2011 18:54:10] /a
[12/12/2011 18:54:10] /a
[12/12/2011 18:54:10] /a
[12/12/2011 18:54:10] /a
[12/12/2011 18:54:10] /a
[12/12/2011 18:54:10] /a
[12/12/2011 18:54:10] /a
[12/12/2011 18:54:10] /a
[12/12/2011 18:54:10] /a
[12/12/2011 18:54:10] /a
[12/12/2011 18:54:10] /a
[12/12/2011 18:54:10] /a
[12/12/2011 18:54:10] /a
[12/12/2011 18:54:10] /a
[12/12/2011 18:54:11] /a
[12/12/2011 18:54:11] /a
[12/12/2011 18:54:11] /a
[12/12/2011 18:54:11] /a
[12/12/2011 18:54:13] /a
[12/12/2011 18:54:13] /a
[12/12/2011 18:54:13] /a
[12/12/2011 18:54:13] /a
[12/12/2011 18:54:13] /a
[12/12/2011 18:54:14] /a
[12/12/2011 18:54:15] /a
[12/12/2011 18:54:15] /a
[12/12/2011 18:54:15] /a
[12/12/2011 18:54:15] /a
[12/12/2011 18:54:15] /a
[12/12/2011 18:54:15] /a
[12/12/2011 18:54:15] /a
[12/12/2011 18:54:15] /a
[12/12/2011 18:54:15] /a
[12/12/2011 18:54:15] /a
[12/12/2011 18:54:15] /a
[12/12/2011 18:54:15] /a
[12/12/2011 18:54:15] /a
[12/12/2011 18:54:15] /a
[12/12/2011 18:54:15] /a
[12/12/2011 18:54:15] /a
[12/12/2011 18:54:16] /a
[12/12/2011 18:54:16] /a
[12/12/2011 18:54:16] /a
[12/12/2011 18:54:16] /a
[12/12/2011 18:54:16] /a
[12/12/2011 18:54:16] /a
[12/12/2011 18:54:16] /a
[12/12/2011 18:54:16] /a
[12/12/2011 18:54:16] /a
[12/12/2011 18:54:16] /a
[12/12/2011 18:54:16] /a
[12/12/2011 18:54:16] /a
[12/12/2011 18:54:16] /a
[12/12/2011 18:54:16] /a
[12/12/2011 18:54:16] /a
[12/12/2011 18:54:16] /a
[12/12/2011 18:54:16] /a
[12/12/2011 18:54:16] /a
[12/12/2011 18:54:16] /a
[12/12/2011 18:54:16] /a
[12/12/2011 18:54:16] /a
[12/12/2011 18:54:16] /a
[12/12/2011 18:54:16] /a
[12/12/2011 18:54:17] /a
[12/12/2011 18:54:17] /a
[12/12/2011 18:54:17] /a
[12/12/2011 18:54:17] /a
[12/12/2011 18:54:17] /a
[12/12/2011 18:54:17] /a
[12/12/2011 18:54:17] /a
[12/12/2011 18:54:17] /a
[12/12/2011 18:54:17] /a
[12/12/2011 18:54:17] /a
[12/12/2011 18:54:18] /a
[12/12/2011 18:54:19] /a
[12/12/2011 18:54:19] /a
[12/12/2011 18:54:19] /a
[12/12/2011 18:54:19] /a
[12/12/2011 18:54:19] /a
[12/12/2011 18:54:19] /a
[12/12/2011 18:54:19] /a
[12/12/2011 18:54:19] /a
[12/12/2011 18:54:19] /a
[12/12/2011 18:54:19] /a
[12/12/2011 18:54:19] /a
[12/12/2011 18:54:19] /a
[12/12/2011 18:54:19] /a
[12/12/2011 18:54:19] /a
[12/12/2011 18:54:19] /a
[12/12/2011 18:54:19] /a
[12/12/2011 18:54:19] /a
[12/12/2011 18:54:20] /a
[12/12/2011 18:54:20] /a
[12/12/2011 18:54:20] /a
[12/12/2011 18:54:20] /a
[12/12/2011 18:54:20] /a
[12/12/2011 18:54:20] /a
[12/12/2011 18:54:20] /a
[12/12/2011 18:54:20] /a
[12/12/2011 18:54:20] /a
[12/12/2011 18:54:20] /a
[12/12/2011 18:54:20] /a
[12/12/2011 18:54:20] /a
[12/12/2011 18:54:20] /a
[12/12/2011 18:54:20] /a
[12/12/2011 18:54:20] /a
[12/12/2011 18:54:20] /a
[12/12/2011 18:54:20] /a
[12/12/2011 18:54:20] /a
[12/12/2011 18:54:20] /a
[12/12/2011 18:54:20] /a
[12/12/2011 18:54:20] /a
[12/12/2011 18:54:20] /a
[12/12/2011 18:54:20] /a
[12/12/2011 18:54:20] /a
[12/12/2011 18:54:20] /a
[12/12/2011 18:54:21] /a
[12/12/2011 18:54:21] /a
[12/12/2011 18:54:21] /a
[12/12/2011 18:54:21] /a
[12/12/2011 18:54:21] /a
[12/12/2011 18:54:21] /a
[12/12/2011 18:54:21] /a
[12/12/2011 18:54:21] /a
[12/12/2011 18:54:21] /a
[12/12/2011 18:54:21] /a
[12/12/2011 18:54:21] /a
[12/12/2011 18:54:21] /a
[12/12/2011 18:54:28] /a
[12/12/2011 18:54:29] /a
[12/12/2011 18:56:19] /c madruga
[12/12/2011 18:58:31] /c samurai
[12/12/2011 19:10:36] /c kavera
[12/12/2011 19:10:41] /c kvera
[12/12/2011 19:10:48] /c kvera
[12/12/2011 19:11:36] /a
[12/12/2011 19:11:37] /a
[12/12/2011 19:11:37] /a
[12/12/2011 19:11:37] /a
[12/12/2011 19:11:37] /a
[12/12/2011 19:11:37] /a
[12/12/2011 19:11:37] /a
[12/12/2011 19:11:37] /a
[12/12/2011 19:11:37] /a
[12/12/2011 19:11:37] /a
[12/12/2011 19:11:37] /a
[12/12/2011 19:11:37] /a
[12/12/2011 19:11:37] /a
[12/12/2011 19:11:37] /a
[12/12/2011 19:11:37] /a
[12/12/2011 19:11:37] /a
[12/12/2011 19:11:37] /a
[12/12/2011 19:11:37] /a
[12/12/2011 19:11:38] /a
[12/12/2011 19:11:38] /a
[12/12/2011 19:11:38] /a
[12/12/2011 19:11:38] /a
[12/12/2011 19:11:38] /a
[12/12/2011 19:11:38] /a
[12/12/2011 19:11:38] /a
[12/12/2011 19:11:38] /a
[12/12/2011 19:11:38] /a
[12/12/2011 19:11:38] /a
[12/12/2011 19:11:38] /a
[12/12/2011 19:11:38] /a
[12/12/2011 19:11:38] /a
[12/12/2011 19:11:38] /a
[12/12/2011 19:11:38] /a
[12/12/2011 19:11:39] /a
[12/12/2011 19:11:40] /a
[12/12/2011 19:11:41] /a
[12/12/2011 19:11:42] /a
[12/12/2011 19:11:44] /a
[12/12/2011 19:11:48] /a
[12/12/2011 19:11:48] /a
[12/12/2011 19:11:49] /a
[12/12/2011 19:11:49] /a
[12/12/2011 19:11:49] /a
[12/12/2011 19:11:49] /a
[12/12/2011 19:11:49] /a
[12/12/2011 19:11:49] /a
[12/12/2011 19:11:49] /a
[12/12/2011 19:11:50] /a
[12/12/2011 19:11:50] /a
[12/12/2011 19:11:50] /a
[12/12/2011 19:11:50] /a
[12/12/2011 19:11:51] /a
[12/12/2011 19:11:52] /a
[12/12/2011 19:11:54] /a
[12/12/2011 19:11:55] /a
[12/12/2011 19:11:55] /a
[12/12/2011 19:11:55] /a
[12/12/2011 19:11:55] /a
[12/12/2011 19:11:55] /a
[12/12/2011 19:11:55] /a
[12/12/2011 19:11:56] /a
[12/12/2011 19:11:56] /a
[12/12/2011 19:11:56] /a
[12/12/2011 19:11:57] /a
[12/12/2011 19:12:03] /a
[12/12/2011 19:12:04] /a
[12/12/2011 19:12:05] /a
[12/12/2011 19:12:05] /a
[12/12/2011 19:12:05] /a
[12/12/2011 19:12:05] /a
[12/12/2011 19:12:06] /a
[12/12/2011 19:12:06] /a
[12/12/2011 19:12:06] /a
[12/12/2011 19:12:06] /a
[12/12/2011 19:12:06] /a
[12/12/2011 19:12:06] /a
[12/12/2011 19:12:06] /a
[12/12/2011 19:12:06] /a
[12/12/2011 19:12:06] /a
[12/12/2011 19:12:06] /a
[12/12/2011 19:12:06] /a
[12/12/2011 19:12:06] /a
[12/12/2011 19:12:06] /a
[12/12/2011 19:12:06] /a
[12/12/2011 19:12:06] /a
[12/12/2011 19:12:06] /a
[12/12/2011 19:12:06] /a
[12/12/2011 19:12:06] /a
[12/12/2011 19:12:06] /a
[12/12/2011 19:12:06] /a
[12/12/2011 19:12:07] /a
[12/12/2011 19:12:07] /a
[12/12/2011 19:12:07] /a
[12/12/2011 19:12:07] /a
[12/12/2011 19:12:07] /a
[12/12/2011 19:12:07] /a
[12/12/2011 19:12:07] /a
[12/12/2011 19:12:07] /a
[12/12/2011 19:12:07] /a
[12/12/2011 19:12:07] /a
[12/12/2011 19:12:07] /a
[12/12/2011 19:12:07] /a
[12/12/2011 19:12:07] /a
[12/12/2011 19:12:07] /a
[12/12/2011 19:12:07] /a
[12/12/2011 19:12:07] /a
[12/12/2011 19:12:07] /a
[12/12/2011 19:12:07] /a
[12/12/2011 19:12:07] /a
[12/12/2011 19:12:07] /a
[12/12/2011 19:12:07] /a
[12/12/2011 19:12:08] /a
[12/12/2011 19:12:08] /a
[12/12/2011 19:12:08] /a
[12/12/2011 19:12:08] /a
[12/12/2011 19:12:08] /a
[12/12/2011 19:12:08] /a
[12/12/2011 19:12:08] /a
[12/12/2011 19:12:08] /a
[12/12/2011 19:12:08] /a
[12/12/2011 19:12:16] /a
[12/12/2011 19:12:17] /a
[12/12/2011 19:12:17] /a
[12/12/2011 19:12:17] /a
[12/12/2011 19:12:17] /a
[12/12/2011 19:12:17] /a
[12/12/2011 19:12:17] /a
[12/12/2011 19:12:17] /a
[12/12/2011 19:12:17] /a
[12/12/2011 19:12:17] /a
[12/12/2011 19:12:17] /a
[12/12/2011 19:12:17] /a
[12/12/2011 19:12:17] /a
[12/12/2011 19:12:17] /a
[12/12/2011 19:12:18] /a
[12/12/2011 19:12:18] /a
[12/12/2011 19:12:18] /a
[12/12/2011 19:12:18] /a
[12/12/2011 19:12:18] /a
[12/12/2011 19:12:18] /a
[12/12/2011 19:12:18] /a
[12/12/2011 19:12:18] /a
[12/12/2011 19:12:18] /a
[12/12/2011 19:12:18] /a
[12/12/2011 19:12:18] /a
[12/12/2011 19:12:18] /a
[12/12/2011 19:12:18] /a
[12/12/2011 19:12:18] /a
[12/12/2011 19:12:18] /a
[12/12/2011 19:12:18] /a
[12/12/2011 19:12:18] /a
[12/12/2011 19:12:18] /a
[12/12/2011 19:12:18] /a
[12/12/2011 19:12:18] /a
[12/12/2011 19:12:18] /a
[12/12/2011 19:12:18] /a
[12/12/2011 19:12:19] /a
[12/12/2011 19:12:20] /a
[12/12/2011 19:12:20] /a
[12/12/2011 19:12:21] /a
[12/12/2011 19:12:21] /a
[12/12/2011 19:12:21] /a
[12/12/2011 19:12:21] /a
[12/12/2011 19:12:21] /a
[12/12/2011 19:12:21] /a
[12/12/2011 19:12:21] /a
[12/12/2011 19:12:21] /a
[12/12/2011 19:12:21] /a
[12/12/2011 19:12:21] /a
[12/12/2011 19:12:21] /a
[12/12/2011 19:12:21] /a
[12/12/2011 19:12:21] /a
[12/12/2011 19:12:21] /a
[12/12/2011 19:12:21] /a
[12/12/2011 19:12:21] /a
[12/12/2011 19:12:21] /a
[12/12/2011 19:12:21] /a
[12/12/2011 19:12:21] /a
[12/12/2011 19:12:21] /a
[12/12/2011 19:12:21] /a
[12/12/2011 19:12:21] /a
[12/12/2011 19:12:21] /a
[12/12/2011 19:12:21] /a
[12/12/2011 19:12:21] /a
[12/12/2011 19:12:21] /a
[12/12/2011 19:12:22] /a
[12/12/2011 19:12:22] /a
[12/12/2011 19:12:22] /a
[12/12/2011 19:12:22] /a
[12/12/2011 19:12:23] /a
[12/12/2011 19:12:23] /a
[12/12/2011 19:12:23] /a
[12/12/2011 19:12:24] /a
[12/12/2011 19:12:24] /a
[12/12/2011 19:12:24] /a
[12/12/2011 19:12:24] /a
[12/12/2011 19:12:25] /a
[12/12/2011 19:12:25] /a
[12/12/2011 19:12:25] /a
[12/12/2011 19:12:25] /a
[12/12/2011 19:12:26] /a
[12/12/2011 19:12:26] /a
[12/12/2011 19:12:26] /a
[12/12/2011 19:12:27] /a
[12/12/2011 19:12:28] /a
[12/12/2011 19:12:28] /a
[12/12/2011 19:12:31] /a
[12/12/2011 19:12:32] /a
[12/12/2011 19:12:32] /a
[12/12/2011 19:12:32] /a
[12/12/2011 19:12:32] /a
[12/12/2011 19:12:32] /a
[12/12/2011 19:12:32] /a
[12/12/2011 19:12:32] /a
[12/12/2011 19:12:32] /a
[12/12/2011 19:12:32] /a
[12/12/2011 19:12:32] /a
[12/12/2011 19:12:33] /a
[12/12/2011 19:12:37] /a
[12/12/2011 19:12:38] /a
[12/12/2011 19:12:38] /a
[12/12/2011 19:12:38] /a
[12/12/2011 19:12:38] /a
[12/12/2011 19:12:38] /a
[12/12/2011 19:12:38] /a
[12/12/2011 19:12:38] /a
[12/12/2011 19:12:38] /a
[12/12/2011 19:12:38] /a
[12/12/2011 19:12:39] /a
[12/12/2011 19:12:39] /a
[12/12/2011 19:12:39] /a
[12/12/2011 19:12:39] /a
[12/12/2011 19:12:39] /a
[12/12/2011 19:12:39] /a
[12/12/2011 19:12:39] /a
[12/12/2011 19:12:39] /a
[12/12/2011 19:12:39] /a
[12/12/2011 19:12:39] /a
[12/12/2011 19:12:39] /a
[12/12/2011 19:12:39] /a
[12/12/2011 19:12:40] /a
[12/12/2011 19:12:40] /a
[12/12/2011 19:12:40] /a
[12/12/2011 19:12:40] /a
[12/12/2011 19:12:40] /a
[12/12/2011 19:12:40] /a
[12/12/2011 19:12:40] /a
[12/12/2011 19:12:40] /a
[12/12/2011 19:12:40] /a
[12/12/2011 19:12:40] /a
[12/12/2011 19:12:40] /a
[12/12/2011 19:12:40] /a
[12/12/2011 19:12:40] /a
[12/12/2011 19:12:40] /a
[12/12/2011 19:12:40] /a
[12/12/2011 19:12:40] /a
[12/12/2011 19:12:40] /a
[12/12/2011 19:12:40] /a
[12/12/2011 19:12:41] /a
[12/12/2011 19:12:46] /a
[12/12/2011 19:12:52] /a
[12/12/2011 19:12:52] /a
[12/12/2011 19:12:53] /a
[12/12/2011 19:12:53] /a
[12/12/2011 19:12:53] /a
[12/12/2011 19:12:53] /a
[12/12/2011 19:12:53] /a
[12/12/2011 19:12:53] /a
[12/12/2011 19:12:53] /a
[12/12/2011 19:12:53] /a
[12/12/2011 19:12:53] /a
[12/12/2011 19:12:53] /a
[12/12/2011 19:12:53] /a
[12/12/2011 19:12:53] /a
[12/12/2011 19:12:53] /a
[12/12/2011 19:12:53] /a
[12/12/2011 19:12:53] /a
[12/12/2011 19:12:53] /a
[12/12/2011 19:12:54] /a
[12/12/2011 19:12:54] /a
[12/12/2011 19:12:54] /a
[12/12/2011 19:12:54] /a
[12/12/2011 19:12:54] /a
[12/12/2011 19:12:54] /a
[12/12/2011 19:12:54] /a
[12/12/2011 19:12:54] /a
[12/12/2011 19:12:54] /a
[12/12/2011 19:12:54] /a
[12/12/2011 19:12:55] /a
[12/12/2011 19:12:59] /a
[12/12/2011 19:12:59] /a
[12/12/2011 19:13:00] /a
[12/12/2011 19:13:00] /a
[12/12/2011 19:13:00] /a
[12/12/2011 19:13:00] /a
[12/12/2011 19:13:00] /a
[12/12/2011 19:13:00] /a
[12/12/2011 19:13:00] /a
[12/12/2011 19:13:00] /a
[12/12/2011 19:13:00] /a
[12/12/2011 19:13:00] /a
[12/12/2011 19:13:00] /a
[12/12/2011 19:13:00] /a
[12/12/2011 19:13:00] /a
[12/12/2011 19:13:00] /a
[12/12/2011 19:13:00] /a
[12/12/2011 19:13:00] /a
[12/12/2011 19:13:00] /a
[12/12/2011 19:13:00] /a
[12/12/2011 19:13:00] /a
[12/12/2011 19:13:00] /a
[12/12/2011 19:13:00] /a
[12/12/2011 19:13:01] /a
[12/12/2011 19:13:02] /a
[12/12/2011 19:13:02] /a
[12/12/2011 19:13:03] /a
[12/12/2011 19:13:04] /a
[12/12/2011 19:13:04] /a
[12/12/2011 19:13:05] /a
[12/12/2011 19:13:05] /a
[12/12/2011 19:13:05] /a
[12/12/2011 19:13:05] /a
[12/12/2011 19:13:05] /a
[12/12/2011 19:13:05] /a
[12/12/2011 19:13:05] /a
[12/12/2011 19:13:05] /a
[12/12/2011 19:13:05] /a
[12/12/2011 19:13:05] /a
[12/12/2011 19:13:05] /a
[12/12/2011 19:13:05] /a
[12/12/2011 19:13:05] /a
[12/12/2011 19:13:06] /a
[12/12/2011 19:13:06] /a
[12/12/2011 19:13:06] /a
[12/12/2011 19:13:06] /a
[12/12/2011 19:13:06] /a
[12/12/2011 19:13:06] /a
[12/12/2011 19:13:06] /a
[12/12/2011 19:13:06] /a
[12/12/2011 19:13:06] /a
[12/12/2011 19:13:06] /a
[12/12/2011 19:13:06] /a
[12/12/2011 19:13:06] /a
[12/12/2011 19:13:06] /a
[12/12/2011 19:13:06] /a
[12/12/2011 19:13:06] /a
[12/12/2011 19:13:12] /a
[12/12/2011 19:13:12] /a
[12/12/2011 19:13:12] /a
[12/12/2011 19:13:13] /a
[12/12/2011 19:13:13] /a
[12/12/2011 19:13:13] /a
[12/12/2011 19:13:14] /a
[12/12/2011 19:13:14] /a
[12/12/2011 19:13:16] /a
[12/12/2011 19:13:16] /a
[12/12/2011 19:13:17] /a
[12/12/2011 19:13:17] /a
[12/12/2011 19:13:24] /a
[12/12/2011 19:13:33] /a
[12/12/2011 19:13:36] /a
[12/12/2011 19:13:38] /a
[12/12/2011 19:13:38] /a
[12/12/2011 19:13:40] /a
[12/12/2011 19:13:42] /a
[12/12/2011 19:13:43] /a
[12/12/2011 19:13:46] /a
[12/12/2011 19:13:47] /a
[12/12/2011 19:13:48] /a
[12/12/2011 19:13:48] /a
[12/12/2011 19:13:52] /a
[12/12/2011 19:13:52] /a
[12/12/2011 19:13:53] /a
[12/12/2011 19:13:54] /a
[12/12/2011 19:13:54] /a
[12/12/2011 19:13:54] /a
[12/12/2011 19:13:54] /a
[12/12/2011 19:13:54] /a
[12/12/2011 19:13:55] /a
[12/12/2011 19:13:55] /a
[12/12/2011 19:13:56] /a
[12/12/2011 19:14:00] /a
[12/12/2011 19:14:09] /a
[12/12/2011 19:14:10] /a
[12/12/2011 19:14:10] /a
[12/12/2011 19:14:10] /a
[12/12/2011 19:14:10] /a
[12/12/2011 19:14:10] /a
[12/12/2011 19:14:10] /a
[12/12/2011 19:14:11] /a
[12/12/2011 19:14:11] /a
[12/12/2011 19:14:26] /a
[12/12/2011 19:14:27] /a
[12/12/2011 19:14:27] /a
[12/12/2011 19:14:27] /a
[12/12/2011 19:14:27] /a
[12/12/2011 19:14:27] /a
[12/12/2011 19:14:27] /a
[12/12/2011 19:14:27] /a
[12/12/2011 19:14:27] /a
[12/12/2011 19:14:27] /a
[12/12/2011 19:14:27] /a
[12/12/2011 19:14:27] /a
[12/12/2011 19:14:27] /a
[12/12/2011 19:14:27] /a
[12/12/2011 19:14:27] /a
[12/12/2011 19:14:27] /a
[12/12/2011 19:14:27] /a
[12/12/2011 19:14:27] /a
[12/12/2011 19:14:27] /a
[12/12/2011 19:14:27] /a
[12/12/2011 19:14:28] /a
[12/12/2011 19:14:28] /a
[12/12/2011 19:14:28] /a
[12/12/2011 19:14:28] /a
[12/12/2011 19:14:28] /a
[12/12/2011 19:14:29] /a
[12/12/2011 19:14:29] /a
[12/12/2011 19:14:29] /a
[12/12/2011 19:14:29] /a
[12/12/2011 19:14:30] /a
[12/12/2011 19:14:30] /a
[12/12/2011 19:14:30] /a
[12/12/2011 19:14:30] /a
[12/12/2011 19:14:30] /a
[12/12/2011 19:14:30] /a
[12/12/2011 19:14:30] /a
[12/12/2011 19:14:30] /a
[12/12/2011 19:14:30] /a
[12/12/2011 19:14:30] /a
[12/12/2011 19:14:31] /a
[12/12/2011 19:14:31] /a
[12/12/2011 19:14:31] /a
[12/12/2011 19:14:31] /a
[12/12/2011 19:14:32] /a
[12/12/2011 19:14:32] /a
[12/12/2011 19:14:33] /a
[12/12/2011 19:14:33] /a
[12/12/2011 19:14:34] /a
[12/12/2011 19:14:35] /a
[12/12/2011 19:14:35] /a
[12/12/2011 19:14:36] /a
[12/12/2011 19:14:36] /a
[12/12/2011 19:14:36] /a
[12/12/2011 19:14:40] /a
[12/12/2011 19:14:40] /a
[12/12/2011 19:14:41] /a
[12/12/2011 19:14:41] /a
[12/12/2011 19:14:41] /a
[12/12/2011 19:14:41] /a
[12/12/2011 19:14:42] /a
[12/12/2011 19:14:43] /a
[12/12/2011 19:14:43] /a
[12/12/2011 19:14:44] /a
[12/12/2011 19:14:44] /a
[12/12/2011 19:14:46] /a
[12/12/2011 19:14:51] /a
[12/12/2011 19:14:56] /a
[12/12/2011 19:15:01] /a
[12/12/2011 19:15:03] /a
[12/12/2011 19:15:06] /a
[12/12/2011 19:15:07] /a
[12/12/2011 19:15:07] /a
[12/12/2011 19:15:07] /a
[12/12/2011 19:15:07] /a
[12/12/2011 19:15:07] /a
[12/12/2011 19:15:07] /a
[12/12/2011 19:15:08] /a
[12/12/2011 19:15:08] /a
[12/12/2011 19:15:08] /a
[12/12/2011 19:15:08] /a
[12/12/2011 19:15:08] /a
[12/12/2011 19:15:08] /a
[12/12/2011 19:15:08] /a
[12/12/2011 19:15:08] /a
[12/12/2011 19:15:08] /a
[12/12/2011 19:15:08] /a
[12/12/2011 19:15:08] /a
[12/12/2011 19:15:08] /a
[12/12/2011 19:15:08] /a
[12/12/2011 19:15:08] /a
[12/12/2011 19:15:08] /a
[12/12/2011 19:15:08] /a
[12/12/2011 19:15:08] /a
[12/12/2011 19:15:08] /a
[12/12/2011 19:15:08] /a
[12/12/2011 19:15:08] /a
[12/12/2011 19:15:15] /a
[12/12/2011 19:15:15] /a
[12/12/2011 19:15:15] /a
[12/12/2011 19:15:15] /a
[12/12/2011 19:15:15] /a
[12/12/2011 19:15:15] /a
[12/12/2011 19:15:15] /a
[12/12/2011 19:15:16] /a
[12/12/2011 19:15:16] /a
[12/12/2011 19:15:16] /a
[12/12/2011 19:15:16] /a
[12/12/2011 19:15:16] /a
[12/12/2011 19:15:16] /a
[12/12/2011 19:15:16] /a
[12/12/2011 19:15:16] /a
[12/12/2011 19:15:17] /a
[12/12/2011 19:15:17] /a
[12/12/2011 19:15:17] /a
[12/12/2011 19:15:17] /a
[12/12/2011 19:15:17] /a
[12/12/2011 19:15:17] /a
[12/12/2011 19:15:17] /a
[12/12/2011 19:15:17] /a
[12/12/2011 19:15:17] /a
[12/12/2011 19:15:17] /a
[12/12/2011 19:15:17] /a
[12/12/2011 19:15:17] /a
[12/12/2011 19:15:17] /a
[12/12/2011 19:15:17] /a
[12/12/2011 19:15:17] /a
[12/12/2011 19:15:17] /a
[12/12/2011 19:15:17] /a
[12/12/2011 19:15:17] /a
[12/12/2011 19:15:18] /a
[12/12/2011 19:15:18] /a
[12/12/2011 19:15:18] /a
[12/12/2011 19:15:18] /a
[12/12/2011 19:15:18] /a
[12/12/2011 19:15:18] /a
[12/12/2011 19:15:18] /a
[12/12/2011 19:15:18] /a
[12/12/2011 19:15:18] /a
[12/12/2011 19:15:18] /a
[12/12/2011 19:15:18] /a
[12/12/2011 19:15:18] /a
[12/12/2011 19:15:18] /a
[12/12/2011 19:15:18] /a
[12/12/2011 19:15:18] /a
[12/12/2011 19:15:18] /a
[12/12/2011 19:15:18] /a
[12/12/2011 19:15:18] /a
[12/12/2011 19:15:18] /a
[12/12/2011 19:15:18] /a
[12/12/2011 19:15:18] /a
[12/12/2011 19:15:18] /a
[12/12/2011 19:15:18] /a
[12/12/2011 19:15:18] /a
[12/12/2011 19:15:18] /a
[12/12/2011 19:15:18] /a
[12/12/2011 19:15:19] /a
[12/12/2011 19:15:19] /a
[12/12/2011 19:15:22] /a
[12/12/2011 19:15:23] /a
[12/12/2011 19:15:23] /a
[12/12/2011 19:15:23] /a
[12/12/2011 19:15:23] /a
[12/12/2011 19:15:23] /a
[12/12/2011 19:15:23] /a
[12/12/2011 19:15:23] /a
[12/12/2011 19:15:23] /a
[12/12/2011 19:15:23] /a
[12/12/2011 19:15:23] /a
[12/12/2011 19:15:23] /a
[12/12/2011 19:15:23] /a
[12/12/2011 19:15:24] /a
[12/12/2011 19:15:24] /a
[12/12/2011 19:15:24] /a
[12/12/2011 19:15:24] /a
[12/12/2011 19:15:24] /a
[12/12/2011 19:15:24] /a
[12/12/2011 19:15:24] /a
[12/12/2011 19:15:24] /a
[12/12/2011 19:15:24] /a
[12/12/2011 19:15:24] /a
[12/12/2011 19:15:24] /a
[12/12/2011 19:15:24] /a
[12/12/2011 19:15:24] /a
[12/12/2011 19:15:24] /a
[12/12/2011 19:15:24] /a
[12/12/2011 19:15:24] /a
[12/12/2011 19:15:24] /a
[12/12/2011 19:15:25] /a
[12/12/2011 19:15:25] /a
[12/12/2011 19:15:25] /a
[12/12/2011 19:15:25] /a
[12/12/2011 19:15:25] /a
[12/12/2011 19:15:25] /a
[12/12/2011 19:15:25] /a
[12/12/2011 19:15:25] /a
[12/12/2011 19:15:25] /a
[12/12/2011 19:15:25] /a
[12/12/2011 19:15:25] /a
[12/12/2011 19:15:25] /a
[12/12/2011 19:15:25] /a
[12/12/2011 19:15:25] /a
[12/12/2011 19:15:25] /a
[12/12/2011 19:15:25] /a
[12/12/2011 19:15:25] /a
[12/12/2011 19:15:25] /a
[12/12/2011 19:15:25] /a
[12/12/2011 19:15:25] /a
[12/12/2011 19:15:25] /a
[12/12/2011 19:15:25] /a
[12/12/2011 19:15:25] /a
[12/12/2011 19:15:25] /a
[12/12/2011 19:15:25] /a
[12/12/2011 19:15:25] /a
[12/12/2011 19:15:25] /a
[12/12/2011 19:15:26] /a
[12/12/2011 19:15:26] /a
[12/12/2011 19:15:26] /a
[12/12/2011 19:15:26] /a
[12/12/2011 19:15:26] /a
[12/12/2011 19:15:26] /a
[12/12/2011 19:15:26] /a
[12/12/2011 19:15:26] /a
[12/12/2011 19:15:26] /a
[12/12/2011 19:15:26] /a
[12/12/2011 19:15:26] /a
[12/12/2011 19:15:26] /a
[12/12/2011 19:15:26] /a
[12/12/2011 19:15:26] /a
[12/12/2011 19:15:26] /a
[12/12/2011 19:15:26] /a
[12/12/2011 19:15:26] /a
[12/12/2011 19:15:26] /a
[12/12/2011 19:15:26] /a
[12/12/2011 19:15:27] /a
[12/12/2011 19:15:27] /a
[12/12/2011 19:15:27] /a
[12/12/2011 19:15:27] /a
[12/12/2011 19:15:27] /a
[12/12/2011 19:15:27] /a
[12/12/2011 19:15:27] /a
[12/12/2011 19:15:27] /a
[12/12/2011 19:15:27] /a
[12/12/2011 19:15:27] /a
[12/12/2011 19:15:27] /a
[12/12/2011 19:15:27] /a
[12/12/2011 19:15:27] /a
[12/12/2011 19:15:27] /a
[12/12/2011 19:15:27] /a
[12/12/2011 19:15:27] /a
[12/12/2011 19:15:27] /a
[12/12/2011 19:15:27] /a
[12/12/2011 19:15:28] /a
[12/12/2011 19:15:28] /a
[12/12/2011 19:15:28] /a
[12/12/2011 19:15:28] /a
[12/12/2011 19:15:28] /a
[12/12/2011 19:15:28] /a
[12/12/2011 19:15:28] /a
[12/12/2011 19:15:28] /a
[12/12/2011 19:15:28] /a
[12/12/2011 19:15:28] /a
[12/12/2011 19:15:28] /a
[12/12/2011 19:15:28] /a
[12/12/2011 19:15:28] /a
[12/12/2011 19:15:28] /a
[12/12/2011 19:15:28] /a
[12/12/2011 19:15:28] /a
[12/12/2011 19:15:28] /a
[12/12/2011 19:15:28] /a
[12/12/2011 19:15:28] /a
[12/12/2011 19:15:28] /a
[12/12/2011 19:15:28] /a
[12/12/2011 19:15:28] /a
[12/12/2011 19:15:28] /a
[12/12/2011 19:15:28] /a
[12/12/2011 19:15:28] /a
[12/12/2011 19:15:29] /a
[12/12/2011 19:15:29] /a
[12/12/2011 19:15:29] /a
[12/12/2011 19:15:29] /a
[12/12/2011 19:15:29] /a
[12/12/2011 19:15:29] /a
[12/12/2011 19:15:29] /a
[12/12/2011 19:15:29] /a
[12/12/2011 19:15:29] /a
[12/12/2011 19:15:29] /a
[12/12/2011 19:15:29] /a
[12/12/2011 19:15:29] /a
[12/12/2011 19:15:29] /a
[12/12/2011 19:15:29] /a
[12/12/2011 19:15:29] /a
[12/12/2011 19:15:29] /a
[12/12/2011 19:15:29] /a
[12/12/2011 19:15:29] /a
[12/12/2011 19:15:29] /a
[12/12/2011 19:15:29] /a
[12/12/2011 19:15:30] /a
[12/12/2011 19:15:30] /a
[12/12/2011 19:15:30] /a
[12/12/2011 19:15:30] /a
[12/12/2011 19:15:30] /a
[12/12/2011 19:15:30] /a
[12/12/2011 19:15:30] /a
[12/12/2011 19:15:30] /a
[12/12/2011 19:15:30] /a
[12/12/2011 19:15:30] /a
[12/12/2011 19:15:30] /a
[12/12/2011 19:15:30] /a
[12/12/2011 19:15:30] /a
[12/12/2011 19:15:31] /a
[12/12/2011 19:15:32] /a
[12/12/2011 19:15:34] /a
[12/12/2011 19:15:35] /a
[12/12/2011 19:15:37] /a
[12/12/2011 19:15:37] /a
[12/12/2011 19:15:38] /a
[12/12/2011 19:15:38] /a
[12/12/2011 19:15:38] /a
[12/12/2011 19:15:38] /a
[12/12/2011 19:15:39] /a
[12/12/2011 19:15:39] /a
[12/12/2011 19:15:39] /a
[12/12/2011 19:15:41] /a
[12/12/2011 19:15:41] /a
[12/12/2011 19:15:42] /a
[12/12/2011 19:15:42] /a
[12/12/2011 19:15:42] /a
[12/12/2011 19:15:47] /a
[12/12/2011 19:15:48] /a
[12/12/2011 19:15:48] /a
[12/12/2011 19:15:48] /a
[12/12/2011 19:15:48] /a
[12/12/2011 19:15:48] /a
[12/12/2011 19:15:48] /a
[12/12/2011 19:15:48] /a
[12/12/2011 19:15:48] /a
[12/12/2011 19:15:48] /a
[12/12/2011 19:15:49] /a
[12/12/2011 19:15:49] /a
[12/12/2011 19:15:49] /a
[12/12/2011 19:15:49] /a
[12/12/2011 19:15:49] /a
[12/12/2011 19:15:49] /a
[12/12/2011 19:15:49] /a
[12/12/2011 19:15:49] /a
[12/12/2011 19:15:49] /a
[12/12/2011 19:15:49] /a
[12/12/2011 19:15:49] /a
[12/12/2011 19:15:49] /a
[12/12/2011 19:15:49] /a
[12/12/2011 19:15:49] /a
[12/12/2011 19:15:49] /a
[12/12/2011 19:15:49] /a
[12/12/2011 19:15:49] /a
[12/12/2011 19:15:49] /a
[12/12/2011 19:15:49] /a
[12/12/2011 19:15:49] /a
[12/12/2011 19:15:49] /a
[12/12/2011 19:15:50] /a
[12/12/2011 19:15:50] /a
[12/12/2011 19:15:50] /a
[12/12/2011 19:15:50] /a
[12/12/2011 19:15:50] /a
[12/12/2011 19:15:51] /a
[12/12/2011 19:15:51] /a
[12/12/2011 19:16:21] /a
[12/12/2011 19:16:25] /a
[12/12/2011 19:16:29] /a
[12/12/2011 19:16:30] /a
[12/12/2011 19:17:15] /c madruga
[12/12/2011 19:25:32] /c samurai
[13/12/2011 00:10:23] /goto [GM] Japa
[13/12/2011 00:10:23] /goto [GM] Japa
[13/12/2011 00:10:24] /goto [GM] Japa
[13/12/2011 00:10:24] /goto [GM] Japa
[13/12/2011 00:10:24] /goto [GM] Japa
[13/12/2011 00:10:24] /goto [GM] Japa
[13/12/2011 00:10:25] /goto [GM] Japa
[13/12/2011 00:10:25] /goto [GM] Japa
[13/12/2011 00:10:32] /ghost
[13/12/2011 00:11:15] /a
[13/12/2011 00:11:16] /a
[13/12/2011 00:11:16] /a
[13/12/2011 00:11:16] /a
[13/12/2011 00:11:16] /a
[13/12/2011 00:11:16] /a
[13/12/2011 00:11:16] /a
[13/12/2011 00:11:16] /a
[13/12/2011 00:11:16] /a
[13/12/2011 00:11:16] /a
[13/12/2011 00:11:17] /a
[13/12/2011 00:11:17] /a
[13/12/2011 00:11:17] /a
[13/12/2011 00:11:17] /a
[13/12/2011 00:11:17] /a
[13/12/2011 00:11:17] /a
[13/12/2011 00:11:17] /a
[13/12/2011 00:11:17] /a
[13/12/2011 00:11:17] /a
[13/12/2011 00:11:17] /a
[13/12/2011 00:11:17] /a
[13/12/2011 00:11:17] /a
[13/12/2011 00:11:17] /a
[13/12/2011 00:11:17] /a
[13/12/2011 00:11:17] /a
[13/12/2011 00:11:17] /a
[13/12/2011 00:11:17] /a
[13/12/2011 00:11:18] /a
[13/12/2011 00:11:18] /a
[13/12/2011 00:11:18] /a
[13/12/2011 00:11:18] /a
[13/12/2011 00:11:18] /a
[13/12/2011 00:11:18] /a
[13/12/2011 00:11:18] /a
[13/12/2011 00:11:18] /a
[13/12/2011 00:11:18] /a
[13/12/2011 00:11:18] /a
[13/12/2011 00:11:18] /a
[13/12/2011 00:11:18] /a
[13/12/2011 00:11:18] /a
[13/12/2011 00:11:18] /a
[13/12/2011 00:11:18] /a
[13/12/2011 00:11:18] /a
[13/12/2011 00:11:19] /a
[13/12/2011 00:11:20] /a
[13/12/2011 00:11:20] /a
[13/12/2011 00:11:21] /a
[13/12/2011 00:11:22] /a
[13/12/2011 00:11:23] /a
[13/12/2011 00:11:24] /a
[13/12/2011 00:11:24] /a
[13/12/2011 00:11:24] /a
[13/12/2011 00:11:24] /a
[13/12/2011 00:11:24] /a
[13/12/2011 00:11:24] /a
[13/12/2011 00:11:24] /a
[13/12/2011 00:11:24] /a
[13/12/2011 00:11:24] /a
[13/12/2011 00:11:24] /a
[13/12/2011 00:11:24] /a
[13/12/2011 00:11:27] /a
[13/12/2011 00:11:28] /a
[13/12/2011 00:11:28] /a
[13/12/2011 00:11:29] /a
[13/12/2011 00:11:29] /a
[13/12/2011 00:11:29] /a
[13/12/2011 00:11:29] /a
[13/12/2011 00:11:29] /a
[13/12/2011 00:11:29] /a
[13/12/2011 00:11:29] /a
[13/12/2011 00:11:29] /a
[13/12/2011 00:11:29] /a
[13/12/2011 00:11:29] /a
[13/12/2011 00:11:29] /a
[13/12/2011 00:11:29] /a
[13/12/2011 00:11:29] /a
[13/12/2011 00:11:29] /a
[13/12/2011 00:11:29] /a
[13/12/2011 00:11:29] /a
[13/12/2011 00:11:29] /a
[13/12/2011 00:11:29] /a
[13/12/2011 00:11:29] /a
[13/12/2011 00:11:29] /a
[13/12/2011 00:11:29] /a
[13/12/2011 00:11:29] /a
[13/12/2011 00:11:29] /a
[13/12/2011 00:11:29] /a
[13/12/2011 00:11:29] /a
[13/12/2011 00:11:29] /a
[13/12/2011 00:11:29] /a
[13/12/2011 00:11:29] /a
[13/12/2011 00:11:30] /a
[13/12/2011 00:11:30] /a
[13/12/2011 00:11:30] /a
[13/12/2011 00:11:30] /a
[13/12/2011 00:11:30] /a
[13/12/2011 00:11:30] /a
[13/12/2011 00:11:30] /a
[13/12/2011 00:11:30] /a
[13/12/2011 00:11:30] /a
[13/12/2011 00:11:30] /a
[13/12/2011 00:11:30] /a
[13/12/2011 00:11:30] /a
[13/12/2011 00:11:30] /a
[13/12/2011 00:11:30] /a
[13/12/2011 00:11:30] /a
[13/12/2011 00:11:32] /a
[13/12/2011 00:11:32] /a
[13/12/2011 00:11:32] /a
[13/12/2011 00:11:32] /a
[13/12/2011 00:11:32] /a
[13/12/2011 00:11:32] /a
[13/12/2011 00:11:32] /a
[13/12/2011 00:11:32] /a
[13/12/2011 00:11:33] /a
[13/12/2011 00:11:33] /a
[13/12/2011 00:11:33] /a
[13/12/2011 00:11:33] /a
[13/12/2011 00:11:33] /a
[13/12/2011 00:11:33] /a
[13/12/2011 00:11:33] /a
[13/12/2011 00:11:33] /a
[13/12/2011 00:11:33] /a
[13/12/2011 00:11:33] /a
[13/12/2011 00:11:33] /a
[13/12/2011 00:11:33] /a
[13/12/2011 00:11:33] /a
[13/12/2011 00:11:33] /a
[13/12/2011 00:11:33] /a
[13/12/2011 00:11:33] /a
[13/12/2011 00:11:33] /a
[13/12/2011 00:11:33] /a
[13/12/2011 00:11:33] /a
[13/12/2011 00:11:33] /a
[13/12/2011 00:11:33] /a
[13/12/2011 00:11:40] /a
[13/12/2011 00:11:40] /a
[13/12/2011 00:11:40] /a
[13/12/2011 00:11:40] /a
[13/12/2011 00:11:40] /a
[13/12/2011 00:11:40] /a
[13/12/2011 00:11:40] /a
[13/12/2011 00:11:41] /a
[13/12/2011 00:11:41] /a
[13/12/2011 00:11:41] /a
[13/12/2011 00:11:41] /a
[13/12/2011 00:11:41] /a
[13/12/2011 00:11:41] /a
[13/12/2011 00:11:41] /a
[13/12/2011 00:11:41] /a
[13/12/2011 00:11:41] /a
[13/12/2011 00:11:41] /a
[13/12/2011 00:11:41] /a
[13/12/2011 00:11:41] /a
[13/12/2011 00:11:41] /a
[13/12/2011 00:11:41] /a
[13/12/2011 00:11:41] /a
[13/12/2011 00:11:41] /a
[13/12/2011 00:11:41] /a
[13/12/2011 00:11:41] /a
[13/12/2011 00:11:41] /a
[13/12/2011 00:11:41] /a
[13/12/2011 00:11:41] /a
[13/12/2011 00:11:41] /a
[13/12/2011 00:11:41] /a
[13/12/2011 00:11:41] /a
[13/12/2011 00:11:41] /a
[13/12/2011 00:11:41] /a
[13/12/2011 00:11:41] /a
[13/12/2011 00:11:41] /a
[13/12/2011 00:11:42] /a
[13/12/2011 00:11:42] /a
[13/12/2011 00:11:42] /a
[13/12/2011 00:11:42] /a
[13/12/2011 00:11:42] /a
[13/12/2011 00:11:42] /a
[13/12/2011 00:11:42] /a
[13/12/2011 00:11:42] /a
[13/12/2011 00:11:42] /a
[13/12/2011 00:11:42] /a
[13/12/2011 00:11:42] /a
[13/12/2011 00:11:42] /a
[13/12/2011 00:11:42] /a
[13/12/2011 00:11:42] /a
[13/12/2011 00:11:44] /t
[13/12/2011 00:15:50] /b Para Mais Informação Sobre Os Itens Donate o Site é Esse : magobaiak.servegame.com..Duvidas HELP
[13/12/2011 00:16:08] /goto lord seymor
[13/12/2011 00:16:11] /goto lord seymor
[13/12/2011 00:18:16] /t lord seymor
[13/12/2011 00:18:20] /t lord seymor
[13/12/2011 00:19:22] /t smith
[13/12/2011 00:20:10] /a
[13/12/2011 00:20:10] /a
[13/12/2011 00:20:11] /a
[13/12/2011 00:20:13] /a
[13/12/2011 00:20:13] /a
[13/12/2011 00:20:14] /a
[13/12/2011 00:20:14] /a
[13/12/2011 00:20:14] /a
[13/12/2011 00:20:14] /a
[13/12/2011 00:20:14] /a
[13/12/2011 00:20:14] /a
[13/12/2011 00:20:14] /a
[13/12/2011 00:20:14] /a
[13/12/2011 00:20:14] /a
[13/12/2011 00:20:14] /a
[13/12/2011 00:20:14] /a
[13/12/2011 00:20:14] /a
[13/12/2011 00:20:14] /a
[13/12/2011 00:20:14] /a
[13/12/2011 00:20:14] /a
[13/12/2011 00:20:14] /a
[13/12/2011 00:20:14] /a
[13/12/2011 00:20:14] /a
[13/12/2011 00:20:14] /a
[13/12/2011 00:20:14] /a
[13/12/2011 00:20:14] /a
[13/12/2011 00:20:14] /a
[13/12/2011 00:20:15] /a
[13/12/2011 00:20:15] /a
[13/12/2011 00:20:15] /a
[13/12/2011 00:20:15] /a
[13/12/2011 00:20:15] /a
[13/12/2011 00:20:15] /a
[13/12/2011 00:20:15] /a
[13/12/2011 00:20:15] /a
[13/12/2011 00:20:15] /a
[13/12/2011 00:20:15] /a
[13/12/2011 00:20:15] /a
[13/12/2011 00:20:15] /a
[13/12/2011 00:20:15] /a
[13/12/2011 00:20:15] /a
[13/12/2011 00:20:15] /a
[13/12/2011 00:20:15] /a
[13/12/2011 00:20:15] /a
[13/12/2011 00:20:15] /a
[13/12/2011 00:20:15] /a
[13/12/2011 00:20:15] /a
[13/12/2011 00:20:15] /a
[13/12/2011 00:20:16] /a
[13/12/2011 00:20:16] /a
[13/12/2011 00:20:16] /a
[13/12/2011 00:20:16] /a
[13/12/2011 00:20:16] /a
[13/12/2011 00:20:16] /a
[13/12/2011 00:20:16] /a
[13/12/2011 00:20:18] /a
[13/12/2011 00:20:23] /a
[13/12/2011 00:20:24] /a
[13/12/2011 00:20:24] /a
[13/12/2011 00:20:24] /a
[13/12/2011 00:20:24] /a
[13/12/2011 00:20:24] /a
[13/12/2011 00:20:24] /a
[13/12/2011 00:20:24] /a
[13/12/2011 00:20:24] /a
[13/12/2011 00:20:24] /a
[13/12/2011 00:20:24] /a
[13/12/2011 00:20:24] /a
[13/12/2011 00:20:24] /a
[13/12/2011 00:20:24] /a
[13/12/2011 00:20:24] /a
[13/12/2011 00:20:24] /a
[13/12/2011 00:20:25] /a
[13/12/2011 00:20:25] /a
[13/12/2011 00:20:25] /a
[13/12/2011 00:20:25] /a
[13/12/2011 00:20:25] /a
[13/12/2011 00:20:25] /a
[13/12/2011 00:20:25] /a
[13/12/2011 00:20:25] /a
[13/12/2011 00:20:25] /a
[13/12/2011 00:20:25] /a
[13/12/2011 00:20:25] /a
[13/12/2011 00:20:25] /a
[13/12/2011 00:20:25] /a
[13/12/2011 00:20:25] /a
[13/12/2011 00:20:25] /a
[13/12/2011 00:20:25] /a
[13/12/2011 00:20:25] /a
[13/12/2011 00:20:26] /a
[13/12/2011 00:20:26] /a
[13/12/2011 00:20:26] /a
[13/12/2011 00:20:26] /a
[13/12/2011 00:20:26] /a
[13/12/2011 00:20:26] /a
[13/12/2011 00:20:26] /a
[13/12/2011 00:20:26] /a
[13/12/2011 00:20:26] /a
[13/12/2011 00:20:26] /a
[13/12/2011 00:20:26] /a
[13/12/2011 00:20:26] /a
[13/12/2011 00:20:26] /a
[13/12/2011 00:22:11] /a
[13/12/2011 00:22:12] /a
[13/12/2011 00:22:12] /a
[13/12/2011 00:22:13] /a
[13/12/2011 00:22:14] /a
[13/12/2011 00:22:15] /a
[13/12/2011 00:22:15] /a
[13/12/2011 00:22:16] /a
[13/12/2011 00:22:16] /a
[13/12/2011 00:22:18] /a
[13/12/2011 00:22:19] /a
[13/12/2011 00:22:19] /a
[13/12/2011 00:22:21] /a
[13/12/2011 00:22:22] /a
[13/12/2011 00:22:22] /a
[13/12/2011 00:22:22] /a
[13/12/2011 00:22:22] /a
[13/12/2011 00:22:23] /a
[13/12/2011 00:22:24] /a
[13/12/2011 00:22:24] /a
[13/12/2011 00:22:24] /a
[13/12/2011 00:22:25] /a
[13/12/2011 00:22:25] /a
[13/12/2011 00:22:26] /a
[13/12/2011 00:22:28] /a
[13/12/2011 00:22:29] /a
[13/12/2011 00:22:32] /a
[13/12/2011 00:23:47] /ghost
[13/12/2011 00:23:50] /ghost
[13/12/2011 00:24:26] /ghost
[13/12/2011 00:24:33] /kick kina
[13/12/2011 00:24:39] /kick klaus
[13/12/2011 00:24:52] /kick swr pally
[13/12/2011 00:25:02] /kick sinistro
[13/12/2011 00:25:11] /kick spratan
[13/12/2011 00:25:18] /kick wertation
[13/12/2011 00:25:29] /kick knigt
[13/12/2011 00:34:08] /ghost
[13/12/2011 00:34:14] /ghost
[13/12/2011 00:35:30] /b Para Mais Informação Sobre Os Itens Donate o Site é Esse : magobaiak.servegame.com..Duvidas HELP
