[22/11/2011 10:23:25] /b Eai !
[22/11/2011 10:25:38] /ghost
[22/11/2011 10:25:41] /ghost
[22/11/2011 10:25:49] /b EVENTO TEMPLO!
[22/11/2011 10:25:55] /clean
[22/11/2011 10:26:54] /goto [ADM] Lucas
[22/11/2011 10:27:21] /goto [ADM] Lucas
[22/11/2011 10:28:08] /b TODOS VENHA PARA "Woe Event "
[22/11/2011 10:28:15] /b TODOS VENHAm PARA "Woe Event "
[22/11/2011 10:33:39] /goto [ADM] Lucas
[22/11/2011 10:33:46] /a 5
[22/11/2011 10:33:52] /a 2
[22/11/2011 10:33:55] /a 2
[22/11/2011 10:35:11] /t
[22/11/2011 21:17:23] /goto Master Suxx
[22/11/2011 21:17:26] /ghost
[22/11/2011 21:17:27] /ghost
[22/11/2011 22:24:53] /a
[22/11/2011 22:24:57] /a 2
[22/11/2011 22:25:30] /goto Yees
[22/11/2011 22:25:36] /goto Sr Alliance
[22/11/2011 22:25:43] /goto Sr Alliance
[22/11/2011 22:25:47] /a
[22/11/2011 22:25:49] /a
[22/11/2011 22:25:52] /a 2
[22/11/2011 22:25:57] /ghost
[22/11/2011 22:26:33] /a
[22/11/2011 22:26:35] /a
[22/11/2011 22:26:40] /a 3
[22/11/2011 22:32:13] /clean
[22/11/2011 22:33:26] /t
[22/11/2011 22:35:41] /b Oi!
[22/11/2011 22:35:58] /t
[22/11/2011 22:37:09] /a 54
[22/11/2011 22:37:12] /a 3
[22/11/2011 22:37:20] /up
[22/11/2011 22:37:23] /t
[22/11/2011 22:51:45] /a 54
[22/11/2011 22:51:47] /a 5
[23/11/2011 01:56:27] /b coé povão
[23/11/2011 08:31:51] /clean
[23/11/2011 08:31:55] /b EAI GALERA!
[23/11/2011 08:44:45] /goto Bielzor
[23/11/2011 08:44:53] /ghost
[23/11/2011 08:45:13] /kick Bielzor
[23/11/2011 08:45:50] /goto Bielzor
[23/11/2011 08:45:52] /goto Bielzor
[23/11/2011 08:45:57] /goto Bielzor
[23/11/2011 08:46:20] /goto Bielzor
[23/11/2011 08:46:23] /goto Bielzor
[23/11/2011 08:46:55] /goto Wendel Sperb ! diz: *ta loco o cabeludo ta com o dominio  *eu to paradão  
[23/11/2011 08:46:57] /goto Bielzor
[23/11/2011 08:52:33] /t
[23/11/2011 08:52:34] /ghost
[23/11/2011 08:52:37] /clean
[25/11/2011 19:43:20] /b eai GALERA
[25/11/2011 19:54:04] /goto Mage rox
[25/11/2011 19:54:13] /goto Mage rox
[25/11/2011 19:54:19] /ghost
[25/11/2011 19:54:34] /a 2
[25/11/2011 19:54:38] /c Mage rox
[25/11/2011 19:54:49] /c Mage rox
[25/11/2011 19:55:28] /c Mage rox
[25/11/2011 19:56:48] /t Mage rox
[25/11/2011 19:56:48] /t
[25/11/2011 19:57:00] /a 2
[25/11/2011 19:57:07] /t
[26/11/2011 14:50:55] /clean
[26/11/2011 14:50:58] /b EAI GALERA!
[26/11/2011 14:51:03] /ghost
[26/11/2011 14:51:05] /ghost
[26/11/2011 14:51:13] /b aLGUM
[26/11/2011 14:51:22] /b ALGUMA DUVIDA?
[26/11/2011 15:04:03] /c mage rox
[26/11/2011 15:04:33] /a 10
[26/11/2011 15:04:37] /a 20
[26/11/2011 15:04:53] /a 3
[26/11/2011 15:04:58] /a 4
[26/11/2011 15:05:10] /a 1
[26/11/2011 15:05:52] /a 1
[26/11/2011 15:06:26] /a 10
[26/11/2011 15:06:28] /a 10
[26/11/2011 15:06:28] /a 10
[26/11/2011 15:06:29] /a 10
[26/11/2011 15:06:31] /a 10
[26/11/2011 15:06:39] /a 20
[26/11/2011 15:06:46] /a 4
[26/11/2011 15:06:48] /a 4
[26/11/2011 15:06:55] /c Mage rox
[26/11/2011 15:07:28] /t Mage rox
[26/11/2011 15:07:31] /t
[29/11/2011 12:27:07] /t
[29/11/2011 12:27:10] /ghost
[29/11/2011 12:27:19] /goto Sr Alliance
[29/11/2011 12:27:37] /a 2
[29/11/2011 12:28:58] /t
[29/11/2011 12:30:19] /t
[29/11/2011 12:30:58] /goto Arthur
[29/11/2011 12:31:00] /goto Arthur
[29/11/2011 12:31:04] /goto Arthur
[29/11/2011 12:31:46] /goto Arthur
[29/11/2011 12:31:54] /t
[29/11/2011 12:39:24] /goto Druidinha
[29/11/2011 12:39:27] /ghost
[29/11/2011 12:39:28] /goto Druidinha
[29/11/2011 12:39:34] /clean
[29/11/2011 12:39:47] /a 3
[29/11/2011 12:39:54] /up
[29/11/2011 12:40:00] /down
[29/11/2011 12:40:34] /b EAI GALERA!
[29/11/2011 12:40:36] /b DUVIDAS?
[29/11/2011 12:41:11] /goto eduardq2
[29/11/2011 17:31:40] /ghost
[29/11/2011 17:36:06] /a 2
[29/11/2011 17:37:17] /a 2
[29/11/2011 17:37:18] /a 2
[29/11/2011 17:38:15] /a 2
[29/11/2011 17:38:18] /a 2
[29/11/2011 17:39:23] /a 2
[29/11/2011 17:39:28] /a 3
[29/11/2011 17:39:34] /a 5
[29/11/2011 17:39:59] /goto Polo Play
[29/11/2011 17:40:54] /a 2
[29/11/2011 17:41:32] /a 2
[29/11/2011 17:41:51] /a 2
[29/11/2011 17:44:39] /a 5
[29/11/2011 17:44:40] /a 5
[29/11/2011 17:44:41] /a 5
[29/11/2011 17:44:41] /a 5
[29/11/2011 17:44:42] /a 5
[29/11/2011 17:44:42] /a 5
[29/11/2011 17:44:42] /a 5
[29/11/2011 17:44:46] /a 5
[29/11/2011 17:44:48] /a 5
[29/11/2011 17:44:50] /a 5
[29/11/2011 17:44:53] /a 5
[29/11/2011 17:44:55] /a 5
[29/11/2011 17:44:56] /a 5
[29/11/2011 17:44:57] /a 5
[29/11/2011 17:45:01] /a 5
[29/11/2011 17:45:03] /a 5
[29/11/2011 17:45:04] /a 5
[29/11/2011 17:45:07] /a 5
[29/11/2011 17:45:08] /a 5
[29/11/2011 17:45:10] /a 5
[29/11/2011 17:45:11] /a 5
[29/11/2011 17:45:12] /a 5
[29/11/2011 17:45:14] /a 5
[29/11/2011 17:45:16] /a 5
[29/11/2011 17:45:17] /a 5
[29/11/2011 17:45:19] /a 5
[29/11/2011 17:45:43] /a 5
[29/11/2011 17:45:51] /a 5
[29/11/2011 17:46:05] /a 5
[29/11/2011 17:46:09] /a 5
[29/11/2011 17:46:34] /a 5
[29/11/2011 17:46:37] /a 5
[29/11/2011 17:46:41] /a 5
[29/11/2011 17:47:06] /a 5
[29/11/2011 17:47:27] /a 5
[29/11/2011 17:47:29] /a 5
[29/11/2011 17:47:30] /a 5
[29/11/2011 17:47:31] /a 5
[29/11/2011 17:47:33] /a 5
[29/11/2011 17:47:33] /a 5
[29/11/2011 17:47:34] /a 5
[29/11/2011 17:47:35] /a 5
[29/11/2011 17:47:35] /a 5
[29/11/2011 17:47:36] /a 5
[29/11/2011 17:47:37] /a 5
[29/11/2011 17:47:37] /a 5
[29/11/2011 17:47:44] /a 5
[29/11/2011 17:47:46] /a 5
[29/11/2011 17:47:47] /a 5
[29/11/2011 17:47:47] /a 5
[29/11/2011 17:47:52] /a 5
[29/11/2011 17:47:54] /a 5
[29/11/2011 17:47:54] /a 5
[29/11/2011 17:47:55] /a 5
[29/11/2011 17:47:56] /a 5
[29/11/2011 17:47:57] /a 5
[29/11/2011 17:47:57] /a 5
[29/11/2011 17:47:57] /a 5
[29/11/2011 17:48:03] /a 5
[29/11/2011 17:48:04] /a 5
[29/11/2011 17:48:06] /a 5
[29/11/2011 17:48:09] /a 5
[29/11/2011 17:48:10] /a 5
[29/11/2011 17:48:11] /a 5
[29/11/2011 17:48:12] /a 5
[29/11/2011 17:48:13] /a 5
[29/11/2011 17:48:13] /a 5
[29/11/2011 17:48:14] /a 5
[29/11/2011 17:48:14] /a 5
[29/11/2011 17:48:15] /a 5
[29/11/2011 17:48:19] /goto blunt
[29/11/2011 17:48:43] /a 5
[29/11/2011 17:48:44] /a 5
[29/11/2011 17:48:45] /a 5
[29/11/2011 17:48:49] /a 10
[29/11/2011 17:48:51] /a 1
[29/11/2011 17:48:53] /a 11
[29/11/2011 17:49:04] /a 10
[29/11/2011 17:49:12] /a 4
[29/11/2011 17:49:14] /a 4
[29/11/2011 17:49:17] /a 3
[29/11/2011 17:49:23] /a 3
[29/11/2011 17:49:25] /a 3
[29/11/2011 17:49:26] /a 3
[29/11/2011 17:49:28] /a 3
[29/11/2011 17:49:29] /a 3
[29/11/2011 17:49:46] /a 3
[29/11/2011 17:49:47] /a 3
[29/11/2011 17:49:48] /a 3
[29/11/2011 17:49:49] /a 3
[29/11/2011 17:49:52] /a 10
[29/11/2011 17:49:54] /a 10
[29/11/2011 17:49:55] /a 10
[29/11/2011 17:49:55] /a 10
[29/11/2011 17:49:56] /a 10
[29/11/2011 17:49:56] /a 10
[29/11/2011 17:49:57] /a 10
[29/11/2011 17:49:57] /a 10
[29/11/2011 17:49:57] /a 10
[29/11/2011 17:49:58] /a 10
[29/11/2011 17:49:58] /a 10
[29/11/2011 17:49:59] /a 10
[29/11/2011 17:50:01] /a 10
[29/11/2011 17:50:02] /a 10
[29/11/2011 17:50:03] /a 10
[29/11/2011 17:50:03] /a 10
[29/11/2011 17:50:04] /a 10
[29/11/2011 17:50:04] /a 10
[29/11/2011 17:50:05] /a 10
[29/11/2011 17:50:05] /a 10
[29/11/2011 17:50:05] /a 10
[29/11/2011 17:50:06] /a 10
[29/11/2011 17:50:07] /a 10
[29/11/2011 17:50:07] /a 10
[29/11/2011 17:50:07] /a 10
[29/11/2011 17:50:10] /a 10
[29/11/2011 17:50:10] /a 10
[29/11/2011 17:50:12] /a 10
[29/11/2011 17:50:14] /a 10
[29/11/2011 17:50:22] /a 10
[29/11/2011 17:50:24] /a 10
[29/11/2011 17:50:25] /a 10
[29/11/2011 17:50:26] /a 10
[29/11/2011 17:50:27] /a 10
[29/11/2011 17:50:27] /a 10
[29/11/2011 17:50:28] /a 10
[29/11/2011 17:50:30] /a 10
[29/11/2011 17:50:30] /a 10
[29/11/2011 17:50:31] /a 10
[29/11/2011 17:50:32] /a 10
[29/11/2011 17:50:32] /a 10
[29/11/2011 17:50:33] /a 10
[29/11/2011 17:50:33] /a 10
[29/11/2011 17:50:34] /a 10
[29/11/2011 17:50:34] /a 10
[29/11/2011 17:50:34] /a 10
[29/11/2011 17:50:35] /a 10
[29/11/2011 17:50:35] /a 10
[29/11/2011 17:50:37] /a 3
[29/11/2011 17:50:40] /a 10
[29/11/2011 17:50:45] /a 10
[29/11/2011 17:51:40] /c blunt
[29/11/2011 17:52:40] /ghost
[29/11/2011 17:53:05] /a 2
[29/11/2011 17:53:20] /a 2
[29/11/2011 17:53:21] /a 2
[29/11/2011 17:53:22] /a 2
[29/11/2011 17:53:26] /a 2
[29/11/2011 17:53:27] /a 2
[29/11/2011 17:53:30] /a 2
[29/11/2011 17:54:11] /a 2
[29/11/2011 17:54:13] /a 2
[29/11/2011 17:54:14] /a 2
[29/11/2011 17:55:43] /ghost
[29/11/2011 17:57:12] /a 10
[29/11/2011 17:57:39] /a 10
[29/11/2011 17:57:42] /a 10
[29/11/2011 17:58:45] /a 4
[29/11/2011 17:58:52] /a 5
[29/11/2011 18:00:34] /a 2
[29/11/2011 18:00:42] /a 5
[29/11/2011 18:00:47] /a 5
[29/11/2011 18:00:56] /a 5
[29/11/2011 18:01:07] /a 5
[29/11/2011 18:01:07] /a 5
[29/11/2011 18:01:08] /a 5
[29/11/2011 18:01:09] /a 5
[29/11/2011 18:01:10] /a 5
[29/11/2011 18:01:10] /a 5
[29/11/2011 18:01:11] /a 5
[29/11/2011 18:01:17] /a 5
[29/11/2011 18:01:19] /a 5
[29/11/2011 18:01:19] /a 5
[29/11/2011 18:01:20] /a 5
[29/11/2011 18:01:21] /a 5
[29/11/2011 18:01:22] /a 5
[29/11/2011 18:01:22] /a 5
[29/11/2011 18:01:23] /a 5
[29/11/2011 18:01:23] /a 5
[29/11/2011 18:01:23] /a 5
[29/11/2011 18:01:24] /a 5
[29/11/2011 18:01:26] /a 5
[29/11/2011 18:01:27] /a 5
[29/11/2011 18:01:29] /a 5
[29/11/2011 18:01:30] /a 5
[29/11/2011 18:01:32] /a 5
[29/11/2011 18:01:32] /a 5
[29/11/2011 18:01:33] /a 5
[29/11/2011 18:01:35] /a 5
[29/11/2011 18:01:37] /a 5
[29/11/2011 18:01:37] /a 5
[29/11/2011 18:01:39] /a 5
[29/11/2011 18:01:40] /a 5
[29/11/2011 18:01:44] /a 5
[29/11/2011 18:01:45] /a 5
[29/11/2011 18:01:47] /a 5
[29/11/2011 18:01:48] /a 5
[29/11/2011 18:01:49] /a 5
[29/11/2011 18:01:50] /a 5
[29/11/2011 18:01:52] /a 5
[29/11/2011 18:01:52] /a 5
[29/11/2011 18:01:53] /a 5
[29/11/2011 18:01:54] /a 5
[29/11/2011 18:01:55] /a 5
[29/11/2011 18:01:58] /a 5
[29/11/2011 18:02:18] /a 5
[29/11/2011 18:02:45] /a 5
[29/11/2011 18:02:46] /a 5
[29/11/2011 18:02:51] /a 5
[29/11/2011 18:03:00] /a 5
[29/11/2011 18:03:01] /a 5
[29/11/2011 18:03:01] /a 5
[29/11/2011 18:03:02] /a 5
[29/11/2011 18:03:03] /a 5
[29/11/2011 18:03:05] /a 5
[29/11/2011 18:03:06] /a 5
[29/11/2011 18:03:07] /a 5
[29/11/2011 18:03:19] /a 5
[29/11/2011 18:03:19] /a 5
[29/11/2011 18:03:21] /a 5
[29/11/2011 18:03:22] /a 5
[29/11/2011 18:03:24] /a 5
[29/11/2011 18:03:25] /a 5
[29/11/2011 18:03:26] /a 5
[29/11/2011 18:03:27] /a 5
[29/11/2011 18:03:29] /a 5
[29/11/2011 18:03:31] /a 5
[29/11/2011 18:03:32] /a 5
[29/11/2011 18:03:33] /a 5
[29/11/2011 18:03:34] /a 5
[29/11/2011 18:03:35] /a 5
[29/11/2011 18:03:36] /a 5
[29/11/2011 18:03:37] /a 5
[29/11/2011 18:04:49] /a 5
[29/11/2011 18:05:12] /c blunt
[29/11/2011 18:07:42] /ghost
[29/11/2011 18:08:37] /a 4
[29/11/2011 18:08:39] /a 4
[29/11/2011 18:08:40] /a 4
[29/11/2011 18:08:50] /ghost
[29/11/2011 18:11:24] /goto nathan aki
[29/11/2011 18:11:39] /goto Nathan Aki
[29/11/2011 18:16:06] /a 2
[29/11/2011 18:16:09] /a 2
[29/11/2011 18:19:21] /gethouse
[29/11/2011 18:20:25] /up
[29/11/2011 18:20:26] /up
[29/11/2011 18:20:29] /down
[29/11/2011 18:20:30] /down
[29/11/2011 18:20:33] /down
[29/11/2011 18:20:34] /down
[29/11/2011 18:20:36] /down
[29/11/2011 18:20:37] /down
[29/11/2011 18:20:39] /down
[29/11/2011 18:20:48] /a 2
[29/11/2011 18:24:14] /c blunt
[29/11/2011 18:32:24] /ghost
[29/11/2011 18:32:36] /a 6
[29/11/2011 18:32:38] /a 6
[29/11/2011 18:32:39] /a 6
[29/11/2011 18:32:39] /a 6
[29/11/2011 18:32:41] /a 6
[29/11/2011 18:32:41] /a 6
[29/11/2011 18:32:42] /a 6
[29/11/2011 18:32:43] /a 6
[29/11/2011 18:32:43] /a 6
[29/11/2011 18:32:47] /a 6
[29/11/2011 18:32:49] /a 6
[29/11/2011 18:32:49] /a 6
[29/11/2011 18:37:01] /a 2
[29/11/2011 18:37:05] /a 2
[29/11/2011 18:37:07] /down
[29/11/2011 18:37:15] /a 2
[29/11/2011 18:37:23] /c blunt
[29/11/2011 18:41:08] /t
[29/11/2011 18:43:32] /down
[29/11/2011 18:43:41] /a 10
[29/11/2011 18:43:43] /a 10
[29/11/2011 18:43:44] /a 10
[29/11/2011 18:43:54] /a 10
[29/11/2011 18:43:55] /a 10
[29/11/2011 18:44:10] /a 4
[29/11/2011 18:44:23] /down
[29/11/2011 18:44:27] /down
[29/11/2011 18:45:09] /a 2
[29/11/2011 18:45:12] /a 2
[29/11/2011 18:45:15] /a 3
[29/11/2011 18:45:32] /down
[29/11/2011 18:48:27] /c blunt
[29/11/2011 18:51:57] /a 2
[29/11/2011 18:52:06] /a 2
[29/11/2011 18:52:10] /a 3
[29/11/2011 18:52:41] /a 2
[29/11/2011 18:54:18] /a 2
[29/11/2011 18:54:21] /a 2
[29/11/2011 18:54:30] /c blunt
[29/11/2011 18:54:32] /t
[29/11/2011 18:58:09] /ghost
[29/11/2011 18:58:14] /a 2
[29/11/2011 18:59:37] /goto [ADM] Lucas
[29/11/2011 18:59:40] /goto [ADM] Lucas
[29/11/2011 18:59:59] /a 2
[29/11/2011 19:00:59] /up
[29/11/2011 19:01:01] /up
[29/11/2011 19:01:55] /t
[29/11/2011 19:02:55] /a 2
[29/11/2011 19:03:12] /a 2
[29/11/2011 19:03:19] /a 2
[29/11/2011 19:03:22] /a 2
[29/11/2011 19:03:35] /a 2
[29/11/2011 19:08:46] /a 2
[29/11/2011 19:09:04] /a 
[29/11/2011 19:09:06] /a 2
[29/11/2011 19:09:09] /a 3
[29/11/2011 19:10:43] /goto 1527 1155 7
[29/11/2011 19:10:46] /goto 1527 1155 7
[29/11/2011 19:12:14] /pos
[29/11/2011 19:13:01] /goto 1523 1151 7
[29/11/2011 19:13:10] /goto infernatil
[29/11/2011 19:13:22] /a 6
[29/11/2011 19:13:26] /goto infernatil
[29/11/2011 19:13:28] /goto infernatil
[29/11/2011 19:13:29] /goto infernatil
[29/11/2011 19:13:31] /goto infernatil
[29/11/2011 19:13:32] /goto infernatil
[29/11/2011 19:13:33] /goto infernatil
[29/11/2011 19:13:40] /up
[29/11/2011 19:13:45] /down
[29/11/2011 19:13:54] /a 1
[29/11/2011 19:13:57] /a 2
[29/11/2011 19:14:04] /a 4
[29/11/2011 19:14:50] /a 4
[29/11/2011 19:14:52] /a 4
[29/11/2011 19:14:52] /a 4
[30/11/2011 04:19:55] /goto blunt
[30/11/2011 04:20:05] /ghost
[30/11/2011 04:20:08] /ghost
[30/11/2011 04:20:30] /c Guerra Mooca
[30/11/2011 04:20:36] /goto blunt
[30/11/2011 04:20:45] /goto guerra mooca
[30/11/2011 04:21:02] /ghost
[30/11/2011 04:21:23] /clean
[30/11/2011 04:22:08] /goto guerra mooca
[30/11/2011 04:22:27] /goto guerra mooca
[30/11/2011 16:41:36] /b EAI!
[30/11/2011 16:41:42] /goto Blunt
[30/11/2011 16:45:45] /clean
[30/11/2011 16:47:07] /ghost
[30/11/2011 16:47:17] /goto huurley
[30/11/2011 17:41:28] /b ALGUEM TEM MC?
[30/11/2011 17:59:19] /ghost
[30/11/2011 17:59:55] /clean
[30/11/2011 18:00:20] /kick Impossible
[30/11/2011 18:01:40] /a 2
[30/11/2011 18:03:51] /c rastafari
[30/11/2011 18:13:58] /b QUEM ME AJUDA A CRAKIA O ELF BOT?
[30/11/2011 18:13:58] /b QUEM ME AJUDA A CRAKIA O ELF BOT?
[30/11/2011 18:22:23] /b ALGUEM TEM O CRAK DO ELF?
[30/11/2011 18:48:02] /c Lord Mysterioum
[30/11/2011 18:48:04] /ghost
[30/11/2011 18:48:06] /ghost
[30/11/2011 18:49:51] /c Lord Mysterioum
[30/11/2011 18:50:02] /a 3
[30/11/2011 18:50:13] /t
[30/11/2011 18:50:39] /a 10
[30/11/2011 18:50:55] /a 20
[30/11/2011 18:51:03] /c Boobiinhow Boladao
[30/11/2011 18:51:07] /a 3
[30/11/2011 18:51:15] /a 4
[30/11/2011 18:51:31] /a up
[30/11/2011 18:51:33] /a up
[30/11/2011 18:51:36] /up
[30/11/2011 18:51:52] /c /a 40
[30/11/2011 18:51:56] /a 40
[30/11/2011 18:51:59] /a 10
[30/11/2011 18:52:04] /a 10
[30/11/2011 18:52:09] /c lord mysterioum
[30/11/2011 18:53:17] /c Babilonia
[30/11/2011 18:53:49] /c Babilonia
[30/11/2011 18:55:21] /c Fael Beck
[30/11/2011 18:56:19] /t babiolonia
[30/11/2011 18:56:24] /t Babilonia
[30/11/2011 18:56:45] /clean
[30/11/2011 18:56:53] /t
[30/11/2011 18:57:13] /ghost
[30/11/2011 18:57:18] /goto Lord Mysterioum
[30/11/2011 18:57:42] /t Lord Mysterioum
[30/11/2011 18:57:43] /t
[30/11/2011 19:12:24] /a 15
[30/11/2011 19:12:26] /a 15
[30/11/2011 19:12:28] /up
[30/11/2011 19:12:32] /c lord mysterioum
[30/11/2011 19:13:24] /goto Rastafari
[30/11/2011 19:13:26] /c Lord Mysterioum
[30/11/2011 19:14:14] /c Lord Mysterioum
[30/11/2011 19:16:05] /goto Lord Mysterioum
[30/11/2011 19:16:08] /goto rastafari
[30/11/2011 19:16:10] /c Lord Mysterioum
[30/11/2011 19:22:14] /up
[30/11/2011 19:22:34] /c lord mysterioum
[30/11/2011 19:22:38] /c lord mysterioum
[30/11/2011 19:22:57] /goto rastafari
[30/11/2011 19:23:00] /c lord mysterioum
[30/11/2011 19:23:05] /t
[30/11/2011 19:40:49] /ghost
[30/11/2011 19:40:52] /ghost
[30/11/2011 19:40:59] /goto Lord Mysterioum
[30/11/2011 19:42:07] /goto Blunt
[30/11/2011 19:42:23] /t
[30/11/2011 19:42:27] /clean
[01/12/2011 04:44:06] /a 2
[01/12/2011 04:44:07] /a 2
[01/12/2011 04:44:12] /c rastafari
[01/12/2011 04:56:45] /b QI
[01/12/2011 04:56:51] /b QUERO SABE SE ALGUEM MEXE COM ELF BOT~?
[01/12/2011 04:56:56] /b preciso
[01/12/2011 04:57:01] /b preciso dumas dicas
[01/12/2011 04:57:02] /t
[01/12/2011 04:57:17] /b ALGUEM MEXE?
[01/12/2011 05:02:06] /ghost
[01/12/2011 05:02:20] /b alguem sabe mexer com TArgeting DO ELF BOT?
[01/12/2011 05:02:52] /goto Elf Marola
[01/12/2011 05:15:24] /a 5
[01/12/2011 05:15:30] /a 3
[01/12/2011 05:15:40] /a 4
[01/12/2011 05:15:48] /a 5
[01/12/2011 05:16:04] /up
[01/12/2011 05:16:06] /up
[01/12/2011 05:16:12] /up
[01/12/2011 05:16:21] /c Elf Marola
[01/12/2011 05:16:55] /a 20
[01/12/2011 05:17:01] /a 20
[01/12/2011 05:17:04] /a 20
[01/12/2011 05:17:14] /a 4
[01/12/2011 05:17:15] /a 4
[01/12/2011 05:17:45] /c Elf marola
[01/12/2011 05:18:19] /t Elf Marola
[01/12/2011 05:18:25] /goto Lord Mysterioum
[01/12/2011 05:18:55] /t Lord Mysterioum
[01/12/2011 05:18:55] /t
[01/12/2011 05:18:58] /ghost
[01/12/2011 05:19:07] /a 4
[01/12/2011 05:19:24] /c Lord Mysterioum
[01/12/2011 05:19:36] /ghost
[01/12/2011 05:19:39] /goto Lord Mysterioum
[01/12/2011 05:21:25] /goto Elf Marola
[01/12/2011 05:21:29] /ghost
[01/12/2011 05:36:38] /b PRECISO DE AJUDA ALGUEM MEXE BEM COM ELF BOT?
[01/12/2011 05:36:54] /ghost
[01/12/2011 05:37:48] /goto Arsenal Anthrax
[01/12/2011 05:38:49] /b ALGUEM SABE MEXER COM ELF?
[01/12/2011 05:46:51] /a 4
[01/12/2011 05:46:55] /c Babilonia
[01/12/2011 05:51:52] /clean
[01/12/2011 06:13:46] /goto 
[01/12/2011 06:13:48] /goto Menininho da boca
[01/12/2011 06:13:55] /ghost
[01/12/2011 06:14:24] /kick Menininho da boca
[01/12/2011 06:16:50] /t
[01/12/2011 06:16:58] /a 3
[01/12/2011 06:17:04] /c Babilonia
[01/12/2011 07:12:11] /ghost
[01/12/2011 07:12:13] /ghost
[01/12/2011 07:12:14] /goto Insanee
[01/12/2011 07:12:23] /goto Insanee
[01/12/2011 07:12:36] /goto Menininho da boca
[01/12/2011 07:12:38] /ghost
[01/12/2011 07:13:40] /t
[01/12/2011 07:16:23] /goto Menininho da boca
[01/12/2011 07:16:25] /goto Menininho da boca
[01/12/2011 07:16:30] /ghost
[01/12/2011 07:16:32] /ghost
[01/12/2011 07:16:34] /goto Menininho da boca
[01/12/2011 07:16:46] /t
[01/12/2011 07:16:49] /goto Menininho da boca
[01/12/2011 07:16:52] /goto Menininho da boca
[01/12/2011 07:16:59] /a 3
[01/12/2011 07:17:08] /c Menininho da boca
[01/12/2011 07:17:35] /c Menininho da boca
[01/12/2011 07:17:48] /t Menininho da boca
[01/12/2011 07:17:52] /t Menininho da boca
[01/12/2011 07:17:56] /t
[01/12/2011 07:18:34] /a 4
[01/12/2011 07:18:35] /c Menininho da boca
[01/12/2011 07:18:54] /c Menininho da boca
[01/12/2011 07:18:58] /c Menininho da boca
[01/12/2011 07:19:31] /a 2
[01/12/2011 07:19:40] /a 3
[01/12/2011 07:19:48] /a
[01/12/2011 07:19:53] /t
[01/12/2011 07:20:18] /t Menininho da boca
[01/12/2011 07:57:24] /goto
[01/12/2011 07:57:28] /clean
[01/12/2011 07:57:37] /goto blunt
[01/12/2011 07:57:55] /t
[01/12/2011 07:58:14] /a 4
[01/12/2011 07:58:17] /a 4
[01/12/2011 07:58:24] /a 10
[01/12/2011 07:58:26] /a 10
[01/12/2011 07:58:28] /a 10
[01/12/2011 07:58:29] /a 10
[01/12/2011 07:58:34] /a 20
[01/12/2011 07:58:39] /a 5
[01/12/2011 07:58:44] /a 4
[01/12/2011 07:58:51] /a 4
[01/12/2011 07:59:06] /a 5
[01/12/2011 07:59:14] /up
[01/12/2011 07:59:19] /a 50
[01/12/2011 07:59:23] /a 20
[01/12/2011 07:59:28] /a 3
[01/12/2011 07:59:30] /a 2
[01/12/2011 07:59:47] /t
[01/12/2011 08:00:18] /a 3
[01/12/2011 08:00:25] /t
[01/12/2011 08:00:29] /a 10
[01/12/2011 08:00:31] /a 15
[01/12/2011 08:00:43] /t
[01/12/2011 08:00:52] /a 4
[01/12/2011 08:01:09] /t
[01/12/2011 08:01:19] /a 4
[01/12/2011 08:01:28] /a 10
[01/12/2011 08:01:30] /a 10
[01/12/2011 08:01:32] /a 10
[01/12/2011 08:01:34] /a 10
[01/12/2011 08:01:45] /a 20
[01/12/2011 08:01:48] /a 10
[01/12/2011 08:01:51] /a 10
[01/12/2011 08:01:54] /a 5
[01/12/2011 08:02:51] /ghost
[01/12/2011 08:02:59] /a 10
[01/12/2011 08:14:56] /a 4
[01/12/2011 08:14:58] /a 4
[01/12/2011 08:15:00] /a 4
[01/12/2011 08:15:00] /a 4
[01/12/2011 08:15:00] /a 4
[01/12/2011 08:15:01] /a 4
[01/12/2011 08:15:02] /a 4
[01/12/2011 08:15:03] /a 4
[01/12/2011 08:15:03] /a 4
[01/12/2011 08:15:03] /a 4
[01/12/2011 08:15:05] /a 4
[01/12/2011 08:15:06] /a 4
[01/12/2011 08:15:06] /a 4
[01/12/2011 08:15:06] /a 4
[01/12/2011 08:15:07] /a 4
[01/12/2011 08:15:09] /a 4
[01/12/2011 08:15:10] /a 4
[01/12/2011 08:15:13] /a 4
[01/12/2011 08:15:15] /a 4
[01/12/2011 08:15:27] /a 4
[01/12/2011 08:15:28] /a 4
[01/12/2011 08:15:29] /a 4
[01/12/2011 08:15:31] /a 4
[01/12/2011 08:15:38] /a 4
[01/12/2011 08:15:43] /a 4
[01/12/2011 08:15:48] /a 4
[01/12/2011 08:15:49] /a 4
[01/12/2011 08:16:13] /a 4
[01/12/2011 08:16:13] /a 4
[01/12/2011 08:16:14] /a 4
[01/12/2011 08:16:15] /a 4
[01/12/2011 08:16:23] /a 4
[01/12/2011 08:16:24] /a 4
[01/12/2011 08:16:24] /a 4
[01/12/2011 08:16:25] /a 4
[01/12/2011 08:16:25] /a 4
[01/12/2011 08:16:25] /a 4
[01/12/2011 08:16:26] /a 4
[01/12/2011 08:16:27] /a 4
[01/12/2011 08:16:27] /a 4
[01/12/2011 08:16:28] /a 4
[01/12/2011 08:16:28] /a 4
[01/12/2011 08:16:29] /a 4
[01/12/2011 08:16:29] /a 4
[01/12/2011 08:16:29] /a 4
[01/12/2011 08:16:30] /a 4
[01/12/2011 08:16:30] /a 4
[01/12/2011 08:16:35] /a 4
[01/12/2011 08:16:40] /a 4
[01/12/2011 08:16:41] /a 4
[01/12/2011 08:16:41] /a 4
[01/12/2011 08:16:42] /a 4
[01/12/2011 08:16:42] /a 4
[01/12/2011 08:16:42] /a 4
[01/12/2011 08:16:43] /a 4
[01/12/2011 08:16:43] /a 4
[01/12/2011 08:16:44] /a 4
[01/12/2011 08:16:44] /a 4
[01/12/2011 08:16:44] /a 4
[01/12/2011 08:16:45] /a 4
[01/12/2011 08:16:45] /a 4
[01/12/2011 08:16:48] /a 4
[01/12/2011 08:16:49] /a 4
[01/12/2011 08:16:49] /a 4
[01/12/2011 08:16:50] /a 4
[01/12/2011 08:16:50] /a 4
[01/12/2011 08:16:51] /a 4
[01/12/2011 08:16:51] /a 4
[01/12/2011 08:16:51] /a 4
[01/12/2011 08:16:52] /a 4
[01/12/2011 08:16:53] /a 4
[01/12/2011 08:16:53] /a 4
[01/12/2011 08:16:55] /a 4
[01/12/2011 08:16:55] /a 4
[01/12/2011 08:16:56] /a 4
[01/12/2011 08:16:58] /a 4
[01/12/2011 08:16:59] /a 4
[01/12/2011 08:17:00] /a 4
[01/12/2011 08:17:01] /a 4
[01/12/2011 08:17:02] /a 4
[01/12/2011 08:17:02] /a 4
[01/12/2011 08:17:03] /a 4
[01/12/2011 08:17:04] /a 4
[01/12/2011 08:17:05] /a 4
[01/12/2011 08:17:05] /a 4
[01/12/2011 08:17:06] /a 4
[01/12/2011 08:17:06] /a 4
[01/12/2011 08:17:07] /a 4
[01/12/2011 08:17:08] /a 4
[01/12/2011 08:17:10] /a 4
[01/12/2011 08:17:11] /a 4
[01/12/2011 08:17:11] /a 4
[01/12/2011 08:17:12] /a 4
[01/12/2011 08:17:12] /a 4
[01/12/2011 08:17:13] /a 4
[01/12/2011 08:17:13] /a 4
[01/12/2011 08:17:14] /a 4
[01/12/2011 08:17:14] /a 4
[01/12/2011 08:17:16] /a 4
[01/12/2011 08:17:17] /a 4
[01/12/2011 08:17:17] /a 4
[01/12/2011 08:17:18] /a 4
[01/12/2011 08:17:20] /a 4
[01/12/2011 08:17:21] /a 4
[01/12/2011 08:17:23] /a 4
[01/12/2011 08:17:25] /a 4
[01/12/2011 08:17:27] /a 4
[01/12/2011 08:17:28] /a 4
[01/12/2011 08:17:29] /a 4
[01/12/2011 08:17:30] /a 4
[01/12/2011 08:17:31] /a 4
[01/12/2011 08:17:31] /a 4
[01/12/2011 08:17:38] /a 4
[01/12/2011 08:17:41] /a 4
[01/12/2011 08:17:42] /a 4
[01/12/2011 08:20:05] /c blunt
[01/12/2011 09:31:26] /b quero saber se alguem tem o crak do elf bot para mi ajuda
[01/12/2011 09:31:45] /b quero saber se alguem tem o crak do elf bot para mi ajuda
[01/12/2011 10:43:45] /b DUVIDAS NO HELP!
[01/12/2011 10:45:59] /t
[01/12/2011 10:46:06] /ghost
[01/12/2011 10:46:08] /ghost
[01/12/2011 10:46:25] /a 4
[01/12/2011 10:46:35] /c babilonia
[01/12/2011 11:41:41] /ghost
[01/12/2011 11:41:44] /ghost
[01/12/2011 11:41:58] /a 2
[01/12/2011 11:42:17] /a 2
[01/12/2011 11:42:35] /goto lucas zika
[01/12/2011 11:43:50] /goto menininho da boca
[01/12/2011 11:44:07] /ghost
[01/12/2011 11:44:48] /goto elder war
[01/12/2011 11:45:06] /goto menininho da boca
[01/12/2011 11:45:17] /ghost
[01/12/2011 11:45:36] /goto rafinha almeida
[01/12/2011 11:45:56] /goto Tupintacmmeu'pinto 
[01/12/2011 11:46:05] /goto Matador de Bots
[01/12/2011 11:46:11] /goto Matador de Noobs
[01/12/2011 11:46:22] /goto menininho da boca
[01/12/2011 11:46:25] /ghost
[01/12/2011 11:46:41] /ghost
[01/12/2011 11:46:44] /goto elite mike
[01/12/2011 11:46:53] /goto dangerous
[01/12/2011 11:47:06] /goto osartamo obanko
[01/12/2011 11:47:18] /goto splink gere
[01/12/2011 11:47:22] /goto splink gere
[01/12/2011 11:47:46] /goto kodh
[01/12/2011 11:48:04] /goto ti comi
[01/12/2011 11:48:13] /c menininho da boca
[01/12/2011 11:48:59] /goto blunt
[01/12/2011 11:49:17] /a 4
[01/12/2011 11:49:18] /a 4
[01/12/2011 11:49:19] /a 4
[01/12/2011 11:49:21] /a 4
[01/12/2011 11:49:22] /a 4
[01/12/2011 11:49:22] /a 4
[01/12/2011 11:49:23] /a 4
[01/12/2011 11:49:24] /a 4
[01/12/2011 11:49:25] /a 4
[01/12/2011 11:49:25] /a 4
[01/12/2011 11:49:26] /a 4
[01/12/2011 11:49:27] /a 4
[01/12/2011 11:49:28] /a 4
[01/12/2011 11:49:28] /a 4
[01/12/2011 11:49:39] /a 4
[01/12/2011 11:49:40] /a 4
[01/12/2011 11:49:41] /a 4
[01/12/2011 11:49:42] /a 4
[01/12/2011 11:49:44] /a 4
[01/12/2011 11:49:45] /a 4
[01/12/2011 11:49:46] /a 4
[01/12/2011 11:49:47] /a 4
[01/12/2011 11:49:47] /a 4
[01/12/2011 11:49:50] /a 4
[01/12/2011 11:49:51] /a 4
[01/12/2011 11:49:52] /a 4
[01/12/2011 11:49:53] /a 4
[01/12/2011 11:49:55] /t
[01/12/2011 11:50:13] /goto knight baladao
[01/12/2011 11:50:29] /goto asartamo o banko
[01/12/2011 11:50:33] /goto asartamo obanko
[01/12/2011 11:50:38] /goto haaa
[01/12/2011 11:50:47] /goto elf marola
[01/12/2011 11:51:46] /c menininho da boca
[01/12/2011 11:52:35] /t
[01/12/2011 11:52:51] /ghost
[01/12/2011 11:52:55] /ghost
[01/12/2011 11:53:02] /ghost
[01/12/2011 11:53:07] /ghost
[01/12/2011 11:53:37] /goto asartamo obanko
[01/12/2011 11:53:53] /goto ti comi
[01/12/2011 11:55:20] /c menininho da boca
[01/12/2011 11:55:32] /c menininho da boca
[01/12/2011 11:55:59] /a 2
[01/12/2011 11:56:51] /a 2
[01/12/2011 11:57:14] /t
[01/12/2011 12:00:40] /a 2
[01/12/2011 12:01:07] /a 2
[01/12/2011 12:01:52] /c blunt
[01/12/2011 12:21:33] /a 4
[01/12/2011 12:21:35] /a 4
[01/12/2011 12:21:36] /a 4
[01/12/2011 12:21:37] /a 4
[01/12/2011 12:21:38] /a 4
[01/12/2011 12:21:39] /a 4
[01/12/2011 12:21:50] /up
[01/12/2011 12:21:52] /up
[01/12/2011 12:21:52] /up
[01/12/2011 12:21:52] /up
[01/12/2011 12:21:53] /up
[01/12/2011 12:22:20] /t
[01/12/2011 12:22:39] /a 2
[01/12/2011 12:23:26] /a 4
[01/12/2011 12:23:27] /a 4
[01/12/2011 12:23:27] /a 4
[01/12/2011 12:23:27] /a 4
[01/12/2011 12:23:30] /a 4
[01/12/2011 12:23:31] /a 4
[01/12/2011 12:23:31] /a 4
[01/12/2011 12:23:32] /a 4
[01/12/2011 12:23:32] /a 4
[01/12/2011 12:23:33] /a 4
[01/12/2011 12:23:33] /a 4
[01/12/2011 12:23:34] /a 4
[01/12/2011 12:23:34] /a 4
[01/12/2011 12:23:37] /a 4
[01/12/2011 12:23:37] /a 4
[01/12/2011 12:23:38] /a 4
[01/12/2011 12:23:38] /a 4
[01/12/2011 12:23:38] /a 4
[01/12/2011 12:23:39] /a 4
[01/12/2011 12:23:41] /a 2
[01/12/2011 12:23:43] /a 2
[01/12/2011 12:23:45] /a 2
[01/12/2011 12:23:45] /a 2
[01/12/2011 12:23:47] /a 2
[01/12/2011 12:23:47] /a 2
[01/12/2011 12:23:47] /a 2
[01/12/2011 12:23:47] /a 2
[01/12/2011 12:23:48] /a 2
[01/12/2011 12:23:50] /a 2
[01/12/2011 12:23:52] /a 2
[01/12/2011 12:23:52] /a 2
[01/12/2011 12:23:53] /a 2
[01/12/2011 12:23:53] /a 2
[01/12/2011 12:23:54] /a 2
[01/12/2011 12:23:54] /a 2
[01/12/2011 12:23:56] /a 2
[01/12/2011 12:23:59] /a 4
[01/12/2011 12:24:01] /a 4
[01/12/2011 12:24:01] /a 4
[01/12/2011 12:24:01] /a 4
[01/12/2011 12:24:02] /a 4
[01/12/2011 12:24:02] /a 4
[01/12/2011 12:24:03] /a 4
[01/12/2011 12:24:04] /a 4
[01/12/2011 12:24:10] /a 4
[01/12/2011 12:24:11] /a 4
[01/12/2011 12:24:11] /a 4
[01/12/2011 12:24:20] /a 4
[01/12/2011 12:24:21] /a 4
[01/12/2011 12:24:21] /a 4
[01/12/2011 12:24:22] /a 4
[01/12/2011 12:24:22] /a 4
[01/12/2011 12:24:23] /a 4
[01/12/2011 12:24:25] /a 4
[01/12/2011 12:24:27] /a 4
[01/12/2011 12:24:30] /a 4
[01/12/2011 12:24:33] /a 4
[01/12/2011 12:24:33] /a 4
[01/12/2011 12:24:33] /a 4
[01/12/2011 12:24:33] /a 4
[01/12/2011 12:24:34] /a 4
[01/12/2011 12:24:34] /a 4
[01/12/2011 12:24:36] /a 4
[01/12/2011 12:24:37] /a 4
[01/12/2011 12:24:40] /a 4
[01/12/2011 12:24:41] /a 4
[01/12/2011 12:24:50] /a 4
[01/12/2011 12:24:51] /a 4
[01/12/2011 12:24:51] /a 4
[01/12/2011 12:24:56] /a 4
[01/12/2011 12:24:57] /a 4
[01/12/2011 12:24:58] /a 4
[01/12/2011 12:24:59] /a 4
[01/12/2011 12:25:01] /a 4
[01/12/2011 12:25:01] /t
[01/12/2011 12:25:10] /a 2
[01/12/2011 12:28:42] /a 2
[01/12/2011 12:29:00] /a 2
[01/12/2011 12:29:04] /a 2
[01/12/2011 12:29:04] /a 2
[01/12/2011 12:29:06] /a 2
[01/12/2011 12:29:07] /a 2
[01/12/2011 12:29:08] /a 2
[01/12/2011 12:30:02] /a 2
[01/12/2011 12:30:03] /a 2
[01/12/2011 12:30:04] /a 2
[01/12/2011 12:30:05] /a 2
[01/12/2011 12:30:06] /a 2
[01/12/2011 12:30:10] /a 2
[01/12/2011 12:30:10] /a 2
[01/12/2011 12:30:11] /a 2
[01/12/2011 12:30:11] /a 2
[01/12/2011 12:30:11] /a 2
[01/12/2011 12:30:12] /a 2
[01/12/2011 12:30:12] /a 2
[01/12/2011 12:30:14] /a 23
[01/12/2011 12:30:16] /a 3
[01/12/2011 12:30:21] /a 3
[01/12/2011 12:30:23] /a 2
[01/12/2011 12:30:24] /a 2
[01/12/2011 12:30:26] /a 1
[01/12/2011 12:30:27] /a 1
[01/12/2011 12:31:43] /c blunt
[01/12/2011 12:36:45] /a 2
[01/12/2011 12:36:47] /a 2
[01/12/2011 12:36:47] /a 2
[01/12/2011 12:36:48] /a 2
[01/12/2011 12:36:48] /a 2
[01/12/2011 12:38:40] /goto ferumbas
[01/12/2011 12:38:46] /goto ferumbras
[01/12/2011 12:38:48] /goto ferumbras
[01/12/2011 12:38:50] /goto ferumbras
[01/12/2011 12:38:51] /goto ferumbras
[01/12/2011 12:38:51] /goto ferumbras
[01/12/2011 12:38:52] /goto ferumbras
[01/12/2011 12:38:53] /goto ferumbras
[01/12/2011 12:38:54] /goto ferumbras
[01/12/2011 16:30:14] /t
[01/12/2011 16:30:26] /clean
[01/12/2011 16:30:41] /b EAI
[01/12/2011 18:15:15] /a 5
[01/12/2011 18:15:17] /c Babilonia
[02/12/2011 00:41:20] /clean
[02/12/2011 00:42:01] /c babilonia
[02/12/2011 00:44:49] /t
[02/12/2011 00:45:03] /kick Mari mar
[02/12/2011 00:45:10] /kick Vem me matar
[02/12/2011 00:45:14] /kick Dangerous
[02/12/2011 00:45:21] /kick Pika
[02/12/2011 00:45:26] /kick Pika
[02/12/2011 00:45:30] /kick 
[02/12/2011 00:45:31] /kick Sucmydic
[02/12/2011 00:45:37] /kick Cauu Barriu
[02/12/2011 00:45:46] /kick Ariux Teros
[02/12/2011 00:45:52] /kick Matador de Noobs
[02/12/2011 00:45:58] /kick Teucunaminha'vara
[02/12/2011 00:46:03] /kick Splink Gere
[02/12/2011 00:46:09] /kick Pira
[02/12/2011 00:46:13] /kick Cassio pow
[02/12/2011 00:46:17] /kick Tubaras
[02/12/2011 00:47:32] /kick Tiao Pedreiro
[02/12/2011 00:47:38] /kick Pitoerva
[02/12/2011 00:47:44] /kick Balack
[02/12/2011 06:00:23] /t
[02/12/2011 06:00:54] /c lord loko
[02/12/2011 06:01:07] /c lord loko
[02/12/2011 06:01:29] /goto sir alliance
[02/12/2011 06:01:47] /goto sir Alliance
[02/12/2011 06:01:58] /goto sr alliance
[02/12/2011 06:02:15] /goto Knight Poderoso 
[02/12/2011 06:02:27] /t
[02/12/2011 06:02:35] /c Knight Poderoso 
[02/12/2011 06:03:02] /goto Tupintacmmeu'pinto
[02/12/2011 06:03:05] /t
[02/12/2011 06:03:11] /c Tupintacmmeu'pinto
[02/12/2011 06:03:41] /goto Noobzinho
[02/12/2011 06:03:53] /c Noobzinho
[02/12/2011 06:53:06] /ghost
[02/12/2011 06:53:08] /ghost
[02/12/2011 06:53:11] /t
[02/12/2011 06:53:29] /a 2
[02/12/2011 06:53:53] /c blunt
[02/12/2011 07:12:11] /t
[02/12/2011 07:12:15] /a 2
[02/12/2011 07:12:18] /a 2
[02/12/2011 07:12:22] /c blunt
[02/12/2011 12:49:48] /t
[02/12/2011 12:49:58] /a 4
[02/12/2011 12:50:01] /c Babilonia
