[04/10/2011 17:44:19] /clean
[04/10/2011 17:44:21] /i plate amor
[04/10/2011 17:44:47] /i plate armor
[04/10/2011 17:44:50] /i plate legs
[04/10/2011 17:44:55] /i 2605
[04/10/2011 17:44:58] /r
[04/10/2011 17:45:00] /i 2105
[04/10/2011 17:45:02] /r
[04/10/2011 17:45:04] /i 2605
[04/10/2011 17:45:07] /r
[04/10/2011 17:45:12] /i boots of haste
[04/10/2011 17:45:34] /i plate helemet
[04/10/2011 17:45:37] /i plate helmet
[04/10/2011 17:49:24] /i steel helmet
[04/10/2011 17:49:30] /i 2002
[04/10/2011 17:49:38] /i backpack
[04/10/2011 17:50:08] /i 2173
[04/10/2011 17:50:39] /i 2428
[04/10/2011 17:50:49] /i 2124
[04/10/2011 17:50:54] /i 2460
[04/10/2011 17:52:51] /i 2643
[04/10/2011 17:52:55] /clean
[04/10/2011 17:53:07] /i 2190
[04/10/2011 17:53:15] /clean
[04/10/2011 17:53:39] /i 1988
[04/10/2011 17:53:50] /clean
[04/10/2011 17:54:08] /i 2554
[04/10/2011 17:54:16] /i 2120
[04/10/2011 17:54:20] /i santa doll
[04/10/2011 17:54:48] /i 2554
[04/10/2011 17:54:56] /i 7618
[04/10/2011 17:54:59] /i 2120
[04/10/2011 17:55:08] /i 238
[04/10/2011 17:55:10] /i 2383
[04/10/2011 17:55:15] /clean
[04/10/2011 17:55:20] /bc gren kkkkkkkk kkkk
[04/10/2011 17:55:28] /bc green kkkkkkkkkkkkkkkkkkk'kkkkkkkkkk
[04/10/2011 17:55:48] /a 10
[04/10/2011 17:55:51] /a 10
[04/10/2011 17:56:08] /t
[04/10/2011 18:12:38] /t
[04/10/2011 18:12:55] /t
[04/10/2011 18:24:38] /i 2160
[04/10/2011 19:27:12] /m lord demon
[04/10/2011 19:27:17] /m warmage
[04/10/2011 19:27:29] /t
[04/10/2011 19:30:43] /r
[04/10/2011 19:30:44] /r
[04/10/2011 19:30:49] /r
[16/10/2011 08:04:07] /a 2
[16/10/2011 08:04:26] /a 2
[16/10/2011 08:04:32] /t
[16/10/2011 08:04:35] /a 2
[16/10/2011 08:04:45] /t
[16/10/2011 08:06:15] /m demon
[16/10/2011 08:06:52] /clean
[16/10/2011 08:07:18] /a 2
[16/10/2011 08:07:19] /a 2
[16/10/2011 08:07:31] /t
[16/10/2011 08:50:59] /t
[16/10/2011 08:51:04] /t
[16/10/2011 08:51:10] /t
[16/10/2011 08:51:15] /t
[16/10/2011 08:53:11] /t
[16/10/2011 08:53:14] /t
[16/10/2011 08:59:52] /t
[16/10/2011 10:10:22] /t
[16/10/2011 10:10:26] /t
[16/10/2011 10:20:31] /t
[16/10/2011 18:36:28] /t
[16/10/2011 18:36:43] /t
[16/10/2011 18:37:07] /t
[16/10/2011 18:37:25] /t
[16/10/2011 18:38:26] /t
[16/10/2011 20:05:16] /up
[16/10/2011 20:05:17] /up
[16/10/2011 20:05:30] /t
[16/10/2011 20:05:37] /up
[16/10/2011 20:05:38] /up
[16/10/2011 20:05:40] /up
[16/10/2011 20:05:41] /up
[16/10/2011 20:05:43] /a 2
[16/10/2011 20:05:44] /a 2
[16/10/2011 20:05:55] /a 2
[16/10/2011 20:06:07] /t
[16/10/2011 20:06:10] /t
[16/10/2011 20:09:05] /t
[19/10/2011 00:56:20] /a
[19/10/2011 00:56:21] /a
[19/10/2011 00:56:21] /a
[19/10/2011 00:56:21] /a
[19/10/2011 00:56:22] /a
[19/10/2011 00:56:22] /a
[19/10/2011 00:56:23] /a
[19/10/2011 00:56:23] /a
[19/10/2011 00:56:23] /a
[19/10/2011 00:56:24] /a
[19/10/2011 00:56:24] /a
[19/10/2011 00:56:25] /t
[19/10/2011 00:58:56] /t
[19/10/2011 00:59:31] /a 3
[19/10/2011 00:59:44] /a
[19/10/2011 00:59:45] /a
[19/10/2011 00:59:45] /a
[19/10/2011 00:59:46] /a
[19/10/2011 00:59:46] /a
[19/10/2011 00:59:47] /a
[19/10/2011 00:59:47] /a
[19/10/2011 00:59:47] /a
[19/10/2011 00:59:48] /a
[19/10/2011 00:59:50] /a
[19/10/2011 00:59:51] /a
[19/10/2011 00:59:51] /a
[19/10/2011 00:59:52] /a
[19/10/2011 00:59:52] /a
[19/10/2011 00:59:52] /a
[19/10/2011 00:59:53] /a
[19/10/2011 00:59:53] /a
[19/10/2011 00:59:54] /a
[19/10/2011 00:59:54] /a
[19/10/2011 00:59:55] /a
[19/10/2011 00:59:56] /a 10
[19/10/2011 00:59:57] /a 10
[19/10/2011 00:59:58] /a 10
[19/10/2011 00:59:59] /a 10
[19/10/2011 01:00:00] /a 10
[19/10/2011 01:00:00] /a 10
[19/10/2011 01:00:01] /a 10
[19/10/2011 01:00:01] /a 10
[19/10/2011 01:00:01] /a 10
[19/10/2011 01:00:02] /a 10
[19/10/2011 01:00:02] /a 10
[19/10/2011 01:00:03] /a 10
[19/10/2011 01:00:03] /a 10
[19/10/2011 01:00:04] /a 10
[19/10/2011 01:00:04] /a 10
[19/10/2011 01:00:09] /a 10
[19/10/2011 01:00:09] /a 10
[19/10/2011 01:00:10] /a 10
[19/10/2011 01:00:10] /a 10
[19/10/2011 01:00:15] /a 10
[19/10/2011 01:00:16] /a 10
[19/10/2011 01:00:16] /a 10
[19/10/2011 01:00:16] /a 10
[19/10/2011 01:00:41] /a
[19/10/2011 01:00:59] /a
[19/10/2011 01:02:46] /a
[19/10/2011 01:02:49] /a
[19/10/2011 01:02:52] /a
[19/10/2011 01:04:20] /a 20
[19/10/2011 01:04:22] /a 20
[19/10/2011 01:04:24] /a 2
[19/10/2011 01:04:25] /a 2
[19/10/2011 01:04:25] /a 2
[19/10/2011 01:04:25] /a 2
[19/10/2011 01:04:26] /a 2
[19/10/2011 01:04:26] /a 2
[19/10/2011 01:04:40] /a 20
[19/10/2011 01:04:42] /a 20
[19/10/2011 01:05:37] /a 2
[19/10/2011 01:06:37] /m treiner
[19/10/2011 01:07:08] /i master vip rod
[19/10/2011 01:09:40] /r
[19/10/2011 01:10:09] /t
[19/10/2011 01:10:35] /a
[19/10/2011 01:14:19] /a
[19/10/2011 01:14:20] /a
[19/10/2011 01:14:20] /a
[19/10/2011 01:14:21] /a
[19/10/2011 01:14:21] /a
[19/10/2011 01:14:24] /a
[19/10/2011 01:14:25] /a
[19/10/2011 01:14:25] /a
[19/10/2011 01:23:45] /a
[19/10/2011 01:23:46] /a
[19/10/2011 01:23:47] /a
[19/10/2011 01:23:48] /a
[19/10/2011 01:23:48] /a
[19/10/2011 01:23:49] /a
[19/10/2011 01:23:57] /a
[19/10/2011 01:23:57] /a
[19/10/2011 01:23:58] /a
[19/10/2011 01:23:59] /a
[19/10/2011 01:23:59] /a
[19/10/2011 01:24:00] /a
[19/10/2011 01:24:10] /a 10
[19/10/2011 01:24:30] /a 3
[19/10/2011 01:25:10] /a 3
[19/10/2011 01:30:22] /t
[19/10/2011 01:31:05] /m master boss
[19/10/2011 01:31:34] /m exp bug
[19/10/2011 01:32:04] /addskill [GOD] Soul, level, 10000
[19/10/2011 01:33:38] /t
[19/10/2011 01:34:47] /t
[20/10/2011 01:03:39] /i 2268
[20/10/2011 01:03:45] /m treiner
[20/10/2011 01:04:33] /m exp bug
[20/10/2011 01:04:35] /m exp bug
[20/10/2011 01:25:05] /m exp bug
[20/10/2011 01:25:07] /m exp bug
[20/10/2011 01:25:09] /m deon
[20/10/2011 01:25:12] /m demon
[20/10/2011 01:26:08] /m deon
[20/10/2011 01:26:10] /m exp bug
[20/10/2011 01:31:20] /m exp bug
[20/10/2011 01:31:20] /m exp bug
[20/10/2011 01:31:21] /m exp bug
[20/10/2011 01:31:21] /m exp bug
[20/10/2011 01:31:22] /m exp bug
[20/10/2011 01:31:22] /m exp bug
[20/10/2011 01:36:33] /r
[20/10/2011 01:59:37] /a 2
[20/10/2011 02:15:43] /promote Bob Marley
[20/10/2011 02:15:48] /promote Bob Marley
[20/10/2011 02:15:49] /promote Bob Marley
[20/10/2011 02:15:49] /promote Bob Marley
[20/10/2011 02:15:50] /promote Bob Marley
[20/10/2011 02:15:51] /promote Bob Marley
[20/10/2011 02:15:55] /kick Bob Marley
[20/10/2011 02:15:57] /t
[20/10/2011 02:17:08] /a 5
[20/10/2011 02:17:52] /m demon
[20/10/2011 02:17:53] /m demon
[20/10/2011 02:17:54] /m demon
[20/10/2011 02:17:55] /m demon
[20/10/2011 02:17:56] /m demon
[20/10/2011 02:19:05] /addskill Bob Marley, level, 1000
[20/10/2011 02:19:36] /clean
[20/10/2011 02:19:38] /clean
[20/10/2011 02:20:12] /t
[20/10/2011 02:20:17] /r
[20/10/2011 02:21:40] /zombiestart
[20/10/2011 02:21:58] /zombiestart
[20/10/2011 02:22:06] /zombiestart 10
[20/10/2011 02:22:19] /zombiestart 10
[20/10/2011 02:22:26] /zombiestart 1
[20/10/2011 02:23:01] /demote bob~
[20/10/2011 02:23:05] /demote bob marley
[20/10/2011 02:23:28] /attr group 1
[20/10/2011 02:23:29] /r
[20/10/2011 02:24:33] /t
[20/10/2011 02:25:39] /t
[20/10/2011 02:25:50] /i 9585
[20/10/2011 02:25:56] /r
[20/10/2011 02:25:57] /r
[20/10/2011 02:26:02] /i 9485
[20/10/2011 02:26:03] /i 9485
[20/10/2011 02:26:11] /zombiestart 1
[20/10/2011 02:26:20] /t
[20/10/2011 02:28:25] /goto Bob Marley
[20/10/2011 02:45:46] /t
[20/10/2011 02:48:10] /attr group 6
[20/10/2011 02:48:11] /r
[20/10/2011 02:54:13] /goto bob~
[20/10/2011 02:54:50] /goto bob~
[20/10/2011 02:54:59] /goto bob~
[20/10/2011 02:55:23] /a 3
[20/10/2011 02:55:33] /a 2
[20/10/2011 02:55:35] /a 2
[20/10/2011 02:55:37] /a 2
[20/10/2011 02:55:39] /a 2
[20/10/2011 02:55:42] /goto bob~
[20/10/2011 02:56:14] /t
[20/10/2011 02:56:41] /goto bob~
[20/10/2011 02:57:37] /t
[20/10/2011 02:57:38] /goto bob~
[20/10/2011 02:57:46] /a 5
[20/10/2011 02:58:23] /a 2
[20/10/2011 02:59:18] /a
[20/10/2011 02:59:23] /a
[20/10/2011 02:59:23] /a
[20/10/2011 02:59:24] /a
[20/10/2011 02:59:45] /goto bob~
[20/10/2011 03:00:10] /goto bob~
[20/10/2011 03:00:15] /goto bob~
[20/10/2011 03:00:16] /goto bob~
[20/10/2011 03:00:17] /goto bob~
[20/10/2011 03:00:26] /goto bob~
[20/10/2011 03:01:46] /goto bob~
[20/10/2011 03:35:30] /m mr ever
[20/10/2011 03:38:37] /m master vip medusa
[20/10/2011 04:02:18] /m trainer
[20/10/2011 04:02:20] /m traine
[20/10/2011 04:02:23] /m treiner
[20/10/2011 04:03:04] /r
[20/10/2011 04:03:33] /m treiner
[20/10/2011 04:04:51] /a 3
[20/10/2011 04:05:35] /i 2160
[20/10/2011 04:05:36] /i 2160
[20/10/2011 04:05:37] /i 2160
[20/10/2011 04:05:37] /i 2160
[20/10/2011 04:05:37] /i 2160
[20/10/2011 04:05:38] /i 2160
[20/10/2011 04:05:38] /i 2160
[20/10/2011 04:07:56] /i vip sword
[20/10/2011 04:10:33] /goto bob~
[20/10/2011 04:14:59] /t
[20/10/2011 04:27:27] /t
[20/10/2011 04:34:51] /i 11475
[20/10/2011 04:39:53] /r
[20/10/2011 04:42:08] /i 7869
[20/10/2011 04:42:15] /i 7869
[20/10/2011 04:42:23] /i 7896
[20/10/2011 04:42:57] /i Lightning Robe
[20/10/2011 04:44:10] /i Magma Boots
[20/10/2011 04:45:06] /i Hammer of Wrath
[20/10/2011 04:45:54] /i Blacksteel Sword
[20/10/2011 04:46:35] /i Titan Axe
[20/10/2011 05:14:11] /m exp bug
[20/10/2011 05:15:50] /r
[20/10/2011 05:15:52] /r
[20/10/2011 05:15:53] /r
[20/10/2011 05:15:55] /r
[20/10/2011 05:15:57] /r
[20/10/2011 05:16:00] /r
[20/10/2011 05:16:01] /r
[20/10/2011 05:16:03] /r
[20/10/2011 05:37:18] /i master legs
[20/10/2011 05:49:48] /attr group 1
[20/10/2011 05:49:49] /r
[20/10/2011 05:50:03] /i 2640
[20/10/2011 05:50:19] /m orshabal
[20/10/2011 05:50:52] /i magician boots
[20/10/2011 05:51:35] /r
[20/10/2011 05:54:35] /m exp bug
[20/10/2011 05:58:38] /i magician head
[20/10/2011 05:58:49] /i magician robe
[20/10/2011 05:58:51] /i magician legs
[20/10/2011 06:10:33] /attr group 6
[20/10/2011 06:18:47] /m exp bug
[20/10/2011 06:20:36] /m master vip
[20/10/2011 06:20:54] /r
[20/10/2011 06:21:32] /m master vip
[20/10/2011 06:22:14] /r
[20/10/2011 06:25:46] /a 2
[20/10/2011 06:49:47] /i Mercenary Shield
[20/10/2011 06:50:11] /i Crown Shiel
[20/10/2011 06:50:18] /i Crown Shiels
[20/10/2011 06:50:19] /i Crown Shield
[20/10/2011 06:50:41] /clean
[20/10/2011 06:53:09] /i 2525
[20/10/2011 07:04:25] /m treiner
[20/10/2011 07:06:40] /i 2184
[20/10/2011 07:06:45] /m treiner
[20/10/2011 07:09:59] /m demon
[20/10/2011 07:10:32] /m demon
[20/10/2011 07:11:16] /m demon
[20/10/2011 07:17:20] /clean
[20/10/2011 07:17:24] /i backpack
[20/10/2011 07:17:33] /i 12288
[20/10/2011 07:17:46] /i 7901
[20/10/2011 07:17:54] /i 7898
[20/10/2011 07:18:02] /i 7895
[20/10/2011 07:18:10] /i 11234
[20/10/2011 07:18:16] /i 8903
[20/10/2011 07:19:33] /i 2160
[20/10/2011 07:19:34] /i 2160
[20/10/2011 07:46:34] /i master vip rod
[20/10/2011 07:49:28] /i 2436
[20/10/2011 08:08:51] /t
[20/10/2011 08:08:59] /m master vip medusa
[20/10/2011 08:09:03] /m master medusa
[20/10/2011 08:09:21] /c bob~
[20/10/2011 08:09:28] /t
[20/10/2011 08:24:21] /t
[20/10/2011 08:24:44] /t
[20/10/2011 08:24:48] /r
[20/10/2011 08:26:37] /m master
[20/10/2011 08:27:33] /goto master vip medusa
[20/10/2011 08:46:18] /owner jukire
[20/10/2011 09:03:30] /i magician boots
[20/10/2011 09:18:20] /i warrior ring
[20/10/2011 09:21:49] /i backpack
[20/10/2011 09:21:56] /i magician ring
[20/10/2011 09:36:32] /i 21286
[20/10/2011 09:36:36] /i 12286
[07/11/2011 19:53:15] /b feito pessoal, podem ficar trankilos!
[07/11/2011 19:53:46] /ghost
[07/11/2011 19:54:59] /b feito pessoal, podem ficar trankilos!
[07/11/2011 19:54:59] /b feito pessoal, podem ficar trankilos!
[07/11/2011 19:55:00] /b feito pessoal, podem ficar trankilos!
[07/11/2011 19:55:01] /b feito pessoal, podem ficar trankilos!
[08/12/2011 00:10:41] /a 2
[08/12/2011 00:13:19] /r all
[08/12/2011 00:13:26] /r all
[08/12/2011 00:13:32] /i backpack
[08/12/2011 00:13:37] /i extreme mage
[08/12/2011 00:13:43] /i magician hat
[08/12/2011 00:13:47] /i magician helmet
[08/12/2011 00:13:50] /i magician robe
[08/12/2011 00:13:53] /i magician legs
[08/12/2011 00:13:56] /i magician boots
[08/12/2011 00:14:05] /i magician head
[08/12/2011 00:14:35] /i great mana potion
[08/12/2011 00:15:25] /i extreme spellbock
[08/12/2011 00:15:42] /i extreme spellbook
[08/12/2011 00:20:21] /i 2160
[08/12/2011 00:20:22] /i 2160
[08/12/2011 00:20:22] /i 2160
[08/12/2011 00:20:23] /i 2160
[09/12/2011 10:50:52] /i 8300
[09/12/2011 18:47:59] /t
[09/12/2011 18:48:08] /a
[09/12/2011 18:48:10] /a
[09/12/2011 18:48:31] /attr group 5
[09/12/2011 18:48:33] /r
[09/12/2011 18:50:08] /goto ivan
[09/12/2011 18:50:44] /goto ivan
[09/12/2011 18:50:49] /i master vip sword
[09/12/2011 18:51:05] /a 2
[09/12/2011 18:51:43] /ghost
[09/12/2011 18:52:16] /i master vip sword
[09/12/2011 18:52:25] /t
[09/12/2011 18:52:30] /goto ivan
[09/12/2011 18:52:34] /m treiner
[09/12/2011 18:52:40] /i extreme mage
[09/12/2011 18:53:02] /i master vip wand
[09/12/2011 18:53:13] /i vip rod
[09/12/2011 18:53:43] /i master vip wand
[09/12/2011 18:54:44] /goto acc~
[09/12/2011 18:55:45] /i extreme sword
[09/12/2011 18:55:53] /m exp bug
[09/12/2011 18:55:59] /n dark rodo
[09/12/2011 18:56:54] /n joohny
[09/12/2011 18:57:00] /r
[09/12/2011 18:57:03] /r
[09/12/2011 18:58:13] /i backpack
[09/12/2011 18:58:18] /i warrior boots
[09/12/2011 18:58:21] /i warrior armor
[09/12/2011 18:58:24] /i warrior legs
[09/12/2011 18:58:27] /i warrior helmet
[09/12/2011 18:58:32] /i extreme shield
[09/12/2011 18:58:50] /i 2502
[09/12/2011 18:59:24] /c guerra~
[09/12/2011 19:01:46] /addskill guerra mooca, sword, 100
[09/12/2011 19:03:29] /m exp bug
[09/12/2011 19:03:41] /i backpack
[09/12/2011 19:03:44] /m exp bug
[09/12/2011 19:04:32] /i master vip armor
[09/12/2011 19:04:34] /i master vip legs
[09/12/2011 19:04:38] /i master vip boots
[09/12/2011 19:04:51] /i master vip helmet
[09/12/2011 19:04:54] /i master vip star
[09/12/2011 19:05:57] /addskill Calard, distance, 80
[09/12/2011 19:06:04] /m exp bug
[09/12/2011 19:06:23] /i 2160
[09/12/2011 19:06:27] /i 2160
[09/12/2011 19:06:41] /c teste kina
[09/12/2011 19:07:02] /addskill Calard, distance, 20
[09/12/2011 19:07:13] /addskill Calard, distance, 20
[09/12/2011 19:07:13] /addskill Calard, distance, 20
[09/12/2011 19:07:35] /addskill Teste Kina, sword 80
[09/12/2011 19:08:20] /addskill Teste Kina, sword 50
[09/12/2011 19:08:21] /addskill Teste Kina, sword 50
[09/12/2011 19:08:33] /addskill Teste Kina, sword, 50
[09/12/2011 19:08:41] /addskill Teste Kina, sword, 20
[09/12/2011 19:08:47] /addskill Teste Kina, sword, 10
[09/12/2011 19:09:54] /addskill Calard, magic, 20
[09/12/2011 19:20:54] /addskill Calard, magic, 20
[09/12/2011 19:21:03] /save
[09/12/2011 19:23:41] /i extreme knife
[09/12/2011 19:24:07] /r
[09/12/2011 19:24:09] /r
[09/12/2011 19:24:11] /r
[09/12/2011 19:30:01] /b pessoal o ot so ta testando, vou pegar o dedicado talvez aamanha!
[09/12/2011 19:30:02] /b pessoal o ot so ta testando, vou pegar o dedicado talvez aamanha!
[09/12/2011 19:30:03] /b pessoal o ot so ta testando, vou pegar o dedicado talvez aamanha!
[09/12/2011 19:30:03] /b pessoal o ot so ta testando, vou pegar o dedicado talvez aamanha!
[09/12/2011 19:40:40] /m treiner
[09/12/2011 19:45:08] /i amster vip wand
[09/12/2011 19:46:10] /r
[09/12/2011 19:53:19] /t
[09/12/2011 19:55:42] /i Engraved Wedding Ring
[09/12/2011 19:59:11] /t
[09/12/2011 19:59:17] /a 3
[09/12/2011 19:59:21] /c swr~
[09/12/2011 19:59:27] /c swr~
[09/12/2011 19:59:32] /c swr~
[09/12/2011 20:08:36] /goto swr~
[09/12/2011 20:08:50] /t
[09/12/2011 20:09:36] /a 3
[09/12/2011 20:10:08] /c swr~
[09/12/2011 20:10:19] /c swr~
[09/12/2011 20:15:24] /t
[09/12/2011 20:15:52] /i vip de 15 dias
[09/12/2011 20:40:43] /a 4
[09/12/2011 20:42:16] /a 3
[09/12/2011 20:45:29] /t
[09/12/2011 20:45:42] /i anel de experiencia
[09/12/2011 20:45:46] /i anel de experiencia
[09/12/2011 20:45:46] /i anel de experiencia
[09/12/2011 20:45:47] /i anel de experiencia
[09/12/2011 20:47:29] /i backpack
[09/12/2011 20:47:36] /i magician robe
[09/12/2011 20:47:40] /i magician head
[09/12/2011 20:47:45] /i magician legs
[09/12/2011 20:47:45] /i magician boots
[09/12/2011 20:47:55] /i extreme spelbook
[09/12/2011 20:48:09] /i extreme spellbok
[09/12/2011 20:48:20] /i extreme spellbook
[09/12/2011 20:48:27] /i extreme mage
[09/12/2011 20:48:37] /i 10502
[09/12/2011 20:54:31] /i amazon helmet
[09/12/2011 20:54:33] /i amazon helmet
[09/12/2011 20:54:34] /i amazon helmet
[09/12/2011 20:54:37] /i amazon armor
[09/12/2011 20:54:39] /i amazon legs
[09/12/2011 20:54:46] /r
[09/12/2011 20:56:49] /i backpack
[09/12/2011 20:56:52] /r
[09/12/2011 20:56:53] /r
[09/12/2011 20:57:03] /i 6095
[09/12/2011 20:57:46] /i 6096
[09/12/2011 20:57:59] /i 6094
[09/12/2011 20:58:01] /r
[09/12/2011 20:58:04] /r
[09/12/2011 20:58:08] /i 6097
[09/12/2011 20:58:36] /i 5918
[09/12/2011 20:58:50] /i 5492
[09/12/2011 20:58:57] /i 5462
[09/12/2011 20:59:00] /r
[09/12/2011 20:59:29] /i warrior armor
[09/12/2011 20:59:31] /i warrior legs
[09/12/2011 20:59:36] /i warrior boots
[09/12/2011 20:59:38] /i warrior helmet
[09/12/2011 21:00:05] /i 2502
[09/12/2011 21:00:11] /i magician armor
[09/12/2011 21:00:14] /i magician head
[09/12/2011 21:00:17] /i magician legs
[09/12/2011 21:00:19] /i magician boots
[09/12/2011 21:00:50] /i magician robe
[09/12/2011 21:11:28] /i 7892
[09/12/2011 21:11:29] /i 7893
[09/12/2011 21:12:35] /i extreme sword
[09/12/2011 21:12:38] /i extreme axe
[09/12/2011 21:12:43] /i extreme club
[09/12/2011 21:15:43] /i 6101
[09/12/2011 21:15:46] /i 6100
[09/12/2011 21:15:49] /i 6099
[09/12/2011 21:16:27] /i 8980
[09/12/2011 21:17:37] /i 2345
[09/12/2011 21:17:47] /clean
[09/12/2011 21:17:59] /clean
[09/12/2011 21:20:20] /clean
[09/12/2011 21:20:31] /attr group 6
[09/12/2011 21:20:32] /r
[09/12/2011 21:20:34] /r
[09/12/2011 21:20:58] /attr group 6
[09/12/2011 21:20:59] /r
[09/12/2011 21:21:01] /r
[09/12/2011 21:21:32] /i eo nome do item
[09/12/2011 21:23:47] /i extreme mage
[09/12/2011 21:24:24] /i 4863
[09/12/2011 21:24:26] /i 4863
[09/12/2011 21:24:27] /i 4864
[09/12/2011 21:24:46] /clean
[09/12/2011 21:26:25] /r
[09/12/2011 21:27:48] /r
[09/12/2011 21:28:26] /s bazir
[09/12/2011 21:29:12] /r
[09/12/2011 21:29:14] /r
[09/12/2011 21:30:17] /a
[09/12/2011 21:30:19] /r
[09/12/2011 21:30:23] /r
[09/12/2011 21:30:28] /r
[09/12/2011 21:30:31] /r
[09/12/2011 21:30:32] /r
[09/12/2011 21:31:22] /attr set name VIADIN
[09/12/2011 21:31:47] /attr set name VPUNHETA SWORD
[09/12/2011 21:32:39] /attr set attackspeed 1
[09/12/2011 21:32:40] /attr set attackspeed 1
[09/12/2011 21:32:53] /m treiner
[09/12/2011 21:33:00] /m trainer
[09/12/2011 21:33:03] /m treiner
[09/12/2011 21:33:13] /m treiner
[09/12/2011 21:33:23] /m Treiner
[09/12/2011 21:33:27] /c Treiner
[09/12/2011 21:33:52] /clean
[09/12/2011 21:33:56] /m treiner
[09/12/2011 21:34:41] /i extreme mage
[09/12/2011 21:34:53] /attr set attackspeed 1
[09/12/2011 21:35:00] /attr set attackspeed 1
[09/12/2011 21:36:01] /attr set attackspeed 1
[09/12/2011 21:37:18] /attr set attackspeed 1
[09/12/2011 21:37:23] /attr set attackspeed 1
[09/12/2011 21:37:36] /attr set attackspeed 1
[09/12/2011 21:37:41] /attr set attackspeed 200
[09/12/2011 21:38:41] /t
[09/12/2011 21:38:50] /goto druid~
[09/12/2011 21:41:24] /goto swr~
[09/12/2011 21:41:33] /t
[09/12/2011 21:46:23] /b pessoal o ot esta arrumando, so vai xegar o dedicado amanha ou depois.. e eu vou resetar entao nem upem! agradeco pela colaboracao!
[09/12/2011 21:46:24] /b pessoal o ot esta arrumando, so vai xegar o dedicado amanha ou depois.. e eu vou resetar entao nem upem! agradeco pela colaboracao!
[09/12/2011 21:46:25] /b pessoal o ot esta arrumando, so vai xegar o dedicado amanha ou depois.. e eu vou resetar entao nem upem! agradeco pela colaboracao!
[09/12/2011 21:46:25] /b pessoal o ot esta arrumando, so vai xegar o dedicado amanha ou depois.. e eu vou resetar entao nem upem! agradeco pela colaboracao!
[09/12/2011 22:23:37] /clean
[09/12/2011 22:24:30] /clean 30
[09/12/2011 22:25:44] /a
[09/12/2011 22:25:51] /attr group 6
[09/12/2011 22:25:53] /r
[09/12/2011 22:27:02] /b vo fexa o ot. amanha eu abro
[09/12/2011 22:32:40] /goto Kawan Gato
[09/12/2011 22:32:42] /goto Kawan Gato
[09/12/2011 22:33:50] /t
[09/12/2011 22:50:29] /c Luucas
[09/12/2011 22:50:35] /m exp bug
[09/12/2011 22:50:54] /m magebomb
[09/12/2011 22:52:02] /r
[09/12/2011 22:52:10] /m magebomb
[09/12/2011 22:52:19] /m magebomb
[09/12/2011 22:52:32] /m exp bugisa
[09/12/2011 22:53:02] /m exp bug
[09/12/2011 22:53:15] /clean
[09/12/2011 22:53:24] /demote Druid Pertubado
[09/12/2011 22:53:25] /demote Druid Pertubado
[09/12/2011 22:53:25] /demote Druid Pertubado
[09/12/2011 22:53:28] /demote Druid Pertubado
[09/12/2011 22:53:35] /attr group 1
[09/12/2011 22:53:37] /r
[09/12/2011 22:53:41] /c swr
[09/12/2011 22:53:46] /c swr~
[09/12/2011 22:53:51] /attr group 1
[09/12/2011 22:54:02] /r
[09/12/2011 22:54:07] /attr group 1
[09/12/2011 22:54:09] /r
[09/12/2011 22:54:24] /owner [GOD] Soul
[09/12/2011 22:54:59] /i backpack
[09/12/2011 22:56:34] /c Swr Druid
[09/12/2011 22:58:06] /kick swr~
[09/12/2011 22:58:40] /i backpack
[09/12/2011 22:59:38] /i backpack
[09/12/2011 23:02:24] /i extreme staff
[09/12/2011 23:03:22] /i extreme axe
[09/12/2011 23:03:44] /ghost
[09/12/2011 23:42:14] /goto Paganotto
[09/12/2011 23:42:25] /attr group 6
[09/12/2011 23:42:27] /r
[09/12/2011 23:44:56] /t
[09/12/2011 23:45:49] /b pessoal vou fexar o ot e nao se esquecao q vai ser resetado :). e quem entro na minha conta do gOd nao esqueca tbm q eu dexei so pra arrumar o ot :)' falows
[09/12/2011 23:46:11] /goto Paganotto
[09/12/2011 23:46:16] /goto Paganotto
[09/12/2011 23:46:21] /goto Paganotto
[09/12/2011 23:46:22] /goto Paganotto
[09/12/2011 23:46:46] /goto Paganotto
[09/12/2011 23:46:47] /goto Paganotto
[09/12/2011 23:47:24] /goto Paganotto
[09/12/2011 23:47:48] /goto Paganotto
[09/12/2011 23:47:49] /goto Paganotto
[09/12/2011 23:47:50] /goto Paganotto
[09/12/2011 23:47:50] /goto Paganotto
[09/12/2011 23:47:51] /goto Paganotto
[09/12/2011 23:47:51] /goto Paganotto
[09/12/2011 23:48:23] /goto Paganotto
[09/12/2011 23:48:24] /goto Paganotto
[09/12/2011 23:48:30] /info Paganotto
[09/12/2011 23:48:32] /mc
[09/12/2011 23:48:50] /goto Paganotto
[09/12/2011 23:48:59] /b pessoal vou fexar o ot
[09/12/2011 23:49:05] /b pessoal vou fexar o ot, ate amanha!
[11/12/2011 02:47:44] /m lord demon
[11/12/2011 02:48:05] /r
[11/12/2011 02:48:08] /m exp bug
[11/12/2011 02:48:13] /i great mana potion
[11/12/2011 02:48:20] /i extreme mage
[11/12/2011 02:48:34] /i sudden death rune
[11/12/2011 02:49:36] /m lord demon
[11/12/2011 02:49:42] /m warmage
[11/12/2011 02:52:48] /t
[11/12/2011 02:56:28] /i 7461
[11/12/2011 02:56:30] /i 7462
[11/12/2011 02:57:01] /i 7900
[11/12/2011 02:57:40] /i 2483
[11/12/2011 02:57:42] /i 2489
[11/12/2011 02:58:31] /i 7899
[11/12/2011 02:59:45] /i 2468
[11/12/2011 03:00:10] /i 2648
[11/12/2011 03:00:24] /i 7894
[11/12/2011 03:01:12] /i 9931
[11/12/2011 03:01:34] /clean
[11/12/2011 03:01:38] /clean
[11/12/2011 03:09:42] /i 7892
[11/12/2011 03:10:54] /i 2646
[11/12/2011 03:16:08] /r all
[11/12/2011 03:16:13] /i extreme axe
[11/12/2011 03:16:18] /i extreme sword
[11/12/2011 03:16:33] /i extreme staff
[11/12/2011 03:16:50] /clean
[11/12/2011 03:19:02] /i warrior ring
[11/12/2011 03:19:09] /i magician ring
[11/12/2011 03:19:20] /i vip de 15 dias
[11/12/2011 03:19:23] /i vip de 30 dias
[11/12/2011 03:20:18] /i 2274
[11/12/2011 03:37:09] /m exp bug
[11/12/2011 03:47:20] /m exp bug
[11/12/2011 03:48:52] /clean
[11/12/2011 04:29:43] /i 2538
[11/12/2011 04:30:10] /i extreme spellbock
[11/12/2011 04:30:13] /i extreme spellbook
[11/12/2011 04:30:19] /i extreme shield
[11/12/2011 04:37:58] /save
[11/12/2011 04:38:07] /i anel de experiencia
[11/12/2011 04:52:03] /i anel de experiencia
[11/12/2011 04:57:11] /i 10502
[11/12/2011 04:58:42] /t
[11/12/2011 05:00:56] /i 10502
[11/12/2011 05:02:21] /i 2820
[11/12/2011 05:02:26] /i 7820
[11/12/2011 05:03:54] /i 7812
[11/12/2011 05:03:57] /i 7820
[11/12/2011 05:04:01] /r
[11/12/2011 05:04:03] /r
[11/12/2011 05:04:04] /r
[11/12/2011 05:04:05] /r
[11/12/2011 05:04:06] /r
[11/12/2011 05:04:07] /r
[11/12/2011 05:04:07] /r
[11/12/2011 05:04:08] /r
[11/12/2011 05:04:08] /r
[11/12/2011 05:04:08] /r
[11/12/2011 05:04:14] /a
[11/12/2011 05:04:17] /a
[11/12/2011 05:04:21] /i 407
[11/12/2011 05:04:25] /r all
[11/12/2011 05:04:26] /r all
[11/12/2011 05:04:30] /r all
[11/12/2011 05:04:31] /r all
[11/12/2011 05:04:35] /i 10502
[11/12/2011 05:09:02] /i 10502
[11/12/2011 05:09:03] /i 10502
[11/12/2011 05:13:22] /i 10502
[11/12/2011 05:13:31] /i 10502
[11/12/2011 05:15:18] /i 10502
[11/12/2011 05:15:23] /i 10502
[11/12/2011 05:19:20] /a
[11/12/2011 05:19:31] /i vip de 30 dias
[11/12/2011 05:19:43] /i vip de 15 dias
[11/12/2011 05:20:46] /i 4864
[11/12/2011 05:20:48] /i 4863
[11/12/2011 05:21:42] /i 4863
[11/12/2011 05:21:43] /i 4863
[11/12/2011 05:21:51] /i 4864
[11/12/2011 05:21:55] /i 4863
[11/12/2011 05:22:01] /i 4863
[11/12/2011 05:22:05] /i 4863
[11/12/2011 05:22:10] /i 4863
[11/12/2011 05:22:15] /i 4863
[11/12/2011 05:23:06] /i 4863
[11/12/2011 05:23:10] /i 4863
[11/12/2011 05:23:22] /i 4863
[11/12/2011 05:23:23] /i 4864
[11/12/2011 05:24:36] /m treiner
[11/12/2011 05:24:38] /m treiner
[11/12/2011 05:29:06] /i lovos armor
[11/12/2011 05:39:20] /i knight boots
[11/12/2011 05:39:26] /i knight boots
[11/12/2011 05:39:27] /i knight boots
[11/12/2011 05:39:39] /i paladin boots
[11/12/2011 06:07:51] /n anunciante
[11/12/2011 06:09:04] /i 2160
[11/12/2011 06:10:09] /r
[11/12/2011 06:19:42] /i paladin boots
[27/02/2012 12:33:37] /a 2
[27/02/2012 12:34:54] /a 
[27/02/2012 12:35:26] /a 10
[27/02/2012 12:35:26] /a 10
[27/02/2012 12:35:35] /i knight armor
[27/02/2012 12:35:41] /i knight helmet
[27/02/2012 12:35:47] /i knight legs
[27/02/2012 12:36:19] /i knight sword
[27/02/2012 12:36:22] /a 2
[27/02/2012 12:36:33] /i extreme sword
[27/02/2012 12:36:44] /i 7413
[27/02/2012 12:36:52] /r
[27/02/2012 12:36:59] /i vip de 30 dias
[27/02/2012 12:37:03] /i vip de 15 dias
[27/02/2012 12:37:09] /a 2
[27/02/2012 12:37:25] /a 2
[27/02/2012 12:40:31] /reload globalevents
[27/02/2012 12:42:38] /reload globalevents
[27/02/2012 12:44:10] /reload globalevents
[27/02/2012 12:44:28] /a 2
[27/02/2012 12:44:38] /t
[27/02/2012 12:45:24] /reload globalevents
[27/02/2012 12:48:50] /reload globalevents
[27/02/2012 12:49:00] /ghost
[27/02/2012 12:51:00] /i extreme sword
[27/02/2012 12:51:03] /i extreme vip sword
[27/02/2012 12:51:08] /a 2
[27/02/2012 12:52:07] /a 2
