[20/06/2011 11:48:15] /bc green NOVA CITY BEM MAS ORGANISADA
[20/06/2011 11:48:31] /bc green NOVA CITY BEM MAS ORGANISADA
[20/06/2011 11:48:31] /bc green NOVA CITY BEM MAS ORGANISADA
[20/06/2011 11:48:32] /bc green NOVA CITY BEM MAS ORGANISADA
[20/06/2011 11:48:32] /bc green NOVA CITY BEM MAS ORGANISADA
[20/06/2011 11:48:32] /bc green NOVA CITY BEM MAS ORGANISADA
[20/06/2011 11:48:33] /bc green NOVA CITY BEM MAS ORGANISADA
[20/06/2011 11:48:33] /bc green NOVA CITY BEM MAS ORGANISADA
[20/06/2011 11:48:33] /bc green NOVA CITY BEM MAS ORGANISADA
[20/06/2011 11:48:34] /bc green NOVA CITY BEM MAS ORGANISADA
[20/06/2011 11:48:35] /bc green NOVA CITY BEM MAS ORGANISADA
[20/06/2011 11:48:35] /bc green NOVA CITY BEM MAS ORGANISADA
[20/06/2011 11:48:36] /bc green NOVA CITY BEM MAS ORGANISADA
[20/06/2011 11:48:51] /bc green NOVA CITY BEM MAS ORGANISADA
[20/06/2011 11:48:52] /bc green NOVA CITY BEM MAS ORGANISADA
[20/06/2011 11:48:53] /bc green NOVA CITY BEM MAS ORGANISADA
[20/06/2011 11:48:53] /bc green NOVA CITY BEM MAS ORGANISADA
[20/06/2011 11:48:54] /bc green NOVA CITY BEM MAS ORGANISADA
[20/06/2011 11:48:54] /bc green NOVA CITY BEM MAS ORGANISADA
[20/06/2011 11:48:55] /bc green NOVA CITY BEM MAS ORGANISADA
[20/06/2011 11:48:55] /bc green NOVA CITY BEM MAS ORGANISADA
[20/06/2011 11:48:56] /bc green NOVA CITY BEM MAS ORGANISADA
[20/06/2011 11:49:04] /bc green NOVA CITY BEM MAS ORGANISADA
[20/06/2011 11:53:26] /bc green <- ENTRADA PARA A VIP CITY 2
[20/06/2011 11:53:40] /bc green <- ENTRADA PARA A VIP CITY 2
[20/06/2011 11:56:13] /bc green <- ENTRADA PARA A VIP CITY 2 SO OS QUE FISERAO A QUEST VIP 2 PODEM TER O PRIVILEGIO DE PASSA AKI.
[20/06/2011 11:58:57] /i baiak sworsd
[20/06/2011 12:00:18] /b green TELEPORTES COMUM ONDE VC UPARAO NORMAL ATE PEGAR O LEVEL 300 E IR PRA VIP CITY NORMAL 
[20/06/2011 12:00:50] /bc green TELEPORTES COMUM ONDE VC UPARAO NORMAL ATE PEGAR O LEVEL 300 E IR PRA VIP CITY NORMAL 
[20/06/2011 12:00:59] /bc green TELEPORTES COMUM ONDE VC UPARAO NORMAL ATE PEGAR O LEVEL 300 E IR PRA VIP CITY NORMAL 
[20/06/2011 12:03:39] /b 2
[20/06/2011 12:03:43] /a 2
[20/06/2011 12:04:51] /bc Grenn SOMENTE LEVEL 300 MAS PODEM PASSA AKI
[20/06/2011 12:05:05] /bc Green SOMENTE LEVEL 300 MAS PODEM PASSA AKI
[20/06/2011 12:05:17] /bc green SOMENTE LEVEL 300 MAS PODEM PASSA AKI
[20/06/2011 12:05:49] /bc green SOMENTE LEVEL 300 MAS PODEM PASSA AKI
[20/06/2011 12:08:57] /a 2
[20/06/2011 12:10:28] /r
[20/06/2011 12:10:29] /r
[20/06/2011 12:10:32] /r
[20/06/2011 12:11:05] /bc green TELEPORTES VIP 2
[20/06/2011 12:11:10] /bc green TELEPORTES VIP 2
[20/06/2011 12:12:12] /bc green TELEPORTES VIP 2 PARA AQUELES QUE FISERAO A QUEST VIP
[20/06/2011 12:14:19] /a 2
[20/06/2011 12:14:50] /bc green HUNTES DE MOSTROS VIP 2
[20/06/2011 12:14:53] /bc green HUNTES DE MOSTROS VIP 2
[20/06/2011 12:15:04] /bc green HUNTES DE MOSTROS VIP 2
[20/06/2011 12:15:16] /bc green HUNTES DE MOSTROS VIP 2
[20/06/2011 12:17:01] /t
[20/06/2011 12:17:13] /t Felizmentejogomuito
[20/06/2011 12:18:29] /a 2
[23/06/2011 10:34:53] /addskill Mikaels, magic level
[23/06/2011 10:34:54] /addskill Mikaels, magic level
[23/06/2011 10:34:55] /addskill Mikaels, magic level
[23/06/2011 10:34:59] /addskill Mikaels, magic level ,20
[23/06/2011 10:35:01] /addskill Mikaels, magic level ,20
[23/06/2011 10:35:01] /addskill Mikaels, magic level ,20
[23/06/2011 10:35:02] /addskill Mikaels, magic level ,20
[23/06/2011 10:35:26] /addskill Mikaels, magic ,20
[23/06/2011 10:35:32] /addskill Mikaels, magic ,150
[23/06/2011 10:35:33] /addskill Mikaels, magic ,150
[23/06/2011 10:36:14] /addskill Mikaels, magic ,150
[23/06/2011 10:36:18] /addskill Mikaels, magic ,150
[23/06/2011 10:36:19] /addskill Mikaels, magic ,150
[23/06/2011 10:36:30] /addskill [GOD] TECH , magic , 150
[24/06/2011 18:49:58] /t
[24/06/2011 18:50:26] /attr group 6
[25/06/2011 12:27:30] /i soft boots
[25/06/2011 12:27:57] /a 2
[25/06/2011 12:37:23] /a 2
[25/06/2011 12:38:31] /i vip stone
[25/06/2011 12:38:37] /i vip stone
[25/06/2011 12:38:38] /i vip stone
[25/06/2011 12:38:39] /i vip stone
[25/06/2011 12:39:06] /a
[25/06/2011 12:39:06] /a
[25/06/2011 12:39:06] /a
[25/06/2011 12:39:06] /a
[25/06/2011 12:39:06] /a
[25/06/2011 12:39:06] /a
[25/06/2011 12:39:06] /a
[25/06/2011 12:39:07] /a
[25/06/2011 12:39:07] /a
[25/06/2011 12:39:07] /a
[25/06/2011 12:39:07] /a
[25/06/2011 12:39:07] /a
[25/06/2011 12:39:07] /a
[25/06/2011 12:39:07] /a
[25/06/2011 12:39:07] /a
[25/06/2011 12:39:07] /a
[25/06/2011 12:39:07] /a
[25/06/2011 12:39:07] /a
[25/06/2011 12:39:07] /a
[25/06/2011 12:39:07] /a
[25/06/2011 12:39:07] /a
[25/06/2011 12:39:07] /a
[25/06/2011 12:39:07] /a
[25/06/2011 12:39:08] /a
[25/06/2011 12:39:08] /a
[25/06/2011 12:39:08] /a
[25/06/2011 12:39:08] /a
[25/06/2011 12:39:08] /a
[25/06/2011 12:39:08] /a
[25/06/2011 12:39:08] /a
[25/06/2011 12:39:08] /a
[25/06/2011 12:39:08] /a
[25/06/2011 12:39:08] /a
[25/06/2011 12:39:08] /a
[25/06/2011 12:39:08] /a
[25/06/2011 12:39:08] /a
[25/06/2011 12:39:08] /a
[25/06/2011 12:39:08] /a
[25/06/2011 12:39:08] /a
[25/06/2011 12:39:09] /a
[25/06/2011 12:39:09] /a
[25/06/2011 12:39:09] /a
[25/06/2011 12:39:09] /a
[25/06/2011 12:39:09] /a
[25/06/2011 12:39:09] /a
[25/06/2011 12:39:09] /a
[25/06/2011 12:39:09] /a
[25/06/2011 12:39:09] /a
[25/06/2011 12:39:09] /a
[25/06/2011 12:39:09] /a
[25/06/2011 12:39:09] /a
[25/06/2011 12:39:09] /a
[25/06/2011 12:39:09] /a
[25/06/2011 12:39:10] /a
[25/06/2011 12:39:11] /a
[25/06/2011 12:39:11] /a
[25/06/2011 12:39:11] /a
[25/06/2011 12:39:12] /a
[25/06/2011 12:39:12] /a
[25/06/2011 12:39:12] /a
[25/06/2011 12:39:12] /a
[25/06/2011 12:39:12] /a
[25/06/2011 12:39:12] /a
[25/06/2011 12:39:13] /a
[25/06/2011 12:39:13] /a
[25/06/2011 12:39:14] /a
[25/06/2011 12:39:14] /a
[25/06/2011 12:39:14] /a
[25/06/2011 12:39:14] /a
[25/06/2011 12:39:15] /a
[25/06/2011 12:39:15] /a
[25/06/2011 12:39:15] /a
[25/06/2011 12:39:15] /a
[25/06/2011 12:39:15] /a
[25/06/2011 12:39:16] /a
[25/06/2011 12:39:16] /a
[25/06/2011 12:39:16] /a
[25/06/2011 12:39:16] /a
[25/06/2011 12:39:16] /a
[25/06/2011 12:39:17] /a
[25/06/2011 12:39:17] /a
[25/06/2011 12:39:17] /a
[25/06/2011 12:39:17] /a
[25/06/2011 12:39:18] /a
[25/06/2011 12:39:18] /a
[25/06/2011 12:39:18] /a
[25/06/2011 12:39:18] /a
[25/06/2011 12:39:18] /a
[25/06/2011 12:39:19] /a
[25/06/2011 12:39:19] /a
[25/06/2011 12:39:20] /a
[25/06/2011 12:39:20] /a
[25/06/2011 12:39:20] /a
[25/06/2011 12:39:20] /a
[25/06/2011 12:39:20] /a
[25/06/2011 12:39:21] /a
[25/06/2011 12:39:21] /a
[25/06/2011 12:39:21] /a
[25/06/2011 12:39:21] /a
[25/06/2011 12:39:21] /a
[25/06/2011 12:39:21] /a
[25/06/2011 12:39:21] /a
[25/06/2011 12:39:21] /a
[25/06/2011 12:39:22] /a
[25/06/2011 12:39:22] /a
[25/06/2011 12:39:22] /a
[25/06/2011 12:39:22] /a
[25/06/2011 12:39:22] /a
[25/06/2011 12:39:22] /a
[25/06/2011 12:39:22] /a
[25/06/2011 12:39:22] /a
[25/06/2011 12:39:23] /a
[25/06/2011 12:39:23] /a
[25/06/2011 12:39:24] /a
[25/06/2011 12:39:25] /a
[25/06/2011 12:39:25] /a
[25/06/2011 12:39:26] /a
[25/06/2011 12:39:26] /a
[25/06/2011 12:39:26] /a
[25/06/2011 12:39:26] /a
[25/06/2011 12:39:26] /a
[25/06/2011 12:39:26] /a
[25/06/2011 12:39:26] /a
[25/06/2011 12:39:26] /a
[25/06/2011 12:39:26] /a
[25/06/2011 12:39:26] /a
[25/06/2011 12:39:26] /a
[25/06/2011 12:39:26] /a
[25/06/2011 12:39:27] /a
[25/06/2011 12:39:27] /a
[25/06/2011 12:39:27] /a
[25/06/2011 12:39:27] /a
[25/06/2011 12:39:27] /a
[25/06/2011 12:39:27] /a
[25/06/2011 12:39:28] /a
[25/06/2011 12:39:28] /a
[25/06/2011 12:40:03] /a 5
[25/06/2011 12:40:15] /a
[25/06/2011 12:40:33] /up
[25/06/2011 12:40:52] /a 
[25/06/2011 12:40:58] /a 50
[25/06/2011 12:41:54] /m more diabo
[25/06/2011 12:42:08] /m [god] baiak
[25/06/2011 12:42:13] /a
[25/06/2011 12:42:13] /a
[25/06/2011 12:42:13] /a
[25/06/2011 12:42:13] /a
[25/06/2011 12:42:13] /a
[25/06/2011 12:42:13] /a
[25/06/2011 12:42:13] /a
[25/06/2011 12:42:13] /a
[25/06/2011 12:42:13] /a
[25/06/2011 12:42:13] /a
[25/06/2011 12:42:13] /a
[25/06/2011 12:42:14] /a
[25/06/2011 12:42:14] /a
[25/06/2011 12:42:14] /a
[25/06/2011 12:42:14] /a
[25/06/2011 12:42:14] /a
[25/06/2011 12:42:14] /a
[25/06/2011 12:42:14] /a
[25/06/2011 12:42:14] /a
[25/06/2011 12:42:14] /a
[25/06/2011 12:42:14] /a
[25/06/2011 12:42:14] /a
[25/06/2011 12:42:14] /a
[25/06/2011 12:42:14] /a
[25/06/2011 12:42:14] /a
[25/06/2011 12:42:14] /a
[25/06/2011 12:42:15] /a
[25/06/2011 12:42:15] /a
[25/06/2011 12:42:15] /a
[25/06/2011 12:42:15] /a
[25/06/2011 12:42:15] /a
[25/06/2011 12:42:15] /a
[25/06/2011 12:42:15] /a
[25/06/2011 12:42:15] /a
[25/06/2011 12:42:15] /a
[25/06/2011 12:42:15] /a
[25/06/2011 12:42:16] /a
[25/06/2011 12:42:16] /a
[25/06/2011 12:42:16] /a
[25/06/2011 12:42:16] /a
[25/06/2011 12:42:16] /a
[25/06/2011 12:42:16] /a
[25/06/2011 12:42:16] /a
[25/06/2011 12:42:16] /a
[25/06/2011 12:42:16] /a
[25/06/2011 12:42:16] /a
[25/06/2011 12:42:16] /a
[25/06/2011 12:42:16] /a
[25/06/2011 12:42:17] /a
[25/06/2011 12:42:17] /a
[25/06/2011 12:42:17] /a
[25/06/2011 12:42:20] /a
[25/06/2011 12:42:20] /a
[25/06/2011 12:42:20] /a
[25/06/2011 12:42:20] /a
[25/06/2011 12:42:20] /a
[25/06/2011 12:42:20] /a
[25/06/2011 12:42:20] /a
[25/06/2011 12:42:20] /a
[25/06/2011 12:42:20] /a
[25/06/2011 12:42:20] /a
[25/06/2011 12:42:21] /a
[25/06/2011 12:42:21] /a
[25/06/2011 12:42:21] /a
[25/06/2011 12:42:21] /a
[25/06/2011 12:42:21] /a
[25/06/2011 12:42:21] /a
[25/06/2011 12:42:21] /a
[25/06/2011 12:42:21] /a
[25/06/2011 12:42:21] /a
[25/06/2011 12:42:21] /a
[25/06/2011 12:42:21] /a
[25/06/2011 12:42:21] /a
[25/06/2011 12:42:21] /a
[25/06/2011 12:42:21] /a
[25/06/2011 12:42:21] /a
[25/06/2011 12:42:22] /a
[25/06/2011 12:42:22] /a
[25/06/2011 12:42:22] /a
[25/06/2011 12:42:22] /a
[25/06/2011 12:42:23] /a
[25/06/2011 12:42:23] /a
[25/06/2011 12:42:23] /a
[25/06/2011 12:42:23] /a
[25/06/2011 12:42:23] /a
[25/06/2011 12:42:23] /a
[25/06/2011 12:42:24] /a
[25/06/2011 12:42:24] /a
[25/06/2011 12:42:24] /a
[25/06/2011 12:42:24] /a
[25/06/2011 12:42:24] /a
[25/06/2011 12:42:25] /a
[25/06/2011 12:42:25] /a
[25/06/2011 12:42:25] /a
[25/06/2011 12:42:25] /a
[25/06/2011 12:42:26] /a
[25/06/2011 12:42:26] /a
[25/06/2011 12:42:26] /a
[25/06/2011 12:42:26] /a
[25/06/2011 12:42:27] /a
[25/06/2011 12:42:29] /a
[25/06/2011 12:42:29] /a
[25/06/2011 12:42:30] /a
[25/06/2011 12:42:30] /a
[25/06/2011 12:42:30] /a
[25/06/2011 12:42:30] /a
[25/06/2011 12:42:30] /a
[25/06/2011 12:42:30] /a
[25/06/2011 12:42:30] /a
[25/06/2011 12:42:30] /a
[25/06/2011 12:42:30] /a
[25/06/2011 12:42:30] /a
[25/06/2011 12:42:30] /a
[25/06/2011 12:42:30] /a
[25/06/2011 12:42:30] /a
[25/06/2011 12:42:31] /a
[25/06/2011 12:42:31] /a
[25/06/2011 12:42:31] /a
[25/06/2011 12:42:31] /a
[25/06/2011 12:42:31] /a
[25/06/2011 12:42:31] /a
[25/06/2011 12:42:31] /a
[25/06/2011 12:42:31] /a
[25/06/2011 12:42:31] /a
[25/06/2011 12:42:32] /a
[25/06/2011 12:42:32] /a
[25/06/2011 12:42:32] /a
[25/06/2011 12:42:32] /a
[25/06/2011 12:42:32] /a
[25/06/2011 12:42:32] /a
[25/06/2011 12:42:32] /a
[25/06/2011 12:42:33] /a
[25/06/2011 12:42:33] /a
[25/06/2011 12:42:33] /a
[25/06/2011 12:42:33] /a
[25/06/2011 12:42:33] /a
[25/06/2011 12:42:33] /a
[25/06/2011 12:42:33] /a
[25/06/2011 12:42:33] /a
[25/06/2011 12:42:33] /a
[25/06/2011 12:42:33] /a
[25/06/2011 12:42:33] /a
[25/06/2011 12:42:39] /a
[25/06/2011 12:42:40] /a
[25/06/2011 12:42:40] /a
[25/06/2011 12:42:41] /a
[25/06/2011 12:42:41] /a
[25/06/2011 12:42:41] /a
[25/06/2011 12:42:41] /a
[25/06/2011 12:42:41] /a
[25/06/2011 12:42:41] /a
[25/06/2011 12:42:42] /a
[25/06/2011 12:42:42] /a
[25/06/2011 12:42:42] /a
[25/06/2011 12:42:42] /a
[25/06/2011 12:42:42] /a
[25/06/2011 12:42:42] /a
[25/06/2011 12:42:42] /a
[25/06/2011 12:42:42] /a
[25/06/2011 12:42:42] /a
[25/06/2011 12:42:42] /a
[25/06/2011 12:42:42] /a
[25/06/2011 12:42:42] /a
[25/06/2011 12:42:42] /a
[25/06/2011 12:42:42] /a
[25/06/2011 12:42:42] /a
[25/06/2011 12:42:42] /a
[25/06/2011 12:42:42] /a
[25/06/2011 12:42:43] /a
[25/06/2011 12:42:43] /a
[25/06/2011 12:42:43] /a
[25/06/2011 12:42:43] /a
[25/06/2011 12:42:43] /a
[25/06/2011 12:42:43] /a
[25/06/2011 12:42:43] /a
[25/06/2011 12:42:43] /a
[25/06/2011 12:42:43] /a
[25/06/2011 12:42:43] /a
[25/06/2011 12:42:43] /a
[25/06/2011 12:42:43] /a
[25/06/2011 12:42:43] /a
[25/06/2011 12:42:43] /a
[25/06/2011 12:42:43] /a
[25/06/2011 12:42:43] /a
[25/06/2011 12:42:43] /a
[25/06/2011 12:42:43] /a
[25/06/2011 12:42:43] /a
[25/06/2011 12:42:43] /a
[25/06/2011 12:42:44] /a
[25/06/2011 12:42:44] /a
[25/06/2011 12:42:44] /a
[25/06/2011 12:42:44] /a
[25/06/2011 12:42:44] /a
[25/06/2011 12:42:44] /a
[25/06/2011 12:42:44] /a
[25/06/2011 12:42:44] /a
[25/06/2011 12:42:44] /a
[25/06/2011 12:42:44] /a
[25/06/2011 12:42:44] /a
[25/06/2011 12:42:44] /a
[25/06/2011 12:42:44] /a
[25/06/2011 12:42:44] /a
[25/06/2011 12:42:44] /a
[25/06/2011 12:42:44] /a
[25/06/2011 12:42:44] /a
[25/06/2011 12:42:44] /a
[25/06/2011 12:42:46] /a
[25/06/2011 12:42:47] /a
[25/06/2011 12:42:47] /a
[25/06/2011 12:42:47] /a
[25/06/2011 12:42:47] /a
[25/06/2011 12:42:47] /a
[25/06/2011 12:42:48] /a
[25/06/2011 12:42:48] /a
[25/06/2011 12:42:48] /a
[25/06/2011 12:42:48] /a
[25/06/2011 12:42:48] /a
[25/06/2011 12:42:48] /a
[25/06/2011 12:42:48] /a
[25/06/2011 12:42:48] /a
[25/06/2011 12:42:48] /a
[25/06/2011 12:42:48] /a
[25/06/2011 12:42:48] /a
[25/06/2011 12:42:48] /a
[25/06/2011 12:42:48] /a
[25/06/2011 12:42:48] /a
[25/06/2011 12:42:48] /a
[25/06/2011 12:42:48] /a
[25/06/2011 12:42:48] /a
[25/06/2011 12:42:48] /a
[25/06/2011 12:42:48] /a
[25/06/2011 12:42:48] /a
[25/06/2011 12:42:48] /a
[25/06/2011 12:42:49] /a
[25/06/2011 12:42:49] /a
[25/06/2011 12:42:49] /a
[25/06/2011 12:42:49] /a
[25/06/2011 12:42:49] /a
[25/06/2011 12:42:49] /a
[25/06/2011 12:42:49] /a
[25/06/2011 12:42:49] /a
[25/06/2011 12:42:49] /a
[25/06/2011 12:42:49] /a
[25/06/2011 12:42:50] /a
[25/06/2011 12:42:50] /a
[25/06/2011 12:42:50] /a
[25/06/2011 12:42:50] /a
[25/06/2011 12:42:50] /a
[25/06/2011 12:42:50] /a
[25/06/2011 12:42:50] /a
[25/06/2011 12:42:50] /a
[25/06/2011 12:42:50] /a
[25/06/2011 12:42:50] /a
[25/06/2011 12:42:50] /a
[25/06/2011 12:42:51] /a
[25/06/2011 12:42:51] /a
[25/06/2011 12:42:51] /a
[25/06/2011 12:42:51] /a
[25/06/2011 12:42:51] /a
[25/06/2011 12:42:52] /a
[25/06/2011 12:42:52] /a
[25/06/2011 12:42:52] /a
[25/06/2011 12:42:53] /a
[25/06/2011 12:42:54] /a
[25/06/2011 12:42:54] /a
[25/06/2011 12:42:54] /a
[25/06/2011 12:42:54] /a
[25/06/2011 12:42:54] /a
[25/06/2011 12:42:55] /a
[25/06/2011 12:42:56] /a
[25/06/2011 12:42:57] /a
[25/06/2011 12:42:57] /a
[25/06/2011 12:42:57] /a
[25/06/2011 12:42:57] /a
[25/06/2011 12:42:57] /a
[25/06/2011 12:42:58] /a
[25/06/2011 12:43:05] /a
[25/06/2011 12:43:05] /a
[25/06/2011 12:43:07] /a
[25/06/2011 12:43:07] /a
[25/06/2011 12:43:07] /a
[25/06/2011 12:43:07] /a
[25/06/2011 12:43:08] /a
[25/06/2011 12:43:09] /a
[25/06/2011 12:43:09] /a
[25/06/2011 12:43:09] /a
[25/06/2011 12:43:12] /a
[25/06/2011 12:43:13] /a
[25/06/2011 12:43:13] /a
[25/06/2011 12:43:13] /a
[25/06/2011 12:43:13] /a
[25/06/2011 12:43:13] /a
[25/06/2011 12:43:13] /a
[25/06/2011 12:43:13] /a
[25/06/2011 12:43:13] /a
[25/06/2011 12:43:13] /a
[25/06/2011 12:43:13] /a
[25/06/2011 12:43:13] /a
[25/06/2011 12:43:13] /a
[25/06/2011 12:43:13] /a
[25/06/2011 12:43:13] /a
[25/06/2011 12:43:14] /a
[25/06/2011 12:43:14] /a
[25/06/2011 12:43:14] /a
[25/06/2011 12:43:14] /a
[25/06/2011 12:43:14] /a
[25/06/2011 12:43:14] /a
[25/06/2011 12:43:14] /a
[25/06/2011 12:43:14] /a
[25/06/2011 12:43:14] /a
[25/06/2011 12:43:14] /a
[25/06/2011 12:43:14] /a
[25/06/2011 12:43:14] /a
[25/06/2011 12:43:14] /a
[25/06/2011 12:43:14] /a
[25/06/2011 12:43:15] /a
[25/06/2011 12:43:15] /a
[25/06/2011 12:43:15] /a
[25/06/2011 12:43:15] /a
[25/06/2011 12:43:15] /a
[25/06/2011 12:43:15] /a
[25/06/2011 12:43:15] /a
[25/06/2011 12:43:15] /a
[25/06/2011 12:43:15] /a
[25/06/2011 12:43:15] /a
[25/06/2011 12:43:15] /a
[25/06/2011 12:43:15] /a
[25/06/2011 12:43:15] /a
[25/06/2011 12:43:15] /a
[25/06/2011 12:43:15] /a
[25/06/2011 12:43:16] /a
[25/06/2011 12:43:16] /a
[25/06/2011 12:43:16] /a
[25/06/2011 12:43:16] /a
[25/06/2011 12:43:17] /a
[25/06/2011 12:43:17] /a
[25/06/2011 12:43:17] /a
[25/06/2011 12:43:17] /a
[25/06/2011 12:43:17] /a
[25/06/2011 12:43:17] /a
[25/06/2011 12:43:17] /a
[25/06/2011 12:43:17] /a
[25/06/2011 12:43:18] /a
[25/06/2011 12:43:18] /a
[25/06/2011 12:43:18] /a
[25/06/2011 12:43:18] /a
[25/06/2011 12:43:18] /a
[25/06/2011 12:43:18] /a
[25/06/2011 12:43:18] /a
[25/06/2011 12:43:18] /a
[25/06/2011 12:43:18] /a
[25/06/2011 12:43:19] /a
[25/06/2011 12:43:20] /a
[25/06/2011 12:43:20] /a
[25/06/2011 12:43:20] /a
[25/06/2011 12:43:20] /a
[25/06/2011 12:43:20] /a
[25/06/2011 12:43:20] /a
[25/06/2011 12:43:20] /a
[25/06/2011 12:43:20] /a
[25/06/2011 12:43:20] /a
[25/06/2011 12:43:20] /a
[25/06/2011 12:43:20] /a
[25/06/2011 12:43:20] /a
[25/06/2011 12:43:20] /a
[25/06/2011 12:43:20] /a
[25/06/2011 12:43:20] /a
[25/06/2011 12:43:21] /a
[25/06/2011 12:43:21] /a
[25/06/2011 12:43:21] /a
[25/06/2011 12:43:21] /a
[25/06/2011 12:43:21] /a
[25/06/2011 12:43:21] /a
[25/06/2011 12:43:21] /a
[25/06/2011 12:43:21] /a
[25/06/2011 12:43:21] /a
[25/06/2011 12:43:21] /a
[25/06/2011 12:43:21] /a
[25/06/2011 12:43:21] /a
[25/06/2011 12:43:21] /a
[25/06/2011 12:43:21] /a
[25/06/2011 12:43:21] /a
[25/06/2011 12:43:21] /a
[25/06/2011 12:43:21] /a
[25/06/2011 12:43:21] /a
[25/06/2011 12:43:21] /a
[25/06/2011 12:43:21] /a
[25/06/2011 12:43:22] /a
[25/06/2011 12:43:22] /a
[25/06/2011 12:43:22] /a
[25/06/2011 12:43:22] /a
[25/06/2011 12:43:22] /a
[25/06/2011 12:43:22] /a
[25/06/2011 12:43:22] /a
[25/06/2011 12:43:22] /a
[25/06/2011 12:43:22] /a
[25/06/2011 12:43:22] /a
[25/06/2011 12:43:22] /a
[25/06/2011 12:43:22] /a
[25/06/2011 12:43:22] /a
[25/06/2011 12:43:22] /a
[25/06/2011 12:43:22] /a
[25/06/2011 12:43:22] /a
[25/06/2011 12:43:23] /a
[25/06/2011 12:43:23] /a
[25/06/2011 12:43:23] /a
[25/06/2011 12:43:23] /a
[25/06/2011 12:43:23] /a
[25/06/2011 12:43:23] /a
[25/06/2011 12:43:23] /a
[25/06/2011 12:43:23] /a
[25/06/2011 12:43:23] /a
[25/06/2011 12:43:23] /a
[25/06/2011 12:43:23] /a
[25/06/2011 12:43:23] /a
[25/06/2011 12:43:23] /a
[25/06/2011 12:43:23] /a
[25/06/2011 12:43:23] /a
[25/06/2011 12:43:23] /a
[25/06/2011 12:43:23] /a
[25/06/2011 12:43:24] /a
[25/06/2011 12:43:24] /a
[25/06/2011 12:43:24] /a
[25/06/2011 12:43:24] /a
[25/06/2011 12:43:24] /a
[25/06/2011 12:43:24] /a
[25/06/2011 12:43:24] /a
[25/06/2011 12:43:24] /a
[25/06/2011 12:43:24] /a
[25/06/2011 12:43:24] /a
[25/06/2011 12:43:24] /a
[25/06/2011 12:43:24] /a
[25/06/2011 12:43:24] /a
[25/06/2011 12:43:24] /a
[25/06/2011 12:43:24] /a
[25/06/2011 12:43:24] /a
[25/06/2011 12:43:25] /a
[25/06/2011 12:43:25] /a
[25/06/2011 12:43:25] /a
[25/06/2011 12:43:25] /a
[25/06/2011 12:43:25] /a
[25/06/2011 12:43:25] /a
[25/06/2011 12:43:25] /a
[25/06/2011 12:43:25] /a
[25/06/2011 12:43:25] /a
[25/06/2011 12:43:25] /a
[25/06/2011 12:43:25] /a
[25/06/2011 12:43:25] /a
[25/06/2011 12:43:25] /a
[25/06/2011 12:43:25] /a
[25/06/2011 12:43:25] /a
[25/06/2011 12:43:25] /a
[25/06/2011 12:43:25] /a
[25/06/2011 12:43:25] /a
[25/06/2011 12:43:25] /a
[25/06/2011 12:43:26] /a
[25/06/2011 12:43:26] /a
[25/06/2011 12:43:26] /a
[25/06/2011 12:43:26] /a
[25/06/2011 12:43:26] /a
[25/06/2011 12:43:26] /a
[25/06/2011 12:43:26] /a
[25/06/2011 12:43:26] /a
[25/06/2011 12:43:26] /a
[25/06/2011 12:43:26] /a
[25/06/2011 12:43:26] /a
[25/06/2011 12:43:26] /a
[25/06/2011 12:43:26] /a
[25/06/2011 12:43:26] /a
[25/06/2011 12:43:26] /a
[25/06/2011 12:43:26] /a
[25/06/2011 12:43:26] /a
[25/06/2011 12:43:26] /a
[25/06/2011 12:43:26] /a
[25/06/2011 12:43:26] /a
[25/06/2011 12:43:27] /a
[25/06/2011 12:43:27] /a
[25/06/2011 12:43:27] /a
[25/06/2011 12:43:27] /a
[25/06/2011 12:43:27] /a
[25/06/2011 12:43:27] /a
[25/06/2011 12:43:27] /a
[25/06/2011 12:43:27] /a
[25/06/2011 12:43:27] /a
[25/06/2011 12:43:27] /a
[25/06/2011 12:43:27] /a
[25/06/2011 12:43:27] /a
[25/06/2011 12:43:27] /a
[25/06/2011 12:43:27] /a
[25/06/2011 12:43:27] /a
[25/06/2011 12:43:27] /a
[25/06/2011 12:43:27] /a
[25/06/2011 12:43:27] /a
[25/06/2011 12:43:28] /a
[25/06/2011 12:43:28] /a
[25/06/2011 12:43:28] /a
[25/06/2011 12:43:28] /a
[25/06/2011 12:43:28] /a
[25/06/2011 12:43:28] /a
[25/06/2011 12:43:28] /a
[25/06/2011 12:43:28] /a
[25/06/2011 12:43:28] /a
[25/06/2011 12:43:28] /a
[25/06/2011 12:43:28] /a
[25/06/2011 12:43:28] /a
[25/06/2011 12:43:28] /a
[25/06/2011 12:43:28] /a
[25/06/2011 12:43:31] /a
[25/06/2011 12:43:31] /a
[25/06/2011 12:43:31] /a
[25/06/2011 12:43:32] /a
[25/06/2011 12:43:32] /a
[25/06/2011 12:43:32] /a
[25/06/2011 12:43:32] /a
[25/06/2011 12:43:32] /a
[25/06/2011 12:43:33] /a
[25/06/2011 12:43:33] /a
[25/06/2011 12:43:33] /a
[25/06/2011 12:43:33] /a
[25/06/2011 12:43:33] /a
[25/06/2011 12:43:34] /a
[25/06/2011 12:43:34] /a
[25/06/2011 12:43:35] /a
[25/06/2011 12:43:35] /a
[25/06/2011 12:43:35] /a
[25/06/2011 12:43:35] /a
[25/06/2011 12:43:35] /a
[25/06/2011 12:43:35] /a
[25/06/2011 12:43:36] /a
[25/06/2011 12:43:36] /a
[25/06/2011 12:43:36] /a
[25/06/2011 12:43:36] /a
[25/06/2011 12:43:36] /a
[25/06/2011 12:43:37] /a
[25/06/2011 12:43:37] /a
[25/06/2011 12:43:37] /a
[25/06/2011 12:43:37] /a
[25/06/2011 12:43:37] /a
[25/06/2011 12:43:38] /a
[25/06/2011 12:43:38] /a
[25/06/2011 12:43:42] /a
[25/06/2011 12:43:42] /a
[25/06/2011 12:43:42] /a
[25/06/2011 12:43:42] /a
[25/06/2011 12:43:43] /a
[25/06/2011 12:43:43] /a
[25/06/2011 12:43:43] /a
[25/06/2011 12:43:43] /a
[25/06/2011 12:43:43] /a
[25/06/2011 12:43:44] /a
[25/06/2011 12:43:44] /a
[25/06/2011 12:43:45] /a
[25/06/2011 12:43:45] /a
[25/06/2011 12:43:45] /a
[25/06/2011 12:43:46] /a
[25/06/2011 12:43:46] /a
[25/06/2011 12:43:46] /a
[25/06/2011 12:43:47] /a
[25/06/2011 12:43:47] /a
[25/06/2011 12:43:47] /a
[25/06/2011 12:43:47] /a
[25/06/2011 12:43:48] /a
[25/06/2011 12:43:48] /a
[25/06/2011 12:43:48] /a
[25/06/2011 12:43:48] /a
[25/06/2011 12:43:49] /a
[25/06/2011 12:43:49] /a
[25/06/2011 12:43:51] /a
[25/06/2011 12:43:52] /a
[25/06/2011 12:43:52] /a
[25/06/2011 12:43:52] /a
[25/06/2011 12:43:52] /a
[25/06/2011 12:43:52] /a
[25/06/2011 12:43:52] /a
[25/06/2011 12:43:52] /a
[25/06/2011 12:43:52] /a
[25/06/2011 12:43:52] /a
[25/06/2011 12:43:52] /a
[25/06/2011 12:43:52] /a
[25/06/2011 12:43:52] /a
[25/06/2011 12:43:52] /a
[25/06/2011 12:43:52] /a
[25/06/2011 12:43:52] /a
[25/06/2011 12:43:52] /a
[25/06/2011 12:43:52] /a
[25/06/2011 12:43:52] /a
[25/06/2011 12:43:52] /a
[25/06/2011 12:43:53] /a
[25/06/2011 12:43:53] /a
[25/06/2011 12:43:53] /a
[25/06/2011 12:43:53] /a
[25/06/2011 12:43:53] /a
[25/06/2011 12:43:53] /a
[25/06/2011 12:43:53] /a
[25/06/2011 12:43:53] /a
[25/06/2011 12:43:53] /a
[25/06/2011 12:43:53] /a
[25/06/2011 12:43:53] /a
[25/06/2011 12:43:53] /a
[25/06/2011 12:43:53] /a
[25/06/2011 12:43:53] /a
[25/06/2011 12:43:53] /a
[25/06/2011 12:43:53] /a
[25/06/2011 12:43:53] /a
[25/06/2011 12:43:53] /a
[25/06/2011 12:43:53] /a
[25/06/2011 12:43:53] /a
[25/06/2011 12:43:53] /a
[25/06/2011 12:43:54] /a
[25/06/2011 12:43:54] /a
[25/06/2011 12:43:54] /a
[25/06/2011 12:43:54] /a
[25/06/2011 12:43:54] /a
[25/06/2011 12:43:54] /a
[25/06/2011 12:43:54] /a
[25/06/2011 12:43:54] /a
[25/06/2011 12:43:54] /a
[25/06/2011 12:43:54] /a
[25/06/2011 12:43:54] /a
[25/06/2011 12:43:54] /a
[25/06/2011 12:43:54] /a
[25/06/2011 12:43:54] /a
[25/06/2011 12:43:54] /a
[25/06/2011 12:43:54] /a
[25/06/2011 12:43:54] /a
[25/06/2011 12:43:54] /a
[25/06/2011 12:43:54] /a
[25/06/2011 12:43:55] /a
[25/06/2011 12:43:55] /a
[25/06/2011 12:43:55] /a
[25/06/2011 12:43:55] /a
[25/06/2011 12:43:55] /a
[25/06/2011 12:43:55] /a
[25/06/2011 12:43:55] /a
[25/06/2011 12:43:55] /a
[25/06/2011 12:43:55] /a
[25/06/2011 12:43:55] /a
[25/06/2011 12:43:55] /a
[25/06/2011 12:43:55] /a
[25/06/2011 12:43:55] /a
[25/06/2011 12:43:55] /a
[25/06/2011 12:43:55] /a
[25/06/2011 12:43:55] /a
[25/06/2011 12:43:55] /a
[25/06/2011 12:43:55] /a
[25/06/2011 12:43:56] /a
[25/06/2011 12:43:56] /a
[25/06/2011 12:43:56] /a
[25/06/2011 12:43:56] /a
[25/06/2011 12:43:56] /a
[25/06/2011 12:43:56] /a
[25/06/2011 12:43:56] /a
[25/06/2011 12:43:56] /a
[25/06/2011 12:43:56] /a
[25/06/2011 12:43:56] /a
[25/06/2011 12:43:56] /a
[25/06/2011 12:43:56] /a
[25/06/2011 12:43:56] /a
[25/06/2011 12:43:56] /a
[25/06/2011 12:43:56] /a
[25/06/2011 12:43:56] /a
[25/06/2011 12:43:56] /a
[25/06/2011 12:43:56] /a
[25/06/2011 12:43:56] /a
[25/06/2011 12:43:56] /a
[25/06/2011 12:43:56] /a
[25/06/2011 12:43:56] /a
[25/06/2011 12:43:57] /a
[25/06/2011 12:43:57] /a
[25/06/2011 12:43:57] /a
[25/06/2011 12:43:57] /a
[25/06/2011 12:43:57] /a
[25/06/2011 12:43:57] /a
[25/06/2011 12:43:57] /a
[25/06/2011 12:43:57] /a
[25/06/2011 12:43:57] /a
[25/06/2011 12:43:57] /a
[25/06/2011 12:43:57] /a
[25/06/2011 12:43:57] /a
[25/06/2011 12:43:57] /a
[25/06/2011 12:43:57] /a
[25/06/2011 12:43:57] /a
[25/06/2011 12:43:57] /a
[25/06/2011 12:43:57] /a
[25/06/2011 12:43:57] /a
[25/06/2011 12:43:57] /a
[25/06/2011 12:43:58] /a
[25/06/2011 12:43:58] /a
[25/06/2011 12:43:58] /a
[25/06/2011 12:43:58] /a
[25/06/2011 12:43:58] /a
[25/06/2011 12:43:58] /a
[25/06/2011 12:43:58] /a
[25/06/2011 12:43:58] /a
[25/06/2011 12:43:58] /a
[25/06/2011 12:43:58] /a
[25/06/2011 12:43:58] /a
[25/06/2011 12:43:58] /a
[25/06/2011 12:43:58] /a
[25/06/2011 12:43:58] /a
[25/06/2011 12:43:58] /a
[25/06/2011 12:43:58] /a
[25/06/2011 12:43:58] /a
[25/06/2011 12:43:58] /a
[25/06/2011 12:43:58] /a
[25/06/2011 12:43:58] /a
[25/06/2011 12:43:58] /a
[25/06/2011 12:43:59] /a
[25/06/2011 12:43:59] /a
[25/06/2011 12:43:59] /a
[25/06/2011 12:43:59] /a
[25/06/2011 12:43:59] /a
[25/06/2011 12:43:59] /a
[25/06/2011 12:43:59] /a
[25/06/2011 12:43:59] /a
[25/06/2011 12:43:59] /a
[25/06/2011 12:43:59] /a
[25/06/2011 12:43:59] /a
[25/06/2011 12:43:59] /a
[25/06/2011 12:43:59] /a
[25/06/2011 12:43:59] /a
[25/06/2011 12:43:59] /a
[25/06/2011 12:43:59] /a
[25/06/2011 12:43:59] /a
[25/06/2011 12:43:59] /a
[25/06/2011 12:43:59] /a
[25/06/2011 12:44:00] /a
[25/06/2011 12:44:00] /a
[25/06/2011 12:44:00] /a
[25/06/2011 12:44:00] /a
[25/06/2011 12:44:00] /a
[25/06/2011 12:44:00] /a
[25/06/2011 12:44:00] /a
[25/06/2011 12:44:01] /a
[25/06/2011 12:44:01] /a
[25/06/2011 12:44:01] /a
[25/06/2011 12:44:01] /a
[25/06/2011 12:44:01] /a
[25/06/2011 12:44:01] /a
[25/06/2011 12:44:01] /a
[25/06/2011 12:44:01] /a
[25/06/2011 12:44:01] /a
[25/06/2011 12:44:01] /a
[25/06/2011 12:44:02] /a
[25/06/2011 12:44:02] /a
[25/06/2011 12:44:02] /a
[25/06/2011 12:44:02] /a
[25/06/2011 12:44:02] /a
[25/06/2011 12:44:02] /a
[25/06/2011 12:44:02] /a
[25/06/2011 12:44:02] /a
[25/06/2011 12:44:02] /a
[25/06/2011 12:44:02] /a
[25/06/2011 12:44:02] /a
[25/06/2011 12:44:02] /a
[25/06/2011 12:44:02] /a
[25/06/2011 12:44:02] /a
[25/06/2011 12:44:02] /a
[25/06/2011 12:44:02] /a
[25/06/2011 12:44:02] /a
[25/06/2011 12:44:02] /a
[25/06/2011 12:44:02] /a
[25/06/2011 12:44:03] /a
[25/06/2011 12:44:03] /a
[25/06/2011 12:44:03] /a
[25/06/2011 12:44:03] /a
[25/06/2011 12:44:03] /a
[25/06/2011 12:44:03] /a
[25/06/2011 12:44:03] /a
[25/06/2011 12:44:03] /a
[25/06/2011 12:44:03] /a
[25/06/2011 12:44:03] /a
[25/06/2011 12:44:04] /a
[25/06/2011 12:44:04] /a
[25/06/2011 12:44:04] /a
[25/06/2011 12:44:04] /a
[25/06/2011 12:44:04] /a
[25/06/2011 12:44:04] /a
[25/06/2011 12:44:04] /a
[25/06/2011 12:44:04] /a
[25/06/2011 12:44:04] /a
[25/06/2011 12:44:04] /a
[25/06/2011 12:44:05] /a
[25/06/2011 12:44:05] /a
[25/06/2011 12:44:05] /a
[25/06/2011 12:44:05] /a
[25/06/2011 12:44:05] /a
[25/06/2011 12:44:06] /a
[25/06/2011 12:44:06] /a
[25/06/2011 12:44:06] /a
[25/06/2011 12:44:06] /a
[25/06/2011 12:44:06] /a
[25/06/2011 12:44:06] /a
[25/06/2011 12:44:06] /a
[25/06/2011 12:44:06] /a
[25/06/2011 12:44:06] /a
[25/06/2011 12:44:06] /a
[25/06/2011 12:44:06] /a
[25/06/2011 12:44:06] /a
[25/06/2011 12:44:06] /a
[25/06/2011 12:44:06] /a
[25/06/2011 12:44:06] /a
[25/06/2011 12:44:06] /a
[25/06/2011 12:44:06] /a
[25/06/2011 12:44:06] /a
[25/06/2011 12:44:06] /a
[25/06/2011 12:44:06] /a
[25/06/2011 12:44:06] /a
[25/06/2011 12:44:07] /a
[25/06/2011 12:44:07] /a
[25/06/2011 12:44:07] /a
[25/06/2011 12:44:07] /a
[25/06/2011 12:44:07] /a
[25/06/2011 12:44:07] /a
[25/06/2011 12:44:07] /a
[25/06/2011 12:44:07] /a
[25/06/2011 12:44:07] /a
[25/06/2011 12:44:07] /a
[25/06/2011 12:44:07] /a
[25/06/2011 12:44:07] /a
[25/06/2011 12:44:07] /a
[25/06/2011 12:44:07] /a
[25/06/2011 12:44:07] /a
[25/06/2011 12:44:07] /a
[25/06/2011 12:44:07] /a
[25/06/2011 12:44:07] /a
[25/06/2011 12:44:07] /a
[25/06/2011 12:44:07] /a
[25/06/2011 12:44:08] /a
[25/06/2011 12:44:08] /a
[25/06/2011 12:44:08] /a
[25/06/2011 12:44:08] /a
[25/06/2011 12:44:08] /a
[25/06/2011 12:44:08] /a
[25/06/2011 12:44:08] /a
[25/06/2011 12:44:08] /a
[25/06/2011 12:44:08] /a
[25/06/2011 12:44:08] /a
[25/06/2011 12:44:08] /a
[25/06/2011 12:44:08] /a
[25/06/2011 12:44:08] /a
[25/06/2011 12:44:08] /a
[25/06/2011 12:44:08] /a
[25/06/2011 12:44:08] /a
[25/06/2011 12:44:08] /a
[25/06/2011 12:44:08] /a
[25/06/2011 12:44:08] /a
[25/06/2011 12:44:08] /a
[25/06/2011 12:44:08] /a
[25/06/2011 12:44:09] /a
[25/06/2011 12:44:09] /a
[25/06/2011 12:44:09] /a
[25/06/2011 12:44:09] /a
[25/06/2011 12:44:09] /a
[25/06/2011 12:44:09] /a
[25/06/2011 12:44:09] /a
[25/06/2011 12:44:09] /a
[25/06/2011 12:44:09] /a
[25/06/2011 12:44:09] /a
[25/06/2011 12:44:09] /a
[25/06/2011 12:44:09] /a
[25/06/2011 12:44:09] /a
[25/06/2011 12:44:09] /a
[25/06/2011 12:44:09] /a
[25/06/2011 12:44:09] /a
[25/06/2011 12:44:09] /a
[25/06/2011 12:44:09] /a
[25/06/2011 12:44:09] /a
[25/06/2011 12:44:09] /a
[25/06/2011 12:44:09] /a
[25/06/2011 12:44:10] /a
[25/06/2011 12:44:10] /a
[25/06/2011 12:44:10] /a
[25/06/2011 12:44:10] /a
[25/06/2011 12:44:10] /a
[25/06/2011 12:44:10] /a
[25/06/2011 12:44:10] /a
[25/06/2011 12:44:10] /a
[25/06/2011 12:44:10] /a
[25/06/2011 12:44:10] /a
[25/06/2011 12:44:10] /a
[25/06/2011 12:44:10] /a
[25/06/2011 12:44:10] /a
[25/06/2011 12:44:10] /a
[25/06/2011 12:44:10] /a
[25/06/2011 12:44:10] /a
[25/06/2011 12:44:10] /a
[25/06/2011 12:44:10] /a
[25/06/2011 12:44:10] /a
[25/06/2011 12:44:10] /a
[25/06/2011 12:44:10] /a
[25/06/2011 12:44:11] /a
[25/06/2011 12:44:11] /a
[25/06/2011 12:44:11] /a
[25/06/2011 12:44:11] /a
[25/06/2011 12:44:11] /a
[25/06/2011 12:44:11] /a
[25/06/2011 12:44:11] /a
[25/06/2011 12:44:11] /a
[25/06/2011 12:44:11] /a
[25/06/2011 12:44:11] /a
[25/06/2011 12:44:11] /a
[25/06/2011 12:44:11] /a
[25/06/2011 12:44:11] /a
[25/06/2011 12:44:11] /a
[25/06/2011 12:44:11] /a
[25/06/2011 12:44:11] /a
[25/06/2011 12:44:11] /a
[25/06/2011 12:44:11] /a
[25/06/2011 12:44:11] /a
[25/06/2011 12:44:11] /a
[25/06/2011 12:44:11] /a
[25/06/2011 12:44:12] /a
[25/06/2011 12:44:12] /a
[25/06/2011 12:44:12] /a
[25/06/2011 12:44:12] /a
[25/06/2011 12:44:12] /a
[25/06/2011 12:44:12] /a
[25/06/2011 12:44:12] /a
[25/06/2011 12:44:12] /a
[25/06/2011 12:44:12] /a
[25/06/2011 12:44:12] /a
[25/06/2011 12:44:12] /a
[25/06/2011 12:44:12] /a
[25/06/2011 12:44:12] /a
[25/06/2011 12:44:12] /a
[25/06/2011 12:44:12] /a
[25/06/2011 12:44:12] /a
[25/06/2011 12:44:12] /a
[25/06/2011 12:44:12] /a
[25/06/2011 12:44:12] /a
[25/06/2011 12:44:12] /a
[25/06/2011 12:44:13] /a
[25/06/2011 12:44:13] /a
[25/06/2011 12:44:13] /a
[25/06/2011 12:44:13] /a
[25/06/2011 12:44:13] /a
[25/06/2011 12:44:13] /a
[25/06/2011 12:44:13] /a
[25/06/2011 12:44:13] /a
[25/06/2011 12:44:13] /a
[25/06/2011 12:44:13] /a
[25/06/2011 12:44:13] /a
[25/06/2011 12:44:13] /a
[25/06/2011 12:44:13] /a
[25/06/2011 12:44:13] /a
[25/06/2011 12:44:13] /a
[25/06/2011 12:44:13] /a
[25/06/2011 12:44:13] /a
[25/06/2011 12:44:13] /a
[25/06/2011 12:44:13] /a
[25/06/2011 12:44:13] /a
[25/06/2011 12:44:14] /a
[25/06/2011 12:44:14] /a
[25/06/2011 12:44:14] /a
[25/06/2011 12:44:14] /a
[25/06/2011 12:44:14] /a
[25/06/2011 12:44:14] /a
[25/06/2011 12:44:14] /a
[25/06/2011 12:44:14] /a
[25/06/2011 12:44:14] /a
[25/06/2011 12:44:14] /a
[25/06/2011 12:44:14] /a
[25/06/2011 12:44:14] /a
[25/06/2011 12:44:14] /a
[25/06/2011 12:44:14] /a
[25/06/2011 12:44:14] /a
[25/06/2011 12:44:14] /a
[25/06/2011 12:44:14] /a
[25/06/2011 12:44:14] /a
[25/06/2011 12:44:14] /a
[25/06/2011 12:44:14] /a
[25/06/2011 12:44:15] /a
[25/06/2011 12:44:15] /a
[25/06/2011 12:44:15] /a
[25/06/2011 12:44:15] /a
[25/06/2011 12:44:15] /a
[25/06/2011 12:44:15] /a
[25/06/2011 12:44:15] /a
[25/06/2011 12:44:15] /a
[25/06/2011 12:44:15] /a
[25/06/2011 12:44:15] /a
[25/06/2011 12:44:15] /a
[25/06/2011 12:44:15] /a
[25/06/2011 12:44:15] /a
[25/06/2011 12:44:15] /a
[25/06/2011 12:44:15] /a
[25/06/2011 12:44:15] /a
[25/06/2011 12:44:15] /a
[25/06/2011 12:44:15] /a
[25/06/2011 12:44:15] /a
[25/06/2011 12:44:15] /a
[25/06/2011 12:44:16] /a
[25/06/2011 12:44:16] /a
[25/06/2011 12:44:16] /a
[25/06/2011 12:44:16] /a
[25/06/2011 12:44:16] /a
[25/06/2011 12:44:16] /a
[25/06/2011 12:44:16] /a
[25/06/2011 12:44:16] /a
[25/06/2011 12:44:16] /a
[25/06/2011 12:44:16] /a
[25/06/2011 12:44:16] /a
[25/06/2011 12:44:16] /a
[25/06/2011 12:44:16] /a
[25/06/2011 12:44:16] /a
[25/06/2011 12:44:16] /a
[25/06/2011 12:44:16] /a
[25/06/2011 12:44:17] /a
[25/06/2011 12:44:17] /a
[25/06/2011 12:44:17] /a
[25/06/2011 12:44:17] /a
[25/06/2011 12:44:18] /a
[25/06/2011 12:44:18] /a
[25/06/2011 12:44:18] /a
[25/06/2011 12:44:18] /a
[25/06/2011 12:44:18] /a
[25/06/2011 12:44:18] /a
[25/06/2011 12:44:18] /a
[25/06/2011 12:44:19] /a
[25/06/2011 12:44:19] /a
[25/06/2011 12:44:19] /a
[25/06/2011 12:44:19] /a
[25/06/2011 12:44:19] /a
[25/06/2011 12:44:19] /a
[25/06/2011 12:44:19] /a
[25/06/2011 12:44:19] /a
[25/06/2011 12:44:20] /a
[25/06/2011 12:44:20] /a
[25/06/2011 12:44:20] /a
[25/06/2011 12:44:20] /a
[25/06/2011 12:44:20] /a
[25/06/2011 12:44:20] /a
[25/06/2011 12:44:20] /a
[25/06/2011 12:44:20] /a
[25/06/2011 12:44:20] /a
[25/06/2011 12:44:20] /a
[25/06/2011 12:44:20] /a
[25/06/2011 12:44:20] /a
[25/06/2011 12:44:20] /a
[25/06/2011 12:44:20] /a
[25/06/2011 12:44:20] /a
[25/06/2011 12:44:20] /a
[25/06/2011 12:44:20] /a
[25/06/2011 12:44:20] /a
[25/06/2011 12:44:20] /a
[25/06/2011 12:44:20] /a
[25/06/2011 12:44:21] /a
[25/06/2011 12:44:21] /a
[25/06/2011 12:44:21] /a
[25/06/2011 12:44:21] /a
[25/06/2011 12:44:21] /a
[25/06/2011 12:44:21] /a
[25/06/2011 12:44:21] /a
[25/06/2011 12:44:21] /a
[25/06/2011 12:44:21] /a
[25/06/2011 12:44:22] /a
[25/06/2011 12:44:22] /a
[25/06/2011 12:44:22] /a
[25/06/2011 12:44:22] /a
[25/06/2011 12:44:22] /a
[25/06/2011 12:44:22] /a
[25/06/2011 12:44:22] /a
[25/06/2011 12:44:22] /a
[25/06/2011 12:44:22] /a
[25/06/2011 12:44:22] /a
[25/06/2011 12:44:22] /a
[25/06/2011 12:44:23] /a
[25/06/2011 12:44:23] /a
[25/06/2011 12:44:23] /a
[25/06/2011 12:44:25] /a 60
[25/06/2011 12:44:28] /a 60
[25/06/2011 12:44:30] /a 60
[25/06/2011 12:44:31] /a 60
[25/06/2011 12:44:34] /a 60
[25/06/2011 12:44:35] /a 60
[25/06/2011 12:44:39] /a
[25/06/2011 12:44:39] /a
[25/06/2011 12:44:39] /a
[25/06/2011 12:44:39] /a
[25/06/2011 12:44:39] /a
[25/06/2011 12:44:40] /a
[25/06/2011 12:44:40] /a
[25/06/2011 12:44:40] /a
[25/06/2011 12:44:41] /a
[25/06/2011 12:44:41] /a
[25/06/2011 12:44:41] /a
[25/06/2011 12:44:41] /a
[25/06/2011 12:44:41] /a
[25/06/2011 12:44:42] /a
[25/06/2011 12:44:42] /a
[25/06/2011 12:44:42] /a
[25/06/2011 12:44:43] /a
[25/06/2011 12:44:43] /a
[25/06/2011 12:44:43] /a
[25/06/2011 12:44:43] /a
[25/06/2011 12:44:43] /a
[25/06/2011 12:44:44] /a
[25/06/2011 12:44:44] /a
[25/06/2011 12:44:44] /a
[25/06/2011 12:44:44] /a
[25/06/2011 12:44:44] /a
[25/06/2011 12:44:45] /a
[25/06/2011 12:44:45] /a
[25/06/2011 12:44:45] /a
[25/06/2011 12:44:45] /a
[25/06/2011 12:44:45] /a
[25/06/2011 12:44:46] /a
[25/06/2011 12:44:46] /a
[25/06/2011 12:44:46] /a
[25/06/2011 12:44:46] /a
[25/06/2011 12:44:46] /a
[25/06/2011 12:44:47] /a
[25/06/2011 12:44:47] /a
[25/06/2011 12:44:47] /a
[25/06/2011 12:44:47] /a
[25/06/2011 12:44:47] /a
[25/06/2011 12:44:48] /a
[25/06/2011 12:44:48] /a
[25/06/2011 12:44:48] /a
[25/06/2011 12:44:49] /a
[25/06/2011 12:44:49] /a
[25/06/2011 12:44:49] /a
[25/06/2011 12:44:49] /a
[25/06/2011 12:44:50] /a
[25/06/2011 12:44:50] /a
[25/06/2011 12:44:50] /a
[25/06/2011 12:44:50] /a
[25/06/2011 12:44:50] /a
[25/06/2011 12:44:51] /a
[25/06/2011 12:44:51] /a
[25/06/2011 12:44:51] /a
[25/06/2011 12:44:52] /a
[25/06/2011 12:44:52] /a
[25/06/2011 12:44:52] /a
[25/06/2011 12:44:53] /a
[25/06/2011 12:44:53] /a
[25/06/2011 12:44:53] /a
[25/06/2011 12:44:53] /a
[25/06/2011 12:44:53] /a
[25/06/2011 12:44:54] /a
[25/06/2011 12:44:54] /a
[25/06/2011 12:44:54] /a
[25/06/2011 12:45:00] /a
[25/06/2011 12:45:01] /a
[25/06/2011 12:45:01] /a
[25/06/2011 12:45:01] /a
[25/06/2011 12:45:02] /a
[25/06/2011 12:45:03] /a
[25/06/2011 12:45:03] /a
[25/06/2011 12:45:04] /a
[25/06/2011 12:45:04] /a
[25/06/2011 12:45:04] /a
[25/06/2011 12:45:04] /a
[25/06/2011 12:45:04] /a
[25/06/2011 12:45:04] /a
[25/06/2011 12:45:04] /a
[25/06/2011 12:45:04] /a
[25/06/2011 12:45:04] /a
[25/06/2011 12:45:04] /a
[25/06/2011 12:45:04] /a
[25/06/2011 12:45:04] /a
[25/06/2011 12:45:04] /a
[25/06/2011 12:45:04] /a
[25/06/2011 12:45:04] /a
[25/06/2011 12:45:04] /a
[25/06/2011 12:45:04] /a
[25/06/2011 12:45:04] /a
[25/06/2011 12:45:05] /a
[25/06/2011 12:45:05] /a
[25/06/2011 12:45:05] /a
[25/06/2011 12:45:05] /a
[25/06/2011 12:45:05] /a
[25/06/2011 12:45:05] /a
[25/06/2011 12:45:05] /a
[25/06/2011 12:45:05] /a
[25/06/2011 12:45:05] /a
[25/06/2011 12:45:05] /a
[25/06/2011 12:45:05] /a
[25/06/2011 12:45:05] /a
[25/06/2011 12:45:05] /a
[25/06/2011 12:45:05] /a
[25/06/2011 12:45:05] /a
[25/06/2011 12:45:05] /a
[25/06/2011 12:45:05] /a
[25/06/2011 12:45:05] /a
[25/06/2011 12:45:05] /a
[25/06/2011 12:45:07] /a
[25/06/2011 12:45:07] /a
[25/06/2011 12:45:07] /a
[25/06/2011 12:45:07] /a
[25/06/2011 12:45:07] /a
[25/06/2011 12:45:09] /a
[25/06/2011 12:45:12] /a
[25/06/2011 12:45:13] /a
[25/06/2011 12:45:13] /a
[25/06/2011 12:45:13] /a
[25/06/2011 12:45:13] /a
[25/06/2011 12:45:13] /a
[25/06/2011 12:45:13] /a
[25/06/2011 12:45:13] /a
[25/06/2011 12:45:13] /a
[25/06/2011 12:45:13] /a
[25/06/2011 12:45:13] /a
[25/06/2011 12:45:13] /a
[25/06/2011 12:45:13] /a
[25/06/2011 12:45:13] /a
[25/06/2011 12:45:13] /a
[25/06/2011 12:45:13] /a
[25/06/2011 12:45:13] /a
[25/06/2011 12:45:13] /a
[25/06/2011 12:45:13] /a
[25/06/2011 12:45:14] /a
[25/06/2011 12:45:14] /a
[25/06/2011 12:45:14] /a
[25/06/2011 12:45:14] /a
[25/06/2011 12:45:14] /a
[25/06/2011 12:45:14] /a
[25/06/2011 12:45:14] /a
[25/06/2011 12:45:14] /a
[25/06/2011 12:45:14] /a
[25/06/2011 12:45:14] /a
[25/06/2011 12:45:14] /a
[25/06/2011 12:45:14] /a
[25/06/2011 12:45:14] /a
[25/06/2011 12:45:14] /a
[25/06/2011 12:45:14] /a
[25/06/2011 12:45:14] /a
[25/06/2011 12:45:14] /a
[25/06/2011 12:45:14] /a
[25/06/2011 12:45:14] /a
[25/06/2011 12:45:14] /a
[25/06/2011 12:45:15] /a
[25/06/2011 12:45:15] /a
[25/06/2011 12:45:15] /a
[25/06/2011 12:45:15] /a
[25/06/2011 12:45:15] /a
[25/06/2011 12:45:15] /a
[25/06/2011 12:45:15] /a
[25/06/2011 12:45:15] /a
[25/06/2011 12:45:15] /a
[25/06/2011 12:45:15] /a
[25/06/2011 12:45:15] /a
[25/06/2011 12:45:15] /a
[25/06/2011 12:45:15] /a
[25/06/2011 12:45:15] /a
[25/06/2011 12:45:15] /a
[25/06/2011 12:45:15] /a
[25/06/2011 12:45:15] /a
[25/06/2011 12:45:15] /a
[25/06/2011 12:45:15] /a
[25/06/2011 12:45:15] /a
[25/06/2011 12:45:15] /a
[25/06/2011 12:45:16] /a
[25/06/2011 12:45:16] /a
[25/06/2011 12:45:16] /a
[25/06/2011 12:45:16] /a
[25/06/2011 12:45:16] /a
[25/06/2011 12:45:16] /a
[25/06/2011 12:45:16] /a
[25/06/2011 12:45:23] /a
[25/06/2011 12:45:23] /a
[25/06/2011 12:45:23] /a
[25/06/2011 12:45:23] /a
[25/06/2011 12:45:23] /a
[25/06/2011 12:45:24] /a
[25/06/2011 12:45:24] /a
[25/06/2011 12:45:24] /a
[25/06/2011 12:45:24] /a
[25/06/2011 12:45:24] /a
[25/06/2011 12:45:25] /a
[25/06/2011 12:45:25] /a
[25/06/2011 12:45:25] /a
[25/06/2011 12:45:25] /a
[25/06/2011 12:45:25] /a
[25/06/2011 12:45:26] /a
[25/06/2011 12:45:26] /a
[25/06/2011 12:45:26] /a
[25/06/2011 12:45:26] /a
[25/06/2011 12:45:26] /a
[25/06/2011 12:45:28] /t
[25/06/2011 12:46:10] /m assasini
[25/06/2011 12:46:39] /m phamtasm
[25/06/2011 12:46:51] /m assassin
[25/06/2011 12:46:57] /m assassin
[25/06/2011 12:47:02] /m assassin
[25/06/2011 12:47:06] /m assassin
[25/06/2011 12:47:10] /m assassin
[25/06/2011 12:47:12] /m assassin
[25/06/2011 12:47:13] /m assassin
[25/06/2011 12:47:25] /m assassin
[25/06/2011 12:47:25] /m assassin
[25/06/2011 12:47:25] /m assassin
[25/06/2011 12:47:26] /m assassin
[25/06/2011 12:47:26] /m assassin
[25/06/2011 12:47:26] /m assassin
[25/06/2011 12:47:27] /m assassin
[25/06/2011 12:47:27] /m assassin
[25/06/2011 12:47:28] /m assassin
[25/06/2011 12:47:28] /m assassin
[25/06/2011 12:47:29] /a
[25/06/2011 12:47:51] /m assassin
[25/06/2011 12:47:51] /m assassin
[25/06/2011 12:47:51] /m assassin
[25/06/2011 12:47:52] /m assassin
[25/06/2011 12:48:00] /t
[25/06/2011 12:48:01] /a
[25/06/2011 12:48:02] /a
[25/06/2011 12:48:02] /a
[25/06/2011 12:48:02] /a
[25/06/2011 12:48:02] /a
[25/06/2011 12:48:02] /a
[25/06/2011 12:48:02] /a
[25/06/2011 12:48:02] /a
[25/06/2011 12:48:02] /a
[25/06/2011 12:48:02] /a
[25/06/2011 12:48:02] /a
[25/06/2011 12:48:02] /a
[25/06/2011 12:48:02] /a
[25/06/2011 12:48:04] /a
[25/06/2011 12:48:06] /a
[25/06/2011 12:48:06] /a
[25/06/2011 12:48:06] /a
[25/06/2011 12:48:06] /a
[25/06/2011 12:48:06] /a
[25/06/2011 12:48:06] /a
[25/06/2011 12:48:06] /a
[25/06/2011 12:48:06] /a
[25/06/2011 12:48:06] /a
[25/06/2011 12:48:06] /a
[25/06/2011 12:48:06] /a
[25/06/2011 12:48:07] /a
[25/06/2011 12:48:07] /a
[25/06/2011 12:48:07] /a
[25/06/2011 12:48:07] /a
[25/06/2011 12:48:07] /a
[25/06/2011 12:48:07] /a
[25/06/2011 12:48:07] /a
[25/06/2011 12:48:07] /a
[25/06/2011 12:48:07] /a
[25/06/2011 12:48:07] /a
[25/06/2011 12:48:09] /a
[25/06/2011 12:48:10] /a
[25/06/2011 12:48:10] /a
[25/06/2011 12:48:10] /a
[25/06/2011 12:48:10] /a
[25/06/2011 12:48:10] /a
[25/06/2011 12:48:10] /a
[25/06/2011 12:48:10] /a
[25/06/2011 12:48:10] /a
[25/06/2011 12:48:10] /a
[25/06/2011 12:48:10] /a
[25/06/2011 12:48:10] /a
[25/06/2011 12:48:10] /a
[25/06/2011 12:48:10] /a
[25/06/2011 12:48:10] /a
[25/06/2011 12:48:10] /a
[25/06/2011 12:48:10] /a
[25/06/2011 12:48:10] /a
[25/06/2011 12:48:15] /a
[25/06/2011 12:48:15] /a
[25/06/2011 12:48:15] /a
[25/06/2011 12:48:15] /a
[25/06/2011 12:48:15] /a
[25/06/2011 12:48:15] /a
[25/06/2011 12:48:17] /a
[25/06/2011 12:48:17] /a
[25/06/2011 12:48:17] /a
[25/06/2011 12:48:30] /a
[25/06/2011 12:48:30] /a
[25/06/2011 12:48:30] /a
[25/06/2011 12:48:31] /a
[25/06/2011 12:48:31] /a
[25/06/2011 12:48:31] /a
[25/06/2011 12:48:31] /a
[25/06/2011 12:48:31] /a
[25/06/2011 12:48:31] /a
[25/06/2011 12:48:35] /a
[25/06/2011 12:48:35] /a
[25/06/2011 12:48:35] /a
[25/06/2011 12:48:35] /a
[25/06/2011 12:48:35] /a
[25/06/2011 12:48:36] /a
[25/06/2011 12:48:36] /a
[25/06/2011 12:48:36] /a
[25/06/2011 12:48:36] /a
[25/06/2011 12:48:36] /a
[25/06/2011 12:48:37] /a
[25/06/2011 12:48:37] /a
[25/06/2011 12:48:37] /a
[25/06/2011 12:48:38] /a
[25/06/2011 12:48:38] /a
[25/06/2011 12:48:38] /a
[25/06/2011 12:48:38] /a
[25/06/2011 12:48:39] /a
[25/06/2011 12:48:39] /a
[25/06/2011 12:48:53] /a
[25/06/2011 12:48:54] /a
[25/06/2011 12:48:54] /a
[25/06/2011 12:48:54] /a
[25/06/2011 12:48:54] /a
[25/06/2011 12:48:54] /a
[25/06/2011 12:48:54] /a
[25/06/2011 12:48:54] /a
[25/06/2011 12:48:54] /a
[25/06/2011 12:48:54] /a
[25/06/2011 12:48:54] /a
[25/06/2011 12:48:54] /a
[25/06/2011 12:48:54] /a
[25/06/2011 12:48:54] /a
[25/06/2011 12:48:54] /a
[25/06/2011 12:48:54] /a
[25/06/2011 12:48:55] /a
[25/06/2011 12:48:55] /a
[25/06/2011 12:48:55] /a
[25/06/2011 12:48:55] /a
[25/06/2011 12:48:55] /a
[25/06/2011 12:48:55] /a
[25/06/2011 12:48:55] /a
[25/06/2011 12:48:55] /a
[25/06/2011 12:48:55] /a
[25/06/2011 12:48:55] /a
[25/06/2011 12:48:55] /a
[25/06/2011 12:48:55] /a
[25/06/2011 12:48:55] /a
[25/06/2011 12:48:55] /a
[25/06/2011 12:48:55] /a
[25/06/2011 12:48:55] /a
[25/06/2011 12:48:55] /a
[25/06/2011 12:48:55] /a
[25/06/2011 12:48:56] /a
[25/06/2011 12:48:56] /a
[25/06/2011 12:48:56] /a
[25/06/2011 12:48:56] /a
[25/06/2011 12:48:56] /a
[25/06/2011 12:48:56] /a
[25/06/2011 12:48:56] /a
[25/06/2011 12:48:56] /a
[25/06/2011 12:48:56] /a
[25/06/2011 12:48:56] /a
[25/06/2011 12:48:56] /a
[25/06/2011 12:48:56] /a
[25/06/2011 12:48:56] /a
[25/06/2011 12:48:56] /a
[25/06/2011 12:48:56] /a
[25/06/2011 12:48:56] /a
[25/06/2011 12:48:56] /a
[25/06/2011 12:48:56] /a
[25/06/2011 12:48:56] /a
[25/06/2011 12:48:56] /a
[25/06/2011 12:48:56] /a
[25/06/2011 12:48:57] /a
[25/06/2011 12:48:58] /a
[25/06/2011 12:48:59] /a
[25/06/2011 12:49:00] /a
[25/06/2011 12:49:00] /a
[25/06/2011 12:49:00] /a
[25/06/2011 12:49:00] /a
[25/06/2011 12:49:00] /a
[25/06/2011 12:49:01] /a
[25/06/2011 12:49:01] /a
[25/06/2011 12:49:01] /a
[25/06/2011 12:49:01] /a
[25/06/2011 12:49:01] /a
[25/06/2011 12:49:01] /a
[25/06/2011 12:49:01] /a
[25/06/2011 12:49:01] /a
[25/06/2011 12:49:01] /a
[25/06/2011 12:49:01] /a
[25/06/2011 12:49:02] /a
[25/06/2011 12:49:02] /a
[25/06/2011 12:49:02] /a
[25/06/2011 12:49:02] /a
[25/06/2011 12:49:02] /a
[25/06/2011 12:49:02] /a
[25/06/2011 12:49:02] /a
[25/06/2011 12:49:03] /a
[25/06/2011 12:49:03] /a
[25/06/2011 12:49:03] /a
[25/06/2011 12:49:03] /a
[25/06/2011 12:49:03] /a
[25/06/2011 12:49:03] /a
[25/06/2011 12:49:03] /a
[25/06/2011 12:49:03] /a
[25/06/2011 12:49:03] /a
[25/06/2011 12:49:04] /a
[25/06/2011 12:49:04] /a
[25/06/2011 12:49:04] /a
[25/06/2011 12:49:04] /a
[25/06/2011 12:49:05] /a
[25/06/2011 12:49:07] /a
[25/06/2011 12:49:07] /a
[25/06/2011 12:49:08] /a
[25/06/2011 12:49:08] /a
[25/06/2011 12:50:31] /a
[25/06/2011 12:50:32] /a
[25/06/2011 12:50:32] /a
[25/06/2011 12:50:45] /a
[25/06/2011 12:50:46] /a
[25/06/2011 12:50:46] /a
[25/06/2011 12:50:47] /a
[25/06/2011 12:50:47] /a
[25/06/2011 12:50:47] /a
[25/06/2011 12:50:47] /a
[25/06/2011 12:50:48] /a
[25/06/2011 12:50:48] /a
[25/06/2011 12:50:48] /a
[25/06/2011 12:50:48] /a
[25/06/2011 12:50:49] /a
[25/06/2011 12:51:15] /m phantasm
[25/06/2011 12:51:17] /m phantasm
[25/06/2011 12:51:17] /m phantasm
[25/06/2011 12:51:18] /m phantasm
[25/06/2011 12:51:18] /m phantasm
[25/06/2011 12:51:19] /m phantasm
[25/06/2011 12:51:19] /m phantasm
[25/06/2011 12:51:19] /m phantasm
[25/06/2011 12:51:20] /m phantasm
[25/06/2011 12:51:20] /m phantasm
[25/06/2011 12:51:21] /m phantasm
[25/06/2011 12:51:38] /a
[25/06/2011 12:51:39] /a
[25/06/2011 12:51:39] /a
[25/06/2011 12:51:39] /a
[25/06/2011 12:51:39] /a
[25/06/2011 12:51:45] /t
[25/06/2011 12:53:04] /r
[25/06/2011 12:53:05] /r
[25/06/2011 23:37:51] /addskill [GOD] TECH , level
[25/06/2011 23:37:57] /addskill [GOD] TECH , level,200,
[26/12/2011 01:55:18] /a 2
[26/12/2011 01:55:33] /a
[26/12/2011 01:55:37] /a 20
[26/12/2011 01:55:38] /a 20
[26/12/2011 01:55:39] /a 20
[26/12/2011 01:55:42] /a 20
[26/12/2011 01:55:43] /a 20
[26/12/2011 01:55:59] /i 8977
[26/12/2011 20:20:33] /a
[26/12/2011 20:20:44] /owner [GOD] TECH
[26/12/2011 20:23:49] /i addon doll
[26/12/2011 20:24:57] /up
[26/12/2011 20:24:59] /up
[26/12/2011 20:25:21] /t
[26/12/2011 20:25:52] /a 60
[26/12/2011 20:25:54] /a 60
[26/12/2011 20:25:56] /a 60
[26/12/2011 20:25:57] /a 60
[26/12/2011 20:25:59] /a 60
[26/12/2011 20:26:02] /a 6
[26/12/2011 20:26:03] /a 6
[26/12/2011 20:26:03] /a 6
[26/12/2011 20:26:05] /a 6
[26/12/2011 20:26:06] /a 6
[26/12/2011 20:26:08] /a 6
[26/12/2011 20:27:58] /a 20
[26/12/2011 20:28:01] /a 20
[26/12/2011 20:28:03] /a 20
[26/12/2011 20:34:14] /a
[26/12/2011 21:44:54] /reload globalevents
[26/12/2011 21:45:27] /reload globalevents
[26/12/2011 21:45:51] /reload globalevents
[26/12/2011 21:47:05] /reload globalevents
[26/12/2011 21:52:13] /reload globalevents
[26/12/2011 21:52:17] /a 50
[26/12/2011 21:52:19] /a 50
[26/12/2011 21:52:20] /a 50
[26/12/2011 21:52:22] /a 50
[26/12/2011 21:52:25] /a 50
[26/12/2011 21:52:28] /a 10
[26/12/2011 21:52:31] /a 10
[26/12/2011 21:52:34] /a 4
[26/12/2011 21:53:18] /save
[26/12/2011 21:56:40] /reload owrld
[26/12/2011 22:04:31] /a 50
[26/12/2011 22:04:57] /a
[26/12/2011 22:05:06] /owner [GOD] TECH
[26/12/2011 22:05:20] /t
[26/12/2011 22:05:25] /a 50
[26/12/2011 22:05:44] /t
[26/12/2011 22:05:58] /i 2160
[26/12/2011 22:05:59] /i 2160
[26/12/2011 22:06:00] /i 2160
[26/12/2011 22:06:25] /n seller
[26/12/2011 22:06:37] /n vip seller
[26/12/2011 22:08:26] /r
[26/12/2011 22:08:32] /r
[26/12/2011 22:08:33] /r
[26/12/2011 22:08:38] /r
[26/12/2011 22:08:42] /r
