[20/10/2011 09:41:44] /i 12286
[20/10/2011 09:42:09] /i 12286
[20/10/2011 09:45:05] /i 12309
[20/10/2011 09:45:08] /r
[20/10/2011 09:45:21] /i 10020
[20/10/2011 09:45:50] /i 5687
[20/10/2011 09:46:12] /i 5919
[20/10/2011 09:47:24] /i 10309
[20/10/2011 09:47:30] /i 103010
[20/10/2011 09:47:35] /i 10310
[20/10/2011 09:48:56] /i 10308
[20/10/2011 09:49:00] /i 10307
[20/10/2011 09:49:02] /i 10306
[20/10/2011 09:49:03] /i 10307
[20/10/2011 09:49:05] /i 10305
[20/10/2011 09:49:07] /i 10304
[20/10/2011 09:49:08] /i 10303
[20/10/2011 09:49:10] /i 10302
[20/10/2011 09:49:11] /i 10301
[20/10/2011 09:54:24] /clean
[20/10/2011 09:57:52] /i vip de 13 dias
[20/10/2011 09:57:56] /i vip de 15 dias
[20/10/2011 09:58:17] /i vip de 30 dias
[20/10/2011 19:00:16] /r
[20/10/2011 19:07:11] /a
[20/10/2011 19:07:11] /a
[20/10/2011 19:07:12] /a
[20/10/2011 19:07:12] /a
[20/10/2011 19:07:13] /a
[20/10/2011 19:07:13] /a
[20/10/2011 19:07:13] /a
[20/10/2011 19:07:41] /t
[20/10/2011 19:13:15] /b ou pepetao axo q vo tira esse baguiu de nome vip ne
[20/10/2011 19:33:45] /c Tio Hard
[20/10/2011 19:33:51] /c Tio Hard
[20/10/2011 20:40:15] /r
[20/10/2011 20:55:45] /t
[20/10/2011 20:58:12] /up
[20/10/2011 21:11:47] /up
[20/10/2011 21:12:50] /t
[20/10/2011 22:14:08] /m merlkin
[20/10/2011 22:18:19] /m Diblis The Fair
[20/10/2011 22:23:15] /c Kina Of Matador
[20/10/2011 22:23:17] /t Kina Of Matador
[20/10/2011 22:23:21] /c Kina Of Matador
[20/10/2011 22:23:50] /r
[20/10/2011 22:25:19] /clean
[20/10/2011 22:25:39] /i 7406
[20/10/2011 22:28:08] /m master vip
[20/10/2011 22:28:49] /addskill Kina Of Matador, sword, 100
[20/10/2011 22:30:05] /m johnny
[20/10/2011 22:30:07] /m johnny
[20/10/2011 22:30:16] /n johnny
[20/10/2011 22:31:35] /a 2
[20/10/2011 22:38:08] /t
[20/10/2011 22:38:10] /i 2160
[20/10/2011 22:41:12] /i vip star
[20/10/2011 22:49:24] /i extreme kinife
[20/10/2011 22:49:28] /i extreme knife
[20/10/2011 23:33:26] /goto [VIP] Lucas Gay
[20/10/2011 23:55:51] /t [VIP] Lucas Gay
[21/10/2011 00:25:22] /t
[21/10/2011 00:25:31] /m gold demon
[21/10/2011 00:30:52] /m gold hydra
[21/10/2011 00:31:05] /m gold hydra
[21/10/2011 00:31:08] /m gold ferumbras
[21/10/2011 00:31:12] /m gold demon
[21/10/2011 00:31:18] /m gold frost dragon
[21/10/2011 00:31:22] /m gold frost warlock
[21/10/2011 00:31:34] /m gold frost warlock
[21/10/2011 00:31:35] /m gold frost warlock
[21/10/2011 00:31:36] /m gold frost warlock
[21/10/2011 00:32:30] /ghost
[21/10/2011 00:35:11] /m gold warlock
[21/10/2011 00:35:21] /i 7406
[21/10/2011 00:35:42] /m master boss
[21/10/2011 00:35:53] /m gold master boss
[21/10/2011 00:35:55] /m gold master boss
[21/10/2011 00:38:20] /m GOLD Master Boss
[21/10/2011 02:31:08] /i vip de 15 dias
[21/10/2011 02:31:12] /i vip de 30 dias
[21/10/2011 02:51:53] /goto [VIP] Bob Marley
[21/10/2011 02:52:00] /t
[21/10/2011 02:54:06] /reload globalevents
[21/10/2011 03:09:58] /goto bob~
[21/10/2011 03:10:09] /goto [vip] bob~
[21/10/2011 03:11:43] /goto [vip] bob~
[21/10/2011 03:33:30] /a
[21/10/2011 03:33:31] /a
[21/10/2011 03:34:57] /a
[21/10/2011 03:35:08] /t
[21/10/2011 03:58:06] /t
[21/10/2011 03:58:45] /goto [vip] ~
[21/10/2011 03:58:49] /goto [vip] bob~
[21/10/2011 04:01:03] /r
[21/10/2011 04:01:50] /goto [vip] bob~
[21/10/2011 04:02:21] /r
[21/10/2011 04:02:24] /r
[21/10/2011 04:07:27] /goto [vip] lucas~
[21/10/2011 04:07:38] /t [VIP] Lucas Gay
[21/10/2011 04:07:39] /t
[21/10/2011 04:24:34] /goto [vip] lucas~
[02/11/2011 20:15:06] /goto acc~
[02/11/2011 20:15:10] /goto account manager
[02/11/2011 21:02:22] /goto Viadin
[02/11/2011 21:03:24] /goto Viadin
[02/11/2011 21:04:16] /i meat
[02/11/2011 21:04:57] /up viadin
[02/11/2011 21:05:03] /c viadin
[02/11/2011 21:05:54] /i extreme sword
[02/11/2011 21:06:13] /m exp bug
[02/11/2011 21:20:15] /i 7892
[02/11/2011 21:20:18] /i 7891
[02/11/2011 21:20:57] /i vip de 15 dias
[02/11/2011 21:23:07] /c viadin
[02/11/2011 21:23:27] /t
[02/11/2011 21:25:53] /i vip de 15 dias
[02/11/2011 21:25:54] /i vip de 15 dias
[02/11/2011 21:48:01] /i ring de experiencia
[02/11/2011 21:48:05] /i ring de experiencia
[02/11/2011 21:49:10] /i ring de experiencia
[02/11/2011 21:49:12] /i ring de experiencia
[02/11/2011 21:50:01] /i extreme ring
[02/11/2011 21:50:08] /i ring de experiencia
[02/11/2011 21:50:12] /i ring de experiencia
[02/11/2011 21:51:29] /i extreme wand
[02/11/2011 21:51:32] /i extreme rod
[02/11/2011 21:51:52] /i extreme mage
[02/11/2011 22:03:13] /ghost
[02/11/2011 22:03:16] /goto lord~
[02/11/2011 22:03:33] /ghost
[02/11/2011 22:03:35] /ghost
[02/11/2011 22:04:04] /goto lord~
[02/11/2011 22:16:17] /ghost
[02/11/2011 22:16:38] /zombiestart 2
[02/11/2011 22:16:45] /kick lord~
[02/11/2011 22:16:49] /c viadin
[02/11/2011 22:17:12] /goto lord~
[02/11/2011 22:18:11] /t
[02/11/2011 22:18:28] /zombiestart 2
[02/11/2011 22:18:46] /goto lord~
[02/11/2011 22:19:46] /zombiestart 2
[02/11/2011 22:21:39] /zombiestart 2
[02/11/2011 22:23:38] /zombiestart 2
[02/11/2011 22:24:24] /c viadin
[02/11/2011 22:25:52] /t viadin
[02/11/2011 22:26:16] /m infernatil
[02/11/2011 22:26:48] /zombiestart 1
[02/11/2011 22:35:35] /t
[02/11/2011 22:36:14] /m event zombie
[02/11/2011 22:41:42] /zombiestart 1
[07/11/2011 19:39:02] /ghost
[07/11/2011 19:43:16] /clean
[07/11/2011 19:43:19] /save
[07/11/2011 19:43:24] /reload config
[07/11/2011 19:44:56] /b cauma ae pessoal
[07/11/2011 19:45:10] /b cauma ae pessoal, vo da uma kikada no ot, eu dei reset errado aki :S!
[07/11/2011 19:45:12] /b cauma ae pessoal, vo da uma kikada no ot, eu dei reset errado aki :S!
[07/11/2011 19:47:03] /b vo resetar certo dessa vez, nao upe
[07/11/2011 19:47:05] /b vo resetar certo dessa vez, nao upem
[07/11/2011 19:47:05] /b vo resetar certo dessa vez, nao upem
[07/11/2011 19:47:06] /b vo resetar certo dessa vez, nao upem
[07/11/2011 19:47:06] /b vo resetar certo dessa vez, nao upem
[07/11/2011 19:47:07] /b vo resetar certo dessa vez, nao upem
[07/11/2011 19:48:15] /b foi por causa desse hacker pessoal, se nao eu nao tinha q tomar essas medidas.
[07/11/2011 19:48:16] /b foi por causa desse hacker pessoal, se nao eu nao tinha q tomar essas medidas.
[07/11/2011 19:48:16] /b foi por causa desse hacker pessoal, se nao eu nao tinha q tomar essas medidas.
[07/11/2011 19:48:17] /b foi por causa desse hacker pessoal, se nao eu nao tinha q tomar essas medidas.
[07/11/2011 19:48:17] /b foi por causa desse hacker pessoal, se nao eu nao tinha q tomar essas medidas.
[07/11/2011 19:49:45] /b pessoal vai resetar dnv nao upem. e nao vai resetar mais!
[07/11/2011 19:49:45] /b pessoal vai resetar dnv nao upem. e nao vai resetar mais!
[07/11/2011 19:49:46] /b pessoal vai resetar dnv nao upem. e nao vai resetar mais!
[07/11/2011 19:49:46] /b pessoal vai resetar dnv nao upem. e nao vai resetar mais!
[07/11/2011 19:49:47] /b pessoal vai resetar dnv nao upem. e nao vai resetar mais!
[07/11/2011 19:49:47] /b pessoal vai resetar dnv nao upem. e nao vai resetar mais!
[07/11/2011 19:49:48] /b pessoal vai resetar dnv nao upem. e nao vai resetar mais!
[03/12/2011 22:39:03] /i ring de experiencia
[03/12/2011 22:39:05] /i ring de experiencia
[03/12/2011 22:39:59] /i ring de experiencia
[03/12/2011 22:40:00] /i ring de experiencia
[03/12/2011 22:40:05] /save
[07/12/2011 20:40:11] /t
[07/12/2011 21:05:32] /a 2
[07/12/2011 21:06:03] /i 2160
[07/12/2011 21:06:04] /i 2160
[07/12/2011 21:06:04] /i 2160
[07/12/2011 21:06:05] /i 2160
[07/12/2011 21:06:05] /i 2160
[07/12/2011 21:06:06] /i 2160
[07/12/2011 21:06:06] /i 2160
[07/12/2011 21:06:07] /i 2160
[07/12/2011 21:06:07] /i 2160
[07/12/2011 21:06:07] /i 2160
[07/12/2011 21:06:08] /i 2160
[07/12/2011 21:06:08] /i 2160
[07/12/2011 21:06:09] /i 2160
[07/12/2011 21:07:49] /t
[07/12/2011 21:08:24] /r
[07/12/2011 21:08:56] /a 4
[07/12/2011 21:09:07] /up
[07/12/2011 21:10:07] /i vip axe
[07/12/2011 21:10:12] /i vip club
[07/12/2011 21:10:19] /i vip sword
[07/12/2011 21:10:27] /i vip rod
[07/12/2011 21:10:29] /t
[07/12/2011 21:12:21] /a 2
[07/12/2011 21:12:39] /i 21610
[07/12/2011 21:12:48] /i 12610
[07/12/2011 21:13:22] /a 
[07/12/2011 21:13:30] /i extreme mage
[07/12/2011 21:13:48] /i sudden death rune
[07/12/2011 21:14:04] /a
[07/12/2011 21:14:05] /a
[07/12/2011 21:14:06] /a
[07/12/2011 21:14:10] /a
[07/12/2011 21:14:11] /a
[07/12/2011 21:14:11] /a
[07/12/2011 21:14:11] /a
[07/12/2011 21:14:12] /a
[07/12/2011 21:14:12] /a
[07/12/2011 21:14:13] /a
[07/12/2011 21:14:13] /a
[07/12/2011 21:14:16] /a
[07/12/2011 21:14:17] /a
[07/12/2011 21:14:19] /a
[07/12/2011 21:14:21] /a
[07/12/2011 21:14:22] /a
[07/12/2011 21:14:25] /a
[07/12/2011 21:14:25] /a
[07/12/2011 21:14:25] /a
[07/12/2011 21:14:26] /a
[07/12/2011 21:14:26] /a
[07/12/2011 21:14:27] /a
[07/12/2011 21:14:27] /a
[07/12/2011 21:14:28] /a
[07/12/2011 21:14:31] /a
[07/12/2011 21:14:31] /a
[07/12/2011 21:14:32] /a
[07/12/2011 21:14:33] /a
[07/12/2011 21:14:34] /a
[07/12/2011 21:14:34] /a
[07/12/2011 21:14:36] /a
[07/12/2011 21:14:37] /a
[07/12/2011 21:14:37] /a
[07/12/2011 21:14:37] /a
[07/12/2011 21:14:38] /a
[07/12/2011 21:14:38] /a
[07/12/2011 21:14:39] /a
[07/12/2011 21:14:43] /a
[07/12/2011 21:14:44] /a
[07/12/2011 21:14:46] /a
[07/12/2011 21:14:50] /a
[07/12/2011 21:14:50] /a
[07/12/2011 21:14:51] /a
[07/12/2011 21:14:51] /a
[07/12/2011 21:14:52] /a
[07/12/2011 21:14:52] /a
[07/12/2011 21:15:11] /a
[07/12/2011 21:15:46] /a
[07/12/2011 21:15:54] /a
[07/12/2011 21:15:56] /a
[07/12/2011 21:17:32] /a
[07/12/2011 21:18:07] /a
[07/12/2011 21:18:11] /a
[07/12/2011 21:18:42] /a
[07/12/2011 21:18:44] /a
[07/12/2011 21:18:45] /a
[07/12/2011 21:18:45] /a
[07/12/2011 21:19:32] /i master vip arrow
[07/12/2011 21:19:35] /i master vip club
[07/12/2011 21:19:44] /t
[07/12/2011 21:20:21] /m exp bug
[07/12/2011 21:24:19] /m exp b ug
[07/12/2011 21:24:22] /m exp bug
[07/12/2011 21:24:23] /m exp bug
[07/12/2011 21:24:23] /m exp bug
[07/12/2011 21:31:07] /attr set attackspeed 1
[07/12/2011 21:31:09] /attr set attackspeed 1
[07/12/2011 21:33:02] /clean
[07/12/2011 21:42:36] /m trainer
[07/12/2011 21:42:42] /m treiner
[07/12/2011 22:01:51] /i vip wand
[07/12/2011 22:15:25] /i backpack
[07/12/2011 22:15:26] /i backpack
[07/12/2011 22:42:14] /m treiner
[07/12/2011 22:43:07] /i master vip axe
[07/12/2011 22:43:11] /i master vip club
[07/12/2011 22:43:13] /i master vip sword
[07/12/2011 22:43:45] /i vip wand
[07/12/2011 22:43:47] /i vip rod
[07/12/2011 22:43:52] /i imperium sword
[07/12/2011 22:44:16] /i zaoan axe
[07/12/2011 22:44:23] /a 2
[07/12/2011 22:44:37] /i solar axe
[07/12/2011 22:44:47] /t
[07/12/2011 22:44:55] /i zaoan sword
[07/12/2011 22:45:06] /i vip club
[07/12/2011 22:45:09] /i vip sword
[07/12/2011 22:45:12] /i vip axe
[07/12/2011 22:45:31] /clean
[07/12/2011 22:50:05] /m exp bug
[07/12/2011 22:53:07] /m exp bug
[07/12/2011 22:59:26] /attr set attackspeed 1
[07/12/2011 23:03:51] /i extreme sword
[07/12/2011 23:04:00] /i extreme mage
[07/12/2011 23:04:14] /i extreme knife
[07/12/2011 23:04:28] /attr set attackspeed 1
[07/12/2011 23:04:30] /attr set attackspeed 1
[07/12/2011 23:10:42] /m exp bug
[07/12/2011 23:11:56] /attr set attackspeed 1
[07/12/2011 23:28:40] /attr set attackspeed 1
[07/12/2011 23:28:46] /attr set attackspee1
[07/12/2011 23:28:48] /attr set attackspee 1
[07/12/2011 23:30:40] /attr set attackspeed 1
[07/12/2011 23:31:39] /m exp bug
[07/12/2011 23:31:41] /m treiner
[07/12/2011 23:32:08] /r
