[03/10/2011 20:04:59] /i 2160
[03/10/2011 20:06:12] /reload talkactions
[03/10/2011 20:08:34] /reload actions
[03/10/2011 20:09:58] /i 2160
[03/10/2011 20:15:11] /i 2160
[03/10/2011 20:19:32] /clean
[03/10/2011 20:19:40] /reload talkactions
[03/10/2011 20:19:43] /i 2160
[03/10/2011 20:27:09] /reload talkactions
[03/10/2011 20:27:12] /i 2160
[03/10/2011 20:29:40] /reload talkactions
[03/10/2011 20:30:13] /i 2160
[03/10/2011 20:37:03] /i 2160
[03/10/2011 21:21:28] /reload actions
[03/10/2011 21:21:33] /reload talkactions
[03/10/2011 21:21:51] /m exp bug
[03/10/2011 21:21:51] /m exp bug
[03/10/2011 21:21:51] /m exp bug
[03/10/2011 21:21:56] /m exp bug
[03/10/2011 21:22:08] /m mr bug
[03/10/2011 21:22:14] /m exp bug
[03/10/2011 21:23:08] /c yeees
[03/10/2011 21:23:19] /addskill Yeees,level,6000
[03/10/2011 21:28:16] /i 3955
[03/10/2011 21:28:47] /i 12250
[03/10/2011 21:28:56] /i 11250
[03/10/2011 21:29:12] /i 11205
[03/10/2011 21:29:22] /i 11201
[03/10/2011 21:29:33] /i 11138
[03/10/2011 21:29:46] /i 8985
[03/10/2011 21:30:01] /t
[03/10/2011 21:30:04] /clean
[03/10/2011 21:30:17] /t
[03/10/2011 21:30:27] /i 7184
[03/10/2011 21:30:36] /i 7183
[03/10/2011 21:30:54] /i 6567
[03/10/2011 21:31:01] /t
[03/10/2011 21:31:12] /i 5810
[03/10/2011 21:31:15] /i 3955
[03/10/2011 21:35:12] /reload actions
[03/10/2011 21:35:15] /clean
[03/10/2011 21:35:20] /i santa doll
[03/10/2011 21:35:37] /i santa doll
[03/10/2011 21:36:52] /reload actions
[04/10/2011 15:59:16] /a 2
[04/10/2011 15:59:17] /up
[04/10/2011 15:59:27] /down
[04/10/2011 15:59:29] /a 10
[04/10/2011 15:59:31] /a 10
[04/10/2011 15:59:32] /a 10
[04/10/2011 15:59:34] /a 10
[04/10/2011 15:59:45] /a 2
[04/10/2011 16:01:52] /newtype 128
[04/10/2011 16:02:03] /newtype 129
[04/10/2011 16:02:40] /newtype 113
[04/10/2011 16:02:47] /newtype 92
[04/10/2011 16:02:54] /newtype 12
[04/10/2011 16:03:00] /newtype 13
[04/10/2011 16:03:01] /newtype 12
[04/10/2011 16:03:03] /newtype 11
[04/10/2011 16:03:04] /newtype 10
[04/10/2011 16:03:06] /newtype 12
[04/10/2011 16:04:37] /goto lord demon
[04/10/2011 16:06:49] /reload monsters
[04/10/2011 16:07:57] /reload monsters
[04/10/2011 16:08:09] /t
[04/10/2011 16:08:22] /m lord demon
[04/10/2011 16:08:29] /m war
[04/10/2011 16:08:39] /m warlock
[04/10/2011 16:08:50] /m test
[04/10/2011 16:08:52] /m master
[04/10/2011 16:09:58] /m master
[04/10/2011 16:10:57] /reload monsters
[04/10/2011 16:11:00] /m war
[04/10/2011 16:11:50] /r
[04/10/2011 16:11:52] /reload monsters
[04/10/2011 16:11:54] /clean
[04/10/2011 16:11:55] /m war
[04/10/2011 16:12:07] /m war
[04/10/2011 16:14:11] /a 6
[04/10/2011 16:14:12] /a 6
[04/10/2011 16:14:13] /a 6
[04/10/2011 16:14:15] /a 6
[04/10/2011 16:14:16] /a 6
[04/10/2011 16:14:17] /m war
[04/10/2011 16:14:22] /a 6
[04/10/2011 16:14:27] /a 6
[04/10/2011 16:14:29] /a 6
[04/10/2011 16:14:29] /a 6
[04/10/2011 16:14:30] /a 6
[04/10/2011 16:14:31] /a 6
[04/10/2011 16:14:32] /a 6
[04/10/2011 16:14:32] /a 6
[04/10/2011 16:14:33] /a 6
[04/10/2011 16:14:34] /a 6
[04/10/2011 16:16:18] /reload monsters
[04/10/2011 16:16:22] /m master
[04/10/2011 16:16:53] /reload monsters
[04/10/2011 16:16:55] /m master
[04/10/2011 16:16:58] /r
[04/10/2011 16:17:39] /a 2
[04/10/2011 16:18:03] /a 2
[04/10/2011 16:19:19] /t
[04/10/2011 16:19:25] /m master
[04/10/2011 16:19:27] /m warmge
[04/10/2011 16:19:29] /m warmge
[04/10/2011 16:19:34] /m war mage
[04/10/2011 16:19:38] /clean
[04/10/2011 16:19:38] /r
[04/10/2011 16:19:39] /r
[04/10/2011 16:19:44] /reload monsters
[04/10/2011 16:19:48] /m warmage
[04/10/2011 16:19:49] /m warmage
[04/10/2011 16:19:54] /m lord demon
[04/10/2011 16:19:55] /m lord demon
[04/10/2011 16:20:54] /t
[04/10/2011 17:03:26] /a 2
[04/10/2011 17:03:31] /t
[04/10/2011 17:03:40] /a 2
[04/10/2011 17:03:42] /a 2
[04/10/2011 17:04:51] /t
[04/10/2011 17:05:25] /a 2
[04/10/2011 17:05:36] /attr health -50000
[04/10/2011 17:05:38] /attr health -50000
[04/10/2011 17:05:38] /attr health -50000
[04/10/2011 17:05:39] /attr health -50000
[04/10/2011 17:05:44] /a 4
[04/10/2011 17:05:45] /a 4
[04/10/2011 17:05:47] /a 4
[04/10/2011 17:05:52] /a 4
[04/10/2011 17:05:53] /a 4
[04/10/2011 17:05:55] /a 4
[04/10/2011 17:05:58] /a 4
[04/10/2011 17:05:59] /a 4
[04/10/2011 17:06:00] /a 4
[04/10/2011 17:06:01] /a 4
[04/10/2011 17:06:04] /a 4
[04/10/2011 17:06:05] /a 4
[04/10/2011 17:06:06] /a 4
[04/10/2011 17:06:09] /a 4
[04/10/2011 17:06:09] /a 4
[04/10/2011 17:06:10] /a 4
[04/10/2011 17:06:11] /a 4
[04/10/2011 17:06:11] /a 4
[04/10/2011 17:06:15] /a 4
[04/10/2011 17:06:16] /a 4
[04/10/2011 17:06:18] /a 4
[04/10/2011 17:06:19] /a 4
[04/10/2011 17:06:21] /a 4
[04/10/2011 17:06:21] /a 4
[04/10/2011 17:06:24] /a 4
[04/10/2011 17:06:29] /a 4
[04/10/2011 17:06:30] /a 4
[04/10/2011 17:06:57] /a 4
[04/10/2011 17:06:58] /a 4
[04/10/2011 17:06:59] /a 4
[04/10/2011 17:07:00] /a 4
[04/10/2011 17:07:09] /a 4
[04/10/2011 17:07:13] /a 4
[04/10/2011 17:07:19] /a 10
[04/10/2011 17:07:20] /a 10
[04/10/2011 17:07:21] /a 10
[04/10/2011 17:07:22] /a 10
[04/10/2011 17:07:31] /a 2
[04/10/2011 17:07:32] /a 2
[04/10/2011 17:07:36] /a 6
[04/10/2011 17:07:38] /a 6
[04/10/2011 17:07:40] /a 5
[04/10/2011 17:07:44] /a 60
[04/10/2011 17:07:46] /a 60
[04/10/2011 17:07:47] /a 60
[04/10/2011 17:07:48] /a 60
[04/10/2011 17:07:50] /a 10
[04/10/2011 17:07:52] /a 10
[04/10/2011 17:09:05] /t
[04/10/2011 17:09:18] /clean
[04/10/2011 17:09:19] /t
[04/10/2011 17:10:31] /a 10
[04/10/2011 17:10:34] /a 10
[04/10/2011 17:11:02] /t
