[20/10/2011 09:43:17] /r
[20/10/2011 09:43:24] /t
[20/10/2011 09:47:56] /i 10311
[20/10/2011 09:48:01] /i 10312
[20/10/2011 09:48:08] /i 10313
[20/10/2011 09:48:20] /i 10314
[20/10/2011 09:48:25] /i 10315
[20/10/2011 09:48:28] /i 10316
[20/10/2011 09:48:33] /i 10317
[20/10/2011 09:48:37] /i 10318
[20/10/2011 09:48:40] /i 10319
[20/10/2011 09:48:45] /i 10320
[20/10/2011 09:48:47] /i 10322
[20/10/2011 09:48:52] /i 10300
[20/10/2011 09:48:55] /i 10300
[20/10/2011 09:49:07] /i 10209
[20/10/2011 09:49:10] /r
[20/10/2011 09:57:58] /r
[20/10/2011 19:13:07] /t
[20/10/2011 19:21:02] /r
[20/10/2011 20:36:09] /r
[20/10/2011 20:36:35] /ghost
[20/10/2011 20:41:25] /c xande
[20/10/2011 20:43:27] /a 2
[20/10/2011 20:43:31] /i master vip armor
[20/10/2011 20:43:36] /i master vip helmet
[20/10/2011 20:43:40] /i master vip legs
[20/10/2011 20:43:45] /i master vip boots
[20/10/2011 20:43:50] /i master vip shield
[20/10/2011 20:43:55] /i master vip star
[20/10/2011 20:58:06] /goto [VIP] [GOD] Soul
[20/10/2011 20:58:15] /goto [VIP] [GOD] Soul
[20/10/2011 20:58:35] /goto [VIP] [GOD] Soul
[20/10/2011 20:58:42] /goto [VIP] [GOD] Soul
[20/10/2011 21:01:35] /t
[20/10/2011 21:30:09] /a 2
[20/10/2011 21:32:58] /t
[20/10/2011 22:10:43] /goto [god] soul
[20/10/2011 22:17:26] /r
[20/10/2011 22:23:35] /m exp bug
[20/10/2011 22:25:59] /m bazir
[20/10/2011 22:27:55] /r
[20/10/2011 22:27:59] /r
[20/10/2011 22:32:20] /bc green Lucas e Gay
[20/10/2011 22:32:21] /bc green Lucas e Gay
[20/10/2011 22:32:21] /bc green Lucas e Gay
[20/10/2011 22:32:21] /bc green Lucas e Gay
[20/10/2011 22:32:22] /bc green Lucas e Gay
[20/10/2011 22:33:53] /m exp bug
[20/10/2011 22:34:03] /addskill Paly test , distance , 100
[20/10/2011 22:34:56] /i master vip star
[20/10/2011 22:35:06] /addskill Paly test , distance , 100
[20/10/2011 22:36:14] /addskill Paly test , magic , 10000
[20/10/2011 22:36:34] /addskill Paly test , magic , 40
[20/10/2011 22:36:34] /addskill Paly test , magic , 40
[20/10/2011 22:36:35] /addskill Paly test , magic , 40
[20/10/2011 22:36:35] /addskill Paly test , magic , 40
[21/10/2011 00:17:56] /goto Account Manager
[21/10/2011 00:18:06] /goto Account Manager
[21/10/2011 00:22:42] /m exp bug
[21/10/2011 00:25:58] /r
[21/10/2011 00:25:59] /r
[21/10/2011 00:26:00] /r
[21/10/2011 00:26:03] /r
[21/10/2011 00:27:10] /a 2
[21/10/2011 00:28:39] /i master vip sword
[21/10/2011 00:31:39] /m GOLD DRAGON
[21/10/2011 00:31:41] /m GOLD DRAGON
[21/10/2011 00:31:43] /m GOLD DRAGON
[21/10/2011 00:37:59] /goto Ivan Moocaa
[21/10/2011 00:38:09] /a 2
[21/10/2011 00:38:23] /t
[21/10/2011 00:40:05] /m gold hydra
[21/10/2011 00:40:43] /m gold dragon
[21/10/2011 00:40:52] /m gold ferumbras
[21/10/2011 00:41:03] /i master vip rod
[21/10/2011 00:42:01] /t
[21/10/2011 00:55:46] /goto [GOD] Soul
[21/10/2011 00:55:51] /c [GOD] Soul 
[21/10/2011 01:59:49] /t
[21/10/2011 02:05:05] /t
[21/10/2011 02:05:21] /t
[21/10/2011 02:05:50] /t
[21/10/2011 02:38:03] /t
[21/10/2011 02:38:52] /t
[21/10/2011 02:39:37] /down
[21/10/2011 02:39:41] /up
[21/10/2011 02:39:49] /down
[21/10/2011 02:42:12] /a 2
[21/10/2011 02:42:13] /a 2
[21/10/2011 02:42:13] /a 2
[21/10/2011 02:42:13] /a 2
[21/10/2011 02:42:14] /a 2
[21/10/2011 02:42:21] /a 2
[21/10/2011 02:42:21] /a 2
[21/10/2011 02:42:22] /a 2
[21/10/2011 02:42:22] /a 2
[21/10/2011 02:42:22] /a 2
[21/10/2011 02:42:24] /a 2
[21/10/2011 02:55:22] /reload globalevents
[21/10/2011 02:57:24] /reload globalevents
[21/10/2011 02:58:06] /reload globalevents
[21/10/2011 02:59:27] /reload globalevents
[21/10/2011 03:00:03] /t
[21/10/2011 03:00:24] /t
[21/10/2011 03:00:51] /reload globalevents
[21/10/2011 03:02:24] /reload globalevents
[21/10/2011 03:04:01] /reload globalevents
[21/10/2011 03:05:07] /reload globalevents
[21/10/2011 03:05:39] /a 2
[21/10/2011 03:05:54] /goto [VIP] [GOD] Soul
[21/10/2011 03:07:14] /goto [VIP] [GOD] Soul
[21/10/2011 03:08:20] /reload globalevents
[21/10/2011 03:09:03] /reload globalevents
[21/10/2011 03:10:07] /c [VIP] [GOD] Soul 
[21/10/2011 03:12:06] /t
[21/10/2011 03:13:24] /t
[21/10/2011 03:13:58] /reload globalevent
[21/10/2011 03:14:55] /reload globalevent
[21/10/2011 03:19:08] /reload globalevent
[21/10/2011 03:20:25] /reload globalevent
[21/10/2011 03:21:19] /t
[21/10/2011 03:21:39] /t
[21/10/2011 03:22:31] /reload globalevent
[21/10/2011 03:24:18] /reload globalevent
[21/10/2011 03:26:04] /reload globalevent
[21/10/2011 03:26:56] /reload globalevent
[21/10/2011 03:29:09] /reload globalevent
[21/10/2011 03:30:06] /reload globalevent
[21/10/2011 03:31:06] /reload globalevent
[21/10/2011 03:31:56] /reload globalevent
[21/10/2011 03:32:03] /a 2
[21/10/2011 03:32:59] /a 2]
[21/10/2011 03:33:01] /a 2
[21/10/2011 03:33:31] /a 2
[21/10/2011 03:34:01] /reload globalevent
[21/10/2011 03:34:10] /a 2
[21/10/2011 03:34:10] /a 2
[21/10/2011 03:34:14] /a 2
[21/10/2011 03:34:16] /a 2
[21/10/2011 03:34:32] /i super aol
[21/10/2011 03:34:47] /i super mana rune
[21/10/2011 03:34:53] /i super manarune
[21/10/2011 03:34:59] /a 2
[21/10/2011 03:35:08] /t
[21/10/2011 03:47:20] /goto Paniico
[21/10/2011 03:51:38] /t
[21/10/2011 04:02:12] /a 2
[21/10/2011 04:02:30] /up
[21/10/2011 04:02:34] /down
[21/10/2011 04:02:36] /a 2
[21/10/2011 04:02:37] /a 2
[21/10/2011 04:02:37] /a 2
[21/10/2011 04:02:38] /a 2
[21/10/2011 04:02:38] /a 2
[21/10/2011 04:02:38] /a 2
[21/10/2011 04:02:39] /a 2
[21/10/2011 04:02:39] /a 2
[21/10/2011 04:02:39] /a 2
[21/10/2011 04:02:40] /a 2
[21/10/2011 04:02:40] /a 2
[21/10/2011 04:02:40] /a 2
[21/10/2011 04:02:41] /a 2
[21/10/2011 04:02:41] /a 2
[21/10/2011 04:02:43] /a 2
[21/10/2011 04:02:44] /a 2
[21/10/2011 04:02:44] /a 2
[21/10/2011 04:02:44] /a 2
[21/10/2011 04:02:45] /a 2
[21/10/2011 04:02:45] /a 2
[21/10/2011 04:02:45] /a 2
[21/10/2011 04:02:46] /a 2
[21/10/2011 04:02:46] /a 2
[21/10/2011 04:02:46] /a 2
[21/10/2011 04:02:47] /a 2
[21/10/2011 04:02:47] /a 2
[21/10/2011 04:02:47] /a 2
[21/10/2011 04:02:52] /r
[21/10/2011 04:02:56] /r
