[08/03/2012 19:14:25] /goto Roobeert Rushafaacil
[08/03/2012 19:14:32] /ghost
[08/03/2012 19:16:53] /a
[08/03/2012 19:26:48] /t
[08/03/2012 19:26:55] /goto spunk
[08/03/2012 19:27:02] /r
[08/03/2012 19:27:03] /r
[08/03/2012 19:27:05] /r
[08/03/2012 19:27:07] /r
[08/03/2012 19:27:11] /r
[08/03/2012 19:30:55] /a 2
[08/03/2012 19:30:58] /a
[08/03/2012 19:32:03] /a 5
[08/03/2012 19:32:05] /a 5
[08/03/2012 19:32:07] /a 5
[08/03/2012 19:32:12] /t
[08/03/2012 19:32:18] /clean
[08/03/2012 19:35:26] /b Quem quiser Event War ou Zombie fale no Help Channel
[08/03/2012 19:37:38] /b Quem quer ir Zombie Event venha na area...
[08/03/2012 19:37:42] /a
[08/03/2012 19:38:05] /a 2
[08/03/2012 19:38:46] /b Quem mais quiser ir zombie, que va ao teleport agora...
[08/03/2012 19:40:12] /zombiestart 10
[08/03/2012 19:40:43] /a
[08/03/2012 19:40:48] /c cm junin
[08/03/2012 19:43:58] /b Sir Death Ganhoou facil ;S
[08/03/2012 19:44:32] /t
[08/03/2012 19:45:23] /goto pally of inferno
[08/03/2012 19:45:25] /goto pally of inferno
[08/03/2012 19:45:36] /goto cm junin
[08/03/2012 19:47:29] /goto ne'rox
[08/03/2012 19:48:36] /goto ne'rox
[08/03/2012 19:56:14] /c assassin
[08/03/2012 19:56:19] /r
[08/03/2012 19:57:08] /goto im not gay
[08/03/2012 20:05:08] /r
[08/03/2012 20:18:45] /t Im Not Gay
[08/03/2012 20:19:02] /goto Im Not Gay
[08/03/2012 20:19:06] /t Im Not Gay
[08/03/2012 20:19:09] /t Im Not Gay
[08/03/2012 20:19:25] /goto Im Not Gay
[08/03/2012 20:19:32] /goto Im Not Gay
[08/03/2012 20:19:47] /goto Im Not Gay
[08/03/2012 20:19:48] /goto Im Not Gay
[08/03/2012 20:19:52] /goto Im Not Gay
[08/03/2012 20:19:55] /goto Im Not Gay
[08/03/2012 20:19:57] /goto Im Not Gay
[08/03/2012 20:20:12] /goto Im Not Gay
[08/03/2012 20:20:20] /goto Im Not Gay
[08/03/2012 20:20:34] /goto Im Not Gay
[08/03/2012 20:20:36] /goto Im Not Gay
[08/03/2012 20:20:37] /goto Im Not Gay
[08/03/2012 20:20:39] /goto Im Not Gay
[08/03/2012 20:20:40] /goto Im Not Gay
[08/03/2012 20:20:42] /goto Im Not Gay
[08/03/2012 20:20:44] /goto Im Not Gay
[08/03/2012 20:20:49] /goto Im Not Gay
[08/03/2012 20:20:51] /goto Im Not Gay
[08/03/2012 20:20:53] /goto Im Not Gay
[08/03/2012 20:20:57] /goto Im Not Gay
[08/03/2012 20:20:59] /goto Im Not Gay
[08/03/2012 20:21:02] /goto Im Not Gay
[08/03/2012 20:23:37] /m orshabaal
[08/03/2012 20:33:52] /m orshabaal
[08/03/2012 20:33:52] /m orshabaal
[08/03/2012 20:33:52] /m orshabaal
[08/03/2012 20:33:53] /m orshabaal
[08/03/2012 20:33:53] /m orshabaal
[08/03/2012 20:33:53] /m orshabaal
[08/03/2012 20:33:56] /r
[08/03/2012 20:33:58] /r
[08/03/2012 20:33:59] /r
[08/03/2012 20:34:01] /r
[08/03/2012 20:34:02] /r
[08/03/2012 20:34:04] /r
[08/03/2012 20:34:05] /r
[08/03/2012 21:08:06] /t
[08/03/2012 21:08:10] /clean
[08/03/2012 22:10:29] /goto jhoninha
[08/03/2012 22:12:59] /bc Loko All [382]: quem for vip 2 fale comigo.
[08/03/2012 22:23:21] /goto Loko All
[08/03/2012 22:23:43] /a
[08/03/2012 22:23:45] /a
[08/03/2012 22:24:40] /a
[08/03/2012 22:24:43] /a
[08/03/2012 22:25:19] /a
[08/03/2012 22:30:07] /i plate legs
[08/03/2012 22:34:22] /t
[08/03/2012 22:37:44] /level admin, 20
[08/03/2012 22:38:00] /info admin
[08/03/2012 22:38:11] /level admin, 2020
[08/03/2012 22:38:15] /level admin, 300
[08/03/2012 22:38:18] /level admin, 200
[08/03/2012 22:38:20] /level admin, 210
[08/03/2012 22:38:23] /level admin, 100
[08/03/2012 22:38:37] /level admin, 60
[08/03/2012 22:38:41] /level admin, 40
[08/03/2012 22:38:45] /level admin, 30
[08/03/2012 22:38:51] /level admin, 20
[08/03/2012 22:40:31] /i vip stone
[08/03/2012 22:40:44] /up
[08/03/2012 22:41:10] /i vip staff
[08/03/2012 22:41:17] /i vip wand
[08/03/2012 22:41:36] /i super aol
[08/03/2012 22:42:09] /t
[08/03/2012 22:48:06] /a
[09/03/2012 13:29:07] /ghost
[09/03/2012 13:30:17] /goto pally of inferno
[09/03/2012 13:30:33] /down
[09/03/2012 13:30:40] /c demolidor do mal
[09/03/2012 13:30:53] /c demonlidor do mal
[09/03/2012 13:32:19] /a
[09/03/2012 13:32:25] /ghost
[09/03/2012 13:35:52] /goto cm junin
[09/03/2012 15:51:30] /clean
[09/03/2012 15:59:50] /ghost
[09/03/2012 16:58:01] /unban no name
[09/03/2012 16:59:04] /unban no name
[09/03/2012 16:59:05] /unban no name
[09/03/2012 16:59:05] /unban no name
[09/03/2012 16:59:06] /unban no name
[09/03/2012 16:59:06] /unban no name
[09/03/2012 16:59:29] /unban dsd
[09/03/2012 16:59:32] /unban No Name
[09/03/2012 17:03:59] /baninfo
[09/03/2012 17:04:06] /baninfo no name
[09/03/2012 17:04:16] /baninfo No Name
[09/03/2012 17:20:06] /info Papa Leguas
[09/03/2012 17:39:23] /t spunk
[09/03/2012 17:44:50] /attr frags 2
[09/03/2012 17:44:55] /attr set frags 2
[09/03/2012 17:52:25] /goto Discovery Linner
[09/03/2012 17:54:01] /t
[09/03/2012 17:54:06] /goto muula
[09/03/2012 17:54:10] /ghost
[09/03/2012 17:54:27] /t
[09/03/2012 17:54:31] /ghost
[09/03/2012 18:30:48] /goto no name
[09/03/2012 18:30:51] /goto no name
[09/03/2012 18:30:55] /goto no name
[09/03/2012 18:30:56] /goto no name
[09/03/2012 18:30:58] /goto no name
[09/03/2012 18:31:01] /goto no name
[09/03/2012 18:31:05] /goto no name
[09/03/2012 18:31:07] /goto no name
[09/03/2012 18:31:10] /goto no name
[09/03/2012 18:31:11] /goto no name
[09/03/2012 18:31:12] /goto no name
[09/03/2012 18:31:13] /goto no name
[09/03/2012 18:31:20] /goto no name
[09/03/2012 18:31:44] /goto no name
[09/03/2012 18:31:46] /goto no name
[09/03/2012 18:31:47] /goto no name
[09/03/2012 18:32:00] /goto no name
[09/03/2012 18:35:33] /goto adm
[09/03/2012 18:36:02] /goto muula
[09/03/2012 18:36:03] /ghost
[09/03/2012 18:36:05] /goto muula
[09/03/2012 18:36:08] /goto muula
[09/03/2012 18:36:18] /goto muula
[09/03/2012 18:36:20] /goto muula
[09/03/2012 18:36:32] /goto adm
[09/03/2012 18:37:51] /goto falcon
[09/03/2012 18:38:28] /goto Falcon Furius 
[09/03/2012 18:39:51] /c spunk
[09/03/2012 18:39:53] /c spunk
[09/03/2012 18:45:40] /t
[09/03/2012 18:46:36] /r
[09/03/2012 18:46:51] /a
[09/03/2012 18:46:54] /a
[09/03/2012 18:46:58] /i vip 15 dias
[09/03/2012 18:47:09] /i 4864
[09/03/2012 18:47:38] /i 11873
[09/03/2012 18:49:01] /c falcon furius
[09/03/2012 18:53:01] /goto adm
[09/03/2012 18:53:33] /up
[09/03/2012 18:53:34] /a
[09/03/2012 18:53:35] /a
[09/03/2012 18:53:35] /a
[09/03/2012 18:53:36] /a
[09/03/2012 18:53:37] /up
[09/03/2012 19:05:28] /newtype 185
[09/03/2012 19:05:31] /newtype 193
[09/03/2012 19:05:32] /newtype 194
[09/03/2012 19:06:22] /b distanciar os saves, esta muito rapido.
[09/03/2012 19:07:36] /clean
[09/03/2012 19:09:45] /reload globalevents
[09/03/2012 19:15:56] /goto Nivineah
[09/03/2012 19:16:52] /clean
[09/03/2012 19:16:59] /a
[09/03/2012 19:19:50] /b Quem quer Zombie valendo dois items do Set Master?
[09/03/2012 19:23:54] /b Quem quer o tal Evento, venha na Entrada de Zombie Event
[09/03/2012 19:24:45] /b 1 minuto pra quem mais quiser vir...
[09/03/2012 19:25:17] /b 1 minuto pra Zombie...
[09/03/2012 19:25:28] /c red bull
[09/03/2012 19:25:59] /zombiestart 9
[09/03/2012 19:26:05] /unban spunk
[09/03/2012 19:27:19] /unban spunk
[09/03/2012 19:27:21] /unban spunk
[09/03/2012 19:27:22] /unban spunk
[09/03/2012 19:28:13] /ghost
[09/03/2012 19:30:15] /c Cavalera Boquetera
[09/03/2012 19:30:23] /ghost
[09/03/2012 19:31:52] /t
[09/03/2012 19:31:56] /goto infernatil
[09/03/2012 19:31:58] /t
[09/03/2012 19:32:08] /a
[09/03/2012 19:32:15] /attr health- 666666
[09/03/2012 19:32:20] /attr health -666666
[09/03/2012 19:32:25] /a
[09/03/2012 19:32:40] /a 5
[09/03/2012 19:32:40] /a 5
[09/03/2012 19:32:42] /a
[09/03/2012 19:33:12] /a 5
[09/03/2012 19:33:18] /a 15
[09/03/2012 19:33:20] /a 15
[09/03/2012 19:33:22] /a 2
[09/03/2012 19:33:24] /a
[09/03/2012 19:34:07] /i stone
[09/03/2012 19:34:09] /r
[09/03/2012 19:34:11] /i stone
[09/03/2012 19:34:11] /i stone
[09/03/2012 19:34:12] /i stone
[09/03/2012 19:34:13] /i stone
[09/03/2012 19:34:14] /i stone
[09/03/2012 19:34:16] /i stone
[09/03/2012 19:34:17] /i stone
[09/03/2012 19:34:17] /i stone
[09/03/2012 19:34:18] /i stone
[09/03/2012 19:34:19] /i stone
[09/03/2012 19:34:20] /i stone
[09/03/2012 19:34:26] /c cavalera boquereta
[09/03/2012 19:34:28] /c cavalera boquetera
[09/03/2012 19:35:01] /a
[09/03/2012 19:35:02] /r
[09/03/2012 19:36:32] /t cavalera boquetera
[09/03/2012 19:36:34] /r
[09/03/2012 19:36:35] /r
[09/03/2012 19:36:35] /r
[09/03/2012 19:36:36] /r
[09/03/2012 19:36:37] /r
[09/03/2012 19:36:38] /r
[09/03/2012 19:36:39] /r
[09/03/2012 19:36:41] /r
[09/03/2012 19:36:41] /r
[09/03/2012 19:36:43] /r
[09/03/2012 19:36:44] /r
[09/03/2012 19:36:54] /goto ghazbaran
[09/03/2012 19:36:59] /goto dont lure
[09/03/2012 19:37:11] /t
[09/03/2012 19:37:18] /a 15
[09/03/2012 19:37:18] /a 15
[09/03/2012 19:37:19] /a 15
[09/03/2012 19:37:20] /a 15
[09/03/2012 19:37:21] /a 15
[09/03/2012 19:37:22] /a 5
[09/03/2012 19:37:26] /a 15
[09/03/2012 19:37:26] /a 15
[09/03/2012 19:37:27] /a 15
[09/03/2012 19:37:27] /a 15
[09/03/2012 19:37:29] /a 15
[09/03/2012 19:38:12] /up
[09/03/2012 19:38:15] /up
[09/03/2012 19:38:20] /a 50
[09/03/2012 19:38:22] /a 50
[09/03/2012 19:38:23] /a 50
[09/03/2012 19:38:26] /a 15
[09/03/2012 19:38:28] /a 5
[09/03/2012 19:38:35] /i stone
[09/03/2012 19:38:36] /i stone
[09/03/2012 19:38:37] /i stone
[09/03/2012 19:38:39] /i stone
[09/03/2012 19:38:40] /i stone
[09/03/2012 19:38:41] /i stone
[09/03/2012 19:38:42] /i stone
[09/03/2012 19:38:42] /i stone
[09/03/2012 19:38:43] /i stone
[09/03/2012 19:38:44] /i stone
[09/03/2012 19:38:44] /i stone
[09/03/2012 19:38:45] /i stone
[09/03/2012 19:38:46] /i stone
[09/03/2012 19:38:47] /i stone
[09/03/2012 19:38:49] /i stone
[09/03/2012 19:38:50] /i stone
[09/03/2012 19:38:50] /i stone
[09/03/2012 19:38:56] /c cavalera boquetera
[09/03/2012 19:39:19] /r
[09/03/2012 19:39:34] /c cavalera boquetera
[09/03/2012 19:40:11] /i changename
[09/03/2012 19:40:24] /i frozen starlight
[09/03/2012 19:41:13] /reload talkactions
[09/03/2012 19:42:01] /changename
[09/03/2012 19:42:14] /changename ADM'
[09/03/2012 19:42:43] /i frozen starlight
[09/03/2012 19:43:25] /reload talkactions
[09/03/2012 19:44:42] /a
[09/03/2012 19:44:43] /r
[09/03/2012 19:44:50] /t cavalera boquetera
[09/03/2012 19:44:51] /r
[09/03/2012 19:44:52] /r
[09/03/2012 19:44:52] /r
[09/03/2012 19:44:55] /r
[09/03/2012 19:44:56] /t cavalera boquetera
[09/03/2012 19:44:57] /t cavalera boquetera
[09/03/2012 19:44:57] /t cavalera boquetera
[09/03/2012 19:44:57] /t cavalera boquetera
[09/03/2012 19:44:58] /t cavalera boquetera
[09/03/2012 19:44:59] /r
[09/03/2012 19:45:00] /r
[09/03/2012 19:45:01] /r
[09/03/2012 19:45:02] /r
[09/03/2012 19:45:05] /r
[09/03/2012 19:45:06] /r
[09/03/2012 19:45:08] /r
[09/03/2012 19:45:09] /r
[09/03/2012 19:45:11] /r
[09/03/2012 19:45:13] /r
[09/03/2012 19:45:14] /r
[09/03/2012 19:45:20] /t cavalera boquetera
[09/03/2012 19:45:44] /goto nath
[09/03/2012 19:46:12] /owner admin
[09/03/2012 19:46:13] /t
[09/03/2012 19:46:39] /t
[09/03/2012 19:56:56] /i 2160
[09/03/2012 19:58:00] /mc
[09/03/2012 19:58:16] /goto Falcon Furius
[09/03/2012 19:58:36] /a
[09/03/2012 19:59:12] /down
[09/03/2012 20:03:52] /reload config
[09/03/2012 20:18:54] /clean
[09/03/2012 20:22:32] /goto no name
[09/03/2012 20:23:23] /i stone
[09/03/2012 20:23:25] /i stone
[09/03/2012 20:23:28] /i stone
[09/03/2012 20:23:33] /i stone
[09/03/2012 20:25:10] /r
[09/03/2012 20:25:17] /r
[09/03/2012 20:25:21] /r
[09/03/2012 20:25:23] /r
[09/03/2012 20:26:52] /a
[09/03/2012 20:26:53] /a 2
[09/03/2012 20:29:48] /t
[09/03/2012 20:34:23] /ghost
[09/03/2012 20:34:25] /goto no name
[09/03/2012 20:34:53] /c no name
[09/03/2012 20:34:59] /c falcon furius
[09/03/2012 20:35:05] /ghost
[09/03/2012 20:40:29] /t
[09/03/2012 20:40:36] /i master sword vip
[09/03/2012 20:40:46] /i master vip sword
[09/03/2012 20:40:54] /i master vip wand
[09/03/2012 20:41:00] /i master vip rod
[09/03/2012 20:47:43] /up
[09/03/2012 20:47:45] /t
[09/03/2012 20:48:09] /goto falcon furius
[09/03/2012 20:48:11] /goto falcon furius
[09/03/2012 20:49:15] /goto dodo marotow
[09/03/2012 20:49:46] /a
[09/03/2012 20:50:09] /t
[09/03/2012 20:50:16] /a
[09/03/2012 20:50:38] /a
[09/03/2012 20:50:40] /a 2
[09/03/2012 20:58:01] /reload config
[09/03/2012 21:13:25] /b ADD ai pessoa... : diogenesfaleiros@hotmail.com....
[09/03/2012 21:24:15] /clean
[09/03/2012 21:25:08] /b Pessoal estou tentando colocar outro servidor on no dedicado, se a conecção deste cair ao seu login, ja tem a previsão do que é.
[09/03/2012 21:32:32] /reload config
[09/03/2012 21:40:39] /b Pessoal Falumir OT online. (Criação de chars apenas no Site {por enquanto})   ?falumir-ot.sytes.net]  >>>>port 7272<<<<
[09/03/2012 21:42:41] /b O OT não vai fechar, apenas vai ficar um Server a mais online...
[09/03/2012 21:43:03] /b E ate no outro mes estaremos com um dedicado muito melhor...
[09/03/2012 21:46:50] /a 4
[09/03/2012 21:47:13] /a
[09/03/2012 21:47:18] /mc
[09/03/2012 21:47:30] /mc
[09/03/2012 21:47:52] /a 4
[09/03/2012 21:47:54] /a 2
[09/03/2012 21:47:55] /a 2
[09/03/2012 21:48:05] /s 2
[09/03/2012 21:48:08] /a 2
[09/03/2012 21:48:09] /a 2
[09/03/2012 21:48:15] /a 2
[09/03/2012 21:50:29] /mc
[09/03/2012 21:51:07] /clean
[09/03/2012 21:51:57] /a
[09/03/2012 21:56:19] /a
[09/03/2012 21:56:41] /ghost
[09/03/2012 21:57:24] /goto stylx olo
[09/03/2012 21:57:27] /goto stylx olo
[09/03/2012 21:57:28] /goto stylx olo
[09/03/2012 21:57:30] /goto stylx olo
[09/03/2012 22:04:53] /t
[09/03/2012 22:05:06] /ghost
[09/03/2012 22:29:17] /ghost
[09/03/2012 22:50:57] /clean
[09/03/2012 23:16:58] /up
[09/03/2012 23:16:58] /up
[09/03/2012 23:16:59] /up
[09/03/2012 23:17:06] /a
[09/03/2012 23:17:06] /a
[09/03/2012 23:17:07] /up
[09/03/2012 23:17:14] /c sir death
[09/03/2012 23:20:10] /t sir death
[09/03/2012 23:28:47] /t
[09/03/2012 23:32:59] /clean
[09/03/2012 23:33:27] /a 5
[09/03/2012 23:33:29] /a 5
[09/03/2012 23:33:30] /a 5
[10/03/2012 00:12:44] /bc . Server 2 funcionando... Mesmo IP que este mas PORT 7272. Create Account e Create Character no site: http://illusion-ot.sytes.net
[10/03/2012 00:13:09] /bc . Server 2 funcionando... Mesmo IP que este mas PORT 7272. Create Account e Create Character no site: http://illusion-ot.sytes.net
[10/03/2012 00:13:30] /bc . Server 2 funcionando... Mesmo IP que este mas PORT 7272. Create Account e Create Character no site: http://illusion-ot.sytes.net
[10/03/2012 00:14:32] /bc . Falumir OT: falumir-ot.sytes.net  PORT: 7272   Site: http://falumir-ot.sytes.net
[10/03/2012 00:14:36] /bc . Falumir OT: falumir-ot.sytes.net  PORT: 7272   Site: http://falumir-ot.sytes.net
[10/03/2012 00:25:23] /i vip rod
[10/03/2012 00:25:28] /i baiak vip rod
[10/03/2012 00:25:39] /goto stylx olo
[10/03/2012 00:25:46] /goto stylx olo
[10/03/2012 11:40:08] /ghost
[10/03/2012 11:41:06] /reload config
[10/03/2012 11:41:43] /ghost
[10/03/2012 11:44:53] /bc . Falumir OT Online- Mesmo IP deste server ou Falumir-OT.sytes.net -- PORT: 7272, criar contas no site: http://falumir-ot.sytes.net ou http:// illusion-ot.sytes.net...
[10/03/2012 11:44:58] /bc . Falumir OT Online- Mesmo IP deste server ou Falumir-OT.sytes.net -- PORT: 7272, criar contas no site: http://falumir-ot.sytes.net ou http:// illusion-ot.sytes.net...
[10/03/2012 12:16:26] /ghost
[10/03/2012 12:22:38] /reload globalevents
[10/03/2012 12:23:10] /reload globalevents
[10/03/2012 12:23:50] /reload globalevents
[10/03/2012 12:30:09] /reload globalevents
[10/03/2012 12:30:39] /reload globalevents
[10/03/2012 12:31:32] /reload movements
[10/03/2012 12:33:03] /b Pessoal vou tentar achar o antigo mapa, pra voltar ele, este aqui ta mt lixo
[10/03/2012 12:33:12] /b mt bugado...
[10/03/2012 12:34:27] /b O OT Vai reiniciar rapidinho pra ver se é o MAPA certo...
[10/03/2012 12:36:07] /b Aff acho que n é esse n ;S
[10/03/2012 12:36:44] /b Reiniciando de novo....
[10/03/2012 12:37:44] /b q krl[
[10/03/2012 12:38:47] /b Acho que achei... Reiniciando
[10/03/2012 12:41:17] /reload globalevents
[10/03/2012 12:47:18] /ghost
[10/03/2012 12:49:01] /bc . As casas perdidas voltaram ao normal ate daqui a pouco...
[10/03/2012 13:12:41] /clean
[10/03/2012 15:17:28] /a
[10/03/2012 15:17:31] /a
[10/03/2012 15:18:14] /clean
[10/03/2012 15:19:22] /t
[10/03/2012 15:19:36] /c jukire
[10/03/2012 15:20:24] /town 3
[10/03/2012 15:20:28] /t
[10/03/2012 15:20:38] /c jukire
[10/03/2012 15:20:42] /ghost
[10/03/2012 15:25:48] /t
[10/03/2012 15:30:51] /ghost
[10/03/2012 15:31:42] /ghost
[10/03/2012 15:58:11] /ghost
[10/03/2012 16:25:08] /reload config
[10/03/2012 16:26:31] /bc . OT Reiniciando... Rapidinho!
[10/03/2012 16:26:42] /bc . OT Reiniciando... Rapidinho!
[10/03/2012 16:26:44] /bc . OT Reiniciando... Rapidinho!
[10/03/2012 16:26:45] /bc . OT Reiniciando... Rapidinho!
[10/03/2012 16:32:17] /t
[10/03/2012 16:39:32] /reload globalevents
[10/03/2012 17:58:32] /reload config
[10/03/2012 17:58:34] /reload config
[10/03/2012 17:58:34] /reload config
[10/03/2012 18:00:47] /bc . !createguild Name...
[10/03/2012 18:24:20] /goto sir death
[10/03/2012 18:24:29] /r
[10/03/2012 18:25:34] /a
[10/03/2012 18:25:49] /a
[10/03/2012 18:26:36] /r
[10/03/2012 18:26:42] /r
[10/03/2012 18:26:45] /r
[10/03/2012 18:26:52] /r
[10/03/2012 18:26:55] /r
[10/03/2012 18:26:59] /r
[10/03/2012 18:27:04] /r
[10/03/2012 18:27:07] /r
[10/03/2012 18:27:08] /r
[10/03/2012 18:27:16] /a
[10/03/2012 18:27:18] /a
[10/03/2012 18:27:19] /r
[10/03/2012 21:45:49] /t
[10/03/2012 21:46:15] /goto iago lovee
[10/03/2012 21:48:51] /goto Iago Lovee
[10/03/2012 21:49:01] /i master vip wand
[10/03/2012 21:49:05] /i master vip wand
[10/03/2012 21:49:08] /r
[10/03/2012 21:49:52] /c Iago Lovee
[10/03/2012 21:50:04] /i vip stone
[11/03/2012 23:22:24] /t
[11/03/2012 23:22:31] /r
[11/03/2012 23:22:48] /i 11873
[11/03/2012 23:28:27] /reload talkactions
[12/03/2012 15:02:18] /clean
[12/03/2012 15:02:37] /ghost
[12/03/2012 19:07:53] /goto cm
[12/03/2012 19:09:52] /r
[12/03/2012 19:09:55] /r
[12/03/2012 19:20:27] /goto adm
[12/03/2012 19:23:29] /t kiji
[12/03/2012 19:23:30] /t
[12/03/2012 19:24:48] /goto kiji
[12/03/2012 19:25:03] /goto kiji
[12/03/2012 19:25:05] /goto kiji
[12/03/2012 19:25:06] /goto kiji
[12/03/2012 19:25:08] /goto kiji
[12/03/2012 19:25:11] /goto kiji
[12/03/2012 19:25:50] /a 2
[12/03/2012 19:25:51] /a
[12/03/2012 19:25:56] /a 3
[12/03/2012 19:26:06] /r
[12/03/2012 19:26:07] /r
[12/03/2012 19:37:48] /reload npcs
[12/03/2012 19:37:53] /reload talkactions
[12/03/2012 19:39:15] /changename 
[12/03/2012 19:39:51] /changename Suporte
[14/03/2012 19:36:04] /ghost
[14/03/2012 19:37:37] /cliport
[14/03/2012 19:37:56] /goto tibia exp
[14/03/2012 19:37:58] /mc
[14/03/2012 19:38:07] /goto tibia bug
[14/03/2012 19:38:14] /goto exp bug
[14/03/2012 19:39:49] /reload monsters
[14/03/2012 19:54:42] /t
[14/03/2012 19:56:37] /clean
[14/03/2012 20:07:16] /mc
[14/03/2012 20:07:24] /goto Elder Necroy
[14/03/2012 20:11:54] /mc
[14/03/2012 20:12:04] /goto Pally Of Inferno
[14/03/2012 20:12:13] /goto Pally Of Inferno
[14/03/2012 20:12:16] /goto Pally Of Inferno
[14/03/2012 20:12:19] /goto Pally Of Inferno
[14/03/2012 20:13:33] /t
[14/03/2012 20:14:25] /reload globalevents
[14/03/2012 20:33:23] /save
[14/03/2012 20:33:52] /mc
[14/03/2012 20:34:04] /goto Socapirocanela's
[14/03/2012 20:34:08] /goto Socapirocanela's
[14/03/2012 20:34:10] /goto Socapirocanela's
[14/03/2012 20:34:14] /goto Socapirocanela's
[14/03/2012 20:34:16] /goto Socapirocanela's
[14/03/2012 20:34:18] /goto Socapirocanela's
[14/03/2012 20:34:24] /goto Socapirocanela's
[14/03/2012 20:34:32] /goto Ikkakus
[14/03/2012 20:34:43] /mc
[14/03/2012 20:35:14] /level elder necroy, 150
[14/03/2012 20:35:28] /level Socapirocanela's, 150
[14/03/2012 20:35:40] /level Ikkakus, 150
[14/03/2012 20:35:44] /goto kiji
[14/03/2012 20:35:53] /save
[14/03/2012 20:36:05] /goto Elder Necroy
[14/03/2012 20:41:20] /a
[14/03/2012 20:44:35] /mc
[14/03/2012 20:45:35] /attr group 1
[14/03/2012 20:45:43] /newtype 135, kiji
[14/03/2012 20:45:51] /newtype 137, kiji
[14/03/2012 20:45:56] /newtype 133, kiji
[14/03/2012 20:45:59] /newtype 136, kiji
[14/03/2012 20:46:04] /ghost
[14/03/2012 20:46:13] /ghost
[14/03/2012 20:51:40] /save
[14/03/2012 20:51:49] /goto sr reaper
[14/03/2012 20:51:51] /goto sr reapers
[14/03/2012 20:51:54] /t
[14/03/2012 21:01:17] /mc
[14/03/2012 21:13:00] /info Badaludo Ziikka
[14/03/2012 21:16:46] /reload globalevents
[14/03/2012 23:10:35] /goto adm
[14/03/2012 23:11:31] /a
[14/03/2012 23:11:49] /i 4416
[14/03/2012 23:11:50] /a
[14/03/2012 23:11:50] /i 4416
[14/03/2012 23:11:51] /a
[14/03/2012 23:11:52] /i 4416
[14/03/2012 23:11:53] /a
[14/03/2012 23:11:55] /i 4416
[14/03/2012 23:11:56] /a
[14/03/2012 23:11:56] /i 4416
[14/03/2012 23:11:57] /a
[14/03/2012 23:11:58] /i 4416
[14/03/2012 23:11:58] /a
[14/03/2012 23:11:59] /i 4416
[14/03/2012 23:12:02] /a
[14/03/2012 23:12:02] /i 4416
[14/03/2012 23:12:04] /a
[14/03/2012 23:12:07] /i 4415
[14/03/2012 23:12:08] /a
[14/03/2012 23:12:10] /i 4417
[14/03/2012 23:12:11] /a
[14/03/2012 23:12:12] /i 4417
[14/03/2012 23:12:13] /a
[14/03/2012 23:12:15] /i 4417
[14/03/2012 23:12:16] /a
[14/03/2012 23:12:18] /i 4416
[14/03/2012 23:12:22] /a
[14/03/2012 23:12:24] /i 4416
[14/03/2012 23:12:28] /a
[14/03/2012 23:12:29] /i 4416
[14/03/2012 23:12:50] /a
[14/03/2012 23:12:56] /i 4416
[14/03/2012 23:12:58] /a
[14/03/2012 23:13:00] /i 4415
[14/03/2012 23:13:01] /i 4415
[14/03/2012 23:13:03] /i 4414
[14/03/2012 23:13:05] /a
[14/03/2012 23:13:05] /i 4414
[14/03/2012 23:13:07] /a
[14/03/2012 23:13:07] /i 4414
[14/03/2012 23:13:08] /a
[14/03/2012 23:13:09] /i 4414
[14/03/2012 23:13:10] /a
[14/03/2012 23:13:10] /i 4414
[14/03/2012 23:13:11] /a
[14/03/2012 23:13:12] /i 4414
[14/03/2012 23:13:13] /a
[14/03/2012 23:13:14] /i 4414
[14/03/2012 23:13:15] /a
[14/03/2012 23:13:16] /i 4414
[14/03/2012 23:13:18] /a
[14/03/2012 23:13:18] /i 4414
[14/03/2012 23:13:21] /a
[14/03/2012 23:13:26] /i 4414
[14/03/2012 23:13:26] /a
[14/03/2012 23:13:27] /i 4414
[14/03/2012 23:13:28] /a
[14/03/2012 23:13:29] /i 4414
[14/03/2012 23:13:31] /a
[14/03/2012 23:13:35] /goto adm
[14/03/2012 23:13:37] /a
[14/03/2012 23:13:40] /goto adm
[14/03/2012 23:14:10] /a
[14/03/2012 23:14:10] /r
[14/03/2012 23:14:15] /r
[14/03/2012 23:14:16] /r
[14/03/2012 23:14:41] /a
[14/03/2012 23:14:45] /goto adm
[14/03/2012 23:14:48] /r
[14/03/2012 23:14:49] /r
[14/03/2012 23:14:50] /r
[14/03/2012 23:14:51] /a
[14/03/2012 23:14:56] /i 4417
[14/03/2012 23:15:02] /i 1387
[14/03/2012 23:15:18] /attr position 1260 996 7
[14/03/2012 23:15:23] /goto adm
[14/03/2012 23:15:32] /r
[14/03/2012 23:15:32] /r
[14/03/2012 23:15:33] /r
[14/03/2012 23:15:34] /a
[14/03/2012 23:15:38] /i 447
[14/03/2012 23:15:52] /i 444
[14/03/2012 23:15:54] /r
[14/03/2012 23:15:56] /i 445
[14/03/2012 23:15:57] /r
[14/03/2012 23:16:00] /i 448
[14/03/2012 23:16:03] /i 449
[14/03/2012 23:16:06] /i 460
[14/03/2012 23:16:47] /i 4406
[14/03/2012 23:16:51] /i 1387
[14/03/2012 23:16:57] /attr position 160
[14/03/2012 23:17:01] /attr position 160 54 7
[14/03/2012 23:18:14] /goto adm
[14/03/2012 23:18:27] /ghost
[14/03/2012 23:18:46] /goto adm
[14/03/2012 23:19:01] /ghost
[15/03/2012 19:16:17] /goto adm
[15/03/2012 19:16:19] /ghost
[15/03/2012 19:22:32] /t
[15/03/2012 19:23:00] /bc . Duvidas no Help Channel.
[15/03/2012 19:23:09] /ghost
[15/03/2012 19:26:04] /b Duvidas no Help Channel.
[15/03/2012 19:41:33] /unban dokinha
[15/03/2012 19:41:36] /unban dokinha
[15/03/2012 19:41:46] /goto dokinha
[15/03/2012 19:41:47] /goto dokinha
[15/03/2012 19:41:49] /goto dokinha
[15/03/2012 19:41:49] /goto dokinha
[15/03/2012 19:41:50] /goto dokinha
[15/03/2012 19:41:50] /goto dokinha
[15/03/2012 19:41:51] /goto dokinha
[15/03/2012 19:41:51] /goto dokinha
[15/03/2012 19:41:52] /goto dokinha
[15/03/2012 19:41:54] /goto dokinha
[15/03/2012 19:41:55] /goto dokinha
[15/03/2012 19:44:47] /t
[15/03/2012 19:44:50] /a 
[15/03/2012 19:44:51] /a 
[15/03/2012 19:44:52] /a 
[15/03/2012 19:44:53] /a 
[15/03/2012 19:45:01] /c dokinha
[15/03/2012 19:45:15] /goto dokinha
[15/03/2012 19:45:53] /up 2
[15/03/2012 19:45:57] /c dokinha
[15/03/2012 19:45:59] /i vip wand
[15/03/2012 19:46:19] /i vip staff
[15/03/2012 19:46:22] /i vip rod
[15/03/2012 19:48:26] /info dokinha
[15/03/2012 19:51:31] /t dokinha
[15/03/2012 19:51:32] /t
[15/03/2012 19:57:15] /i extreme mage
[15/03/2012 19:59:27] /c dokinha
[15/03/2012 19:59:28] /a
[15/03/2012 19:59:29] /a
[15/03/2012 20:14:39] /up
[15/03/2012 20:14:40] /up
[15/03/2012 20:15:12] /t
[15/03/2012 20:17:34] /clean
[15/03/2012 20:18:13] /info malucao
[15/03/2012 20:19:58] /reload globalevents
[15/03/2012 20:20:36] /reload globalevents
[15/03/2012 20:21:51] /reload globalevents
[15/03/2012 20:22:29] /reload globalevents
[15/03/2012 20:24:08] /reload globalevents
[15/03/2012 20:27:45] /reload globalevents
[15/03/2012 20:28:11] /reload globalevents
[15/03/2012 20:31:38] /reload globalevents
[15/03/2012 20:33:57] /reload globalevents
[15/03/2012 20:35:07] /goto jukire
[15/03/2012 20:35:31] /goto jukire
[15/03/2012 20:35:36] /goto jukire
[15/03/2012 20:35:45] /goto jukire
[15/03/2012 20:35:50] /goto jukire
[15/03/2012 20:36:36] /up 3
[15/03/2012 20:36:39] /down
[15/03/2012 20:36:59] /reload globalevents
[15/03/2012 20:37:00] /t
[15/03/2012 20:37:44] /reload globalevents
[15/03/2012 20:38:00] /t
[15/03/2012 20:38:04] /goto jukire
[15/03/2012 20:38:08] /t
[15/03/2012 20:38:16] /up 2
[15/03/2012 20:39:36] /t
[15/03/2012 20:40:35] /up 2
[15/03/2012 20:42:16] /reload globalevents
[15/03/2012 20:42:17] /t
[15/03/2012 20:44:41] /up 4
[15/03/2012 20:46:44] /reload globalevents
[15/03/2012 20:46:46] /t
[15/03/2012 20:47:33] /reload globalevents
[15/03/2012 20:47:44] /up 4
[15/03/2012 20:47:46] /up 2
[15/03/2012 20:48:23] /t
[15/03/2012 20:49:44] /up 2
[15/03/2012 20:51:16] /reload globalevents
[15/03/2012 20:51:16] /t
[15/03/2012 20:52:00] /info gabriella
[15/03/2012 20:58:10] /clean
[15/03/2012 20:59:52] /reload globalevents
[15/03/2012 21:03:43] /clean
[15/03/2012 21:14:37] /clean
[15/03/2012 21:15:48] /reload globalevents
[15/03/2012 21:18:50] /a 2
[15/03/2012 21:19:06] /a 5
[15/03/2012 21:19:12] /a 5
[15/03/2012 21:19:28] /a
[15/03/2012 21:19:48] /t
[15/03/2012 21:20:44] /bc . Informação: Zombie Event as (23:00)
[15/03/2012 21:21:21] /save
[15/03/2012 21:21:29] /goto devil caos
[15/03/2012 21:21:33] /a
[15/03/2012 21:21:43] /a
[15/03/2012 21:21:45] /a
[15/03/2012 21:22:12] /t
[15/03/2012 21:42:09] /bc . Ajude-nos a crescer o nosso Server, chemem seus amigos, rl's, inimigos, ate seus contatos do seu msn, para o melhoramento das WAR's, Eventos e a diverção de competir entre os Tops do Highscores... Obrigado!
[15/03/2012 21:52:22] /mc
[15/03/2012 22:00:05] /clean
[15/03/2012 22:06:23] /clean
[15/03/2012 22:19:43] /bc . Ajude-nos a crescer o nosso Server, chamem seus amigos, rl's, inimigos, ate seus contatos do seu Msn, para jogar no Illusion OT, e para o melhoramento das WAR, Eventos e etc. Obrigado!
[15/03/2012 22:23:24] /clean
[15/03/2012 23:01:46] /zombiestart 25
[15/03/2012 23:01:59] /t
[15/03/2012 23:03:42] /bc .  Zombie Event é localizado no canto direito do temple.
[15/03/2012 23:04:16] /t
[15/03/2012 23:04:36] /bc Esta faltando 12 players no Zombie Event...
[15/03/2012 23:08:57] /c Sack Rush
[15/03/2012 23:09:08] /t
[15/03/2012 23:09:17] /c Yakusa
[15/03/2012 23:16:04] /i rose shield
[15/03/2012 23:17:51] /c Legalize Canabis 
[15/03/2012 23:20:23] /i vip stone
[15/03/2012 23:20:34] /i super aol
[15/03/2012 23:22:25] /i vip rod
[15/03/2012 23:22:36] /i vip wand
[15/03/2012 23:23:14] /t
[15/03/2012 23:23:19] /clean
[15/03/2012 23:24:01] /r
[15/03/2012 23:32:22] /newtype 2
[15/03/2012 23:32:23] /newtype 3
[15/03/2012 23:32:24] /newtype 4
[15/03/2012 23:32:25] /newtype 5
[15/03/2012 23:32:27] /newtype 360
[15/03/2012 23:32:29] /newtype 365
[15/03/2012 23:32:34] /newtype 320
[15/03/2012 23:32:35] /newtype 321
[15/03/2012 23:32:36] /newtype 322
[15/03/2012 23:32:37] /newtype 323
[15/03/2012 23:32:37] /newtype 324
[15/03/2012 23:32:38] /newtype 325
[15/03/2012 23:32:39] /newtype 326
[15/03/2012 23:32:42] /newtype 327
[15/03/2012 23:32:43] /newtype 326
[15/03/2012 23:32:44] /newtype 329
[15/03/2012 23:32:48] /newtype 330
[15/03/2012 23:32:50] /newtype 331
[15/03/2012 23:32:51] /newtype 332
[15/03/2012 23:32:52] /newtype 333
[15/03/2012 23:32:54] /newtype 334
[15/03/2012 23:32:55] /newtype 335
[15/03/2012 23:32:57] /newtype 336
[15/03/2012 23:32:58] /newtype 337
[15/03/2012 23:33:00] /newtype 338
[15/03/2012 23:33:03] /newtype 339
[15/03/2012 23:33:06] /newtype 340
[15/03/2012 23:33:06] /newtype 341
[15/03/2012 23:33:07] /newtype 342
[15/03/2012 23:33:08] /newtype 343
[15/03/2012 23:33:09] /newtype 344
[15/03/2012 23:33:11] /newtype 343
[15/03/2012 23:33:11] /newtype 344
[15/03/2012 23:33:12] /newtype 345
[15/03/2012 23:33:14] /newtype 346
[15/03/2012 23:33:15] /newtype 347
[15/03/2012 23:33:16] /newtype 348
[15/03/2012 23:33:18] /newtype 349
[15/03/2012 23:33:20] /newtype 350
[15/03/2012 23:33:22] /newtype 351
[15/03/2012 23:33:23] /newtype 352
[15/03/2012 23:33:25] /newtype 353
[15/03/2012 23:33:27] /newtype 354
[15/03/2012 23:33:30] /newtype 300
[15/03/2012 23:33:31] /newtype 301
[15/03/2012 23:33:34] /newtype 300
[15/03/2012 23:43:23] /newtype 1200
[15/03/2012 23:43:24] /newtype 120
[15/03/2012 23:43:26] /newtype 122
[15/03/2012 23:43:27] /newtype 123
[15/03/2012 23:43:30] /newtype 124
[15/03/2012 23:43:31] /newtype 126
[15/03/2012 23:43:33] /newtype 128
[15/03/2012 23:49:32] /changename [ADM] Illusion
[15/03/2012 23:49:35] /changename [ADM] Illusion
