[25/11/2011 20:04:56] /b GOGO GALERA COMPRAR ITENS E MASTER VIP .NAO PERCAM TA NA PROMOÇAO ,AREAS MASTER MT BOAS GOGO SER O TOP
[25/11/2011 20:05:00] /b GOGO GALERA COMPRAR ITENS E MASTER VIP .NAO PERCAM TA NA PROMOÇAO ,AREAS MASTER MT BOAS GOGO SER O TOP
[25/11/2011 20:05:04] /b GOGO GALERA COMPRAR ITENS E MASTER VIP .NAO PERCAM TA NA PROMOÇAO ,AREAS MASTER MT BOAS GOGO SER O TOP
[25/11/2011 20:05:07] /b GOGO GALERA COMPRAR ITENS E MASTER VIP .NAO PERCAM TA NA PROMOÇAO ,AREAS MASTER MT BOAS GOGO SER O TOP
[25/11/2011 20:05:10] /b GOGO GALERA COMPRAR ITENS E MASTER VIP .NAO PERCAM TA NA PROMOÇAO ,AREAS MASTER MT BOAS GOGO SER O TOP
[25/11/2011 20:05:13] /b GOGO GALERA COMPRAR ITENS E MASTER VIP .NAO PERCAM TA NA PROMOÇAO ,AREAS MASTER MT BOAS GOGO SER O TOP
[25/11/2011 20:05:16] /b GOGO GALERA COMPRAR ITENS E MASTER VIP .NAO PERCAM TA NA PROMOÇAO ,AREAS MASTER MT BOAS GOGO SER O TOP
[25/11/2011 20:05:20] /b GOGO GALERA COMPRAR ITENS E MASTER VIP .NAO PERCAM TA NA PROMOÇAO ,AREAS MASTER MT BOAS GOGO SER O TOP
[25/11/2011 20:05:23] /b GOGO GALERA COMPRAR ITENS E MASTER VIP .NAO PERCAM TA NA PROMOÇAO ,AREAS MASTER MT BOAS GOGO SER O TOP
[25/11/2011 20:05:26] /b GOGO GALERA COMPRAR ITENS E MASTER VIP .NAO PERCAM TA NA PROMOÇAO ,AREAS MASTER MT BOAS GOGO SER O TOP
[25/11/2011 20:05:30] /b GOGO GALERA COMPRAR ITENS E MASTER VIP .NAO PERCAM TA NA PROMOÇAO ,AREAS MASTER MT BOAS GOGO SER O TOP
[25/11/2011 20:05:33] /b GOGO GALERA COMPRAR ITENS E MASTER VIP .NAO PERCAM TA NA PROMOÇAO ,AREAS MASTER MT BOAS GOGO SER O TOP
[25/11/2011 20:05:36] /b GOGO GALERA COMPRAR ITENS E MASTER VIP .NAO PERCAM TA NA PROMOÇAO ,AREAS MASTER MT BOAS GOGO SER O TOP
[25/11/2011 20:06:30] /b GOGO GALERA COMPRAR ITENS E MASTER VIP .NAO PERCAM TA NA PROMOÇAO ,AREAS MASTER MT BOAS GOGO SER O TOP ,QUEM COMPRA NAO FICA FORA DESSA PROMOÇÃO
[25/11/2011 20:06:34] /b GOGO GALERA COMPRAR ITENS E MASTER VIP .NAO PERCAM TA NA PROMOÇAO ,AREAS MASTER MT BOAS GOGO SER O TOP ,QUEM COMPRA NAO FICA FORA DESSA PROMOÇÃO
[25/11/2011 20:06:36] /b GOGO GALERA COMPRAR ITENS E MASTER VIP .NAO PERCAM TA NA PROMOÇAO ,AREAS MASTER MT BOAS GOGO SER O TOP ,QUEM COMPRA NAO FICA FORA DESSA PROMOÇÃO
[25/11/2011 20:06:39] /b GOGO GALERA COMPRAR ITENS E MASTER VIP .NAO PERCAM TA NA PROMOÇAO ,AREAS MASTER MT BOAS GOGO SER O TOP ,QUEM COMPRA NAO FICA FORA DESSA PROMOÇÃO
[25/11/2011 20:06:41] /b GOGO GALERA COMPRAR ITENS E MASTER VIP .NAO PERCAM TA NA PROMOÇAO ,AREAS MASTER MT BOAS GOGO SER O TOP ,QUEM COMPRA NAO FICA FORA DESSA PROMOÇÃO
[25/11/2011 20:07:11] /b GOGO GALERA COMPRAR ITENS E MASTER VIP .NAO PERCAM TA NA PROMOÇAO ,AREAS MASTER MT BOAS GOGO SER O TOP ,QUEM COMPRA FICA FELIZ PQ É MT BOM AS HUNTS E OS ITENS ,NAO FICA FORA DESSA PROMOÇÃO
[25/11/2011 20:07:13] /b GOGO GALERA COMPRAR ITENS E MASTER VIP .NAO PERCAM TA NA PROMOÇAO ,AREAS MASTER MT BOAS GOGO SER O TOP ,QUEM COMPRA FICA FELIZ PQ É MT BOM AS HUNTS E OS ITENS ,NAO FICA FORA DESSA PROMOÇÃO
[25/11/2011 20:07:16] /b GOGO GALERA COMPRAR ITENS E MASTER VIP .NAO PERCAM TA NA PROMOÇAO ,AREAS MASTER MT BOAS GOGO SER O TOP ,QUEM COMPRA FICA FELIZ PQ É MT BOM AS HUNTS E OS ITENS ,NAO FICA FORA DESSA PROMOÇÃO
[25/11/2011 20:07:18] /b GOGO GALERA COMPRAR ITENS E MASTER VIP .NAO PERCAM TA NA PROMOÇAO ,AREAS MASTER MT BOAS GOGO SER O TOP ,QUEM COMPRA FICA FELIZ PQ É MT BOM AS HUNTS E OS ITENS ,NAO FICA FORA DESSA PROMOÇÃO
[25/11/2011 20:07:20] /b GOGO GALERA COMPRAR ITENS E MASTER VIP .NAO PERCAM TA NA PROMOÇAO ,AREAS MASTER MT BOAS GOGO SER O TOP ,QUEM COMPRA FICA FELIZ PQ É MT BOM AS HUNTS E OS ITENS ,NAO FICA FORA DESSA PROMOÇÃO
[25/11/2011 20:07:22] /b GOGO GALERA COMPRAR ITENS E MASTER VIP .NAO PERCAM TA NA PROMOÇAO ,AREAS MASTER MT BOAS GOGO SER O TOP ,QUEM COMPRA FICA FELIZ PQ É MT BOM AS HUNTS E OS ITENS ,NAO FICA FORA DESSA PROMOÇÃO
[25/11/2011 20:07:25] /b GOGO GALERA COMPRAR ITENS E MASTER VIP .NAO PERCAM TA NA PROMOÇAO ,AREAS MASTER MT BOAS GOGO SER O TOP ,QUEM COMPRA FICA FELIZ PQ É MT BOM AS HUNTS E OS ITENS ,NAO FICA FORA DESSA PROMOÇÃO
[25/11/2011 20:07:27] /b GOGO GALERA COMPRAR ITENS E MASTER VIP .NAO PERCAM TA NA PROMOÇAO ,AREAS MASTER MT BOAS GOGO SER O TOP ,QUEM COMPRA FICA FELIZ PQ É MT BOM AS HUNTS E OS ITENS ,NAO FICA FORA DESSA PROMOÇÃO
[25/11/2011 20:07:30] /b GOGO GALERA COMPRAR ITENS E MASTER VIP .NAO PERCAM TA NA PROMOÇAO ,AREAS MASTER MT BOAS GOGO SER O TOP ,QUEM COMPRA FICA FELIZ PQ É MT BOM AS HUNTS E OS ITENS ,NAO FICA FORA DESSA PROMOÇÃO
[25/11/2011 20:07:32] /b GOGO GALERA COMPRAR ITENS E MASTER VIP .NAO PERCAM TA NA PROMOÇAO ,AREAS MASTER MT BOAS GOGO SER O TOP ,QUEM COMPRA FICA FELIZ PQ É MT BOM AS HUNTS E OS ITENS ,NAO FICA FORA DESSA PROMOÇÃO
[25/11/2011 20:07:36] /b GOGO GALERA COMPRAR ITENS E MASTER VIP .NAO PERCAM TA NA PROMOÇAO ,AREAS MASTER MT BOAS GOGO SER O TOP ,QUEM COMPRA FICA FELIZ PQ É MT BOM AS HUNTS E OS ITENS ,NAO FICA FORA DESSA PROMOÇÃO
[25/11/2011 20:07:39] /b GOGO GALERA COMPRAR ITENS E MASTER VIP .NAO PERCAM TA NA PROMOÇAO ,AREAS MASTER MT BOAS GOGO SER O TOP ,QUEM COMPRA FICA FELIZ PQ É MT BOM AS HUNTS E OS ITENS ,NAO FICA FORA DESSA PROMOÇÃO
[25/11/2011 20:07:42] /b GOGO GALERA COMPRAR ITENS E MASTER VIP .NAO PERCAM TA NA PROMOÇAO ,AREAS MASTER MT BOAS GOGO SER O TOP ,QUEM COMPRA FICA FELIZ PQ É MT BOM AS HUNTS E OS ITENS ,NAO FICA FORA DESSA PROMOÇÃO
[25/11/2011 20:07:44] /b GOGO GALERA COMPRAR ITENS E MASTER VIP .NAO PERCAM TA NA PROMOÇAO ,AREAS MASTER MT BOAS GOGO SER O TOP ,QUEM COMPRA FICA FELIZ PQ É MT BOM AS HUNTS E OS ITENS ,NAO FICA FORA DESSA PROMOÇÃO
[25/11/2011 20:07:47] /b GOGO GALERA COMPRAR ITENS E MASTER VIP .NAO PERCAM TA NA PROMOÇAO ,AREAS MASTER MT BOAS GOGO SER O TOP ,QUEM COMPRA FICA FELIZ PQ É MT BOM AS HUNTS E OS ITENS ,NAO FICA FORA DESSA PROMOÇÃO
[25/11/2011 20:07:49] /b GOGO GALERA COMPRAR ITENS E MASTER VIP .NAO PERCAM TA NA PROMOÇAO ,AREAS MASTER MT BOAS GOGO SER O TOP ,QUEM COMPRA FICA FELIZ PQ É MT BOM AS HUNTS E OS ITENS ,NAO FICA FORA DESSA PROMOÇÃO
[25/11/2011 20:07:51] /b GOGO GALERA COMPRAR ITENS E MASTER VIP .NAO PERCAM TA NA PROMOÇAO ,AREAS MASTER MT BOAS GOGO SER O TOP ,QUEM COMPRA FICA FELIZ PQ É MT BOM AS HUNTS E OS ITENS ,NAO FICA FORA DESSA PROMOÇÃO
[25/11/2011 20:07:54] /b GOGO GALERA COMPRAR ITENS E MASTER VIP .NAO PERCAM TA NA PROMOÇAO ,AREAS MASTER MT BOAS GOGO SER O TOP ,QUEM COMPRA FICA FELIZ PQ É MT BOM AS HUNTS E OS ITENS ,NAO FICA FORA DESSA PROMOÇÃO
[25/11/2011 20:07:57] /b GOGO GALERA COMPRAR ITENS E MASTER VIP .NAO PERCAM TA NA PROMOÇAO ,AREAS MASTER MT BOAS GOGO SER O TOP ,QUEM COMPRA FICA FELIZ PQ É MT BOM AS HUNTS E OS ITENS ,NAO FICA FORA DESSA PROMOÇÃO
[25/11/2011 20:07:59] /b GOGO GALERA COMPRAR ITENS E MASTER VIP .NAO PERCAM TA NA PROMOÇAO ,AREAS MASTER MT BOAS GOGO SER O TOP ,QUEM COMPRA FICA FELIZ PQ É MT BOM AS HUNTS E OS ITENS ,NAO FICA FORA DESSA PROMOÇÃO
[25/11/2011 20:08:01] /b GOGO GALERA COMPRAR ITENS E MASTER VIP .NAO PERCAM TA NA PROMOÇAO ,AREAS MASTER MT BOAS GOGO SER O TOP ,QUEM COMPRA FICA FELIZ PQ É MT BOM AS HUNTS E OS ITENS ,NAO FICA FORA DESSA PROMOÇÃO
[25/11/2011 20:08:04] /b GOGO GALERA COMPRAR ITENS E MASTER VIP .NAO PERCAM TA NA PROMOÇAO ,AREAS MASTER MT BOAS GOGO SER O TOP ,QUEM COMPRA FICA FELIZ PQ É MT BOM AS HUNTS E OS ITENS ,NAO FICA FORA DESSA PROMOÇÃO
[25/11/2011 20:08:06] /b GOGO GALERA COMPRAR ITENS E MASTER VIP .NAO PERCAM TA NA PROMOÇAO ,AREAS MASTER MT BOAS GOGO SER O TOP ,QUEM COMPRA FICA FELIZ PQ É MT BOM AS HUNTS E OS ITENS ,NAO FICA FORA DESSA PROMOÇÃO
[25/11/2011 20:08:08] /b GOGO GALERA COMPRAR ITENS E MASTER VIP .NAO PERCAM TA NA PROMOÇAO ,AREAS MASTER MT BOAS GOGO SER O TOP ,QUEM COMPRA FICA FELIZ PQ É MT BOM AS HUNTS E OS ITENS ,NAO FICA FORA DESSA PROMOÇÃO
[25/11/2011 20:08:13] /b GOGO GALERA COMPRAR ITENS E MASTER VIP .NAO PERCAM TA NA PROMOÇAO ,AREAS MASTER MT BOAS GOGO SER O TOP ,QUEM COMPRA FICA FELIZ PQ É MT BOM AS HUNTS E OS ITENS ,NAO FICA FORA DESSA PROMOÇÃO
[25/11/2011 20:08:16] /b GOGO GALERA COMPRAR ITENS E MASTER VIP .NAO PERCAM TA NA PROMOÇAO ,AREAS MASTER MT BOAS GOGO SER O TOP ,QUEM COMPRA FICA FELIZ PQ É MT BOM AS HUNTS E OS ITENS ,NAO FICA FORA DESSA PROMOÇÃO
[25/11/2011 20:08:18] /b GOGO GALERA COMPRAR ITENS E MASTER VIP .NAO PERCAM TA NA PROMOÇAO ,AREAS MASTER MT BOAS GOGO SER O TOP ,QUEM COMPRA FICA FELIZ PQ É MT BOM AS HUNTS E OS ITENS ,NAO FICA FORA DESSA PROMOÇÃO
[25/11/2011 20:08:20] /b GOGO GALERA COMPRAR ITENS E MASTER VIP .NAO PERCAM TA NA PROMOÇAO ,AREAS MASTER MT BOAS GOGO SER O TOP ,QUEM COMPRA FICA FELIZ PQ É MT BOM AS HUNTS E OS ITENS ,NAO FICA FORA DESSA PROMOÇÃO
[25/11/2011 20:08:23] /b GOGO GALERA COMPRAR ITENS E MASTER VIP .NAO PERCAM TA NA PROMOÇAO ,AREAS MASTER MT BOAS GOGO SER O TOP ,QUEM COMPRA FICA FELIZ PQ É MT BOM AS HUNTS E OS ITENS ,NAO FICA FORA DESSA PROMOÇÃO
[25/11/2011 20:08:25] /b GOGO GALERA COMPRAR ITENS E MASTER VIP .NAO PERCAM TA NA PROMOÇAO ,AREAS MASTER MT BOAS GOGO SER O TOP ,QUEM COMPRA FICA FELIZ PQ É MT BOM AS HUNTS E OS ITENS ,NAO FICA FORA DESSA PROMOÇÃO
[25/11/2011 20:08:27] /b GOGO GALERA COMPRAR ITENS E MASTER VIP .NAO PERCAM TA NA PROMOÇAO ,AREAS MASTER MT BOAS GOGO SER O TOP ,QUEM COMPRA FICA FELIZ PQ É MT BOM AS HUNTS E OS ITENS ,NAO FICA FORA DESSA PROMOÇÃO
[25/11/2011 20:08:30] /b GOGO GALERA COMPRAR ITENS E MASTER VIP .NAO PERCAM TA NA PROMOÇAO ,AREAS MASTER MT BOAS GOGO SER O TOP ,QUEM COMPRA FICA FELIZ PQ É MT BOM AS HUNTS E OS ITENS ,NAO FICA FORA DESSA PROMOÇÃO
[25/11/2011 20:08:33] /b GOGO GALERA COMPRAR ITENS E MASTER VIP .NAO PERCAM TA NA PROMOÇAO ,AREAS MASTER MT BOAS GOGO SER O TOP ,QUEM COMPRA FICA FELIZ PQ É MT BOM AS HUNTS E OS ITENS ,NAO FICA FORA DESSA PROMOÇÃO
[25/11/2011 20:08:35] /b GOGO GALERA COMPRAR ITENS E MASTER VIP .NAO PERCAM TA NA PROMOÇAO ,AREAS MASTER MT BOAS GOGO SER O TOP ,QUEM COMPRA FICA FELIZ PQ É MT BOM AS HUNTS E OS ITENS ,NAO FICA FORA DESSA PROMOÇÃO
[25/11/2011 20:08:38] /b GOGO GALERA COMPRAR ITENS E MASTER VIP .NAO PERCAM TA NA PROMOÇAO ,AREAS MASTER MT BOAS GOGO SER O TOP ,QUEM COMPRA FICA FELIZ PQ É MT BOM AS HUNTS E OS ITENS ,NAO FICA FORA DESSA PROMOÇÃO
[25/11/2011 20:08:41] /b GOGO GALERA COMPRAR ITENS E MASTER VIP .NAO PERCAM TA NA PROMOÇAO ,AREAS MASTER MT BOAS GOGO SER O TOP ,QUEM COMPRA FICA FELIZ PQ É MT BOM AS HUNTS E OS ITENS ,NAO FICA FORA DESSA PROMOÇÃO
[25/11/2011 20:08:43] /b GOGO GALERA COMPRAR ITENS E MASTER VIP .NAO PERCAM TA NA PROMOÇAO ,AREAS MASTER MT BOAS GOGO SER O TOP ,QUEM COMPRA FICA FELIZ PQ É MT BOM AS HUNTS E OS ITENS ,NAO FICA FORA DESSA PROMOÇÃO
[25/11/2011 20:08:45] /b GOGO GALERA COMPRAR ITENS E MASTER VIP .NAO PERCAM TA NA PROMOÇAO ,AREAS MASTER MT BOAS GOGO SER O TOP ,QUEM COMPRA FICA FELIZ PQ É MT BOM AS HUNTS E OS ITENS ,NAO FICA FORA DESSA PROMOÇÃO
[25/11/2011 20:08:48] /b GOGO GALERA COMPRAR ITENS E MASTER VIP .NAO PERCAM TA NA PROMOÇAO ,AREAS MASTER MT BOAS GOGO SER O TOP ,QUEM COMPRA FICA FELIZ PQ É MT BOM AS HUNTS E OS ITENS ,NAO FICA FORA DESSA PROMOÇÃO
[25/11/2011 20:08:51] /b GOGO GALERA COMPRAR ITENS E MASTER VIP .NAO PERCAM TA NA PROMOÇAO ,AREAS MASTER MT BOAS GOGO SER O TOP ,QUEM COMPRA FICA FELIZ PQ É MT BOM AS HUNTS E OS ITENS ,NAO FICA FORA DESSA PROMOÇÃO
[25/11/2011 20:08:53] /b GOGO GALERA COMPRAR ITENS E MASTER VIP .NAO PERCAM TA NA PROMOÇAO ,AREAS MASTER MT BOAS GOGO SER O TOP ,QUEM COMPRA FICA FELIZ PQ É MT BOM AS HUNTS E OS ITENS ,NAO FICA FORA DESSA PROMOÇÃO
[25/11/2011 20:08:56] /b GOGO GALERA COMPRAR ITENS E MASTER VIP .NAO PERCAM TA NA PROMOÇAO ,AREAS MASTER MT BOAS GOGO SER O TOP ,QUEM COMPRA FICA FELIZ PQ É MT BOM AS HUNTS E OS ITENS ,NAO FICA FORA DESSA PROMOÇÃO
[25/11/2011 20:08:58] /b GOGO GALERA COMPRAR ITENS E MASTER VIP .NAO PERCAM TA NA PROMOÇAO ,AREAS MASTER MT BOAS GOGO SER O TOP ,QUEM COMPRA FICA FELIZ PQ É MT BOM AS HUNTS E OS ITENS ,NAO FICA FORA DESSA PROMOÇÃO
[25/11/2011 20:09:01] /b GOGO GALERA COMPRAR ITENS E MASTER VIP .NAO PERCAM TA NA PROMOÇAO ,AREAS MASTER MT BOAS GOGO SER O TOP ,QUEM COMPRA FICA FELIZ PQ É MT BOM AS HUNTS E OS ITENS ,NAO FICA FORA DESSA PROMOÇÃO
[25/11/2011 20:09:03] /b GOGO GALERA COMPRAR ITENS E MASTER VIP .NAO PERCAM TA NA PROMOÇAO ,AREAS MASTER MT BOAS GOGO SER O TOP ,QUEM COMPRA FICA FELIZ PQ É MT BOM AS HUNTS E OS ITENS ,NAO FICA FORA DESSA PROMOÇÃO
[25/11/2011 20:09:06] /b GOGO GALERA COMPRAR ITENS E MASTER VIP .NAO PERCAM TA NA PROMOÇAO ,AREAS MASTER MT BOAS GOGO SER O TOP ,QUEM COMPRA FICA FELIZ PQ É MT BOM AS HUNTS E OS ITENS ,NAO FICA FORA DESSA PROMOÇÃO
[25/11/2011 20:09:09] /b GOGO GALERA COMPRAR ITENS E MASTER VIP .NAO PERCAM TA NA PROMOÇAO ,AREAS MASTER MT BOAS GOGO SER O TOP ,QUEM COMPRA FICA FELIZ PQ É MT BOM AS HUNTS E OS ITENS ,NAO FICA FORA DESSA PROMOÇÃO
[25/11/2011 20:09:12] /b GOGO GALERA COMPRAR ITENS E MASTER VIP .NAO PERCAM TA NA PROMOÇAO ,AREAS MASTER MT BOAS GOGO SER O TOP ,QUEM COMPRA FICA FELIZ PQ É MT BOM AS HUNTS E OS ITENS ,NAO FICA FORA DESSA PROMOÇÃO
[25/11/2011 20:09:14] /b GOGO GALERA COMPRAR ITENS E MASTER VIP .NAO PERCAM TA NA PROMOÇAO ,AREAS MASTER MT BOAS GOGO SER O TOP ,QUEM COMPRA FICA FELIZ PQ É MT BOM AS HUNTS E OS ITENS ,NAO FICA FORA DESSA PROMOÇÃO
[25/11/2011 20:09:18] /b GOGO GALERA COMPRAR ITENS E MASTER VIP .NAO PERCAM TA NA PROMOÇAO ,AREAS MASTER MT BOAS GOGO SER O TOP ,QUEM COMPRA FICA FELIZ PQ É MT BOM AS HUNTS E OS ITENS ,NAO FICA FORA DESSA PROMOÇÃO
[25/11/2011 20:09:21] /b GOGO GALERA COMPRAR ITENS E MASTER VIP .NAO PERCAM TA NA PROMOÇAO ,AREAS MASTER MT BOAS GOGO SER O TOP ,QUEM COMPRA FICA FELIZ PQ É MT BOM AS HUNTS E OS ITENS ,NAO FICA FORA DESSA PROMOÇÃO
[25/11/2011 20:09:23] /b GOGO GALERA COMPRAR ITENS E MASTER VIP .NAO PERCAM TA NA PROMOÇAO ,AREAS MASTER MT BOAS GOGO SER O TOP ,QUEM COMPRA FICA FELIZ PQ É MT BOM AS HUNTS E OS ITENS ,NAO FICA FORA DESSA PROMOÇÃO
[25/11/2011 20:09:26] /b GOGO GALERA COMPRAR ITENS E MASTER VIP .NAO PERCAM TA NA PROMOÇAO ,AREAS MASTER MT BOAS GOGO SER O TOP ,QUEM COMPRA FICA FELIZ PQ É MT BOM AS HUNTS E OS ITENS ,NAO FICA FORA DESSA PROMOÇÃO
[25/11/2011 20:09:28] /b GOGO GALERA COMPRAR ITENS E MASTER VIP .NAO PERCAM TA NA PROMOÇAO ,AREAS MASTER MT BOAS GOGO SER O TOP ,QUEM COMPRA FICA FELIZ PQ É MT BOM AS HUNTS E OS ITENS ,NAO FICA FORA DESSA PROMOÇÃO
[25/11/2011 20:09:31] /b GOGO GALERA COMPRAR ITENS E MASTER VIP .NAO PERCAM TA NA PROMOÇAO ,AREAS MASTER MT BOAS GOGO SER O TOP ,QUEM COMPRA FICA FELIZ PQ É MT BOM AS HUNTS E OS ITENS ,NAO FICA FORA DESSA PROMOÇÃO
[25/11/2011 20:09:33] /b GOGO GALERA COMPRAR ITENS E MASTER VIP .NAO PERCAM TA NA PROMOÇAO ,AREAS MASTER MT BOAS GOGO SER O TOP ,QUEM COMPRA FICA FELIZ PQ É MT BOM AS HUNTS E OS ITENS ,NAO FICA FORA DESSA PROMOÇÃO
[25/11/2011 20:17:07] /b GOGO GALERA COMPRAR ITENS  DONATIONS E AREAS VIP GOLD MT BOAS GOGO SER O TOP ,QUEM COMPRA FICA FELIZ PQ É MT BOM AS HUNTS E OS ITENS ,NAO FICA FORA DESSA PROMOÇÃO
[25/11/2011 20:17:46] /b GOGO GALERA COMPRAR ITENS  DONATIONS E AREAS VIP GOLD MT BOAS GOGO SER O TOP ,QUEM COMPRA FICA FELIZ PQ É MT BOM AS HUNTS E OS ITENS ,NAO FICA FORA DESSA PROMOÇÃO  (ATENÇAO O GOD FICO MALUCO SE FOR FULL SET TEM PROMOÇÃO TA MT BARATO )
[25/11/2011 20:18:07] /b GOGO GALERA COMPRAR ITENS  DONATIONS E AREAS VIP GOLD MT BOAS GOGO SER O TOP ,QUEM COMPRA FICA FELIZ PQ É MT BOM AS HUNTS E OS ITENS ,NAO FICA FORA DESSA PROMOÇÃO  (ATENÇAO O GOD FICO MALUCO SE FOR FULL SET TEM PROMOÇÃO TA MT BARATO )
[25/11/2011 20:18:53] /b GOGO GALERA COMPRAR ITENS  DONATIONS E AREAS VIP GOLD MT BOAS GOGO SER O TOP ,QUEM COMPRA FICA FELIZ PQ É MT BOM AS HUNTS E OS ITENS ,NAO FICA FORA DESSA PROMOÇÃO  (ATENÇAO O GOD FICO MALUCO SE FOR FULL SET TEM PROMOÇÃO TA MT BARATO )
[25/11/2011 20:19:34] /b GOGO GALERA COMPRAR ITENS  DONATIONS E AREAS VIP GOLD MT BOAS GOGO SER O TOP ,QUEM COMPRA FICA FELIZ PQ É MT BOM AS HUNTS E OS ITENS ,NAO FICA FORA DESSA PROMOÇÃO  (ATENÇAO O GOD FICO MALUCO SE FOR FULL SET TEM PROMOÇÃO TA MT BARATO )
[25/11/2011 20:20:14] /b GOGO GALERA COMPRAR ITENS  DONATIONS E AREAS VIP GOLD MT BOAS GOGO SER O TOP ,QUEM COMPRA FICA FELIZ PQ É MT BOM AS HUNTS E OS ITENS ,NAO FICA FORA DESSA PROMOÇÃO  (ATENÇAO O GOD FICO MALUCO SE FOR FULL SET TEM PROMOÇÃO TA MT BARATO )
[25/11/2011 20:20:55] /b GOGO GALERA COMPRAR ITENS  DONATIONS E AREAS VIP GOLD MT BOAS GOGO SER O TOP ,QUEM COMPRA FICA FELIZ PQ É MT BOM AS HUNTS E OS ITENS ,NAO FICA FORA DESSA PROMOÇÃO  (ATENÇAO O GOD FICO MALUCO SE FOR FULL SET TEM PROMOÇÃO TA MT BARATO )
[25/11/2011 20:21:14] /b GOGO GALERA COMPRAR ITENS  DONATIONS E AREAS VIP GOLD MT BOAS GOGO SER O TOP ,QUEM COMPRA FICA FELIZ PQ É MT BOM AS HUNTS E OS ITENS ,NAO FICA FORA DESSA PROMOÇÃO  (ATENÇAO O GOD FICO MALUCO SE FOR FULL SET TEM PROMOÇÃO TA MT BARATO )
[25/11/2011 20:22:15] /b GOGO GALERA COMPRAR ITENS  DONATIONS E AREAS VIP GOLD MT BOAS GOGO SER O TOP ,QUEM COMPRA FICA FELIZ PQ É MT BOM AS HUNTS E OS ITENS ,NAO FICA FORA DESSA PROMOÇÃO  (ATENÇAO O GOD FICO MALUCO SE FOR FULL SET TEM PROMOÇÃO TA MT BARATO )
[25/11/2011 20:23:16] /b GOGO GALERA COMPRAR ITENS  DONATIONS E AREAS VIP GOLD MT BOAS GOGO SER O TOP ,QUEM COMPRA FICA FELIZ PQ É MT BOM AS HUNTS E OS ITENS ,NAO FICA FORA DESSA PROMOÇÃO  (ATENÇAO O GOD FICO MALUCO SE FOR FULL SET TEM PROMOÇÃO TA MT BARATO )
[25/11/2011 20:24:16] /b GOGO GALERA COMPRAR ITENS  DONATIONS E AREAS VIP GOLD MT BOAS GOGO SER O TOP ,QUEM COMPRA FICA FELIZ PQ É MT BOM AS HUNTS E OS ITENS ,NAO FICA FORA DESSA PROMOÇÃO  (ATENÇAO O GOD FICO MALUCO SE FOR FULL SET TEM PROMOÇÃO TA MT BARATO )
[25/11/2011 20:25:17] /b GOGO GALERA COMPRAR ITENS  DONATIONS E AREAS VIP GOLD MT BOAS GOGO SER O TOP ,QUEM COMPRA FICA FELIZ PQ É MT BOM AS HUNTS E OS ITENS ,NAO FICA FORA DESSA PROMOÇÃO  (ATENÇAO O GOD FICO MALUCO SE FOR FULL SET TEM PROMOÇÃO TA MT BARATO )
[25/11/2011 20:26:18] /b GOGO GALERA COMPRAR ITENS  DONATIONS E AREAS VIP GOLD MT BOAS GOGO SER O TOP ,QUEM COMPRA FICA FELIZ PQ É MT BOM AS HUNTS E OS ITENS ,NAO FICA FORA DESSA PROMOÇÃO  (ATENÇAO O GOD FICO MALUCO SE FOR FULL SET TEM PROMOÇÃO TA MT BARATO )
[25/11/2011 20:28:31] /b GOGO GALERA COMPRAR ITENS  DONATIONS E AREAS VIP GOLD MT BOAS GOGO SER O TOP ,QUEM COMPRA FICA FELIZ PQ É MT BOM AS HUNTS E OS ITENS ,NAO FICA FORA DESSA PROMOÇÃO  (ATENÇAO O GOD FICO MALUCO SE FOR FULL SET TEM PROMOÇÃO TA MT BARATO )
[25/11/2011 20:29:23] /b GOGO GALERA COMPRAR ITENS  DONATIONS E AREAS VIP GOLD MT BOAS GOGO SER O TOP ,QUEM COMPRA FICA FELIZ PQ É MT BOM AS HUNTS E OS ITENS ,NAO FICA FORA DESSA PROMOÇÃO  (ATENÇAO O GOD FICO MALUCO SE FOR FULL SET TEM PROMOÇÃO TA MT BARATO )
[25/11/2011 20:36:25] /b GOGO GALERA COMPRAR ITENS  DONATIONS E AREAS VIP GOLD MT BOAS GOGO SER O TOP ,QUEM COMPRA FICA FELIZ PQ É MT BOM AS HUNTS E OS ITENS ,NAO FICA FORA DESSA PROMOÇÃO  (ATENÇAO O GOD FICO MALUCO SE FOR FULL SET TEM PROMOÇÃO TA MT BARATO )
[25/11/2011 20:37:25] /b GOGO GALERA COMPRAR ITENS  DONATIONS E AREAS VIP GOLD MT BOAS GOGO SER O TOP ,QUEM COMPRA FICA FELIZ PQ É MT BOM AS HUNTS E OS ITENS ,NAO FICA FORA DESSA PROMOÇÃO  (ATENÇAO O GOD FICO MALUCO SE FOR FULL SET TEM PROMOÇÃO TA MT BARATO )
[25/11/2011 20:38:25] /b GOGO GALERA COMPRAR ITENS  DONATIONS E AREAS VIP GOLD MT BOAS GOGO SER O TOP ,QUEM COMPRA FICA FELIZ PQ É MT BOM AS HUNTS E OS ITENS ,NAO FICA FORA DESSA PROMOÇÃO  (ATENÇAO O GOD FICO MALUCO SE FOR FULL SET TEM PROMOÇÃO TA MT BARATO )
[25/11/2011 20:39:26] /b GOGO GALERA COMPRAR ITENS  DONATIONS E AREAS VIP GOLD MT BOAS GOGO SER O TOP ,QUEM COMPRA FICA FELIZ PQ É MT BOM AS HUNTS E OS ITENS ,NAO FICA FORA DESSA PROMOÇÃO  (ATENÇAO O GOD FICO MALUCO SE FOR FULL SET TEM PROMOÇÃO TA MT BARATO )
[25/11/2011 20:40:26] /b GOGO GALERA COMPRAR ITENS  DONATIONS E AREAS VIP GOLD MT BOAS GOGO SER O TOP ,QUEM COMPRA FICA FELIZ PQ É MT BOM AS HUNTS E OS ITENS ,NAO FICA FORA DESSA PROMOÇÃO  (ATENÇAO O GOD FICO MALUCO SE FOR FULL SET TEM PROMOÇÃO TA MT BARATO )
[25/11/2011 20:41:28] /b GOGO GALERA COMPRAR ITENS  DONATIONS E AREAS VIP GOLD MT BOAS GOGO SER O TOP ,QUEM COMPRA FICA FELIZ PQ É MT BOM AS HUNTS E OS ITENS ,NAO FICA FORA DESSA PROMOÇÃO  (ATENÇAO O GOD FICO MALUCO SE FOR FULL SET TEM PROMOÇÃO TA MT BARATO )
[25/11/2011 20:42:28] /b GOGO GALERA COMPRAR ITENS  DONATIONS E AREAS VIP GOLD MT BOAS GOGO SER O TOP ,QUEM COMPRA FICA FELIZ PQ É MT BOM AS HUNTS E OS ITENS ,NAO FICA FORA DESSA PROMOÇÃO  (ATENÇAO O GOD FICO MALUCO SE FOR FULL SET TEM PROMOÇÃO TA MT BARATO )
[25/11/2011 20:48:40] /b GOGO GALERA COMPRAR ITENS  DONATIONS E AREAS VIP GOLD MT BOAS GOGO SER O TOP ,QUEM COMPRA FICA FELIZ PQ É MT BOM AS HUNTS E OS ITENS ,NAO FICA FORA DESSA PROMOÇÃO  (ATENÇAO O GOD FICO MALUCO SE FOR FULL SET TEM PROMOÇÃO TA MT BARATO )
[25/11/2011 20:49:41] /b GOGO GALERA COMPRAR ITENS  DONATIONS E AREAS VIP GOLD MT BOAS GOGO SER O TOP ,QUEM COMPRA FICA FELIZ PQ É MT BOM AS HUNTS E OS ITENS ,NAO FICA FORA DESSA PROMOÇÃO  (ATENÇAO O GOD FICO MALUCO SE FOR FULL SET TEM PROMOÇÃO TA MT BARATO )
[25/11/2011 20:50:41] /b GOGO GALERA COMPRAR ITENS  DONATIONS E AREAS VIP GOLD MT BOAS GOGO SER O TOP ,QUEM COMPRA FICA FELIZ PQ É MT BOM AS HUNTS E OS ITENS ,NAO FICA FORA DESSA PROMOÇÃO  (ATENÇAO O GOD FICO MALUCO SE FOR FULL SET TEM PROMOÇÃO TA MT BARATO )
[25/11/2011 21:00:12] /b gogo galera vamos comprar itens donations e area vip gold ,otimas hunts e gogo ser o top ,Nao perca essa promoção o god fico maluco tudo na promoçao 
[25/11/2011 21:01:52] /b gogo galera vamos comprar itens donations e area vip gold ,otimas hunts e gogo ser o top ,Nao perca essa promoção o god fico maluco tudo na promoçao 
[25/11/2011 21:02:49] /b GOGO GALERA VAMOS COMPRAR ITENS DONATIONS E AREA VIP GOLD ,OTIMAS HUNTS E GOGO SER O TOP ,NAO PERCA ESSA PROMOÇÃO O GOD FICO MALUCO TUDO NA PROMOÇAO 
[25/11/2011 21:03:49] /b GOGO GALERA VAMOS COMPRAR ITENS DONATIONS E AREA VIP GOLD ,OTIMAS HUNTS E GOGO SER O TOP ,NAO PERCA ESSA PROMOÇÃO O GOD FICO MALUCO TUDO NA PROMOÇAO 
[25/11/2011 21:04:50] /b GOGO GALERA VAMOS COMPRAR ITENS DONATIONS E AREA VIP GOLD ,OTIMAS HUNTS E GOGO SER O TOP ,NAO PERCA ESSA PROMOÇÃO O GOD FICO MALUCO TUDO NA PROMOÇAO 
[25/11/2011 21:05:54] /b GOGO GALERA VAMOS COMPRAR ITENS DONATIONS E AREA VIP GOLD ,OTIMAS HUNTS E GOGO SER O TOP ,NAO PERCA ESSA PROMOÇÃO O GOD FICO MALUCO TUDO NA PROMOÇAO 
[25/11/2011 21:15:05] /b GOGO GALERA COMPRAR ITENS DONATIONS E AREA VIP GOLDS # VARIAS HUNTS BOAS E OS ITENS SAO OS MELHORES# GOGO SER O TOP # (NAO PERCA TA NA PROMOÇÃO  (((ISSSO TUDO VAI PRA MELHORAR O SERVER GOGO )
[25/11/2011 21:15:13] /b GOGO GALERA COMPRAR ITENS DONATIONS E AREA VIP GOLDS # VARIAS HUNTS BOAS E OS ITENS SAO OS MELHORES# GOGO SER O TOP # (NAO PERCA TA NA PROMOÇÃO  (((ISSSO TUDO VAI PRA MELHORAR O SERVER GOGO )
[25/11/2011 21:16:13] /b GOGO GALERA COMPRAR ITENS DONATIONS E AREA VIP GOLDS # VARIAS HUNTS BOAS E OS ITENS SAO OS MELHORES# GOGO SER O TOP # (NAO PERCA TA NA PROMOÇÃO  (((ISSSO TUDO VAI PRA MELHORAR O SERVER GOGO )
[25/11/2011 21:17:14] /b GOGO GALERA COMPRAR ITENS DONATIONS E AREA VIP GOLDS # VARIAS HUNTS BOAS E OS ITENS SAO OS MELHORES# GOGO SER O TOP # (NAO PERCA TA NA PROMOÇÃO  (((ISSSO TUDO VAI PRA MELHORAR O SERVER GOGO )
[25/11/2011 21:18:15] /b GOGO GALERA COMPRAR ITENS DONATIONS E AREA VIP GOLDS # VARIAS HUNTS BOAS E OS ITENS SAO OS MELHORES# GOGO SER O TOP # (NAO PERCA TA NA PROMOÇÃO  (((ISSSO TUDO VAI PRA MELHORAR O SERVER GOGO )
[25/11/2011 21:19:16] /b GOGO GALERA COMPRAR ITENS DONATIONS E AREA VIP GOLDS # VARIAS HUNTS BOAS E OS ITENS SAO OS MELHORES# GOGO SER O TOP # (NAO PERCA TA NA PROMOÇÃO  (((ISSSO TUDO VAI PRA MELHORAR O SERVER GOGO )
[25/11/2011 21:20:17] /b GOGO GALERA COMPRAR ITENS DONATIONS E AREA VIP GOLDS # VARIAS HUNTS BOAS E OS ITENS SAO OS MELHORES# GOGO SER O TOP # (NAO PERCA TA NA PROMOÇÃO  (((ISSSO TUDO VAI PRA MELHORAR O SERVER GOGO )
[25/11/2011 21:21:17] /b GOGO GALERA COMPRAR ITENS DONATIONS E AREA VIP GOLDS # VARIAS HUNTS BOAS E OS ITENS SAO OS MELHORES# GOGO SER O TOP # (NAO PERCA TA NA PROMOÇÃO  (((ISSSO TUDO VAI PRA MELHORAR O SERVER GOGO )
[25/11/2011 21:22:19] /b GOGO GALERA COMPRAR ITENS DONATIONS E AREA VIP GOLDS # VARIAS HUNTS BOAS E OS ITENS SAO OS MELHORES# GOGO SER O TOP # (NAO PERCA TA NA PROMOÇÃO  (((ISSSO TUDO VAI PRA MELHORAR O SERVER GOGO )
[25/11/2011 21:23:10] /b GOGO GALERA COMPRAR ITENS DONATIONS E AREA VIP GOLDS # VARIAS HUNTS BOAS E OS ITENS SAO OS MELHORES# GOGO SER O TOP # (NAO PERCA TA NA PROMOÇÃO  (((ISSSO TUDO VAI PRA MELHORAR O SERVER GOGO )
[25/11/2011 21:24:00] /b GOGO GALERA COMPRAR ITENS DONATIONS E AREA VIP GOLDS # VARIAS HUNTS BOAS E OS ITENS SAO OS MELHORES# GOGO SER O TOP # (NAO PERCA TA NA PROMOÇÃO  (((ISSSO TUDO VAI PRA MELHORAR O SERVER GOGO )
[25/11/2011 21:24:51] /b GOGO GALERA COMPRAR ITENS DONATIONS E AREA VIP GOLDS # VARIAS HUNTS BOAS E OS ITENS SAO OS MELHORES# GOGO SER O TOP # (NAO PERCA TA NA PROMOÇÃO  (((ISSSO TUDO VAI PRA MELHORAR O SERVER GOGO )
[25/11/2011 21:25:41] /b GOGO GALERA COMPRAR ITENS DONATIONS E AREA VIP GOLDS # VARIAS HUNTS BOAS E OS ITENS SAO OS MELHORES# GOGO SER O TOP # (NAO PERCA TA NA PROMOÇÃO  (((ISSSO TUDO VAI PRA MELHORAR O SERVER GOGO )
[25/11/2011 21:26:31] /b GOGO GALERA COMPRAR ITENS DONATIONS E AREA VIP GOLDS # VARIAS HUNTS BOAS E OS ITENS SAO OS MELHORES# GOGO SER O TOP # (NAO PERCA TA NA PROMOÇÃO  (((ISSSO TUDO VAI PRA MELHORAR O SERVER GOGO )
[25/11/2011 21:27:22] /b GOGO GALERA COMPRAR ITENS DONATIONS E AREA VIP GOLDS # VARIAS HUNTS BOAS E OS ITENS SAO OS MELHORES# GOGO SER O TOP # (NAO PERCA TA NA PROMOÇÃO  (((ISSSO TUDO VAI PRA MELHORAR O SERVER GOGO )
[25/11/2011 21:28:14] /b GOGO GALERA COMPRAR ITENS DONATIONS E AREA VIP GOLDS # VARIAS HUNTS BOAS E OS ITENS SAO OS MELHORES# GOGO SER O TOP # (NAO PERCA TA NA PROMOÇÃO  (((ISSSO TUDO VAI PRA MELHORAR O SERVER GOGO )
[25/11/2011 21:29:04] /b GOGO GALERA COMPRAR ITENS DONATIONS E AREA VIP GOLDS # VARIAS HUNTS BOAS E OS ITENS SAO OS MELHORES# GOGO SER O TOP # (NAO PERCA TA NA PROMOÇÃO  (((ISSSO TUDO VAI PRA MELHORAR O SERVER GOGO )
[25/11/2011 21:29:54] /b GOGO GALERA COMPRAR ITENS DONATIONS E AREA VIP GOLDS # VARIAS HUNTS BOAS E OS ITENS SAO OS MELHORES# GOGO SER O TOP # (NAO PERCA TA NA PROMOÇÃO  (((ISSSO TUDO VAI PRA MELHORAR O SERVER GOGO )
[25/11/2011 21:30:45] /b GOGO GALERA COMPRAR ITENS DONATIONS E AREA VIP GOLDS # VARIAS HUNTS BOAS E OS ITENS SAO OS MELHORES# GOGO SER O TOP # (NAO PERCA TA NA PROMOÇÃO  (((ISSSO TUDO VAI PRA MELHORAR O SERVER GOGO )
[25/11/2011 21:31:36] /b GOGO GALERA COMPRAR ITENS DONATIONS E AREA VIP GOLDS # VARIAS HUNTS BOAS E OS ITENS SAO OS MELHORES# GOGO SER O TOP # (NAO PERCA TA NA PROMOÇÃO  (((ISSSO TUDO VAI PRA MELHORAR O SERVER GOGO )
[25/11/2011 21:32:26] /b GOGO GALERA COMPRAR ITENS DONATIONS E AREA VIP GOLDS # VARIAS HUNTS BOAS E OS ITENS SAO OS MELHORES# GOGO SER O TOP # (NAO PERCA TA NA PROMOÇÃO  (((ISSSO TUDO VAI PRA MELHORAR O SERVER GOGO )
[25/11/2011 21:33:17] /b GOGO GALERA COMPRAR ITENS DONATIONS E AREA VIP GOLDS # VARIAS HUNTS BOAS E OS ITENS SAO OS MELHORES# GOGO SER O TOP # (NAO PERCA TA NA PROMOÇÃO  (((ISSSO TUDO VAI PRA MELHORAR O SERVER GOGO )
[25/11/2011 21:34:06] /b GOGO GALERA COMPRAR ITENS DONATIONS E AREA VIP GOLDS # VARIAS HUNTS BOAS E OS ITENS SAO OS MELHORES# GOGO SER O TOP # (NAO PERCA TA NA PROMOÇÃO  (((ISSSO TUDO VAI PRA MELHORAR O SERVER GOGO )
[25/11/2011 21:34:57] /b GOGO GALERA COMPRAR ITENS DONATIONS E AREA VIP GOLDS # VARIAS HUNTS BOAS E OS ITENS SAO OS MELHORES# GOGO SER O TOP # (NAO PERCA TA NA PROMOÇÃO  (((ISSSO TUDO VAI PRA MELHORAR O SERVER GOGO )
[25/11/2011 21:35:47] /b GOGO GALERA COMPRAR ITENS DONATIONS E AREA VIP GOLDS # VARIAS HUNTS BOAS E OS ITENS SAO OS MELHORES# GOGO SER O TOP # (NAO PERCA TA NA PROMOÇÃO  (((ISSSO TUDO VAI PRA MELHORAR O SERVER GOGO )
[25/11/2011 21:36:39] /b GOGO GALERA COMPRAR ITENS DONATIONS E AREA VIP GOLDS # VARIAS HUNTS BOAS E OS ITENS SAO OS MELHORES# GOGO SER O TOP # (NAO PERCA TA NA PROMOÇÃO  (((ISSSO TUDO VAI PRA MELHORAR O SERVER GOGO )
[25/11/2011 21:37:30] /b GOGO GALERA COMPRAR ITENS DONATIONS E AREA VIP GOLDS # VARIAS HUNTS BOAS E OS ITENS SAO OS MELHORES# GOGO SER O TOP # (NAO PERCA TA NA PROMOÇÃO  (((ISSSO TUDO VAI PRA MELHORAR O SERVER GOGO )
[25/11/2011 21:38:20] /b GOGO GALERA COMPRAR ITENS DONATIONS E AREA VIP GOLDS # VARIAS HUNTS BOAS E OS ITENS SAO OS MELHORES# GOGO SER O TOP # (NAO PERCA TA NA PROMOÇÃO  (((ISSSO TUDO VAI PRA MELHORAR O SERVER GOGO )
[25/11/2011 21:39:10] /b GOGO GALERA COMPRAR ITENS DONATIONS E AREA VIP GOLDS # VARIAS HUNTS BOAS E OS ITENS SAO OS MELHORES# GOGO SER O TOP # (NAO PERCA TA NA PROMOÇÃO  (((ISSSO TUDO VAI PRA MELHORAR O SERVER GOGO )
[25/11/2011 21:40:01] /b GOGO GALERA COMPRAR ITENS DONATIONS E AREA VIP GOLDS # VARIAS HUNTS BOAS E OS ITENS SAO OS MELHORES# GOGO SER O TOP # (NAO PERCA TA NA PROMOÇÃO  (((ISSSO TUDO VAI PRA MELHORAR O SERVER GOGO )
[25/11/2011 21:40:52] /b GOGO GALERA COMPRAR ITENS DONATIONS E AREA VIP GOLDS # VARIAS HUNTS BOAS E OS ITENS SAO OS MELHORES# GOGO SER O TOP # (NAO PERCA TA NA PROMOÇÃO  (((ISSSO TUDO VAI PRA MELHORAR O SERVER GOGO )
[25/11/2011 21:41:42] /b GOGO GALERA COMPRAR ITENS DONATIONS E AREA VIP GOLDS # VARIAS HUNTS BOAS E OS ITENS SAO OS MELHORES# GOGO SER O TOP # (NAO PERCA TA NA PROMOÇÃO  (((ISSSO TUDO VAI PRA MELHORAR O SERVER GOGO )
[25/11/2011 21:42:33] /b GOGO GALERA COMPRAR ITENS DONATIONS E AREA VIP GOLDS # VARIAS HUNTS BOAS E OS ITENS SAO OS MELHORES# GOGO SER O TOP # (NAO PERCA TA NA PROMOÇÃO  (((ISSSO TUDO VAI PRA MELHORAR O SERVER GOGO )
[25/11/2011 21:43:24] /b GOGO GALERA COMPRAR ITENS DONATIONS E AREA VIP GOLDS # VARIAS HUNTS BOAS E OS ITENS SAO OS MELHORES# GOGO SER O TOP # (NAO PERCA TA NA PROMOÇÃO  (((ISSSO TUDO VAI PRA MELHORAR O SERVER GOGO )
[25/11/2011 21:44:15] /b GOGO GALERA COMPRAR ITENS DONATIONS E AREA VIP GOLDS # VARIAS HUNTS BOAS E OS ITENS SAO OS MELHORES# GOGO SER O TOP # (NAO PERCA TA NA PROMOÇÃO  (((ISSSO TUDO VAI PRA MELHORAR O SERVER GOGO )
[25/11/2011 21:45:05] /b GOGO GALERA COMPRAR ITENS DONATIONS E AREA VIP GOLDS # VARIAS HUNTS BOAS E OS ITENS SAO OS MELHORES# GOGO SER O TOP # (NAO PERCA TA NA PROMOÇÃO  (((ISSSO TUDO VAI PRA MELHORAR O SERVER GOGO )
[25/11/2011 21:45:55] /b GOGO GALERA COMPRAR ITENS DONATIONS E AREA VIP GOLDS # VARIAS HUNTS BOAS E OS ITENS SAO OS MELHORES# GOGO SER O TOP # (NAO PERCA TA NA PROMOÇÃO  (((ISSSO TUDO VAI PRA MELHORAR O SERVER GOGO )
[25/11/2011 21:46:46] /b GOGO GALERA COMPRAR ITENS DONATIONS E AREA VIP GOLDS # VARIAS HUNTS BOAS E OS ITENS SAO OS MELHORES# GOGO SER O TOP # (NAO PERCA TA NA PROMOÇÃO  (((ISSSO TUDO VAI PRA MELHORAR O SERVER GOGO )
[25/11/2011 21:47:36] /b GOGO GALERA COMPRAR ITENS DONATIONS E AREA VIP GOLDS # VARIAS HUNTS BOAS E OS ITENS SAO OS MELHORES# GOGO SER O TOP # (NAO PERCA TA NA PROMOÇÃO  (((ISSSO TUDO VAI PRA MELHORAR O SERVER GOGO )
[25/11/2011 21:48:28] /b GOGO GALERA COMPRAR ITENS DONATIONS E AREA VIP GOLDS # VARIAS HUNTS BOAS E OS ITENS SAO OS MELHORES# GOGO SER O TOP # (NAO PERCA TA NA PROMOÇÃO  (((ISSSO TUDO VAI PRA MELHORAR O SERVER GOGO )
[25/11/2011 21:49:18] /b GOGO GALERA COMPRAR ITENS DONATIONS E AREA VIP GOLDS # VARIAS HUNTS BOAS E OS ITENS SAO OS MELHORES# GOGO SER O TOP # (NAO PERCA TA NA PROMOÇÃO  (((ISSSO TUDO VAI PRA MELHORAR O SERVER GOGO )
[25/11/2011 21:50:08] /b GOGO GALERA COMPRAR ITENS DONATIONS E AREA VIP GOLDS # VARIAS HUNTS BOAS E OS ITENS SAO OS MELHORES# GOGO SER O TOP # (NAO PERCA TA NA PROMOÇÃO  (((ISSSO TUDO VAI PRA MELHORAR O SERVER GOGO )
[25/11/2011 21:50:59] /b GOGO GALERA COMPRAR ITENS DONATIONS E AREA VIP GOLDS # VARIAS HUNTS BOAS E OS ITENS SAO OS MELHORES# GOGO SER O TOP # (NAO PERCA TA NA PROMOÇÃO  (((ISSSO TUDO VAI PRA MELHORAR O SERVER GOGO )
[25/11/2011 21:51:50] /b GOGO GALERA COMPRAR ITENS DONATIONS E AREA VIP GOLDS # VARIAS HUNTS BOAS E OS ITENS SAO OS MELHORES# GOGO SER O TOP # (NAO PERCA TA NA PROMOÇÃO  (((ISSSO TUDO VAI PRA MELHORAR O SERVER GOGO )
[25/11/2011 21:52:41] /b GOGO GALERA COMPRAR ITENS DONATIONS E AREA VIP GOLDS # VARIAS HUNTS BOAS E OS ITENS SAO OS MELHORES# GOGO SER O TOP # (NAO PERCA TA NA PROMOÇÃO  (((ISSSO TUDO VAI PRA MELHORAR O SERVER GOGO )
[25/11/2011 21:56:52] /b GOGO GALERA COMPRAR ITENS DONATIONS E AREA VIP GOLDS # VARIAS HUNTS BOAS E OS ITENS SAO OS MELHORES# GOGO SER O TOP # (NAO PERCA TA NA PROMOÇÃO  (((ISSSO TUDO VAI PRA MELHORAR O SERVER GOGO )
[25/11/2011 21:56:55] /b GOGO GALERA COMPRAR ITENS DONATIONS E AREA VIP GOLDS # VARIAS HUNTS BOAS E OS ITENS SAO OS MELHORES# GOGO SER O TOP # (NAO PERCA TA NA PROMOÇÃO  (((ISSSO TUDO VAI PRA MELHORAR O SERVER GOGO )
[25/11/2011 21:57:08] /b GOGO GALERA COMPRAR ITENS DONATIONS E AREA VIP GOLDS # VARIAS HUNTS BOAS E OS ITENS SAO OS MELHORES# GOGO SER O TOP # (NAO PERCA TA NA PROMOÇÃO  (((ISSSO TUDO VAI PRA MELHORAR O SERVER GOGO )
[25/11/2011 21:57:59] /b GOGO GALERA COMPRAR ITENS DONATIONS E AREA VIP GOLDS # VARIAS HUNTS BOAS E OS ITENS SAO OS MELHORES# GOGO SER O TOP # (NAO PERCA TA NA PROMOÇÃO  (((ISSSO TUDO VAI PRA MELHORAR O SERVER GOGO )
[25/11/2011 21:58:49] /b GOGO GALERA COMPRAR ITENS DONATIONS E AREA VIP GOLDS # VARIAS HUNTS BOAS E OS ITENS SAO OS MELHORES# GOGO SER O TOP # (NAO PERCA TA NA PROMOÇÃO  (((ISSSO TUDO VAI PRA MELHORAR O SERVER GOGO )
[25/11/2011 21:59:40] /b GOGO GALERA COMPRAR ITENS DONATIONS E AREA VIP GOLDS # VARIAS HUNTS BOAS E OS ITENS SAO OS MELHORES# GOGO SER O TOP # (NAO PERCA TA NA PROMOÇÃO  (((ISSSO TUDO VAI PRA MELHORAR O SERVER GOGO )
[25/11/2011 22:00:31] /b GOGO GALERA COMPRAR ITENS DONATIONS E AREA VIP GOLDS # VARIAS HUNTS BOAS E OS ITENS SAO OS MELHORES# GOGO SER O TOP # (NAO PERCA TA NA PROMOÇÃO  (((ISSSO TUDO VAI PRA MELHORAR O SERVER GOGO )
[25/11/2011 22:08:41] /b GOGO GALERA COMPRAR ITENS DONATIONS E AREA VIP GOLDS # VARIAS HUNTS BOAS E OS ITENS SAO OS MELHORES# GOGO SER O TOP # (NAO PERCA TA NA PROMOÇÃO  (((ISSSO TUDO VAI PRA MELHORAR O SERVER GOGO )
[25/11/2011 22:08:52] /b GOGO GALERA COMPRAR ITENS DONATIONS E AREA VIP GOLDS # VARIAS HUNTS BOAS E OS ITENS SAO OS MELHORES# GOGO SER O TOP # (NAO PERCA TA NA PROMOÇÃO  (((ISSSO TUDO VAI PRA MELHORAR O SERVER GOGO )
[25/11/2011 22:09:43] /b GOGO GALERA COMPRAR ITENS DONATIONS E AREA VIP GOLDS # VARIAS HUNTS BOAS E OS ITENS SAO OS MELHORES# GOGO SER O TOP # (NAO PERCA TA NA PROMOÇÃO  (((ISSSO TUDO VAI PRA MELHORAR O SERVER GOGO )
[25/11/2011 22:10:33] /b GOGO GALERA COMPRAR ITENS DONATIONS E AREA VIP GOLDS # VARIAS HUNTS BOAS E OS ITENS SAO OS MELHORES# GOGO SER O TOP # (NAO PERCA TA NA PROMOÇÃO  (((ISSSO TUDO VAI PRA MELHORAR O SERVER GOGO )
[25/11/2011 22:11:23] /b GOGO GALERA COMPRAR ITENS DONATIONS E AREA VIP GOLDS # VARIAS HUNTS BOAS E OS ITENS SAO OS MELHORES# GOGO SER O TOP # (NAO PERCA TA NA PROMOÇÃO  (((ISSSO TUDO VAI PRA MELHORAR O SERVER GOGO )
[25/11/2011 22:12:15] /b GOGO GALERA COMPRAR ITENS DONATIONS E AREA VIP GOLDS # VARIAS HUNTS BOAS E OS ITENS SAO OS MELHORES# GOGO SER O TOP # (NAO PERCA TA NA PROMOÇÃO  (((ISSSO TUDO VAI PRA MELHORAR O SERVER GOGO )
[25/11/2011 22:13:05] /b GOGO GALERA COMPRAR ITENS DONATIONS E AREA VIP GOLDS # VARIAS HUNTS BOAS E OS ITENS SAO OS MELHORES# GOGO SER O TOP # (NAO PERCA TA NA PROMOÇÃO  (((ISSSO TUDO VAI PRA MELHORAR O SERVER GOGO )
[25/11/2011 22:13:55] /b GOGO GALERA COMPRAR ITENS DONATIONS E AREA VIP GOLDS # VARIAS HUNTS BOAS E OS ITENS SAO OS MELHORES# GOGO SER O TOP # (NAO PERCA TA NA PROMOÇÃO  (((ISSSO TUDO VAI PRA MELHORAR O SERVER GOGO )
