[24/03/2012 16:31:17] /b Dúvidas no HELP
[24/03/2012 16:32:14] /b '-' credo
[24/03/2012 16:33:21] /ban .
[24/03/2012 17:19:53] /b To saindo galera até mais :*
[25/03/2012 14:12:38] /b Dúvida HELP.
[25/03/2012 14:12:57] /b Dúvidas somente no HELP.
[25/03/2012 14:14:33] /b As dúvidas seram respondidas apenas no HELP , não aceito PVT (:
[25/03/2012 14:18:03] /b Team QUEST VIP 2 ( Falar com o Slox )
[25/03/2012 14:18:04] /b Team QUEST VIP 2 ( Falar com o Slox )
[25/03/2012 14:18:06] /b Team QUEST VIP 2 ( Falar com o Slox )
[25/03/2012 14:18:38] /ban Draggasz
[25/03/2012 14:20:15] /b Quest MASTER VIP ( Falar com o Sexy Pistols)
[25/03/2012 14:20:17] /b Quest MASTER VIP ( Falar com o Sexy Pistols)
[25/03/2012 14:20:19] /b Quest MASTER VIP ( Falar com o Sexy Pistols)
[25/03/2012 14:21:19] /b Team QUEST VIP 2 está formada lá na porta , quem quiser ir vai rápido..
[25/03/2012 17:00:51] /b Dúvidas no HELP (:
[25/03/2012 17:13:05] /b 17:11 Soniic [405]: GOD O ARVORE TA ESCULHAMBANDO OT TIRA TUTOR DESSE FDP < Desacato a STAFF ... ele morreu na war e tá achando ruim (: Alguma dúvida do BAN ?
[25/03/2012 17:15:48] /b Desacato a Tutor ou pessoas que fazem parte da Staff se resultara em BAN.
[25/03/2012 17:22:07] /notations Legalize Canabis
[25/03/2012 17:24:44] /clean
[25/03/2012 22:35:42] /clean
[25/03/2012 22:38:10] /b TEAM QUEST VIP 2 ?
[25/03/2012 23:00:55] /b Tô indo quest VIP 2 quem quiser vem.
[25/03/2012 23:35:38] /b  Vo durmir galera , falou , boa noite.
[26/03/2012 08:45:40] /b Dúvidas no HELP.
[26/03/2012 08:45:48] /clean
[26/03/2012 09:01:44] /b Dúvidas no HELP.
[26/03/2012 09:02:53] /b Daqui a mais ou menos 5 a 10 minutos , TEAM QUEST VIP 2 (: , quem quiser ir esteja preparado.
[26/03/2012 09:12:21] /b Quem quiser ir quest VIP em 3 minutos aqui na porta.
[26/03/2012 09:13:45] /b Em 2 minutos TEAM  QUEST VIP 2
[26/03/2012 09:16:04] /b Team QUEST VIP 2 , saindo agora (:
[26/03/2012 10:13:46] /b Galera tou saindo , até mais , um bom dia e um bom jogo.
[26/03/2012 13:43:54] /b Dúvidas HELP.
[26/03/2012 13:45:39] /clean
[26/03/2012 13:53:51] /b Afk-
[26/03/2012 14:04:54] /b Team quest vip as 14:35 (:
[26/03/2012 14:07:23] /b Team Quest VIP 2 AGORA ... Quem uiser vim vem na porta.
[26/03/2012 14:07:52] /b Vou esperar 3 minutos quem quiser vim , vem (:
[26/03/2012 14:08:41] /b VIP 2 , se encontra um TP no temple do lado da VIP 1, com onome VIP 2...2 minutos eu vou esperar.
[26/03/2012 14:09:29] /b Team VIP 2 saindo em 1 minuto.
[26/03/2012 14:11:04] /b Daqui 1 minuto a TEAM VIP 2 , está saindo
[26/03/2012 14:11:52] /b Team VIP 2 saindo agora (:
[26/03/2012 14:27:28] /b espera ai 2 infer gente.
[26/03/2012 14:28:40] /b seis fica ligado ai
[26/03/2012 14:35:52] /b Play Kina falo que quem quiser ir VIP 2 vai temple..
[26/03/2012 14:36:52] /b Galera so pra reforça uma coisa ,as pessoas que matam vocês na quest eu não tenho nada haver ... intão não me manda PM falando que eu sou culpado ^^
[26/03/2012 14:38:32] /b em 10 minutos a TEAM MASTER VIP vai sair (: quem quiser ir já se prepare.
[26/03/2012 14:39:44] /b Team MASTER VIP saindo em 5 minutos.
[26/03/2012 14:40:39] /b Team MASTER VIP saindo em 2 minutos.
[26/03/2012 14:42:31] /clean
[26/03/2012 14:42:54] /b TEAM MASTER VIP saindo daqui em3 minutos.
[26/03/2012 14:43:50] /b TEAM MASTER VIP SAINDO EM 2 MINUTOS.
[26/03/2012 14:44:48] /b TO NO TP DA MASTER VIP ESPERANDO QUEM QUER VIM EM 1 MINUTO EU TO SAINDO.
[26/03/2012 14:45:55] /b team master vip 2 saindo agora (:
[26/03/2012 15:38:01] /b Dúvidas no HELP.
[26/03/2012 15:38:54] /b Dúvidas só são respondidas no HELP , não respondo PM (:
[26/03/2012 15:41:02] /b AFK -
[26/03/2012 16:42:19] /clean
[26/03/2012 16:45:45] /ban Gogogo
[26/03/2012 17:17:22] /clean
[26/03/2012 17:29:23] /b Yende Dyplomatty tá organiazando um TEAM MASTER VIP, quem quise manda PM pra ela.
[26/03/2012 17:51:41] /b AGalera tô de saida , falou ai , bom jogo.
[26/03/2012 20:47:24] /b Boa Noite Galera , Dúvidas no HELP.
[26/03/2012 20:47:59] /b Team para QUEST VIP 2.
[26/03/2012 20:48:38] /b Team Quest VIP  2 , saindo agora todos aqui na VIP 2.
[26/03/2012 20:49:46] /b Daqui 1 minuto a Team tá saindo.
[26/03/2012 20:51:19] /b Team saindo agora (:
[26/03/2012 21:15:09] /b TEAM MASTER VIP SAINDO EM 2 MINUTOS.
[26/03/2012 21:16:29] /b Para passar na porta da Master VIP, precisa ser promotion , compra lá na VIP1.
[26/03/2012 21:17:22] /b Team MASTER VIp.
[26/03/2012 21:18:06] /b Master VIP a quest da Master VIP...
[26/03/2012 21:25:33] /b Galera vou sair aqui o pc deu problema.
[26/03/2012 21:26:35] /clean
[26/03/2012 21:42:43] /b  -.- travo denovo.
[26/03/2012 21:43:05] /b Flw aigalera.
[27/03/2012 07:59:26] /ban Huurley
[27/03/2012 08:33:21] /b Dúvidas HELP.
[27/03/2012 08:46:15] /b Dúvidas no HELP.
[27/03/2012 08:48:50] /clean
[27/03/2012 09:01:52] /b Dúvidas no HELP.
[27/03/2012 09:45:55] /clean
[27/03/2012 10:13:15] /b Galera vou sair até mais ,;]
[27/03/2012 10:13:41] /b Quando eu sair vo faze VIP 2 , Master VIP e Master Weapoints. la pelas 13:30. se preparem;
[27/03/2012 13:58:27] /b TEAM para quest VIP 2.
[27/03/2012 13:59:01] /b Team que quiser ir VIP 2 la na porta em 2 minutos.
[27/03/2012 13:59:55] /b galera meu skype e matheusdance1 . depois logo lá.
[27/03/2012 14:00:26] /b VIP 2 , QUEST VIP 2 , team já ta saindo.
[27/03/2012 14:01:33] /b Galera o número de Multi Client permitido e 2.
[27/03/2012 14:01:54] /b  Skype : Matheusdance1
[27/03/2012 14:03:30] /b 50 Frags e RED.
[27/03/2012 14:26:58] /b TEAM MASTER VIP
[27/03/2012 14:27:25] /b Team Master VIP quest. precisa da VIP 2 e promotionque compra na VIP 2.
[27/03/2012 14:29:35] /b TEAM MASTER VIP O TP E NA VIP 2 DO LADO DOS DEPOT >> :}
[27/03/2012 14:30:08] /b Promotion compra VIP 1 . lá em cima ^^
[27/03/2012 14:30:40] /b Promotion compra VIP 1 lá em cima ^ perto da Riona.
[27/03/2012 14:36:30] /b pere galera afk
[27/03/2012 15:03:03] /b AFK-
[27/03/2012 15:07:49] /b Daki 10  minutos vo VIP2. quem quise vem
[27/03/2012 15:23:44] /b VO VIP 2 DENOVO a última vez de hojê quem quise vem '-'
[27/03/2012 15:24:21] /b Voespera 5 minutos e vo.
[27/03/2012 15:24:43] /b e QUEST VIP 2
[27/03/2012 15:25:33] /b To indo agora.
[27/03/2012 15:25:56] /b pere 2 minutos
[27/03/2012 15:25:59] /b os nego ta vindo
[27/03/2012 15:28:23] /b VAMO VAMOS última chamada pra VIP 2. saindo em 1 minuto (:
[27/03/2012 15:28:52] /b VAMO VAMOS última chamada pra VIP 2. saindo em 1 minuto (:
[27/03/2012 15:56:39] /b Acabei de sai da quest vip 2 não vo ajuda mais nada hojê.
[27/03/2012 16:01:19] /b Promotion compra na VIP 1 la em cima perto da Riona. :D
[27/03/2012 16:02:15] /clean
[27/03/2012 16:03:19] /clean
[27/03/2012 16:03:22] /clean
[27/03/2012 16:14:52] /clean
[27/03/2012 16:15:47] /clean
[27/03/2012 16:53:21] /clean
[27/03/2012 17:05:20] /b Para ver as mágias !spells
[27/03/2012 17:15:16] /b Yende vem temple aki
[27/03/2012 17:30:25] /b Falou galera até mais.
[28/03/2012 08:47:33] /clean
[28/03/2012 10:12:53] /b TEAM LOSE ? AH CHORA NÃO , NÃO E NEM O COMEÇO ;]
[28/03/2012 10:31:16] /b Smurf Math        diz: *10:28 Druid Diplomatty [455]: Chero Roal Do God BOQUETEIRo Andre Boone diz: *será q eu vo ter q entrar no ot? 
[28/03/2012 10:33:21] /b Galera falo até mais.
[28/03/2012 13:46:26] /clean
[28/03/2012 14:31:21] /clean
[28/03/2012 15:43:52] /clean
[28/03/2012 16:21:09] /b TEAM QUEST VIP 2 SAINDO EM 5 MINUTOS
[28/03/2012 16:23:20] /clean
[28/03/2012 16:40:00] /b Galera não vou em Master VIP agora , tô cansado só depois.
[28/03/2012 16:41:38] /b Tem gente montando team para master vip quem quiser ir vem temple.
[28/03/2012 17:01:21] /clean
[28/03/2012 17:13:12] /b GUILD MC RAI E TRAIDOR ELE E A BRUXA BARATUXA TENTO ME KILA
[28/03/2012 18:01:19] /clean
[28/03/2012 18:22:12] /b Galera até mais falou
[29/03/2012 08:37:05] /b Bom Dia Galera.
[29/03/2012 08:41:46] /b e guild para sexy
[29/03/2012 09:11:15] /clean
[29/03/2012 09:36:22] /b QUEST VIP 2 TEAM SAINDO EM 3 MINUTOS.
[29/03/2012 09:37:28] /b TEAM VIP 2 SAINDO EM 3 MINUTOS QUEM QUISER VEM.
[29/03/2012 09:39:36] /b Team VIP2 quemquise vem.
[29/03/2012 10:39:34] /b Galera até mais eu to saindo agora (:
[29/03/2012 14:09:44] /clean
[29/03/2012 17:19:02] /clean
[29/03/2012 17:40:56] /b Galera  tô saindo aquifalo até mais.
[30/03/2012 15:05:04] /b Dúvidas no HELP.
[30/03/2012 15:11:03] /b TEAM VIP 2 quem se interessar em ir falar com o player (As Mina Pira)
[30/03/2012 15:11:04] /b TEAM VIP 2 quem se interessar em ir falar com o player (As Mina Pira)
[30/03/2012 15:11:05] /b TEAM VIP 2 quem se interessar em ir falar com o player (As Mina Pira)
[30/03/2012 15:12:19] /b TEAM VIP 2 la na porta agora quem quiser ir(:
[30/03/2012 15:32:26] /b Galera falo até mais
[30/03/2012 17:01:42] /clean
[30/03/2012 17:39:38] /b ADM me manda PM.
[30/03/2012 17:40:40] /b ADM me manda PM.
[30/03/2012 22:32:00] /clean
[30/03/2012 22:32:20] /b Quem eu pega que ta com o MB vai toma BAN IP.
[30/03/2012 22:40:51] /clean
[30/03/2012 22:47:51] /b Avisei se abri MB denovo e BAN.
[30/03/2012 22:48:25] /b MB= MAGE BOMB
[30/03/2012 22:58:13] /b SE ABRI O MB E BAN EU JA AVISEI
[31/03/2012 08:39:53] /clean
[31/03/2012 09:10:05] /clean
[31/03/2012 10:56:42] /b salve rapaziada bom dsiaa
[31/03/2012 10:56:48] /b salve rapaziada bom dia °
[31/03/2012 14:15:18] /b Mafu Nhacoma < esse cara é zikká rsrs
[31/03/2012 14:15:19] /b Mafu Nhacoma < esse cara é zikká rsrs
[31/03/2012 14:33:01] /b vai sair um team pra master vip quest em 2 minutoo falar com Mafu Nhacoma
[31/03/2012 14:33:02] /b vai sair um team pra master vip quest em 2 minutoo falar com Mafu Nhacoma
[31/03/2012 14:33:07] /b vai sair um team pra master vip quest em 2 minutoo falar com Mafu Nhacoma
[31/03/2012 14:33:36] /b vai sair um team pra master vip quest em 2 minutoo falar com Mafu Nhacoma
[31/03/2012 14:34:36] /b 15:01 Jubleu Rullez [349]: team quest vip 2 vai sair tambén quen quiser ir falar com jubleu rullez
[31/03/2012 14:34:46] /b vai sair um team pra master vip quest em 2 minutoo falar com Mafu Nhacoma
[31/03/2012 14:34:52] /b 15:01 Jubleu Rullez [349]: team quest vip 2 vai sair tambén quen quiser ir falar com jubleu rullez
[31/03/2012 14:36:41] /b 15:01 Jubleu Rullez [349]: team quest vip 2 precisa-sse de bloker
[01/04/2012 02:14:28] /b ae vo manda um salve pro luiz do santa rita >neguin mlq é zika
[01/04/2012 02:14:29] /b ae vo manda um salve pro luiz do santa rita >neguin mlq é zika
[01/04/2012 08:40:31] /clean
[01/04/2012 10:17:27] /clean
