[20/10/2011 02:17:08] /a 2
[20/10/2011 02:17:10] /a 2
[20/10/2011 02:18:11] /i
[20/10/2011 02:18:13] /m demon
[20/10/2011 02:18:14] /m demon
[20/10/2011 02:18:15] /m demon
[20/10/2011 02:18:16] /m demon
[20/10/2011 02:18:16] /m demon
[20/10/2011 02:18:17] /m demon
[20/10/2011 02:18:17] /m demon
[20/10/2011 02:18:23] /r
[20/10/2011 02:18:34] /a 1
[20/10/2011 02:18:36] /a 2
[20/10/2011 02:19:25] /r
[20/10/2011 02:19:26] /r
[20/10/2011 02:19:27] /r
[20/10/2011 02:19:28] /r
[20/10/2011 02:19:29] /r
[20/10/2011 02:19:34] /a 2
[20/10/2011 02:19:34] /a 2
[20/10/2011 02:19:34] /a 2
[20/10/2011 02:19:35] /a 2
[20/10/2011 02:22:03] /zombiestart 2
[20/10/2011 02:22:09] /zombiestart 1
[20/10/2011 02:22:12] /t
[20/10/2011 02:22:23] /b pera porra
[20/10/2011 02:22:34] /t
[20/10/2011 02:48:24] /i master vip armor
[20/10/2011 02:48:30] /i master vip legs
[20/10/2011 02:48:49] /i master vip helmet
[20/10/2011 02:48:56] /i master vip boots
[20/10/2011 02:49:02] /i master vip armor
[20/10/2011 02:49:07] /i master vip sword
[20/10/2011 02:49:13] /i master vip shield
[20/10/2011 02:49:21] /i vip armor
[20/10/2011 02:49:25] /i vip sword
[20/10/2011 02:49:31] /i vip rod
[20/10/2011 02:49:37] /i vip wand
[20/10/2011 02:49:43] /i vip club
[20/10/2011 02:50:05] /i vip axe
[20/10/2011 02:50:17] /i master vip axe
[20/10/2011 02:50:24] /i master vip wand
[20/10/2011 02:50:29] /i master vip rod
[20/10/2011 02:50:57] /i master vip club
[20/10/2011 02:51:34] /i master vip star
[20/10/2011 02:51:41] /i vip star
[20/10/2011 02:54:47] /t
[20/10/2011 02:55:14] /a 2
[20/10/2011 02:55:15] /a 2
[20/10/2011 02:55:28] /down
[20/10/2011 02:56:44] /r
[20/10/2011 02:56:48] /r
[20/10/2011 02:57:39] /a 3
[20/10/2011 02:58:19] /i vip armor
[20/10/2011 02:59:01] /a 2
[20/10/2011 02:59:03] /a 2
[20/10/2011 02:59:04] /a 2
[20/10/2011 02:59:12] /a 1
[20/10/2011 02:59:14] /a 1
[20/10/2011 02:59:52] /a 2
[20/10/2011 02:59:54] /a 2
[20/10/2011 02:59:54] /a 2
[20/10/2011 02:59:55] /a 2
[20/10/2011 02:59:55] /a 2
[20/10/2011 02:59:55] /a 2
[20/10/2011 02:59:56] /a 2
[20/10/2011 03:00:52] /i 2160
[20/10/2011 03:01:16] /t
[20/10/2011 03:08:18] /attr group 1
[20/10/2011 03:08:20] /r
[20/10/2011 03:08:33] /attr group 5
[20/10/2011 03:08:40] /attr group 5
[20/10/2011 03:08:52] /attr group 6
[20/10/2011 03:27:34] /a 1
[20/10/2011 03:27:36] /a 2
[20/10/2011 03:27:39] /a 1
[20/10/2011 03:32:44] /a 2
[20/10/2011 03:46:49] /r
[20/10/2011 03:55:41] /a 2
[20/10/2011 03:55:45] /a 2
[20/10/2011 03:55:46] /a 2
[20/10/2011 03:55:46] /a 2
[20/10/2011 03:55:46] /a 2
[20/10/2011 03:55:47] /a 2
[20/10/2011 03:55:47] /a 2
[20/10/2011 03:59:20] /a 2
[20/10/2011 04:02:24] /m demon
[20/10/2011 04:02:40] /r
[20/10/2011 04:04:56] /a 2
[20/10/2011 04:07:48] /a 2
[20/10/2011 04:08:15] /r
[20/10/2011 04:08:32] /t
[20/10/2011 04:10:18] /t
[20/10/2011 04:10:25] /i 11059
[20/10/2011 04:10:33] /i 11059
[20/10/2011 04:10:36] /i 11059
[20/10/2011 04:10:39] /i 11059
[20/10/2011 04:14:40] /t
[20/10/2011 04:18:56] /t
[20/10/2011 04:21:44] /t
[20/10/2011 04:23:21] /t
[20/10/2011 04:25:30] /m demon
[20/10/2011 04:25:55] /n saco de pancada
[20/10/2011 04:26:13] /r
[20/10/2011 04:26:48] /r
[20/10/2011 04:26:49] /r
[20/10/2011 04:26:53] /m bazir
[20/10/2011 04:27:34] /r
[20/10/2011 04:27:39] /n saco de pancada
[20/10/2011 04:28:04] /m saco de pancada
[20/10/2011 04:28:13] /r
[20/10/2011 04:28:14] /r
[20/10/2011 04:29:03] /newtype 75
[20/10/2011 04:29:16] /newtype 305
[20/10/2011 04:29:19] /newtype 304
[20/10/2011 04:29:21] /newtype 300
[20/10/2011 04:29:22] /newtype 302
[20/10/2011 04:29:31] /newtype 75
[20/10/2011 04:34:10] /t
[20/10/2011 04:34:21] /i 11295
[20/10/2011 04:34:25] /i 11296
[20/10/2011 04:34:27] /i 11297
[20/10/2011 04:34:29] /i 11298
[20/10/2011 04:34:53] /i 11475
[20/10/2011 04:35:01] /i 407
[20/10/2011 04:40:39] /a 2
[20/10/2011 04:41:11] /a 2
[20/10/2011 04:41:31] /i 3966
[20/10/2011 04:41:58] /i 7895
[20/10/2011 04:42:02] /i 7897
[20/10/2011 04:42:38] /a 2
[20/10/2011 04:42:42] /a 2
[20/10/2011 04:43:11] /i 7901
[20/10/2011 04:43:15] /r
[20/10/2011 04:43:23] /i 12288
[20/10/2011 04:43:45] /i 7697
[20/10/2011 04:46:54] /i /i Dwarven armor
[20/10/2011 04:46:57] /i Dwarven armor
[20/10/2011 04:47:37] /i Dwarven Legs
[20/10/2011 04:47:44] /i Dwarven helmet
[20/10/2011 04:47:57] /i Glacier Kilt
[20/10/2011 04:49:31] /i Griffin Shield
[20/10/2011 04:50:01] /i Spellbook of Lost Souls
[20/10/2011 04:50:58] /i Incredible Mumpiz Slayer
[20/10/2011 04:53:23] /i Coconut Shoes
[20/10/2011 04:53:27] /i Coconut Shoes
[20/10/2011 04:53:59] /i Guardian Boots
[20/10/2011 04:55:30] /i Amber Staff
[20/10/2011 04:57:27] /r
[20/10/2011 05:05:12] /attr set attack 100000
[20/10/2011 05:05:13] /attr set attack 100000
[20/10/2011 05:05:15] /attr set attack 100000
[20/10/2011 05:05:17] /attr set attack 100000
[20/10/2011 05:05:29] /attr set defense 1000
[20/10/2011 05:05:34] /attr set defense 1000
[20/10/2011 05:06:14] /attr set name aaa
[20/10/2011 05:06:22] /attr set name VIP ARMOR
[20/10/2011 05:06:28] /attr set name VIP ArMOR
[20/10/2011 05:06:32] /attr set name VIP Armor
[20/10/2011 05:06:37] /attr set name VIP ArMOR
[20/10/2011 05:06:40] /attr set name VIP ArMOR
[20/10/2011 05:06:42] /attr set name VIP ArMOR
[20/10/2011 05:07:10] /attr set defense
[20/10/2011 05:07:15] /attr set defense 100
[20/10/2011 05:08:40] /i 10386
[20/10/2011 05:08:44] /i 10386
[20/10/2011 05:14:04] /m bazir
[20/10/2011 05:14:36] /r
[20/10/2011 05:15:48] /a 1
[20/10/2011 05:15:54] /i 10386
[20/10/2011 05:15:57] /a 1
[20/10/2011 05:15:59] /i 10386
[20/10/2011 05:20:20] /m bazior
[20/10/2011 05:20:22] /m bazir
[20/10/2011 05:20:22] /m bazir
[20/10/2011 05:20:22] /m bazir
[20/10/2011 05:20:23] /m bazir
[20/10/2011 05:20:23] /m bazir
[20/10/2011 05:20:23] /m bazir
[20/10/2011 05:20:23] /m bazir
[20/10/2011 05:21:05] /r
[20/10/2011 05:21:07] /r
[20/10/2011 05:21:14] /r
[20/10/2011 05:21:16] /r
[20/10/2011 05:21:25] /r
[20/10/2011 05:21:26] /r
[20/10/2011 05:21:28] /r
[20/10/2011 05:21:30] /r
[20/10/2011 05:21:34] /r
[20/10/2011 05:21:35] /r
[20/10/2011 05:21:37] /r
[20/10/2011 05:21:38] /r
[20/10/2011 05:21:40] /r
[20/10/2011 05:21:43] /r
[20/10/2011 05:21:45] /r
[20/10/2011 05:21:48] /r
[20/10/2011 05:21:49] /r
[20/10/2011 05:21:57] /r
[20/10/2011 05:21:58] /r
[20/10/2011 05:22:06] /r
[20/10/2011 05:22:08] /r
[20/10/2011 05:22:13] /r
[20/10/2011 05:22:14] /r
[20/10/2011 05:22:17] /clean
[20/10/2011 05:22:39] /r
[20/10/2011 05:23:07] /r
[20/10/2011 05:23:08] /r
[20/10/2011 05:23:09] /r
[20/10/2011 05:23:10] /r
[20/10/2011 05:25:01] /i Engraved Wedding Ring
[20/10/2011 05:25:27] /i Death Ring
[20/10/2011 05:25:40] /i Broken Ring of Ending
[20/10/2011 05:25:46] /i Star Ring
[20/10/2011 05:25:57] /i Wedding Ring
[20/10/2011 05:26:12] /i Broken Ring of Ending
[20/10/2011 05:26:34] /i Star Ring
[20/10/2011 05:26:51] /i Broken Wedding Ring
[20/10/2011 05:27:01] /i Emerald Bangle
[20/10/2011 05:27:47] /i Lightning Pendant
[20/10/2011 05:28:19] /a 2
[20/10/2011 05:28:31] /a 2
[20/10/2011 05:30:26] /r
[20/10/2011 05:30:28] /r
[20/10/2011 05:30:29] /r
[20/10/2011 05:30:30] /r
[20/10/2011 05:35:18] /owner Bob Marley
[20/10/2011 05:35:58] /a 2
[20/10/2011 05:36:00] /m bazir
[20/10/2011 05:36:01] /m bazir
[20/10/2011 05:36:01] /m bazir
[20/10/2011 05:36:01] /m bazir
[20/10/2011 05:36:02] /m bazir
[20/10/2011 05:36:02] /m bazir
[20/10/2011 05:36:02] /m bazir
[20/10/2011 05:36:03] /m bazir
[20/10/2011 05:36:07] /a 2
[20/10/2011 05:36:07] /a 2
[20/10/2011 05:36:08] /a 2
[20/10/2011 05:37:19] /a 2
[20/10/2011 05:37:20] /a 2
[20/10/2011 05:37:35] /i master vip legs
[20/10/2011 05:38:03] /a 2
[20/10/2011 05:40:35] /t
[20/10/2011 05:40:40] /r
[20/10/2011 05:40:42] /r
[20/10/2011 05:40:48] /r
[20/10/2011 05:40:57] /r
[20/10/2011 05:41:11] /attr set attack 1000000
[20/10/2011 05:41:55] /a 2
[20/10/2011 05:42:34] /clean
[20/10/2011 06:10:58] /i vip armor
[20/10/2011 06:11:16] /i vip helmet
[20/10/2011 06:26:19] /a 2
[20/10/2011 06:30:31] /a 2
[20/10/2011 06:31:13] /i vip sword
[20/10/2011 06:31:21] /i vip star
[20/10/2011 06:31:31] /r
[20/10/2011 06:49:35] /i Shield of Care
[20/10/2011 06:49:44] /i Meat Shield
[20/10/2011 06:49:58] /i Shield of Honour
[20/10/2011 06:57:33] /r
[20/10/2011 07:05:55] /attr set attack 9999999999999999999
[20/10/2011 07:06:02] /n saco de pancada
[20/10/2011 07:06:19] /attr set attack 99999999999
[20/10/2011 07:06:29] /attr set attack 9999999
[20/10/2011 07:06:42] /r
[20/10/2011 07:06:55] /attr set attack 99999999999
[20/10/2011 07:14:29] /i 10771
[20/10/2011 07:14:33] /r
[20/10/2011 07:17:45] /i 2502
[20/10/2011 07:17:50] /i 2503
[20/10/2011 07:17:54] /i 2504
[20/10/2011 07:17:58] /i 7891
[20/10/2011 07:18:06] /i 7406
[20/10/2011 07:18:52] /i 2519
[20/10/2011 07:25:11] /i super mana potion
[20/10/2011 07:25:34] /i super healing potion
[20/10/2011 07:46:03] /m dragon
[20/10/2011 07:46:11] /r
[20/10/2011 07:46:17] /i master vip wand
[20/10/2011 07:46:20] /i master vip rod
[20/10/2011 07:46:27] /m dragon
[20/10/2011 07:46:42] /m dragon
[20/10/2011 07:46:51] /m dragon
[20/10/2011 07:47:53] /m dragon
[20/10/2011 07:48:05] /m dragon
[20/10/2011 07:49:09] /i 2436
[20/10/2011 07:49:49] /m dragon
[20/10/2011 07:53:00] /m dragon
[20/10/2011 07:53:11] /m dragon
[20/10/2011 07:53:47] /m dragon
[20/10/2011 08:01:13] /goto [god] soul
[20/10/2011 08:01:28] /m exp bug
[20/10/2011 08:04:43] /goto medusa
[20/10/2011 08:04:46] /goto medusa
[20/10/2011 08:05:06] /t
[20/10/2011 08:08:02] /a 2
[20/10/2011 08:08:06] /a 2
[20/10/2011 08:08:52] /t
[20/10/2011 08:09:00] /a 2
[20/10/2011 08:09:51] /t
[20/10/2011 08:13:23] /t
[20/10/2011 08:18:32] /b ACEITAAA CAPETA
[20/10/2011 08:18:33] /b ACEITAAA CAPETA
[20/10/2011 08:18:33] /b ACEITAAA CAPETA
[20/10/2011 08:18:33] /b ACEITAAA CAPETA
[20/10/2011 08:18:39] /bc green Aceita Capetaaa
[20/10/2011 08:18:40] /bc green Aceita Capetaaa
[20/10/2011 08:18:40] /bc green Aceita Capetaaa
[20/10/2011 08:24:47] /r
[20/10/2011 08:27:36] /r
[20/10/2011 08:27:39] /r
[20/10/2011 08:27:40] /r
[20/10/2011 08:27:40] /r
[20/10/2011 08:27:40] /r
[20/10/2011 08:27:41] /r
[20/10/2011 08:27:41] /r
[20/10/2011 08:27:41] /r
[20/10/2011 08:30:39] /r
[20/10/2011 08:30:40] /r
[20/10/2011 08:37:18] /r
[20/10/2011 08:39:11] /i Guardian
[20/10/2011 08:39:13] /i Guardian
[20/10/2011 08:39:15] /i Guardian
[20/10/2011 08:49:24] /r
[20/10/2011 08:52:38] /r 100
[20/10/2011 08:52:40] /r 100
[20/10/2011 08:52:41] /r 100
[20/10/2011 08:52:42] /r 100
[20/10/2011 08:53:45] /r
[20/10/2011 08:59:30] /b LEGGGGGGGGGG
[20/10/2011 08:59:31] /b LEGGGGGGGGGG
[20/10/2011 08:59:31] /b LEGGGGGGGGGG
[20/10/2011 08:59:31] /b LEGGGGGGGGGG
[20/10/2011 08:59:32] /b LEGGGGGGGGGG
[20/10/2011 08:59:38] /bc green LEEEGGGGGGG
[20/10/2011 08:59:38] /bc green LEEEGGGGGGG
[20/10/2011 08:59:39] /bc green LEEEGGGGGGG
[20/10/2011 08:59:39] /bc green LEEEGGGGGGG
[20/10/2011 08:59:40] /bc green LEEEGGGGGGG
[20/10/2011 09:02:31] /t
[20/10/2011 09:03:12] /i 11234
[20/10/2011 09:03:22] /r
[20/10/2011 09:07:04] /a 2
[20/10/2011 09:07:07] /m dragon
[20/10/2011 09:07:21] /r
[20/10/2011 09:07:23] /r
[20/10/2011 09:08:33] /ghost
[20/10/2011 09:15:40] /a 2
[20/10/2011 09:16:01] /r
[20/10/2011 09:19:22] /r
[20/10/2011 09:19:29] /r
[20/10/2011 09:19:29] /r
[20/10/2011 09:19:30] /r
[20/10/2011 09:20:58] /a 2
[20/10/2011 09:21:15] /a 2
[20/10/2011 09:21:19] /a 2
[20/10/2011 09:21:19] /a 2
[20/10/2011 09:21:20] /a 2
[20/10/2011 09:21:20] /a 2
[20/10/2011 09:21:20] /a 2
[20/10/2011 09:21:20] /a 2
[20/10/2011 09:21:20] /a 2
[20/10/2011 09:21:20] /a 2
[20/10/2011 09:21:21] /a 2
[20/10/2011 09:21:21] /a 2
[20/10/2011 09:21:21] /a 2
[20/10/2011 09:21:21] /a 2
[20/10/2011 09:21:21] /a 2
[20/10/2011 09:21:21] /a 2
[20/10/2011 09:21:21] /a 2
[20/10/2011 09:21:21] /a 2
[20/10/2011 09:21:21] /a 2
[20/10/2011 09:21:21] /a 2
[20/10/2011 09:21:21] /a 2
[20/10/2011 09:21:22] /a 2
[20/10/2011 09:21:22] /a 2
[20/10/2011 09:21:22] /a 2
[20/10/2011 09:21:23] /a 2
[20/10/2011 09:21:23] /a 2
[20/10/2011 09:21:23] /a 2
[20/10/2011 09:21:23] /a 2
[20/10/2011 09:21:23] /a 2
[20/10/2011 09:21:23] /a 2
[20/10/2011 09:21:23] /a 2
[20/10/2011 09:21:23] /a 2
[20/10/2011 09:21:23] /a 2
[20/10/2011 09:21:23] /a 2
[20/10/2011 09:21:23] /a 2
[20/10/2011 09:21:23] /a 2
[20/10/2011 09:21:23] /a 2
[20/10/2011 09:21:23] /a 2
[20/10/2011 09:21:23] /a 2
[20/10/2011 09:21:24] /a 2
[20/10/2011 09:21:24] /a 2
[20/10/2011 09:21:24] /a 2
[20/10/2011 09:21:24] /a 2
[20/10/2011 09:21:25] /a 2
[20/10/2011 09:21:25] /a 2
[20/10/2011 09:21:25] /a 2
[20/10/2011 09:21:25] /a 2
[20/10/2011 09:21:25] /a 2
[20/10/2011 09:21:26] /a 2
[20/10/2011 09:21:26] /a 2
[20/10/2011 09:21:26] /a 2
[20/10/2011 09:21:27] /a 2
[20/10/2011 09:21:27] /a 2
[20/10/2011 09:21:27] /a 2
[20/10/2011 09:21:27] /a 2
[20/10/2011 09:21:27] /a 2
[20/10/2011 09:21:27] /a 2
[20/10/2011 09:21:27] /a 2
[20/10/2011 09:21:27] /a 2
[20/10/2011 09:21:27] /a 2
[20/10/2011 09:21:27] /a 2
[20/10/2011 09:21:27] /a 2
[20/10/2011 09:21:27] /a 2
[20/10/2011 09:21:27] /a 2
[20/10/2011 09:21:27] /a 2
[20/10/2011 09:21:27] /a 2
[20/10/2011 09:21:27] /a 2
[20/10/2011 09:21:28] /a 2
[20/10/2011 09:21:28] /a 2
[20/10/2011 09:21:29] /a 2
[20/10/2011 09:21:29] /a 2
[20/10/2011 09:21:30] /a 2
[20/10/2011 09:21:32] /a 2
[20/10/2011 09:21:32] /a 2
[20/10/2011 09:21:32] /a 2
[20/10/2011 09:21:46] /a 2
[20/10/2011 09:21:47] /a 2
[20/10/2011 09:21:47] /a 2
[20/10/2011 09:21:47] /a 2
[20/10/2011 09:21:47] /a 2
[20/10/2011 09:21:47] /a 2
[20/10/2011 09:21:47] /a 2
[20/10/2011 09:21:47] /a 2
[20/10/2011 09:21:47] /a 2
[20/10/2011 09:21:47] /a 2
[20/10/2011 09:21:47] /a 2
[20/10/2011 09:21:47] /a 2
[20/10/2011 09:21:47] /a 2
[20/10/2011 09:21:47] /a 2
[20/10/2011 09:21:47] /a 2
[20/10/2011 09:21:47] /a 2
[20/10/2011 09:21:47] /a 2
[20/10/2011 09:21:47] /a 2
[20/10/2011 09:21:47] /a 2
[20/10/2011 09:21:47] /a 2
[20/10/2011 09:21:47] /a 2
[20/10/2011 09:21:47] /a 2
[20/10/2011 09:21:47] /a 2
[20/10/2011 09:21:47] /a 2
[20/10/2011 09:21:48] /a 2
[20/10/2011 09:21:48] /a 2
[20/10/2011 09:21:49] /a 2
[20/10/2011 09:21:52] /t
[20/10/2011 09:23:22] /r
[20/10/2011 09:24:07] /r
[20/10/2011 09:24:33] /i spirit cloak
[20/10/2011 09:40:56] /a 2
[20/10/2011 09:40:57] /a 2
[20/10/2011 09:40:59] /a 2
[20/10/2011 09:40:59] /a 2
[20/10/2011 09:42:03] /a 2
[20/10/2011 09:42:04] /a 2
[20/10/2011 09:42:05] /a 2
[20/10/2011 09:42:05] /a 2
[21/11/2011 11:49:37] /b COMPLETANO ANO HOJE GALERA....
[21/11/2011 11:49:38] /b COMPLETANO ANO HOJE GALERA....
[21/11/2011 11:49:38] /b COMPLETANO ANO HOJE GALERA....
[21/11/2011 11:49:39] /b COMPLETANO ANO HOJE GALERA....
[21/11/2011 11:49:39] /b COMPLETANO ANO HOJE GALERA....
[21/11/2011 11:49:39] /b COMPLETANO ANO HOJE GALERA....
[21/11/2011 11:50:25] /b COMPLETANO ANO HOJE GALERA....
[21/11/2011 11:50:25] /b COMPLETANO ANO HOJE GALERA....
[21/11/2011 11:50:26] /b COMPLETANO ANO HOJE GALERA....
[21/11/2011 11:50:26] /b COMPLETANO ANO HOJE GALERA....
[21/11/2011 11:50:27] /b COMPLETANO ANO HOJE GALERA....
[21/11/2011 11:50:27] /b COMPLETANO ANO HOJE GALERA....
[21/11/2011 11:50:27] /b COMPLETANO ANO HOJE GALERA....
[21/11/2011 11:50:28] /b COMPLETANO ANO HOJE GALERA....
[21/11/2011 11:50:28] /b COMPLETANO ANO HOJE GALERA....
[21/11/2011 11:50:29] /b COMPLETANO ANO HOJE GALERA....
[21/11/2011 11:51:00] /b COMPLETANO ANO HOJE GALERA....
[21/11/2011 11:51:00] /b COMPLETANO ANO HOJE GALERA....
[21/11/2011 11:51:01] /b COMPLETANO ANO HOJE GALERA....
[21/11/2011 11:51:01] /b COMPLETANO ANO HOJE GALERA....
[21/11/2011 11:51:02] /b COMPLETANO ANO HOJE GALERA....
[21/11/2011 11:51:02] /b COMPLETANO ANO HOJE GALERA....
[21/11/2011 11:51:14] /b EU PEDI 1 ANO DE CU GRATIS
[21/11/2011 11:51:15] /b EU PEDI 1 ANO DE CU GRATIS
[21/11/2011 11:51:15] /b EU PEDI 1 ANO DE CU GRATIS
[21/11/2011 11:51:16] /b EU PEDI 1 ANO DE CU GRATIS
[21/11/2011 11:51:30] /b EU PEDI 1 ANO DE CU GRATIS DO ADM
[21/11/2011 11:51:30] /b EU PEDI 1 ANO DE CU GRATIS DO ADM
[21/11/2011 11:51:31] /b EU PEDI 1 ANO DE CU GRATIS DO ADM
[21/11/2011 11:51:31] /b EU PEDI 1 ANO DE CU GRATIS DO ADM
[21/11/2011 11:52:30] /b COMPLETANO ANO HOJE GALERA....
[21/11/2011 11:53:35] /b EU PEDI AO ADM 1 ANO DE CU GRATIZ ELE FALOW Q NAO QUER 1 ANO QUER 2 ANOS PORQUE EU SOO MUITO GOSTOSO...
[21/11/2011 11:53:36] /b EU PEDI AO ADM 1 ANO DE CU GRATIZ ELE FALOW Q NAO QUER 1 ANO QUER 2 ANOS PORQUE EU SOO MUITO GOSTOSO...
[21/11/2011 11:53:36] /b EU PEDI AO ADM 1 ANO DE CU GRATIZ ELE FALOW Q NAO QUER 1 ANO QUER 2 ANOS PORQUE EU SOO MUITO GOSTOSO...
[21/11/2011 11:53:36] /b EU PEDI AO ADM 1 ANO DE CU GRATIZ ELE FALOW Q NAO QUER 1 ANO QUER 2 ANOS PORQUE EU SOO MUITO GOSTOSO...
[21/11/2011 11:53:37] /b EU PEDI AO ADM 1 ANO DE CU GRATIZ ELE FALOW Q NAO QUER 1 ANO QUER 2 ANOS PORQUE EU SOO MUITO GOSTOSO...
[21/11/2011 11:53:37] /b EU PEDI AO ADM 1 ANO DE CU GRATIZ ELE FALOW Q NAO QUER 1 ANO QUER 2 ANOS PORQUE EU SOO MUITO GOSTOSO...
[21/11/2011 11:53:37] /b EU PEDI AO ADM 1 ANO DE CU GRATIZ ELE FALOW Q NAO QUER 1 ANO QUER 2 ANOS PORQUE EU SOO MUITO GOSTOSO...
[21/11/2011 11:58:45] /b O ADM TODO DIA QUER VER MEU PINTO NA WEB CAM MEU DEUS...
[21/11/2011 11:58:45] /b O ADM TODO DIA QUER VER MEU PINTO NA WEB CAM MEU DEUS...
[21/11/2011 11:58:45] /b O ADM TODO DIA QUER VER MEU PINTO NA WEB CAM MEU DEUS...
[21/11/2011 11:58:46] /b O ADM TODO DIA QUER VER MEU PINTO NA WEB CAM MEU DEUS...
[21/11/2011 11:58:46] /b O ADM TODO DIA QUER VER MEU PINTO NA WEB CAM MEU DEUS...
[21/11/2011 11:58:46] /b O ADM TODO DIA QUER VER MEU PINTO NA WEB CAM MEU DEUS...
[21/11/2011 21:10:35] /b COMPLETANDO ANO HOJE..
[21/11/2011 21:10:36] /b COMPLETANDO ANO HOJE..
[21/11/2011 21:10:37] /b COMPLETANDO ANO HOJE..
[21/11/2011 21:10:37] /b COMPLETANDO ANO HOJE..
[21/11/2011 21:10:37] /b COMPLETANDO ANO HOJE..
[21/11/2011 21:10:38] /b COMPLETANDO ANO HOJE..
[21/11/2011 21:10:38] /b COMPLETANDO ANO HOJE..
[21/11/2011 21:10:38] /b COMPLETANDO ANO HOJE..
[21/11/2011 21:11:40] /b VLLW MANOW Tassy
[21/11/2011 21:11:41] /b VLLW MANOW Tassy
[21/11/2011 21:11:41] /b VLLW MANOW Tassy
[21/11/2011 21:11:41] /b VLLW MANOW Tassy
[21/11/2011 21:11:42] /b VLLW MANOW Tassy
[21/11/2011 21:11:42] /b VLLW MANOW Tassy
[24/11/2011 04:47:05] /b QUEM QUER GUILD??
[24/11/2011 04:47:06] /b QUEM QUER GUILD??
[24/11/2011 04:47:06] /b QUEM QUER GUILD??
[24/11/2011 04:47:06] /b QUEM QUER GUILD??
[24/11/2011 04:47:07] /b QUEM QUER GUILD??
[24/11/2011 04:47:07] /b QUEM QUER GUILD??
[24/11/2011 12:43:13] /b AUGUEM QUISER IR VIP 2 MANDA PM OU VEM TEMPLO
[24/11/2011 12:43:13] /b AUGUEM QUISER IR VIP 2 MANDA PM OU VEM TEMPLO
[24/11/2011 12:43:14] /b AUGUEM QUISER IR VIP 2 MANDA PM OU VEM TEMPLO
[24/11/2011 12:43:14] /b AUGUEM QUISER IR VIP 2 MANDA PM OU VEM TEMPLO
[24/11/2011 12:43:14] /b AUGUEM QUISER IR VIP 2 MANDA PM OU VEM TEMPLO
[24/11/2011 12:43:15] /b AUGUEM QUISER IR VIP 2 MANDA PM OU VEM TEMPLO
[24/11/2011 12:43:15] /b AUGUEM QUISER IR VIP 2 MANDA PM OU VEM TEMPLO
[24/11/2011 12:43:16] /b AUGUEM QUISER IR VIP 2 MANDA PM OU VEM TEMPLO
[24/11/2011 12:43:16] /b AUGUEM QUISER IR VIP 2 MANDA PM OU VEM TEMPLO
[24/11/2011 12:43:17] /b AUGUEM QUISER IR VIP 2 MANDA PM OU VEM TEMPLO
[24/11/2011 12:43:17] /b AUGUEM QUISER IR VIP 2 MANDA PM OU VEM TEMPLO
[24/11/2011 12:43:17] /b AUGUEM QUISER IR VIP 2 MANDA PM OU VEM TEMPLO
[24/11/2011 12:43:18] /b AUGUEM QUISER IR VIP 2 MANDA PM OU VEM TEMPLO
[24/11/2011 12:44:31] /b AUGUEM QUISER IR VIP 2 ESSO VIM Q JAH TAMOS INDO
[24/11/2011 12:44:32] /b AUGUEM QUISER IR VIP 2 ESSO VIM Q JAH TAMOS INDO
[24/11/2011 12:44:32] /b AUGUEM QUISER IR VIP 2 ESSO VIM Q JAH TAMOS INDO
[24/11/2011 12:44:33] /b AUGUEM QUISER IR VIP 2 ESSO VIM Q JAH TAMOS INDO
[24/11/2011 12:44:33] /b AUGUEM QUISER IR VIP 2 ESSO VIM Q JAH TAMOS INDO
[24/11/2011 12:44:33] /b AUGUEM QUISER IR VIP 2 ESSO VIM Q JAH TAMOS INDO
[24/11/2011 12:47:06] /b AUGUEM QUISER IR VIP 2 ESSO VIM Q JAH TAMOS INDO
[24/11/2011 12:47:06] /b AUGUEM QUISER IR VIP 2 ESSO VIM Q JAH TAMOS INDO
[24/11/2011 12:47:07] /b AUGUEM QUISER IR VIP 2 ESSO VIM Q JAH TAMOS INDO
[24/11/2011 12:47:07] /b AUGUEM QUISER IR VIP 2 ESSO VIM Q JAH TAMOS INDO
[24/11/2011 12:47:07] /b AUGUEM QUISER IR VIP 2 ESSO VIM Q JAH TAMOS INDO
[24/11/2011 12:47:08] /b AUGUEM QUISER IR VIP 2 ESSO VIM Q JAH TAMOS INDO
[24/11/2011 12:47:08] /b AUGUEM QUISER IR VIP 2 ESSO VIM Q JAH TAMOS INDO
[24/11/2011 12:47:08] /b AUGUEM QUISER IR VIP 2 ESSO VIM Q JAH TAMOS INDO
[24/11/2011 12:47:09] /b AUGUEM QUISER IR VIP 2 ESSO VIM Q JAH TAMOS INDO
[24/11/2011 12:47:09] /b AUGUEM QUISER IR VIP 2 ESSO VIM Q JAH TAMOS INDO
[24/11/2011 12:48:56] /b AUGUEM QUISER IR VIP 2 ESSO VIM Q JAH TAMOS INDO
[24/11/2011 12:48:57] /b AUGUEM QUISER IR VIP 2 ESSO VIM Q JAH TAMOS INDO
[24/11/2011 12:48:57] /b AUGUEM QUISER IR VIP 2 ESSO VIM Q JAH TAMOS INDO
[24/11/2011 12:48:58] /b AUGUEM QUISER IR VIP 2 ESSO VIM Q JAH TAMOS INDO
[24/11/2011 12:48:58] /b AUGUEM QUISER IR VIP 2 ESSO VIM Q JAH TAMOS INDO
[24/11/2011 12:48:58] /b AUGUEM QUISER IR VIP 2 ESSO VIM Q JAH TAMOS INDO
[24/11/2011 12:55:44] /b QUEM MORREU?
[24/11/2011 12:55:44] /b QUEM MORREU?
[24/11/2011 12:55:45] /b QUEM MORREU?
[24/11/2011 12:55:45] /b QUEM MORREU?
[24/11/2011 12:55:45] /b QUEM MORREU?
[24/11/2011 12:55:46] /b QUEM MORREU?
[25/11/2011 22:57:21] /b Guerra Muuca E MT NOOOOOBBB
[25/11/2011 22:57:21] /b Guerra Muuca E MT NOOOOOBBB
[25/11/2011 22:57:22] /b Guerra Muuca E MT NOOOOOBBB
[25/11/2011 22:57:22] /b Guerra Muuca E MT NOOOOOBBB
[25/11/2011 22:57:22] /b Guerra Muuca E MT NOOOOOBBB
[25/11/2011 22:57:23] /b Guerra Muuca E MT NOOOOOBBB
[25/11/2011 22:57:23] /b Guerra Muuca E MT NOOOOOBBB
[25/11/2011 22:57:23] /b Guerra Muuca E MT NOOOOOBBB
[26/11/2011 17:18:02] /b QUEM QUISER IR MASTER VIP ESSO VIM TEMPLO
[26/11/2011 17:18:02] /b QUEM QUISER IR MASTER VIP ESSO VIM TEMPLO
[26/11/2011 17:18:03] /b QUEM QUISER IR MASTER VIP ESSO VIM TEMPLO
[26/11/2011 17:18:03] /b QUEM QUISER IR MASTER VIP ESSO VIM TEMPLO
[26/11/2011 17:18:03] /b QUEM QUISER IR MASTER VIP ESSO VIM TEMPLO
[26/11/2011 17:18:04] /b QUEM QUISER IR MASTER VIP ESSO VIM TEMPLO
[26/11/2011 17:19:28] /b GOGOGO MASTER VIP
[26/11/2011 17:19:29] /b GOGOGO MASTER VIP
[26/11/2011 17:19:29] /b GOGOGO MASTER VIP
[26/11/2011 17:19:29] /b GOGOGO MASTER VIP
[26/11/2011 17:19:30] /b GOGOGO MASTER VIP
[28/11/2011 21:09:41] /b QUEM ON
[28/11/2011 21:09:41] /b QUEM ON
[28/11/2011 21:09:42] /b QUEM ON
[28/11/2011 21:09:42] /b QUEM ON
[28/11/2011 21:09:42] /b QUEM ON
[28/11/2011 21:09:43] /b QUEM ON
[30/11/2011 14:27:03] /b QUEM QUISER IR QUEST VIP 2 VEM TEMPLO
[30/11/2011 14:27:03] /b QUEM QUISER IR QUEST VIP 2 VEM TEMPLO
[30/11/2011 14:27:04] /b QUEM QUISER IR QUEST VIP 2 VEM TEMPLO
[30/11/2011 14:27:04] /b QUEM QUISER IR QUEST VIP 2 VEM TEMPLO
[30/11/2011 14:27:05] /b QUEM QUISER IR QUEST VIP 2 VEM TEMPLO
[30/11/2011 14:27:05] /b QUEM QUISER IR QUEST VIP 2 VEM TEMPLO
[30/11/2011 14:27:05] /b QUEM QUISER IR QUEST VIP 2 VEM TEMPLO
[30/11/2011 14:27:06] /b QUEM QUISER IR QUEST VIP 2 VEM TEMPLO
[30/11/2011 14:27:27] /b QUEM QUISER IR QUEST VIP 2 VEM TEMPLO
[30/11/2011 14:27:28] /b QUEM QUISER IR QUEST VIP 2 VEM TEMPLO
[30/11/2011 14:27:28] /b QUEM QUISER IR QUEST VIP 2 VEM TEMPLO
[30/11/2011 14:27:29] /b QUEM QUISER IR QUEST VIP 2 VEM TEMPLO
[30/11/2011 14:27:29] /b QUEM QUISER IR QUEST VIP 2 VEM TEMPLO
[30/11/2011 14:27:29] /b QUEM QUISER IR QUEST VIP 2 VEM TEMPLO
[30/11/2011 14:27:30] /b QUEM QUISER IR QUEST VIP 2 VEM TEMPLO
[30/11/2011 14:27:39] /b Skol Sensation EUM PEPETAO DO CARALHO .I.
[30/11/2011 14:27:40] /b Skol Sensation EUM PEPETAO DO CARALHO .I.
[30/11/2011 14:27:41] /b Skol Sensation EUM PEPETAO DO CARALHO .I.
[30/11/2011 14:27:41] /b Skol Sensation EUM PEPETAO DO CARALHO .I.
[30/11/2011 14:27:41] /b Skol Sensation EUM PEPETAO DO CARALHO .I.
[30/11/2011 14:27:42] /b Skol Sensation EUM PEPETAO DO CARALHO .I.
[01/12/2011 04:06:10] /b QUEM QUISER IR QUEST VIP DOIS VEM TEMPLO
[01/12/2011 04:06:11] /b QUEM QUISER IR QUEST VIP DOIS VEM TEMPLO
[01/12/2011 04:06:12] /b QUEM QUISER IR QUEST VIP DOIS VEM TEMPLO
[01/12/2011 04:06:12] /b QUEM QUISER IR QUEST VIP DOIS VEM TEMPLO
[01/12/2011 04:06:13] /b QUEM QUISER IR QUEST VIP DOIS VEM TEMPLO
[01/12/2011 04:06:13] /b QUEM QUISER IR QUEST VIP DOIS VEM TEMPLO
[01/12/2011 04:06:14] /b QUEM QUISER IR QUEST VIP DOIS VEM TEMPLO
[01/12/2011 04:06:14] /b QUEM QUISER IR QUEST VIP DOIS VEM TEMPLO
[01/12/2011 04:06:14] /b QUEM QUISER IR QUEST VIP DOIS VEM TEMPLO
[01/12/2011 04:06:15] /b QUEM QUISER IR QUEST VIP DOIS VEM TEMPLO
[01/12/2011 04:06:15] /b QUEM QUISER IR QUEST VIP DOIS VEM TEMPLO
[01/12/2011 12:44:35] /b QUEM QUISER FAZER QUEST ESSO VIM TEMPLO..!!
[01/12/2011 12:44:36] /b QUEM QUISER FAZER QUEST ESSO VIM TEMPLO..!!
[01/12/2011 12:44:36] /b QUEM QUISER FAZER QUEST ESSO VIM TEMPLO..!!
[01/12/2011 12:44:37] /b QUEM QUISER FAZER QUEST ESSO VIM TEMPLO..!!
[01/12/2011 12:44:37] /b QUEM QUISER FAZER QUEST ESSO VIM TEMPLO..!!
[01/12/2011 12:44:37] /b QUEM QUISER FAZER QUEST ESSO VIM TEMPLO..!!
[01/12/2011 12:44:38] /b QUEM QUISER FAZER QUEST ESSO VIM TEMPLO..!!
[01/12/2011 12:44:38] /b QUEM QUISER FAZER QUEST ESSO VIM TEMPLO..!!
[01/12/2011 12:44:38] /b QUEM QUISER FAZER QUEST ESSO VIM TEMPLO..!!
[01/12/2011 12:44:39] /b QUEM QUISER FAZER QUEST ESSO VIM TEMPLO..!!
[01/12/2011 12:44:39] /b QUEM QUISER FAZER QUEST ESSO VIM TEMPLO..!!
[01/12/2011 12:44:39] /b QUEM QUISER FAZER QUEST ESSO VIM TEMPLO..!!
[02/12/2011 10:52:07] /b 16:51 Eurushomesmo [1006]: vo ajuda quest vip 3 quem quiser ir vem !
[02/12/2011 10:52:07] /b 16:51 Eurushomesmo [1006]: vo ajuda quest vip 3 quem quiser ir vem !
[02/12/2011 10:52:08] /b 16:51 Eurushomesmo [1006]: vo ajuda quest vip 3 quem quiser ir vem !
[02/12/2011 10:52:08] /b 16:51 Eurushomesmo [1006]: vo ajuda quest vip 3 quem quiser ir vem !
[02/12/2011 10:52:08] /b 16:51 Eurushomesmo [1006]: vo ajuda quest vip 3 quem quiser ir vem !
[02/12/2011 10:52:09] /b 16:51 Eurushomesmo [1006]: vo ajuda quest vip 3 quem quiser ir vem !
[02/12/2011 10:54:38] /b 16:51 Eurushomesmo [1006]: vo ajuda quest vip 3 quem quiser ir vem !
[02/12/2011 10:54:39] /b 16:51 Eurushomesmo [1006]: vo ajuda quest vip 3 quem quiser ir vem !
[02/12/2011 10:54:39] /b 16:51 Eurushomesmo [1006]: vo ajuda quest vip 3 quem quiser ir vem !
[02/12/2011 10:54:40] /b 16:51 Eurushomesmo [1006]: vo ajuda quest vip 3 quem quiser ir vem !
[02/12/2011 10:54:40] /b 16:51 Eurushomesmo [1006]: vo ajuda quest vip 3 quem quiser ir vem !
[02/12/2011 10:54:40] /b 16:51 Eurushomesmo [1006]: vo ajuda quest vip 3 quem quiser ir vem !
