[26/04/2012 23:28:28] /a 10
[26/04/2012 23:28:28] /a 10
[26/04/2012 23:28:30] /a 10
[26/04/2012 23:28:30] /a 10
[26/04/2012 23:28:31] /a 10
[26/04/2012 23:28:32] /a 10
[26/04/2012 23:28:32] /a 10
[26/04/2012 23:28:35] /a 10
[26/04/2012 23:34:05] /goto gm~
[26/04/2012 23:34:30] /t
[18/05/2012 11:12:37] /closeserver
[18/05/2012 11:12:45] /r
[18/05/2012 11:12:47] /r
[18/05/2012 11:12:58] /a 2
[18/05/2012 11:14:09] /t
[18/05/2012 11:14:16] /a 2
[18/05/2012 11:14:26] /a 2
[18/05/2012 11:14:29] /a 2
[18/05/2012 11:14:29] /a 2
[18/05/2012 11:14:30] /a 2
[18/05/2012 11:14:30] /a 2
[18/05/2012 11:14:32] /a 2
[18/05/2012 11:14:33] /a 2
[18/05/2012 11:14:34] /a 2
[18/05/2012 11:14:34] /a 2
[18/05/2012 11:14:35] /a 2
[18/05/2012 11:14:37] /a 2
[18/05/2012 11:14:38] /a 2
[18/05/2012 11:14:38] /a 2
[18/05/2012 11:14:43] /a 2
[18/05/2012 11:14:46] /a 2
[18/05/2012 11:14:49] /a 2
[18/05/2012 11:14:53] /a 2
[18/05/2012 11:14:55] /t
[18/05/2012 11:15:06] /attr set attack 999999
[18/05/2012 11:15:13] /a 2
[18/05/2012 11:15:25] /a 2
[18/05/2012 11:17:37] /t
[18/05/2012 11:18:25] /up
[18/05/2012 11:28:54] /a 2
[18/05/2012 11:29:15] /a 10
[18/05/2012 11:29:18] /a 10
[18/05/2012 11:31:50] /a 2
[18/05/2012 11:31:53] /a 2
[18/05/2012 11:31:53] /a 2
[18/05/2012 11:31:54] /a 2
[18/05/2012 11:31:54] /a 2
[18/05/2012 11:31:55] /a 2
[18/05/2012 11:31:55] /a 2
[18/05/2012 11:31:56] /a 2
[18/05/2012 11:31:56] /a 2
[18/05/2012 11:32:01] /a 2
[18/05/2012 11:32:32] /a 2
[18/05/2012 11:32:37] /a 2
[18/05/2012 11:32:38] /a 2
[18/05/2012 11:32:38] /a 2
[18/05/2012 11:32:39] /a 2
[18/05/2012 11:32:39] /a 2
[18/05/2012 11:32:40] /a 2
[18/05/2012 11:32:40] /a 2
[18/05/2012 11:32:41] /a 2
[18/05/2012 11:33:23] /a 2
[18/05/2012 11:33:24] /a 2
[18/05/2012 11:33:24] /a 2
[18/05/2012 11:33:25] /a 2
[18/05/2012 11:33:25] /a 2
[18/05/2012 11:33:26] /a 2
[18/05/2012 11:33:27] /a 2
[18/05/2012 11:33:28] /a 2
[18/05/2012 11:33:29] /a 2
[18/05/2012 11:33:42] /ghost
[18/05/2012 11:33:58] /r
[18/05/2012 11:34:00] /t
[18/05/2012 11:34:05] /ghost
[18/05/2012 11:42:58] /reload globalevents
[18/05/2012 11:46:38] /reload globalevents
[18/05/2012 11:48:24] /reload globalevents
[18/05/2012 11:48:41] /reload globalevents
[18/05/2012 11:50:30] /reload globalevents
[18/05/2012 11:50:38] /a 1
[18/05/2012 11:50:48] /r
[18/05/2012 11:50:49] /r
[18/05/2012 11:50:55] /a 1
[18/05/2012 11:53:04] /i magic forcefield
[18/05/2012 11:53:16] /attr position 2221 1413 7
[18/05/2012 11:53:43] /r
[18/05/2012 11:53:56] /i 406
[18/05/2012 11:54:03] /i 9123
[18/05/2012 11:55:08] /reload globalevents
[18/05/2012 12:04:03] /ghost
[18/05/2012 12:04:19] /a 2
[18/05/2012 12:04:34] /a 10
[18/05/2012 12:05:12] /t
