[11/03/2012 23:01:30] /c no name
[11/03/2012 23:02:56] /ghost
[11/03/2012 23:02:58] /ghost
[11/03/2012 23:04:26] /ghost
[11/03/2012 23:06:18] /t
[11/03/2012 23:06:20] /goto adm
[11/03/2012 23:10:08] /i golden amulet
[11/03/2012 23:10:24] /i woolf amulet
[11/03/2012 23:12:28] /b jente acalme-se '.'
[11/03/2012 23:14:48] /b desculpem o transtorno '.'
[11/03/2012 23:19:10] /t
[11/03/2012 23:19:20] /a 1
[11/03/2012 23:25:16] /r
[11/03/2012 23:25:20] /r
[11/03/2012 23:25:27] /a 1
[11/03/2012 23:26:22] /newtype 300
[11/03/2012 23:26:41] /newtype 329
[11/03/2012 23:27:00] /newtype 302
[11/03/2012 23:27:20] /newtype 500
[11/03/2012 23:27:24] /newtype 1
[11/03/2012 23:27:28] /newtype 3
[11/03/2012 23:27:33] /newtype 12
[11/03/2012 23:27:45] /newtype 20
[11/03/2012 23:27:53] /newtype 300
[11/03/2012 23:28:10] /newtype 100
[11/03/2012 23:28:15] /newtype 102
[11/03/2012 23:28:31] /newtype 150
[11/03/2012 23:28:46] /newtype 190
[11/03/2012 23:28:49] /newtype 191
[11/03/2012 23:28:54] /newtype 170
[11/03/2012 23:28:57] /newtype 130
[11/03/2012 23:29:04] /newtype 1205
[11/03/2012 23:29:07] /newtype 120
[11/03/2012 23:29:12] /newtype 125
[11/03/2012 23:29:15] /newtype 126
[11/03/2012 23:29:21] /newtype 98
[11/03/2012 23:29:33] /newtype 90
[11/03/2012 23:29:38] /newtype 70
[11/03/2012 23:29:43] /newtype 50
[11/03/2012 23:29:48] /newtype 70
[11/03/2012 23:29:55] /newtype 90
[11/03/2012 23:30:18] /newtype 250
[11/03/2012 23:30:53] /newtype 360
[11/03/2012 23:30:57] /newtype 290
[11/03/2012 23:31:02] /newtype 260
[11/03/2012 23:31:06] /newtype 270
[11/03/2012 23:31:14] /newtype 220
[11/03/2012 23:31:19] /newtype 230
[11/03/2012 23:31:24] /newtype 210
[11/03/2012 23:31:28] /newtype 211
[11/03/2012 23:31:38] /newtype 200
[11/03/2012 23:31:53] /newtype 190
[11/03/2012 23:31:59] /newtype 23
[11/03/2012 23:32:03] /newtype 22
[11/03/2012 23:32:06] /newtype 21
[11/03/2012 23:32:13] /newtype 15
[11/03/2012 23:32:16] /newtype 13
[11/03/2012 23:32:19] /newtype 12
[11/03/2012 23:32:22] /newtype 11
[11/03/2012 23:32:25] /newtype 10
[11/03/2012 23:32:30] /newtype 9
[11/03/2012 23:32:32] /newtype 8
[11/03/2012 23:32:34] /newtype 7
[11/03/2012 23:32:38] /newtype 6
[11/03/2012 23:32:41] /newtype 5
[11/03/2012 23:32:43] /newtype 4
[11/03/2012 23:33:11] /newtype 2
[11/03/2012 23:33:41] /newtype 340
[11/03/2012 23:34:18] /newtype 320
[11/03/2012 23:34:24] /newtype 321
[11/03/2012 23:34:29] /newtype 322
[11/03/2012 23:34:33] /newtype 323
[11/03/2012 23:34:37] /newtype 324
[11/03/2012 23:34:55] /newtype 326
[11/03/2012 23:34:58] /newtype 325
[11/03/2012 23:35:01] /newtype 327
[11/03/2012 23:35:03] /newtype 328
[11/03/2012 23:35:06] /newtype 329
[11/03/2012 23:35:09] /newtype 320
[11/03/2012 23:35:16] /newtype 340
[11/03/2012 23:35:20] /newtype 350
[11/03/2012 23:35:26] /newtype 356
[11/03/2012 23:35:44] /newtype 250
[11/03/2012 23:36:11] /newtype 302
[11/03/2012 23:40:55] /a 1
[11/03/2012 23:41:14] /ghost
[11/03/2012 23:44:37] /i talon
[11/03/2012 23:50:39] /i master arc~
[11/03/2012 23:50:45] /i master ar~
[11/03/2012 23:50:55] /i necromancer shield
[11/03/2012 23:51:19] /a 5
[11/03/2012 23:51:20] /a 5
[11/03/2012 23:51:23] /a 5
[11/03/2012 23:51:24] /a 5
[11/03/2012 23:51:31] /i 7762
[11/03/2012 23:54:36] /up
[11/03/2012 23:55:17] /a 5
[11/03/2012 23:55:19] /down
[11/03/2012 23:55:20] /a 5
[11/03/2012 23:55:21] /a 5
[11/03/2012 23:55:28] /a 5
[11/03/2012 23:55:46] /a 5
[11/03/2012 23:55:47] /a 5
[11/03/2012 23:55:48] /a 5
[11/03/2012 23:55:50] /a 5
[11/03/2012 23:55:52] /a 5
[11/03/2012 23:55:55] /up
[11/03/2012 23:56:04] /i firewalker boots
[11/03/2012 23:57:36] /i golden amulet
[11/03/2012 23:59:43] /i necromancer shield
[12/03/2012 00:00:18] /i blue robe
[12/03/2012 00:00:33] /i blue robe
[12/03/2012 00:00:34] /i blue robe
[12/03/2012 00:00:35] /i blue robe
[12/03/2012 00:00:35] /i blue robe
[12/03/2012 00:00:36] /i blue robe
[12/03/2012 00:00:36] /i blue robe
[12/03/2012 00:00:37] /i blue robe
[12/03/2012 00:01:28] /i blue robe
[12/03/2012 00:01:28] /i blue robe
[12/03/2012 00:01:28] /i blue robe
[12/03/2012 00:01:45] /i blue robe
[12/03/2012 00:01:46] /i blue robe
[12/03/2012 00:01:47] /i blue robe
[12/03/2012 00:01:47] /i blue robe
[12/03/2012 00:02:02] /i blue robe
[12/03/2012 00:02:03] /i blue robe
[12/03/2012 13:57:23] /b falae rapiziada .. :D
[12/03/2012 13:58:21] /a 5
[12/03/2012 13:58:33] /a 1
[12/03/2012 13:58:36] /ghost
[12/03/2012 13:59:39] /b galera , eu n vou itens pra ngm '.'
[12/03/2012 14:00:14] /b n vou dar itens pra ngm vei .. *
[12/03/2012 14:05:16] /a 5
[12/03/2012 14:05:20] /a 5
[12/03/2012 14:06:04] /newtype 200
[12/03/2012 14:06:25] /newtype 400
[12/03/2012 14:06:30] /newtype 360
[12/03/2012 14:06:35] /newtype 320
[12/03/2012 14:06:46] /newtype 200
[12/03/2012 14:06:52] /newtype 219
[12/03/2012 14:07:05] /newtype 340
[12/03/2012 14:09:12] /newtype 100
[12/03/2012 14:10:10] /newtype 120
[12/03/2012 14:11:00] /newtype 125
[12/03/2012 14:11:08] /newtype 126
[12/03/2012 14:11:12] /newtype 123
[12/03/2012 14:11:15] /newtype 122
[12/03/2012 14:11:28] /newtype 145
[12/03/2012 14:11:31] /newtype 143
[12/03/2012 14:11:34] /newtype 142
[12/03/2012 14:11:37] /newtype 141
[12/03/2012 14:11:39] /newtype 14
[12/03/2012 14:11:42] /newtype 140
[12/03/2012 14:11:45] /newtype 142
[12/03/2012 14:11:47] /newtype 146
[12/03/2012 14:11:49] /newtype 147
[12/03/2012 14:11:51] /newtype 148
[12/03/2012 14:11:53] /newtype 149
[12/03/2012 14:12:00] /newtype 140
[12/03/2012 14:12:17] /newtype 162
[12/03/2012 14:12:20] /newtype 161
[12/03/2012 14:12:22] /newtype 160
[12/03/2012 14:13:29] /newtype 12
[12/03/2012 14:14:21] /r
[12/03/2012 14:14:28] /r
[12/03/2012 14:14:33] /a 5
[12/03/2012 14:15:05] /i apocalypse
[12/03/2012 14:15:47] /r
[12/03/2012 14:15:49] /r
[12/03/2012 14:15:52] /a 5
[12/03/2012 14:16:31] /a 1
[12/03/2012 14:16:51] /b quem qr bixo na city?
[12/03/2012 14:17:16] /b quem qr bixo na city?
[12/03/2012 14:18:45] /newtype dragon lord
[12/03/2012 14:18:52] /newtype 25
[12/03/2012 14:18:55] /newtype 23
[12/03/2012 14:18:58] /newtype 22
[12/03/2012 14:19:00] /newtype 21
[12/03/2012 14:19:03] /newtype 25
[12/03/2012 14:19:05] /newtype 26
[12/03/2012 14:19:08] /newtype 27
[12/03/2012 14:19:11] /newtype 28
[12/03/2012 14:19:14] /newtype 29
[12/03/2012 14:19:18] /newtype 20
[12/03/2012 14:19:43] /b Sativa [199]: BUY SERIAL KEY ELF OU MAGE BOT
[12/03/2012 14:19:45] /b Sativa [199]: BUY SERIAL KEY ELF OU MAGE BOT
[12/03/2012 14:19:46] /b Sativa [199]: BUY SERIAL KEY ELF OU MAGE BOT
[12/03/2012 14:19:47] /b Sativa [199]: BUY SERIAL KEY ELF OU MAGE BOT
[12/03/2012 14:20:03] /a 2
[12/03/2012 14:20:06] /a 1
[12/03/2012 14:20:20] /newtype 302
[12/03/2012 14:20:38] /newtype 301
[12/03/2012 14:20:41] /newtype 303
[12/03/2012 14:20:44] /newtype 304
[12/03/2012 14:20:46] /newtype 305
[12/03/2012 14:20:49] /newtype 306
[12/03/2012 14:20:51] /newtype 307
[12/03/2012 14:20:54] /newtype 308
[12/03/2012 14:20:57] /newtype 309
[12/03/2012 14:21:30] /a 1
[12/03/2012 14:21:39] /newtype 310
[12/03/2012 14:21:42] /newtype 311
[12/03/2012 14:21:44] /newtype 312
[12/03/2012 14:21:47] /newtype 313
[12/03/2012 14:21:49] /newtype 314
[12/03/2012 14:21:51] /newtype 315
[12/03/2012 14:21:54] /newtype 316
[12/03/2012 14:21:56] /newtype 317
[12/03/2012 14:21:58] /newtype 318
[12/03/2012 14:22:01] /newtype 319
[12/03/2012 14:22:05] /newtype 320
[12/03/2012 14:22:07] /newtype 321
[12/03/2012 14:22:09] /newtype 322
[12/03/2012 14:22:14] /newtype 323
[12/03/2012 14:22:16] /newtype 324
[12/03/2012 14:22:18] /newtype 325
[12/03/2012 14:22:20] /newtype 326
[12/03/2012 14:22:22] /newtype 327
[12/03/2012 14:22:24] /newtype 328
[12/03/2012 14:22:26] /newtype 329
[12/03/2012 14:22:30] /newtype 330
[12/03/2012 14:22:32] /newtype 331
[12/03/2012 14:22:33] /newtype 332
[12/03/2012 14:22:36] /newtype 333
[12/03/2012 14:22:38] /newtype 334
[12/03/2012 14:22:40] /newtype 335
[12/03/2012 14:22:42] /newtype 336
[12/03/2012 14:22:44] /newtype 337
[12/03/2012 14:22:46] /newtype 338
[12/03/2012 14:22:48] /newtype 339
[12/03/2012 14:22:51] /newtype 340
[12/03/2012 14:22:53] /newtype 341
[12/03/2012 14:22:55] /newtype 342
[12/03/2012 14:22:57] /newtype 343
[12/03/2012 14:23:00] /newtype 344
[12/03/2012 14:23:07] /newtype 346
[12/03/2012 14:23:13] /newtype 347
[12/03/2012 14:23:15] /newtype 348
[12/03/2012 14:23:20] /newtype 349
[12/03/2012 14:23:25] /newtype 350
[12/03/2012 14:23:27] /newtype 351
[12/03/2012 14:23:29] /newtype 352
[12/03/2012 14:23:38] /newtype 348
[12/03/2012 14:23:41] /newtype 347
[12/03/2012 14:23:43] /newtype 346
[12/03/2012 14:24:07] /clean
[12/03/2012 14:24:24] /r
[12/03/2012 14:24:27] /a 1
[12/03/2012 14:24:36] /a 1
[12/03/2012 14:27:54] /a 1
[12/03/2012 14:30:06] /a 1
[12/03/2012 14:30:37] /clean
[12/03/2012 14:30:48] /r
[12/03/2012 14:30:50] /a 1
[12/03/2012 14:31:07] /a 5
[12/03/2012 14:31:08] /a 5
[12/03/2012 14:31:09] /a 5
[12/03/2012 14:31:11] /a 5
[12/03/2012 14:31:15] /a 5
[12/03/2012 14:31:21] /a 5
[12/03/2012 14:31:29] /up
[12/03/2012 14:31:56] /kick falcon furius~
[12/03/2012 14:32:04] /kick eurushona~
[12/03/2012 14:32:13] /a 5
[12/03/2012 14:32:40] /r
[12/03/2012 14:32:51] /r
[12/03/2012 14:32:55] /r
[12/03/2012 14:32:58] /r
[12/03/2012 14:33:01] /r
[12/03/2012 14:33:05] /r
[12/03/2012 14:33:13] /r
[12/03/2012 14:33:17] /r
[12/03/2012 14:33:20] /r
[12/03/2012 14:33:32] /kick Eurushonawand
[12/03/2012 14:33:35] /kick Eurushonawand
[12/03/2012 14:33:38] /kick Eurushonawand
[12/03/2012 14:34:11] /ghost
[12/03/2012 14:34:12] /a 5
[12/03/2012 14:34:13] /a 5
[12/03/2012 14:34:14] /a 5
[12/03/2012 14:34:15] /a 5
[12/03/2012 14:34:21] /a 5
[12/03/2012 14:34:22] /a 5
[12/03/2012 14:34:23] /a 5
[12/03/2012 14:34:24] /a 5
[12/03/2012 14:35:16] /up
[12/03/2012 14:35:23] /up
[12/03/2012 14:35:28] /a 5
[12/03/2012 14:35:30] /a 5
[12/03/2012 14:35:36] /a 5
[12/03/2012 14:35:42] /up
[12/03/2012 14:35:43] /a 5
[12/03/2012 14:35:45] /a 5
[12/03/2012 14:35:48] /a 5
[12/03/2012 14:35:49] /a 5
[12/03/2012 14:35:58] /a 5
[12/03/2012 14:35:59] /a 5
[12/03/2012 14:36:00] /a 5
[12/03/2012 14:36:01] /a 5
[12/03/2012 14:36:03] /a 5
[12/03/2012 14:36:07] /a 5
[12/03/2012 14:36:10] /a 5
[12/03/2012 14:37:06] /a 5
[12/03/2012 14:37:24] /a 5
[12/03/2012 14:37:25] /a 5
[12/03/2012 14:40:45] /a 5
[12/03/2012 14:41:08] /goto sr r~
[12/03/2012 14:41:35] /a 5
[12/03/2012 14:41:36] /a 5
[12/03/2012 14:41:39] /a 5
[12/03/2012 14:41:45] /goto sr r~
[12/03/2012 14:41:47] /goto sr r~
[12/03/2012 14:41:48] /goto sr r~
[12/03/2012 14:41:51] /goto sr r~
[12/03/2012 14:41:54] /goto sr r~
[12/03/2012 14:41:59] /goto sr r~
[12/03/2012 18:00:35] /a 1
[12/03/2012 18:00:44] /b fala meu povo e minha póva ..
[12/03/2012 18:00:58] /ghost
[12/03/2012 18:02:19] /up
[12/03/2012 18:02:20] /up
[12/03/2012 18:02:22] /c Herculin
[12/03/2012 18:02:42] /i stone
[12/03/2012 18:02:44] /i stone
[12/03/2012 18:02:46] /i stone
[12/03/2012 18:02:48] /i stone
[12/03/2012 18:02:50] /i stone
[12/03/2012 18:02:51] /i stone
[12/03/2012 18:02:53] /i stone
[12/03/2012 18:02:54] /i stone
[12/03/2012 18:02:58] /a 1
[12/03/2012 18:03:02] /ghost
[12/03/2012 18:03:07] /m ghazbaran
[12/03/2012 18:03:10] /a 5
[12/03/2012 18:03:15] /ghost
[12/03/2012 18:03:41] /c Bruna Surfistinha
[12/03/2012 18:03:59] /a 1
[12/03/2012 18:04:01] /r
[12/03/2012 18:06:14] /b ta avisado , se fizerem fake pra ferrar outros fake vo bani ..
[12/03/2012 18:06:26] /b ta avisado , se fizerem fake pra ferrar outros fake vo bani ..
[12/03/2012 18:06:27] /b ta avisado , se fizerem fake pra ferrar outros fake vo bani ..
[12/03/2012 18:06:27] /b ta avisado , se fizerem fake pra ferrar outros fake vo bani ..
[12/03/2012 18:06:28] /b ta avisado , se fizerem fake pra ferrar outros fake vo bani ..
[12/03/2012 18:06:29] /b ta avisado , se fizerem fake pra ferrar outros fake vo bani ..
[12/03/2012 18:06:33] /t herculin
[12/03/2012 18:06:39] /t bruna surfistinha
[12/03/2012 18:06:45] /r
[12/03/2012 18:06:46] /r
[12/03/2012 18:06:48] /r
[12/03/2012 18:06:49] /r
[12/03/2012 18:06:51] /r
[12/03/2012 18:06:52] /r
[12/03/2012 18:06:54] /r
[12/03/2012 18:06:56] /r
[12/03/2012 18:06:58] /t
[12/03/2012 18:07:02] /a 
[12/03/2012 18:07:39] /b MERMÃO O CARA N É BUGADO , ELE ME AMOSTRO TUDO , VOCÊS TAO FAZENDO FAKE AE PRA FERRAR O CARA .
[12/03/2012 18:08:13] /up
[12/03/2012 18:08:14] /up
[12/03/2012 18:08:18] /c herculin
[12/03/2012 18:09:05] /t herculin
[12/03/2012 18:09:07] /ghost
[12/03/2012 18:09:09] /t
[12/03/2012 18:09:40] /goto no ame
[12/03/2012 18:09:47] /goto no name
[12/03/2012 18:10:49] /goto herculin
[12/03/2012 18:11:12] /ghost
[12/03/2012 18:11:42] /a 5
[12/03/2012 18:11:47] /a 1
[12/03/2012 18:11:54] /ghost
[12/03/2012 18:11:58] /c herculin
[12/03/2012 18:12:00] /t
[12/03/2012 18:12:18] /b herculin tomou jail , só vai sair quando o adm falar com ele
[12/03/2012 18:12:32] /ghost
[12/03/2012 18:18:49] /a 5
[12/03/2012 18:22:36] /goto herculin
[12/03/2012 18:24:52] /goto Shoose
[12/03/2012 18:25:05] /goto Shoose
[12/03/2012 18:25:19] /c mary~
[12/03/2012 18:25:34] /t shoose
[12/03/2012 18:25:41] /t mary~
[12/03/2012 18:25:43] /t
[12/03/2012 18:25:54] /t
[12/03/2012 18:26:35] /a 5
[12/03/2012 18:26:53] /down The Killerzinho
[12/03/2012 18:26:59] /t
[12/03/2012 18:28:25] /ghost
[12/03/2012 18:28:59] /a 5
[12/03/2012 18:29:50] /a 5
[12/03/2012 18:29:51] /a 5
[12/03/2012 18:29:51] /a 5
[12/03/2012 18:29:51] /a 5
[12/03/2012 18:29:51] /a 5
[12/03/2012 18:29:51] /a 5
[12/03/2012 18:29:51] /a 5
[12/03/2012 18:29:51] /a 5
[12/03/2012 18:29:51] /a 5
[12/03/2012 18:29:51] /a 5
[12/03/2012 18:29:52] /a 5
[12/03/2012 18:29:54] /a 5
[12/03/2012 18:29:54] /a 5
[12/03/2012 18:29:55] /a 5
[12/03/2012 18:29:55] /a 5
[12/03/2012 18:29:56] /a 5
[12/03/2012 18:29:57] /a 5
[12/03/2012 18:29:58] /a 5
[12/03/2012 18:29:58] /a 5
[12/03/2012 18:29:59] /a 5
[12/03/2012 18:29:59] /a 5
[12/03/2012 18:29:59] /a 5
[12/03/2012 18:30:00] /a 5
[12/03/2012 18:30:00] /a 5
[12/03/2012 18:30:03] /a 5
[12/03/2012 18:30:04] /a 5
[12/03/2012 18:30:04] /a 5
[12/03/2012 18:30:05] /a 5
[12/03/2012 18:33:37] /a 5
[12/03/2012 18:33:40] /a 5
[12/03/2012 18:33:44] /a 5
[12/03/2012 18:33:46] /a 5
[12/03/2012 18:33:50] /a 2
[12/03/2012 18:33:51] /a 5
[12/03/2012 18:33:54] /a 2
[12/03/2012 18:33:55] /a 5
[12/03/2012 18:33:57] /a 2
[12/03/2012 18:34:01] /a 5
[12/03/2012 18:34:01] /a 5
[12/03/2012 18:34:06] /a 2
[12/03/2012 18:34:11] /a 5
[12/03/2012 18:34:13] /a 5
[12/03/2012 18:34:18] /a 5
[12/03/2012 18:34:19] /a 5
[12/03/2012 18:34:22] /a 2
[12/03/2012 18:34:26] /a 5
[12/03/2012 18:34:27] /a 5
[12/03/2012 18:34:31] /a 5
[12/03/2012 18:34:32] /a 5
[12/03/2012 18:34:36] /a 5
[12/03/2012 18:34:36] /a 5
[12/03/2012 18:34:37] /a 5
[12/03/2012 18:34:38] /a 5
[12/03/2012 18:34:38] /a 5
[12/03/2012 18:34:38] /a 5
[12/03/2012 18:34:38] /a 5
[12/03/2012 18:34:39] /a 5
[12/03/2012 18:34:39] /a 5
[12/03/2012 18:34:41] /a 2
[12/03/2012 18:34:43] /a 5
[12/03/2012 18:34:47] /a 5
[12/03/2012 18:34:47] /a 5
[12/03/2012 18:34:47] /a 5
[12/03/2012 18:34:48] /a 5
[12/03/2012 18:34:48] /a 5
[12/03/2012 18:34:48] /a 5
[12/03/2012 18:34:49] /a 5
[12/03/2012 18:34:49] /a 5
[12/03/2012 18:34:49] /a 5
[12/03/2012 18:34:49] /a 5
[12/03/2012 18:34:50] /a 5
[12/03/2012 18:34:50] /a 5
[12/03/2012 18:34:50] /a 5
[12/03/2012 18:34:51] /a 5
[12/03/2012 18:34:51] /a 5
[12/03/2012 18:34:51] /a 5
[12/03/2012 18:34:51] /a 5
[12/03/2012 18:34:52] /a 5
[12/03/2012 18:34:52] /a 5
[12/03/2012 18:34:52] /a 5
[12/03/2012 18:34:52] /a 5
[12/03/2012 18:34:53] /a 5
[12/03/2012 18:34:53] /a 5
[12/03/2012 18:34:53] /a 5
[12/03/2012 18:34:53] /a 5
[12/03/2012 18:34:54] /a 5
[12/03/2012 18:34:54] /a 5
[12/03/2012 18:34:54] /a 5
[12/03/2012 18:34:55] /a 5
[12/03/2012 18:34:55] /a 5
[12/03/2012 18:34:55] /a 5
[12/03/2012 18:34:56] /a 5
[12/03/2012 18:34:56] /a 5
[12/03/2012 18:34:56] /a 5
[12/03/2012 18:34:57] /a 5
[12/03/2012 18:34:58] /a 5
[12/03/2012 18:34:58] /a 5
[12/03/2012 18:34:58] /a 5
[12/03/2012 18:34:59] /a 5
[12/03/2012 18:34:59] /a 5
[12/03/2012 18:35:00] /a 5
[12/03/2012 18:35:09] /a 5
[12/03/2012 18:35:10] /a 5
[12/03/2012 18:35:10] /a 5
[12/03/2012 18:35:11] /a 5
[12/03/2012 18:35:44] /c herculin
[12/03/2012 18:36:15] /ghost
[12/03/2012 18:36:19] /ghost
[12/03/2012 18:36:39] /t
[12/03/2012 18:37:18] /a 5
[12/03/2012 18:37:22] /ghost
[12/03/2012 18:40:35] /ghost
[12/03/2012 18:40:40] /goto herculin
[12/03/2012 18:43:02] /goto herculin
[12/03/2012 18:43:26] /goto herculin
[12/03/2012 18:44:03] /goto herculin
[12/03/2012 18:44:08] /goto herculin
[12/03/2012 18:44:10] /goto herculin
[12/03/2012 18:44:11] /goto herculin
[12/03/2012 18:44:13] /goto herculin
[12/03/2012 18:44:14] /goto herculin
[12/03/2012 18:45:06] /up
[12/03/2012 18:45:07] /up
[12/03/2012 18:45:10] /c herculin
[12/03/2012 18:45:14] /c the killer
[12/03/2012 18:45:19] /ghost
[12/03/2012 18:46:47] /c the killer
[12/03/2012 18:48:08] /c Othavio
[12/03/2012 18:48:35] /c the killer
[12/03/2012 18:48:41] /t Othavio
[12/03/2012 18:49:06] /c the killer
[12/03/2012 18:49:17] /c assassin
[12/03/2012 18:49:42] /t assassin
[12/03/2012 18:50:05] /ghost
[12/03/2012 18:50:10] /t the killer
[12/03/2012 18:50:14] /t herculin
[12/03/2012 18:50:15] /r
[12/03/2012 18:50:19] /r
[12/03/2012 18:50:20] /t
[12/03/2012 18:53:17] /goto the killer
[12/03/2012 18:53:27] /goto the killer
[12/03/2012 18:53:30] /goto the killer
[12/03/2012 18:53:31] /goto the killer
[12/03/2012 18:53:32] /goto the killer
[12/03/2012 18:53:33] /goto the killer
[12/03/2012 18:53:36] /goto the killer
[12/03/2012 18:53:38] /goto the killer
[12/03/2012 18:54:35] /goto the killer
[12/03/2012 18:55:43] /goto the killer
[12/03/2012 18:55:52] /goto the killer
[12/03/2012 18:55:55] /goto the killer
[12/03/2012 18:55:56] /goto the killer
[12/03/2012 18:56:33] /goto the killer
[12/03/2012 18:56:35] /goto the killer
[12/03/2012 18:56:38] /goto the killer
[12/03/2012 18:56:40] /goto the killer
[12/03/2012 18:56:45] /goto the killer
[12/03/2012 18:57:04] /goto herculin
[12/03/2012 18:57:40] /goto the killer
[12/03/2012 18:57:44] /goto herculin
[12/03/2012 18:58:51] /goto the killer
[12/03/2012 18:59:14] /goto the killer
[12/03/2012 18:59:18] /goto the killer
[12/03/2012 18:59:19] /goto the killer
[12/03/2012 18:59:20] /goto the killer
[12/03/2012 18:59:23] /t
[12/03/2012 18:59:43] /goto herculin
[12/03/2012 18:59:48] /t
[12/03/2012 18:59:51] /goto the killer
[12/03/2012 18:59:55] /goto the killer
[12/03/2012 19:01:10] /goto herculin
[12/03/2012 19:01:11] /goto the killer
[12/03/2012 19:01:32] /goto the killer
[12/03/2012 19:01:34] /goto the killer
[12/03/2012 19:01:35] /goto the killer
[12/03/2012 19:01:37] /goto the killer
[12/03/2012 19:01:40] /goto the killer
[12/03/2012 19:01:41] /goto the killer
[12/03/2012 19:01:47] /goto the killer
[12/03/2012 19:02:37] /up
[12/03/2012 19:02:38] /up
[12/03/2012 19:02:44] /c herculin
[12/03/2012 19:02:45] /ghost
[12/03/2012 19:03:12] /m demon
[12/03/2012 19:03:30] /m treiner
[12/03/2012 19:06:19] /r
[12/03/2012 19:06:21] /r
[12/03/2012 19:07:00] /r
[12/03/2012 19:07:09] /m treiner
[12/03/2012 19:07:25] /ghost
[12/03/2012 19:07:27] /ghost
[12/03/2012 19:07:52] /c admin
[12/03/2012 19:18:46] /i spellbook of shadow
[12/03/2012 19:22:25] /c herculin
[12/03/2012 19:23:42] /a 1
[12/03/2012 19:24:31] /goto adm
[12/03/2012 19:24:45] /goto kiji
[12/03/2012 19:24:58] /goto adm
[12/03/2012 19:25:01] /goto adm
[12/03/2012 19:25:03] /goto adm
[12/03/2012 19:25:04] /goto adm
[12/03/2012 19:25:07] /goto adm
[12/03/2012 19:25:09] /goto adm
[12/03/2012 19:25:13] /goto adm
[12/03/2012 19:25:19] /goto adm
[12/03/2012 19:49:10] /t
[12/03/2012 20:48:36] /ghost
[12/03/2012 20:48:38] /ghost
[12/03/2012 20:48:44] /a 1
[12/03/2012 20:51:05] /b afk
[12/03/2012 21:19:58] /goto no name
[12/03/2012 21:20:23] /ghost
[12/03/2012 21:20:28] /a 5
[12/03/2012 21:20:52] /a 5
[12/03/2012 21:20:53] /a 5
[12/03/2012 21:21:09] /a 5
[12/03/2012 21:21:50] /a 5
[12/03/2012 21:22:14] /a 5
[12/03/2012 21:22:16] /a 5
[12/03/2012 21:22:17] /a 5
[12/03/2012 21:22:18] /a 5
[12/03/2012 21:22:19] /a 5
[12/03/2012 21:22:21] /r
[12/03/2012 21:22:28] /r
[12/03/2012 21:22:37] /r
[12/03/2012 21:22:39] /a 5
[12/03/2012 21:22:40] /a 5
[12/03/2012 21:23:00] /a 5
[12/03/2012 21:23:01] /a 5
[12/03/2012 21:23:03] /a 5
[12/03/2012 21:23:46] /a 5
[12/03/2012 21:23:48] /ghost
[12/03/2012 21:23:58] /a 5
[12/03/2012 21:24:09] /a 5
[12/03/2012 21:24:13] /r
[12/03/2012 21:24:22] /a 5
[12/03/2012 21:24:49] /c no team
[12/03/2012 21:24:59] /c devil caos
[12/03/2012 21:25:04] /ghost
[12/03/2012 21:25:11] /ghost
[12/03/2012 21:25:26] /r
[12/03/2012 21:25:42] /ghost
[12/03/2012 21:27:31] /c no team
[12/03/2012 21:28:57] /c no team
[12/03/2012 21:29:01] /c no team
[12/03/2012 21:29:03] /c no team
[12/03/2012 21:29:31] /r
[12/03/2012 21:29:32] /r
[12/03/2012 21:29:38] /r
[12/03/2012 21:29:49] /c no team
[12/03/2012 21:29:57] /c devil caos
[12/03/2012 21:30:07] /c devil~
[12/03/2012 21:30:21] /c devil caos
[12/03/2012 21:30:29] /c devil caos
[12/03/2012 21:31:02] /a 5
[12/03/2012 21:31:04] /a 5
[12/03/2012 21:31:05] /a 5
[12/03/2012 21:31:22] /a 5
[12/03/2012 21:31:28] /a 5
[12/03/2012 21:31:30] /a 5
[12/03/2012 21:31:33] /a 5
[12/03/2012 21:31:37] /a 2
[12/03/2012 21:31:55] /a 5
[12/03/2012 21:31:59] /r
[12/03/2012 21:32:12] /goto no name
[12/03/2012 21:32:17] /a 5
[12/03/2012 21:32:42] /t hiok
[12/03/2012 21:32:45] /a 5
[12/03/2012 21:32:47] /a 5
[12/03/2012 21:32:53] /a 5
[12/03/2012 21:33:02] /r
[12/03/2012 21:33:05] /r
[12/03/2012 21:33:20] /r
[12/03/2012 21:33:22] /r
[12/03/2012 21:33:32] /r
[12/03/2012 21:33:40] /r
[12/03/2012 21:33:46] /a 5
[12/03/2012 21:33:48] /a 5
[12/03/2012 21:33:51] /a 5
[12/03/2012 21:34:00] /ghost
[12/03/2012 21:34:34] /t no team
[12/03/2012 21:34:46] /c no team
[12/03/2012 21:36:10] /i master vip bow
[12/03/2012 21:36:17] /c no team
[12/03/2012 21:37:00] /i master vip star
[12/03/2012 21:37:38] /ghost
[12/03/2012 21:37:41] /t
[12/03/2012 21:39:21] /goto no name
[12/03/2012 21:39:33] /t no name
[12/03/2012 21:39:36] /a 5
[12/03/2012 21:40:22] /i 6132
[12/03/2012 21:40:23] /i 6132
[12/03/2012 21:40:24] /i 6132
[12/03/2012 21:41:51] /up
[12/03/2012 21:41:53] /ghost
[12/03/2012 21:42:31] /i crystal coins
[12/03/2012 21:42:42] /i 2160
[12/03/2012 21:42:44] /i 2160
[12/03/2012 21:47:12] /ghost
[12/03/2012 21:48:48] /a 5
[12/03/2012 21:48:50] /a 5
[12/03/2012 21:48:55] /a 5
[12/03/2012 21:48:55] /a 5
[12/03/2012 21:48:56] /a 5
[12/03/2012 21:48:56] /a 5
[12/03/2012 21:48:57] /a 5
[12/03/2012 21:48:57] /a 5
[12/03/2012 21:48:57] /a 5
[12/03/2012 21:48:57] /a 5
[12/03/2012 21:48:57] /a 5
[12/03/2012 21:48:58] /a 5
[12/03/2012 21:48:58] /a 5
[12/03/2012 21:48:58] /a 5
[12/03/2012 21:48:59] /a 5
[12/03/2012 21:48:59] /a 5
[12/03/2012 21:49:00] /a 5
[12/03/2012 21:49:00] /a 5
[12/03/2012 21:49:01] /a 5
[12/03/2012 21:49:01] /a 5
[12/03/2012 21:51:09] /r
[12/03/2012 21:51:11] /r
[12/03/2012 21:51:19] /save
[12/03/2012 21:51:30] /t
[13/03/2012 13:12:19] /b boa tarde ..
[13/03/2012 13:12:21] /ghost
[13/03/2012 13:12:23] /ghost
[13/03/2012 13:12:29] /ghost
[13/03/2012 13:12:31] /a 1
[13/03/2012 13:13:06] /ghost
[13/03/2012 13:13:09] /goto devil caoes
[13/03/2012 13:13:12] /goto devil caos
[13/03/2012 13:13:16] /goto devil caos
[13/03/2012 13:13:20] /goto devil caos
[13/03/2012 13:13:22] /goto devil caos
[13/03/2012 13:13:46] /goto devil caos
[13/03/2012 13:13:47] /goto devil caos
[13/03/2012 13:13:49] /goto devil caos
[13/03/2012 13:13:50] /goto devil caos
[13/03/2012 13:13:51] /goto devil caos
[13/03/2012 13:13:52] /goto devil caos
[13/03/2012 13:14:01] /goto devil caos
[13/03/2012 13:14:03] /goto devil caos
[13/03/2012 13:14:04] /goto devil caos
[13/03/2012 13:14:05] /goto devil caos
[13/03/2012 13:14:19] /goto devil caos
[13/03/2012 13:14:26] /goto devil caos
[13/03/2012 13:14:33] /goto devil caos
[13/03/2012 13:17:03] /goto devil caos
[13/03/2012 13:17:06] /a 5
[13/03/2012 13:17:08] /a 5
[13/03/2012 13:17:17] /a 4
[13/03/2012 13:17:35] /a 4
[13/03/2012 13:18:55] /i machete
[13/03/2012 13:32:06] /ghost
[13/03/2012 13:32:08] /ghost
[13/03/2012 13:32:14] /goto devil caos
[13/03/2012 13:32:31] /r
[13/03/2012 13:32:43] /a 5
[13/03/2012 13:32:44] /a 5
[13/03/2012 13:32:48] /a 1
[13/03/2012 13:32:50] /r
[13/03/2012 13:32:56] /goto devil caos
[13/03/2012 13:32:59] /goto devil caos
[13/03/2012 13:33:01] /goto devil caos
[13/03/2012 13:33:05] /a 5
[13/03/2012 13:33:36] /a 5
[13/03/2012 13:33:47] /a 1
[13/03/2012 13:33:48] /r
[13/03/2012 13:33:51] /a 1
[13/03/2012 13:34:09] /a 1
[13/03/2012 13:34:19] /goto devil caos
[13/03/2012 13:34:21] /goto devil caos
[13/03/2012 13:34:23] /goto devil caos
[13/03/2012 13:34:25] /goto devil caos
[13/03/2012 13:34:52] /a 1
[13/03/2012 13:35:07] /r
[13/03/2012 13:35:26] /a 5
[13/03/2012 13:35:45] /a 5
[13/03/2012 13:35:46] /a 5
[13/03/2012 13:35:47] /a 5
[13/03/2012 13:36:35] /a 5
[13/03/2012 13:37:37] /a 5
[13/03/2012 13:37:51] /a 5
[13/03/2012 13:39:53] /t
[13/03/2012 13:41:01] /goto pally of inferno
[13/03/2012 13:41:08] /goto pally of inferno
[13/03/2012 13:41:18] /goto devil caos
[13/03/2012 13:41:22] /ghost
[13/03/2012 13:42:34] /ghost
[13/03/2012 13:45:11] /ghost
[13/03/2012 13:46:14] /b VEI N VOU PUXAR NGM PRA VIP 2 , QUE COISA -.-'
[13/03/2012 13:46:38] /goto devil caos
[13/03/2012 13:46:40] /ghost
[13/03/2012 13:46:43] /goto devil caos
[13/03/2012 13:46:45] /goto devil caos
[13/03/2012 13:46:47] /goto devil caos
[13/03/2012 13:46:52] /goto devil caos
[13/03/2012 13:47:06] /c devil caos
[13/03/2012 13:48:18] /a 5
[13/03/2012 13:48:19] /a 5
[13/03/2012 13:48:23] /a 5
[13/03/2012 13:48:25] /a 5
[13/03/2012 13:48:28] /a 5
[13/03/2012 13:48:31] /a 5
[13/03/2012 13:48:39] /a 5
[13/03/2012 13:48:42] /a 2
[13/03/2012 13:48:45] /a 2
[13/03/2012 13:48:47] /a 5
[13/03/2012 13:48:49] /a 5
[13/03/2012 13:48:50] /a 5
[13/03/2012 13:48:53] /a 3
[13/03/2012 13:48:56] /a 5
[13/03/2012 13:48:58] /a 2
[13/03/2012 13:48:59] /a 5
[13/03/2012 13:49:02] /a 2
[13/03/2012 13:49:04] /a 5
[13/03/2012 13:49:05] /a 5
[13/03/2012 13:49:09] /a 5
[13/03/2012 13:49:11] /a 5
[13/03/2012 13:49:13] /a 2
[13/03/2012 13:49:15] /a 2
[13/03/2012 13:49:19] /a 5
[13/03/2012 13:49:21] /a 5
[13/03/2012 13:49:34] /r
[13/03/2012 13:49:38] /r
[13/03/2012 13:49:44] /c devil caos
[13/03/2012 13:50:10] /r
[13/03/2012 13:50:13] /c devil caos
[13/03/2012 13:50:44] /t
[13/03/2012 14:00:18] /goto devil caos
[13/03/2012 14:00:39] /ghost
[13/03/2012 14:03:39] /ghost
[13/03/2012 14:03:40] /a 5
[13/03/2012 14:03:41] /a 5
[13/03/2012 14:03:42] /a 5
[13/03/2012 14:03:42] /a 5
[13/03/2012 14:03:42] /a 5
[13/03/2012 14:03:43] /a 5
[13/03/2012 14:04:11] /a 5
[13/03/2012 14:04:12] /a 5
[13/03/2012 14:04:13] /a 5
[13/03/2012 14:04:14] /a 5
[13/03/2012 14:04:16] /a 5
[13/03/2012 14:04:47] /b pra qm ta achando que vai fazer vip 2 só em mage tenho uma dika .. TENHO PENA DE VOCÊS '-'
[13/03/2012 14:05:23] /a 5
[13/03/2012 14:05:25] /a 5
[13/03/2012 14:05:35] /a 5
[13/03/2012 14:05:37] /a 5
[13/03/2012 14:05:39] /a 5
[13/03/2012 14:06:30] /t
[13/03/2012 14:08:13] /i 1 talon
[13/03/2012 14:08:19] /i talon
[13/03/2012 14:10:32] /goto Coisinha
[13/03/2012 14:10:49] /c pally~
[13/03/2012 14:10:55] /c pally of inferno
[13/03/2012 14:11:05] /a 5
[13/03/2012 14:11:06] /a 5
[13/03/2012 14:11:08] /a 5
[13/03/2012 14:11:10] /a 5
[13/03/2012 14:11:12] /a 5
[13/03/2012 14:11:23] /a 5
[13/03/2012 14:11:25] /a 5
[13/03/2012 14:13:02] /a 1
[13/03/2012 14:13:59] /a 5
[13/03/2012 14:14:19] /b to rindo mt , KKKKK
[13/03/2012 14:14:36] /ghost
[13/03/2012 14:15:22] /ghost
[13/03/2012 14:17:41] /b n vou puchar dnv..
[13/03/2012 14:17:47] /a 5
[13/03/2012 14:18:57] /b puxei ngm pra matar ngm , vcs n ve o item do cara e o level , ele passa aqui mt rapido pelos bixos , itens dele tudo vip gold ..
[13/03/2012 14:19:37] /b Pela milezima vez , eu nao tenho char , o adm da deleted se eu criar --'
[13/03/2012 14:19:45] /a 5
[13/03/2012 14:20:16] /b lvl 300 matando lvl 600 era o cara de ontem que achou um book bugado e a ue dele hitava 6k
[13/03/2012 14:20:22] /b mais ja foi resolvido .
[13/03/2012 14:20:30] /a 5
[13/03/2012 14:20:34] /a 5
[13/03/2012 14:20:41] /a 2
[13/03/2012 14:21:16] /b Pally of Inferno não é editado , ele apenas tem os bag tudo vip , mesma coisa o Sir Death ..
[13/03/2012 14:21:22] /a 5
[13/03/2012 14:22:24] /a 5
[13/03/2012 14:23:36] /a 5
[13/03/2012 14:24:51] /a 5
[13/03/2012 14:26:13] /a 5
[13/03/2012 14:26:35] /kick peng leng
[13/03/2012 14:27:24] /up
[13/03/2012 14:27:31] /t
[13/03/2012 14:27:40] /a 1
[13/03/2012 14:27:42] /ghost
[13/03/2012 14:29:04] /t eu vim te amta
[13/03/2012 14:29:11] /t Eu Vim Te Mata
[13/03/2012 14:30:15] /t
[13/03/2012 14:30:21] /a 1
[13/03/2012 19:38:07] /a 1
[13/03/2012 19:38:14] /b boa noite .
[13/03/2012 19:38:29] /ghost
[13/03/2012 19:38:58] /ghost
[16/03/2012 21:15:40] /a 1
[16/03/2012 21:15:45] /goto no name
[16/03/2012 21:16:14] /t
[16/03/2012 21:16:18] /a 1
[16/03/2012 21:19:10] /changename [CM] Illusion
[16/03/2012 21:19:28] /i crystal coin
[16/03/2012 21:19:37] /changename [CM] Illusion
