[09/12/2011 21:21:47] /i
[09/12/2011 21:22:24] /i
[09/12/2011 21:25:24] /i
[09/12/2011 21:27:42] /s
[09/12/2011 21:27:55] /s orc
[09/12/2011 21:28:28] /s bazir
[09/12/2011 21:29:23] /s apokalipse
[09/12/2011 21:29:40] /s morgaroth
[09/12/2011 21:29:46] /s morgaroth
[09/12/2011 21:29:46] /s morgaroth
[09/12/2011 21:31:15] /i emerald sword
[09/12/2011 21:32:41] /i the calamity
[09/12/2011 21:33:49] /m
[09/12/2011 21:33:51] /m
[09/12/2011 21:33:54] /m treiner
[09/12/2011 21:35:30] /attr set attackspeed 1
[09/12/2011 21:35:36] /attr set attackspeed 20
[09/12/2011 21:35:42] /attr set attackspeed 200
[09/12/2011 21:35:48] /attr set attackspeed 20000000
[09/12/2011 21:36:13] /attr set attackspeed 20000000
[09/12/2011 21:36:43] /attr set attackspeed 200
[09/12/2011 21:37:04] /attr set attackspeed 200000
[09/12/2011 21:37:24] /attr set attackspeed 20
[09/12/2011 21:37:39] /attr set attackspeed 20.
[09/12/2011 21:38:48] /t
[09/12/2011 21:45:05] /t
[09/12/2011 21:50:46] /s dragon lord
[09/12/2011 21:51:50] /s orc]
[09/12/2011 21:51:53] /s orc
[09/12/2011 21:52:24] /s garzbaran
[09/12/2011 21:52:33] /s morgaroth
[09/12/2011 21:54:30] /i shield pf corruption
[09/12/2011 21:54:38] /i shield of corruption
[09/12/2011 22:09:19] /c luucas
[09/12/2011 22:10:39] /addskill 120
[09/12/2011 22:10:48] /addskill 120 luucas
[09/12/2011 22:11:02] /addskill 
[09/12/2011 22:11:33] /i sd
[09/12/2011 22:11:48] /i sudden death rune
[09/12/2011 22:12:09] /addskill
[09/12/2011 22:12:29] /addskill level luucas 120
[09/12/2011 22:12:50] /t
[09/12/2011 22:13:33] /s morgaroth
[09/12/2011 22:15:05] /s demon
[09/12/2011 22:15:22] /s demon
[09/12/2011 22:15:52] /goto luucas
[09/12/2011 22:16:15] /i addon doll
[09/12/2011 22:16:45] /i extreme mage
[09/12/2011 22:16:55] /t
[09/12/2011 22:18:28] /m rat
[09/12/2011 22:18:30] /m rat
[09/12/2011 22:18:55] /addskill magic level 100
[09/12/2011 22:19:05] /addskill
[09/12/2011 22:19:26] /addskill kawan gato 100
[09/12/2011 22:19:33] /addskill kawan gato level 100
[09/12/2011 22:20:21] /goto luucas
[09/12/2011 22:20:36] /t
[09/12/2011 22:21:33] /addskill
[09/12/2011 22:22:10] /m demon
[09/12/2011 22:22:30] /m dragon
[09/12/2011 22:22:39] /m dragon
[09/12/2011 22:23:15] /m swarf
[09/12/2011 22:23:20] /m dwarf
[09/12/2011 22:23:21] /m dwarf
[09/12/2011 22:23:22] /m dwarf
[09/12/2011 22:23:27] /m dwarf
[09/12/2011 22:23:29] /m dwarf
[09/12/2011 22:23:35] /m dwarf
[09/12/2011 22:23:47] /m dwarf
[09/12/2011 22:24:10] /m dwarf
[09/12/2011 22:25:21] /goto luucas
[09/12/2011 22:27:13] /t
[09/12/2011 22:30:10] /n
[09/12/2011 22:31:04] /n vip wand
[09/12/2011 22:31:10] /n emerald sword
[09/12/2011 22:32:10] /c luucas
[09/12/2011 22:34:28] /i wand of voodoo
[09/12/2011 22:34:47] /m demon
[09/12/2011 22:35:46] /i staff of baiak
[09/12/2011 22:36:07] /m demon
[09/12/2011 22:37:24] /i imperium sword
[09/12/2011 22:38:55] /m morgaroth
[09/12/2011 22:42:23] /i warrior armor
[09/12/2011 22:42:42] /c poileo
[09/12/2011 22:43:46] /m garzbaran
[09/12/2011 22:44:10] /m bazir
[09/12/2011 22:44:20] /c luucas
[09/12/2011 22:44:46] /m dragon lord
[09/12/2011 22:45:22] /m water elemental
[09/12/2011 22:46:43] /m giant spider
[09/12/2011 22:46:50] /m giant spider
[09/12/2011 22:46:51] /m giant spider
[09/12/2011 22:46:51] /m giant spider
[09/12/2011 22:46:52] /m giant spider
[09/12/2011 22:46:52] /m giant spider
[09/12/2011 22:46:53] /m giant spider
[09/12/2011 22:47:25] /m giant spider
[09/12/2011 22:47:37] /i mana potion
[09/12/2011 22:47:58] /m infernatil
[09/12/2011 22:48:02] /c luucas
[09/12/2011 22:50:04] /m bug
[09/12/2011 22:50:43] /r
[09/12/2011 22:50:45] /r
[09/12/2011 22:50:46] /r
[09/12/2011 22:50:50] /r
[09/12/2011 22:52:51] /m dragon
