[01/05/2012 00:46:22] /b Boa Noite Galera.
[01/05/2012 00:53:21] /b Viu alguem abusando de algum bug? Denuncie. Tem Alguma Duvida? Pergunte. Tutores Fiingers Attack e Floripa Surf Estamos no Help Para Ajudar.
[01/05/2012 01:00:37] /clean
[01/05/2012 01:02:23] /b Duvidas no help, Denuncias Msg Private.
[01/05/2012 01:29:55] /b Duvidas Help, Denuncias Msg Private.
[01/05/2012 01:58:25] /b Boa Noite a Todos Boa Diversao, Amanha Cedo Estou De Voolta :)
[01/05/2012 13:20:06] /b Boa Tarde Galerinha, Duvidas Help.
[01/05/2012 13:21:06] /b Clean Em 10 Segundos.
[01/05/2012 13:21:17] /clean
[01/05/2012 13:36:33] /b Duvidas Help, Denuncias Msg Me Private.
[01/05/2012 13:48:55] /b Clean em 10 Segundos.
[01/05/2012 13:49:08] /clean
[01/05/2012 13:58:20] /b Vetus War Previsao De Abertura Dia 1 ou 2 de Maio.
[01/05/2012 14:01:35] /b Muurilao Pallyzord, Esta Reunindo Grupo Para Quest Vip2 Entrem No Teleport Da Quest Ou Mandem Pvt Para Ele.
[01/05/2012 14:06:09] /b Clean em 10 Segundos.
[01/05/2012 14:06:34] /clean
[01/05/2012 14:22:16] /clean
[01/05/2012 14:25:10] /b Duvidas Help.
[01/05/2012 14:36:33] /clean
[01/05/2012 14:39:18] /b Team Vip2 Quem Quiser Só Vir.
[01/05/2012 15:54:30] /b Pessoal Pesso que tenham um pouco de paciencia ADM vai resolver o problema dos Kicks.
[01/05/2012 15:56:48] /b Pessoal Fiquem no Templo Ou Em Locais Seguros Até Ser Resolvido.
[01/05/2012 16:18:00] /b ADM ON ?
[01/05/2012 16:27:33] /b DEU UMA MELHORADA NO LAG PESSOAL ?
[01/05/2012 16:51:59] /baninfo
[01/05/2012 16:52:52] /b Duvidas, Sugestoes, Reclamaçoes Use O Canal Help.
[01/05/2012 17:09:05] /b Clean em algums segundos.
[01/05/2012 17:09:14] /clean
[01/05/2012 17:25:39] /b Duvidas Help.
[01/05/2012 18:03:37] /b Galerinha que esta esperando Vetus War - Previsao De Inauguraçao Para Hoje a Noite Ou No Maximo Amanha Aguardem.
[01/05/2012 18:49:05] /b Clean em 10 Segundos.
[01/05/2012 18:49:19] /clean
[01/05/2012 18:59:42] /b Pessoal Concentraçao Para Quest Vip2 Entrem No Tp Vamos Se Reunir.
[01/05/2012 19:01:30] /b Ultima Chamada Para Quest Vip2.
[01/05/2012 19:06:13] /b Pessoal Druids Sio No Ek.
[01/05/2012 19:22:36] /b Clean em 10 segundos.
[01/05/2012 19:22:48] /clean
[01/05/2012 19:33:58] /b TODO MUNDO QUE ESTA NA VIP2 PRESTA ATENÇAO PARA DAR SIO NO KINA AVISADO.
[01/05/2012 19:55:32] /clean
[01/05/2012 19:59:52] /b Duvidas Help.
[02/05/2012 15:55:38] /b Duvidas Help.
[02/05/2012 16:04:22] /b Estamos se reunindo para quest vip2 Kinas,Druids Go Go Portal.
[02/05/2012 16:05:12] /b Algum Knight Desposto a Blocar ?
[02/05/2012 16:06:55] /b ULTIMA CHAMADA QUEM QUISER FAZER QUEST VIP2 GOGO TELEPORT ESTAMOS SE REUNINDO FAST OU MSG ME.
[02/05/2012 16:09:45] /b ULTIMA CHAMADA QUEM QUISER FAZER QUEST VIP2 GOGO TELEPORT ESTAMOS SE REUNINDO FAST OU MSG ME.
[02/05/2012 16:11:10] /b Druids Sio no Boy
[02/05/2012 16:16:56] /b PESSOAL DA QUEST ATENÇAO NO SIO
[02/05/2012 16:24:15] /b DUVIDAS USE O HELP.
[02/05/2012 17:37:19] /b Duvidas Help , Denuncias Msg Me Private.
[02/05/2012 17:40:15] /b Clean em 10 Segundos.
[02/05/2012 17:40:27] /clean
[02/05/2012 17:45:01] /b Daqui a pouco estou de volta Galera , Duvidas Help.
[09/05/2012 11:44:12] /b Duvidas Help.
[09/05/2012 11:50:42] /b Duvidas , Denuncias , Use O Help. Obrigado Bom Jogo
[09/05/2012 12:27:07] /b Bom jogo Galerinha , estou indo tirar meu Titulo De Eleitor Abraço.
[11/05/2012 15:31:33] /b Duvidas , Denuncias , Utilize o Help.
[18/05/2012 09:28:46] /pos Luy
[18/05/2012 09:28:53] /baninfo Luy
