[01/05/2012 00:46:50] /b Boa Noite Galera.
[01/05/2012 00:49:28] /b Duvidas, Sujestoes, Criticas, Opinioes, Denuncias, favor falar help !
[01/05/2012 00:54:18] /b Duvidas, Sujestoes, Criticas, Opinioes, Denuncias, favor falar help !
[01/05/2012 00:59:47] /b Duvidas, Sujestoes, Criticas, Opinioes, Denuncias, favor falar help !
[01/05/2012 01:00:29] /b Duvidas, Sujestoes, Criticas, Opinioes, Denuncias, favor falar help !
[01/05/2012 01:21:19] /b Duvidas, Sugestoes, Criticas, Opinioes, Denuncias, favor falar help !
[01/05/2012 01:26:35] /b Duvidas, Sugestoes, Criticas, Opinioes, Denuncias, favor falar help !
[01/05/2012 01:58:38] /b Duvidas, Sugestoes, Criticas, Opinioes, Denuncias, favor falar help !
[01/05/2012 02:03:28] /b ai galera quem quiser ir fazer a quest vip2 favor ir ao templo e falar com Capeta'de chapinha
[01/05/2012 02:03:29] /b ai galera quem quiser ir fazer a quest vip2 favor ir ao templo e falar com Capeta'de chapinha
[01/05/2012 02:03:30] /b ai galera quem quiser ir fazer a quest vip2 favor ir ao templo e falar com Capeta'de chapinha
[01/05/2012 02:03:30] /b ai galera quem quiser ir fazer a quest vip2 favor ir ao templo e falar com Capeta'de chapinha
[01/05/2012 02:03:30] /b ai galera quem quiser ir fazer a quest vip2 favor ir ao templo e falar com Capeta'de chapinha
[01/05/2012 02:03:57] /b ai galera quem quiser ir fazer a quest vip2 favor ir ao templo e falar com Capeta'de chapinha
[01/05/2012 02:03:57] /b ai galera quem quiser ir fazer a quest vip2 favor ir ao templo e falar com Capeta'de chapinha
[01/05/2012 02:03:57] /b ai galera quem quiser ir fazer a quest vip2 favor ir ao templo e falar com Capeta'de chapinha
[01/05/2012 03:59:16] /clean
[01/05/2012 04:00:10] /b salve
[01/05/2012 04:15:18] /b rapaziada algeum on fala help 
[01/05/2012 20:56:59] /b Duvidas, Sugestoes, Criticas, Opinioes, Denuncias, favor falar help !
[01/05/2012 20:59:29] /b  21:02 Eurushosemteclado [428]: GOGOGO TEAM QUEST VIP 2 COM EURUSHOSEMTECLADO
[01/05/2012 20:59:35] /b  21:02 Eurushosemteclado [428]: GOGOGO TEAM QUEST VIP 2 COM EURUSHOSEMTECLADO
[01/05/2012 20:59:35] /b  21:02 Eurushosemteclado [428]: GOGOGO TEAM QUEST VIP 2 COM EURUSHOSEMTECLADO
[01/05/2012 20:59:36] /b  21:02 Eurushosemteclado [428]: GOGOGO TEAM QUEST VIP 2 COM EURUSHOSEMTECLADO
[01/05/2012 22:33:46] /b Duvidas, Sugestoes, Criticas, Opinioes, Denuncias, favor falar help !
[01/05/2012 22:38:26] /b Duvidas, Sugestoes, Criticas, Opinioes, Denuncias, favor falar help !
[01/05/2012 23:16:06] /b Duvidas, Sugestoes, Criticas, Opinioes, Denuncias, favor falar help !
[01/05/2012 23:28:03] /b Duvidas, Sugestoes, Criticas, Opinioes, Denuncias, favor falar help !
[02/05/2012 00:12:08] /b Duvidas, Sugestoes, Criticas, Opinioes, Denuncias, favor falar help !
[02/05/2012 00:12:08] /b Duvidas, Sugestoes, Criticas, Opinioes, Denuncias, favor falar help !
[02/05/2012 00:12:08] /b Duvidas, Sugestoes, Criticas, Opinioes, Denuncias, favor falar help !
[02/05/2012 00:12:08] /b Duvidas, Sugestoes, Criticas, Opinioes, Denuncias, favor falar help !
[02/05/2012 00:12:09] /b Duvidas, Sugestoes, Criticas, Opinioes, Denuncias, favor falar help !
[02/05/2012 00:12:09] /b Duvidas, Sugestoes, Criticas, Opinioes, Denuncias, favor falar help !
[02/05/2012 00:12:09] /b Duvidas, Sugestoes, Criticas, Opinioes, Denuncias, favor falar help !
[02/05/2012 00:12:09] /b Duvidas, Sugestoes, Criticas, Opinioes, Denuncias, favor falar help !
[02/05/2012 00:12:09] /b Duvidas, Sugestoes, Criticas, Opinioes, Denuncias, favor falar help !
[02/05/2012 00:12:09] /b Duvidas, Sugestoes, Criticas, Opinioes, Denuncias, favor falar help !
[02/05/2012 00:12:09] /b Duvidas, Sugestoes, Criticas, Opinioes, Denuncias, favor falar help !
[02/05/2012 00:12:09] /b Duvidas, Sugestoes, Criticas, Opinioes, Denuncias, favor falar help !
[02/05/2012 00:12:09] /b Duvidas, Sugestoes, Criticas, Opinioes, Denuncias, favor falar help !
[02/05/2012 00:12:09] /b Duvidas, Sugestoes, Criticas, Opinioes, Denuncias, favor falar help !
[02/05/2012 00:12:10] /b Duvidas, Sugestoes, Criticas, Opinioes, Denuncias, favor falar help !
[02/05/2012 00:12:10] /b Duvidas, Sugestoes, Criticas, Opinioes, Denuncias, favor falar help !
[02/05/2012 00:12:10] /b Duvidas, Sugestoes, Criticas, Opinioes, Denuncias, favor falar help !
[02/05/2012 00:12:10] /b Duvidas, Sugestoes, Criticas, Opinioes, Denuncias, favor falar help !
[02/05/2012 00:12:10] /b Duvidas, Sugestoes, Criticas, Opinioes, Denuncias, favor falar help !
[02/05/2012 00:16:15] /b Duvidas, Sugestoes, Criticas, Opinioes, Denuncias, favor falar help !
[02/05/2012 00:17:04] /b Duvidas, Sugestoes, Criticas, Opinioes, Denuncias, favor falar help !
[02/05/2012 00:24:19] /b Duvidas, Sugestoes, Criticas, Opinioes, Denuncias, favor falar help !
[02/05/2012 00:29:00] /b Duvidas, Sugestoes, Criticas, Opinioes, Denuncias, favor falar help !
[02/05/2012 00:48:12] /b Duvidas, Sugestoes, Criticas, Opinioes, Denuncias, favor falar help !
[02/05/2012 00:58:20] /b Duvidas, Sugestoes, Criticas, Opinioes, Denuncias, favor falar help !
[02/05/2012 01:08:42] /b Duvidas, Sugestoes, Criticas, Opinioes, Denuncias, favor falar help !
[02/05/2012 01:12:37] /b Duvidas, Sugestoes, Criticas, Opinioes, Denuncias, favor falar help !
[02/05/2012 01:34:42] /b Duvidas, Sugestoes, Criticas, Opinioes, Denuncias, favor falar help !
[02/05/2012 01:57:38] /b Duvidas, Sugestoes, Criticas, Opinioes, Denuncias, favor falar help !
[02/05/2012 02:00:51] /b Duvidas, Sugestoes, Criticas, Opinioes, Denuncias, favor falar help !
[02/05/2012 02:01:28] /b Duvidas, Sugestoes, Criticas, Opinioes, Denuncias, favor falar help !
[02/05/2012 02:01:28] /b Duvidas, Sugestoes, Criticas, Opinioes, Denuncias, favor falar help !
[02/05/2012 02:03:04] /b Duvidas, Sugestoes, Criticas, Opinioes, Denuncias, favor falar help !
[02/05/2012 02:09:15] /b Duvidas, Sugestoes, Criticas, Opinioes, Denuncias, favor falar help !
[02/05/2012 02:11:04] /b Duvidas, Sugestoes, Criticas, Opinioes, Denuncias, favor falar help !
[02/05/2012 02:16:12] /b Duvidas, Sugestoes, Criticas, Opinioes, Denuncias, favor falar help !
[02/05/2012 02:19:02] /b Duvidas, Sugestoes, Criticas, Opinioes, Denuncias, favor falar help !
[02/05/2012 03:03:05] /b Duvidas, Sugestoes, Criticas, Opinioes, Denuncias, favor falar help !
[02/05/2012 03:08:32] /b vo caga, toma banho, bate uma, se secar, me vestir, come, e dps volto, qualquer coisa dexa msg, obrigado e afk!
[02/05/2012 03:08:34] /b vo caga, toma banho, bate uma, se secar, me vestir, come, e dps volto, qualquer coisa dexa msg, obrigado e afk!
[02/05/2012 03:08:35] /b vo caga, toma banho, bate uma, se secar, me vestir, come, e dps volto, qualquer coisa dexa msg, obrigado e afk!
[02/05/2012 03:41:39] /b Duvidas, Sugestoes, Criticas, Opinioes, Denuncias, favor falar help !
[02/05/2012 03:58:40] /b Duvidas, Sugestoes, Criticas, Opinioes, Denuncias, favor falar help !
[02/05/2012 04:10:06] /b Duvidas, Sugestoes, Criticas, Opinioes, Denuncias, favor falar help !
[02/05/2012 23:53:09] /b Duvidas, Sugestoes, Criticas, Opinioes, Denuncias, favor falar help !
[02/05/2012 23:56:27] /b Duvidas, Sugestoes, Criticas, Opinioes, Denuncias, favor falar help !
[03/05/2012 00:01:50] /b Duvidas, Sugestoes, Criticas, Opinioes, Denuncias, favor falar help !
[03/05/2012 00:05:34] /b Duvidas, Sugestoes, Criticas, Opinioes, Denuncias, favor falar help !
[03/05/2012 00:06:13] /b ia da uma ideia pro adm faze o outro ot de war com nossos chares desse ot com mesmo nick e tals mesmo lvl igual ai quando nois upace aki la upava tmb ai nois logava esse char la mas n interferia nada aki ai tu upa aki e faz war la quem apoia?
[03/05/2012 00:06:25] /b ia da uma ideia pro adm faze o outro ot de war com nossos chares desse ot com mesmo nick e tals mesmo lvl igual ai quando nois upace aki la upava tmb ai nois logava esse char la mas n interferia nada aki ai tu upa aki e faz war la quem apoia?
[03/05/2012 00:18:04] /b  00:21 Xinin [449]: PRECISAMOS DE DRUID PRA QUEST MASTER VIP
[03/05/2012 00:18:06] /b  00:21 Xinin [449]: PRECISAMOS DE DRUID PRA QUEST MASTER VIP
[03/05/2012 00:18:07] /b  00:21 Xinin [449]: PRECISAMOS DE DRUID PRA QUEST MASTER VIP
[03/05/2012 00:18:13] /b Duvidas, Sugestoes, Criticas, Opinioes, Denuncias, favor falar help !
[03/05/2012 00:19:20] /b favor quem quiser ir master vip fala com Xinin
[03/05/2012 00:19:22] /b favor quem quiser ir master vip fala com Xinin
[03/05/2012 00:28:34] /b 00:29 Fogell Mclovin [305]: pra quem quiser ir vip 2 falar cmg
[03/05/2012 00:28:37] /b 00:29 Fogell Mclovin [305]: pra quem quiser ir vip 2 falar cmg
[03/05/2012 00:30:25] /b 00:29 Fogell Mclovin [305]: pra quem quiser ir vip 2 falar cmg
[03/05/2012 00:30:25] /b 00:29 Fogell Mclovin [305]: pra quem quiser ir vip 2 falar cmg
[03/05/2012 00:30:26] /b 00:29 Fogell Mclovin [305]: pra quem quiser ir vip 2 falar cmg
[03/05/2012 00:30:27] /b 00:29 Fogell Mclovin [305]: pra quem quiser ir vip 2 falar cmg
[03/05/2012 02:24:34] /b Duvidas, Sugestoes, Criticas, Opinioes, Denuncias, favor falar help !
[03/05/2012 03:39:07] /b Duvidas, Sugestoes, Criticas, Opinioes, Denuncias, favor falar help !
[03/05/2012 03:41:13] /b ai galera n sei se vcs liga mas eu to poko me fudendo pra lvl só jogo esse ot pra pelegar entao se morri 50x to nem vendo massa é pelegar uahsaus vlw boa noite =*
[03/05/2012 03:41:16] /b ai galera n sei se vcs liga mas eu to poko me fudendo pra lvl só jogo esse ot pra pelegar entao se morri 50x to nem vendo massa é pelegar uahsaus vlw boa noite =*
[03/05/2012 03:42:01] /b i otra amnha o video do pelego ta no sit do ot =d
[03/05/2012 03:42:03] /b i otra amnha o video do pelego ta no sit do ot =d
[03/05/2012 03:43:49] /b ai galera amnha esse mesmo horario madrugadinha vi te outra war nossa ai é outro video pah flws =*   ( lembrando toda noite nois pode faze um peleguin uahauha
[03/05/2012 03:43:50] /b ai galera amnha esse mesmo horario madrugadinha vi te outra war nossa ai é outro video pah flws =*   ( lembrando toda noite nois pode faze um peleguin uahauha
[03/05/2012 03:50:05] /b Duvidas, Sugestoes, Criticas, Opinioes, Denuncias, favor falar help !
[03/05/2012 18:20:02] /clean
[03/05/2012 23:52:02] /b Duvidas, Sugestoes, Criticas, Opinioes, Denuncias, favor falar help !
[03/05/2012 23:53:32] /b Duvidas, Sugestoes, Criticas, Opinioes, Denuncias, favor falar help !
[04/05/2012 00:06:37] /b Duvidas, Sugestoes, Criticas, Opinioes, Denuncias, favor falar help !
[04/05/2012 00:20:15] /b Duvidas, Sugestoes, Criticas, Opinioes, Denuncias, favor falar help !
[04/05/2012 03:15:42] /b Duvidas, Sugestoes, Criticas, Opinioes, Denuncias, favor falar help !
[04/05/2012 03:28:19] /b Duvidas, Sugestoes, Criticas, Opinioes, Denuncias, favor falar help !
[04/05/2012 03:52:25] /b Duvidas, Sugestoes, Criticas, Opinioes, Denuncias, favor falar help !
[04/05/2012 11:25:13] /b Duvidas, Sugestoes, Criticas, Opinioes, Denuncias, favor falar help !
[04/05/2012 23:16:55] /b Duvidas, Sugestoes, Criticas, Opinioes, Denuncias, favor falar help !
[04/05/2012 23:18:07] /b Duvidas, Sugestoes, Criticas, Opinioes, Denuncias, favor falar help !
[05/05/2012 00:16:13] /clean
[05/05/2012 01:09:16] /b Duvidas, Sugestoes, Criticas, Opinioes, Denuncias, favor falar help !
[05/05/2012 01:14:39] /b Duvidas, Sugestoes, Criticas, Opinioes, Denuncias, favor falar help !
[05/05/2012 05:20:48] /b Duvidas, Sugestoes, Criticas, Opinioes, Denuncias, favor falar help !
[05/05/2012 22:50:41] /b Duvidas, Sugestoes, Criticas, Opinioes, Denuncias, favor falar help !
[06/05/2012 00:53:28] /b Duvidas, Sugestoes, Criticas, Opinioes, Denuncias, favor falar help !
[06/05/2012 02:02:02] /b Duvidas, Sugestoes, Criticas, Opinioes, Denuncias, favor falar help !
[06/05/2012 02:05:26] /b Duvidas, Sugestoes, Criticas, Opinioes, Denuncias, favor falar help !
[06/05/2012 02:44:39] /clean
[06/05/2012 03:33:51] /b mage full vamo faze um x1 eu contra vc si eu n te sola te do meu char se vc perde precisa da nada
[06/05/2012 03:33:56] /b mage full vamo faze um x1 eu contra vc si eu n te sola te do meu char se vc perde precisa da nada
[06/05/2012 03:34:13] /b falei em vermelho pra o ot todo ta de prova
[07/05/2012 12:50:29] /b Duvidas, Sugestoes, Criticas, Opinioes, Denuncias, favor falar help !
[08/05/2012 00:19:43] /b Duvidas, Sugestoes, Criticas, Opinioes, Denuncias, favor falar help !
[08/05/2012 00:46:40] /b Duvidas, Sugestoes, Criticas, Opinioes, Denuncias, favor falar help !
[08/05/2012 00:48:11] /b Duvidas, Sugestoes, Criticas, Opinioes, Denuncias, favor falar help !
[08/05/2012 00:49:10] /b Duvidas, Sugestoes, Criticas, Opinioes, Denuncias, favor falar help !
[08/05/2012 00:52:33] /b Duvidas, Sugestoes, Criticas, Opinioes, Denuncias, favor falar help !
[08/05/2012 01:37:51] /b Duvidas, Sugestoes, Criticas, Opinioes, Denuncias, favor falar help !
[08/05/2012 01:55:39] /b Duvidas, Sugestoes, Criticas, Opinioes, Denuncias, favor falar help !
[08/05/2012 02:37:26] /b Duvidas, Sugestoes, Criticas, Opinioes, Denuncias, favor falar help !
[08/05/2012 02:53:35] /b Duvidas, Sugestoes, Criticas, Opinioes, Denuncias, favor falar help !
[08/05/2012 03:03:32] /b Duvidas, Sugestoes, Criticas, Opinioes, Denuncias, favor falar help !
[08/05/2012 03:18:42] /b Duvidas, Sugestoes, Criticas, Opinioes, Denuncias, favor falar help !
[08/05/2012 03:23:54] /b Duvidas, Sugestoes, Criticas, Opinioes, Denuncias, favor falar help !
[08/05/2012 03:33:45] /b Duvidas, Sugestoes, Criticas, Opinioes, Denuncias, favor falar help !
[08/05/2012 04:41:38] /b Duvidas, Sugestoes, Criticas, Opinioes, Denuncias, favor falar help !
[08/05/2012 04:54:00] /b Duvidas, Sugestoes, Criticas, Opinioes, Denuncias, favor falar help !
[08/05/2012 23:52:24] /b Duvidas, Sugestoes, Criticas, Opinioes, Denuncias, favor falar help !
[08/05/2012 23:53:21] /b Duvidas, Sugestoes, Criticas, Opinioes, Denuncias, favor falar help !
[09/05/2012 00:07:00] /b Duvidas, Sugestoes, Criticas, Opinioes, Denuncias, favor falar help !
[09/05/2012 00:14:10] /b Duvidas, Sugestoes, Criticas, Opinioes, Denuncias, favor falar help !
[09/05/2012 00:33:01] /b Duvidas, Sugestoes, Criticas, Opinioes, Denuncias, favor falar help !
[09/05/2012 01:21:28] /b Duvidas, Sugestoes, Criticas, Opinioes, Denuncias, favor falar help !
[09/05/2012 11:41:23] /b Duvidas, Sugestoes, Criticas, Opinioes, Denuncias, favor falar help !
[09/05/2012 11:41:48] /b Duvidas, Sugestoes, Criticas, Opinioes, Denuncias, favor falar help !
[10/05/2012 00:11:59] /b Duvidas, Sugestoes, Criticas, Opinioes, Denuncias, favor falar help !
[10/05/2012 01:10:22] /b Duvidas, Sugestoes, Criticas, Opinioes, Denuncias, favor falar help !
[11/05/2012 01:23:59] /b Duvidas, Sugestoes, Criticas, Opinioes, Denuncias, favor falar help !
[11/05/2012 04:00:19] /b Duvidas, Sugestoes, Criticas, Opinioes, Denuncias, favor falar help !
[11/05/2012 12:12:56] /b Duvidas, Sugestoes, Criticas, Opinioes, Denuncias, favor falar help !
[11/05/2012 12:16:21] /b Duvidas, Sugestoes, Criticas, Opinioes, Denuncias, favor falar help !
[12/05/2012 05:31:07] /b Duvidas, Sugestoes, Criticas, Opinioes, Denuncias, favor falar help !
[12/05/2012 23:08:20] /b Duvidas, Sugestoes, Criticas, Opinioes, Denuncias, favor falar help !
[13/05/2012 00:48:40] /b Duvidas, Sugestoes, Criticas, Opinioes, Denuncias, favor falar help !
[13/05/2012 17:08:39] /b Duvidas, Sugestoes, Criticas, Opinioes, Denuncias, favor falar help !
[13/05/2012 17:10:46] /b ai galera to deixando meu cargo de tutor, para quem se intereça falar com o adm vlw ae pra quem gosto e pra quem nao gosto abç auahau
[13/05/2012 17:10:47] /b ai galera to deixando meu cargo de tutor, para quem se intereça falar com o adm vlw ae pra quem gosto e pra quem nao gosto abç auahau
[13/05/2012 17:10:47] /b ai galera to deixando meu cargo de tutor, para quem se intereça falar com o adm vlw ae pra quem gosto e pra quem nao gosto abç auahau
[13/05/2012 17:11:20] /b ai galera to deixando meu cargo de tutor, para quem se intereça falar com o adm vlw ae pra quem gosto e pra quem nao gosto abç auahau
[13/05/2012 17:13:53] /b ai galera to deixando meu cargo de tutor, para quem se intereça falar com o adm vlw ae pra quem gosto e pra quem nao gosto abç auahau
[13/05/2012 17:14:06] /b adm tira meu tutor logo ¬¬
[13/05/2012 17:15:10] /b free itens no templo jaja
[13/05/2012 17:15:11] /b free itens no templo jaja
[13/05/2012 17:16:11] /b free itens começa em 30 seg
[13/05/2012 17:31:28] /b flws raça 
[13/05/2012 17:31:31] /b flws raça 
[15/05/2012 00:34:04] /b Duvidas, Sugestoes, Criticas, Opinioes, Denuncias, favor falar help !
[15/05/2012 00:48:04] /b Duvidas, Sugestoes, Criticas, Opinioes, Denuncias, favor falar help !
[15/05/2012 00:48:12] /b clean
[15/05/2012 03:29:32] /b Duvidas, Sugestoes, Criticas, Opinioes, Denuncias, favor falar help !
[15/05/2012 03:29:36] /b Duvidas, Sugestoes, Criticas, Opinioes, Denuncias, favor falar help !
[15/05/2012 03:29:36] /b Duvidas, Sugestoes, Criticas, Opinioes, Denuncias, favor falar help !
[15/05/2012 03:29:36] /b Duvidas, Sugestoes, Criticas, Opinioes, Denuncias, favor falar help !
[15/05/2012 03:29:36] /b Duvidas, Sugestoes, Criticas, Opinioes, Denuncias, favor falar help !
[15/05/2012 03:29:36] /b Duvidas, Sugestoes, Criticas, Opinioes, Denuncias, favor falar help !
[15/05/2012 03:29:37] /b Duvidas, Sugestoes, Criticas, Opinioes, Denuncias, favor falar help !
[15/05/2012 03:29:37] /b Duvidas, Sugestoes, Criticas, Opinioes, Denuncias, favor falar help !
[15/05/2012 03:29:37] /b Duvidas, Sugestoes, Criticas, Opinioes, Denuncias, favor falar help !
[15/05/2012 03:29:37] /b Duvidas, Sugestoes, Criticas, Opinioes, Denuncias, favor falar help !
[15/05/2012 03:29:37] /b Duvidas, Sugestoes, Criticas, Opinioes, Denuncias, favor falar help !
[15/05/2012 03:29:37] /b Duvidas, Sugestoes, Criticas, Opinioes, Denuncias, favor falar help !
[15/05/2012 03:29:38] /b Duvidas, Sugestoes, Criticas, Opinioes, Denuncias, favor falar help !
[15/05/2012 03:29:38] /b Duvidas, Sugestoes, Criticas, Opinioes, Denuncias, favor falar help !
[15/05/2012 03:29:38] /b Duvidas, Sugestoes, Criticas, Opinioes, Denuncias, favor falar help !
[15/05/2012 03:29:38] /b Duvidas, Sugestoes, Criticas, Opinioes, Denuncias, favor falar help !
[15/05/2012 03:29:38] /b Duvidas, Sugestoes, Criticas, Opinioes, Denuncias, favor falar help !
[15/05/2012 03:29:38] /b Duvidas, Sugestoes, Criticas, Opinioes, Denuncias, favor falar help !
[15/05/2012 03:29:38] /b Duvidas, Sugestoes, Criticas, Opinioes, Denuncias, favor falar help !
[15/05/2012 03:29:39] /b Duvidas, Sugestoes, Criticas, Opinioes, Denuncias, favor falar help !
[15/05/2012 03:29:39] /b Duvidas, Sugestoes, Criticas, Opinioes, Denuncias, favor falar help !
[15/05/2012 03:29:39] /b Duvidas, Sugestoes, Criticas, Opinioes, Denuncias, favor falar help !
[15/05/2012 03:29:39] /b Duvidas, Sugestoes, Criticas, Opinioes, Denuncias, favor falar help !
[15/05/2012 03:29:39] /b Duvidas, Sugestoes, Criticas, Opinioes, Denuncias, favor falar help !
[15/05/2012 03:29:39] /b Duvidas, Sugestoes, Criticas, Opinioes, Denuncias, favor falar help !
[15/05/2012 03:29:39] /b Duvidas, Sugestoes, Criticas, Opinioes, Denuncias, favor falar help !
[15/05/2012 03:29:39] /b Duvidas, Sugestoes, Criticas, Opinioes, Denuncias, favor falar help !
[15/05/2012 03:29:40] /b Duvidas, Sugestoes, Criticas, Opinioes, Denuncias, favor falar help !
[15/05/2012 03:29:40] /b Duvidas, Sugestoes, Criticas, Opinioes, Denuncias, favor falar help !
[15/05/2012 03:29:40] /b Duvidas, Sugestoes, Criticas, Opinioes, Denuncias, favor falar help !
[15/05/2012 03:29:40] /b Duvidas, Sugestoes, Criticas, Opinioes, Denuncias, favor falar help !
[15/05/2012 03:29:40] /b Duvidas, Sugestoes, Criticas, Opinioes, Denuncias, favor falar help !
[15/05/2012 03:29:40] /b Duvidas, Sugestoes, Criticas, Opinioes, Denuncias, favor falar help !
[15/05/2012 03:29:40] /b Duvidas, Sugestoes, Criticas, Opinioes, Denuncias, favor falar help !
[15/05/2012 03:29:41] /b Duvidas, Sugestoes, Criticas, Opinioes, Denuncias, favor falar help !
[15/05/2012 03:29:41] /b Duvidas, Sugestoes, Criticas, Opinioes, Denuncias, favor falar help !
[15/05/2012 03:29:41] /b Duvidas, Sugestoes, Criticas, Opinioes, Denuncias, favor falar help !
[15/05/2012 03:29:41] /b Duvidas, Sugestoes, Criticas, Opinioes, Denuncias, favor falar help !
[15/05/2012 03:29:41] /b Duvidas, Sugestoes, Criticas, Opinioes, Denuncias, favor falar help !
[15/05/2012 03:29:41] /b Duvidas, Sugestoes, Criticas, Opinioes, Denuncias, favor falar help !
[15/05/2012 03:29:42] /b Duvidas, Sugestoes, Criticas, Opinioes, Denuncias, favor falar help !
[15/05/2012 03:29:42] /b Duvidas, Sugestoes, Criticas, Opinioes, Denuncias, favor falar help !
[15/05/2012 03:29:42] /b Duvidas, Sugestoes, Criticas, Opinioes, Denuncias, favor falar help !
[15/05/2012 03:29:42] /b Duvidas, Sugestoes, Criticas, Opinioes, Denuncias, favor falar help !
[15/05/2012 03:29:42] /b Duvidas, Sugestoes, Criticas, Opinioes, Denuncias, favor falar help !
[15/05/2012 03:29:42] /b Duvidas, Sugestoes, Criticas, Opinioes, Denuncias, favor falar help !
[15/05/2012 03:29:43] /b Duvidas, Sugestoes, Criticas, Opinioes, Denuncias, favor falar help !
[15/05/2012 03:29:43] /b Duvidas, Sugestoes, Criticas, Opinioes, Denuncias, favor falar help !
[15/05/2012 03:29:43] /b Duvidas, Sugestoes, Criticas, Opinioes, Denuncias, favor falar help !
[15/05/2012 03:29:43] /b Duvidas, Sugestoes, Criticas, Opinioes, Denuncias, favor falar help !
[15/05/2012 03:29:43] /b Duvidas, Sugestoes, Criticas, Opinioes, Denuncias, favor falar help !
[15/05/2012 03:29:43] /b Duvidas, Sugestoes, Criticas, Opinioes, Denuncias, favor falar help !
[15/05/2012 03:29:43] /b Duvidas, Sugestoes, Criticas, Opinioes, Denuncias, favor falar help !
[15/05/2012 03:29:44] /b Duvidas, Sugestoes, Criticas, Opinioes, Denuncias, favor falar help !
[15/05/2012 03:29:44] /b Duvidas, Sugestoes, Criticas, Opinioes, Denuncias, favor falar help !
[15/05/2012 03:29:44] /b Duvidas, Sugestoes, Criticas, Opinioes, Denuncias, favor falar help !
[15/05/2012 03:29:44] /b Duvidas, Sugestoes, Criticas, Opinioes, Denuncias, favor falar help !
[15/05/2012 03:29:44] /b Duvidas, Sugestoes, Criticas, Opinioes, Denuncias, favor falar help !
[15/05/2012 03:29:44] /b Duvidas, Sugestoes, Criticas, Opinioes, Denuncias, favor falar help !
[15/05/2012 03:29:44] /b Duvidas, Sugestoes, Criticas, Opinioes, Denuncias, favor falar help !
[15/05/2012 03:29:44] /b Duvidas, Sugestoes, Criticas, Opinioes, Denuncias, favor falar help !
[15/05/2012 03:29:45] /b Duvidas, Sugestoes, Criticas, Opinioes, Denuncias, favor falar help !
[15/05/2012 03:29:45] /b Duvidas, Sugestoes, Criticas, Opinioes, Denuncias, favor falar help !
[15/05/2012 03:29:45] /b Duvidas, Sugestoes, Criticas, Opinioes, Denuncias, favor falar help !
[15/05/2012 03:29:45] /b Duvidas, Sugestoes, Criticas, Opinioes, Denuncias, favor falar help !
[15/05/2012 03:29:45] /b Duvidas, Sugestoes, Criticas, Opinioes, Denuncias, favor falar help !
[15/05/2012 03:29:45] /b Duvidas, Sugestoes, Criticas, Opinioes, Denuncias, favor falar help !
[15/05/2012 03:29:46] /b Duvidas, Sugestoes, Criticas, Opinioes, Denuncias, favor falar help !
[15/05/2012 03:29:46] /b Duvidas, Sugestoes, Criticas, Opinioes, Denuncias, favor falar help !
[15/05/2012 03:29:46] /b Duvidas, Sugestoes, Criticas, Opinioes, Denuncias, favor falar help !
[15/05/2012 03:29:46] /b Duvidas, Sugestoes, Criticas, Opinioes, Denuncias, favor falar help !
[15/05/2012 03:29:46] /b Duvidas, Sugestoes, Criticas, Opinioes, Denuncias, favor falar help !
[15/05/2012 03:29:46] /b Duvidas, Sugestoes, Criticas, Opinioes, Denuncias, favor falar help !
[15/05/2012 03:29:46] /b Duvidas, Sugestoes, Criticas, Opinioes, Denuncias, favor falar help !
[15/05/2012 03:29:46] /b Duvidas, Sugestoes, Criticas, Opinioes, Denuncias, favor falar help !
[15/05/2012 03:29:46] /b Duvidas, Sugestoes, Criticas, Opinioes, Denuncias, favor falar help !
[15/05/2012 03:29:47] /b Duvidas, Sugestoes, Criticas, Opinioes, Denuncias, favor falar help !
[15/05/2012 03:29:47] /b Duvidas, Sugestoes, Criticas, Opinioes, Denuncias, favor falar help !
[15/05/2012 03:29:47] /b Duvidas, Sugestoes, Criticas, Opinioes, Denuncias, favor falar help !
[15/05/2012 03:29:47] /b Duvidas, Sugestoes, Criticas, Opinioes, Denuncias, favor falar help !
[15/05/2012 03:29:47] /b Duvidas, Sugestoes, Criticas, Opinioes, Denuncias, favor falar help !
[15/05/2012 03:29:47] /b Duvidas, Sugestoes, Criticas, Opinioes, Denuncias, favor falar help !
[15/05/2012 03:29:48] /b Duvidas, Sugestoes, Criticas, Opinioes, Denuncias, favor falar help !
[15/05/2012 03:29:48] /b Duvidas, Sugestoes, Criticas, Opinioes, Denuncias, favor falar help !
[15/05/2012 03:29:48] /b Duvidas, Sugestoes, Criticas, Opinioes, Denuncias, favor falar help !
[15/05/2012 03:29:48] /b Duvidas, Sugestoes, Criticas, Opinioes, Denuncias, favor falar help !
[15/05/2012 03:29:48] /b Duvidas, Sugestoes, Criticas, Opinioes, Denuncias, favor falar help !
[15/05/2012 03:29:48] /b Duvidas, Sugestoes, Criticas, Opinioes, Denuncias, favor falar help !
[15/05/2012 03:29:48] /b Duvidas, Sugestoes, Criticas, Opinioes, Denuncias, favor falar help !
[15/05/2012 03:29:48] /b Duvidas, Sugestoes, Criticas, Opinioes, Denuncias, favor falar help !
[15/05/2012 03:29:49] /b Duvidas, Sugestoes, Criticas, Opinioes, Denuncias, favor falar help !
[15/05/2012 03:29:49] /b Duvidas, Sugestoes, Criticas, Opinioes, Denuncias, favor falar help !
[15/05/2012 03:29:49] /b Duvidas, Sugestoes, Criticas, Opinioes, Denuncias, favor falar help !
[15/05/2012 03:29:49] /b Duvidas, Sugestoes, Criticas, Opinioes, Denuncias, favor falar help !
[15/05/2012 03:29:49] /b Duvidas, Sugestoes, Criticas, Opinioes, Denuncias, favor falar help !
[15/05/2012 03:29:49] /b Duvidas, Sugestoes, Criticas, Opinioes, Denuncias, favor falar help !
[15/05/2012 03:29:49] /b Duvidas, Sugestoes, Criticas, Opinioes, Denuncias, favor falar help !
[15/05/2012 03:29:50] /b Duvidas, Sugestoes, Criticas, Opinioes, Denuncias, favor falar help !
[15/05/2012 03:29:50] /b Duvidas, Sugestoes, Criticas, Opinioes, Denuncias, favor falar help !
[15/05/2012 03:29:50] /b Duvidas, Sugestoes, Criticas, Opinioes, Denuncias, favor falar help !
[15/05/2012 03:29:50] /b Duvidas, Sugestoes, Criticas, Opinioes, Denuncias, favor falar help !
[15/05/2012 03:29:50] /b Duvidas, Sugestoes, Criticas, Opinioes, Denuncias, favor falar help !
[15/05/2012 03:29:50] /b Duvidas, Sugestoes, Criticas, Opinioes, Denuncias, favor falar help !
[15/05/2012 03:29:50] /b Duvidas, Sugestoes, Criticas, Opinioes, Denuncias, favor falar help !
[15/05/2012 03:29:50] /b Duvidas, Sugestoes, Criticas, Opinioes, Denuncias, favor falar help !
[15/05/2012 03:29:50] /b Duvidas, Sugestoes, Criticas, Opinioes, Denuncias, favor falar help !
[15/05/2012 03:29:51] /b Duvidas, Sugestoes, Criticas, Opinioes, Denuncias, favor falar help !
[15/05/2012 03:29:51] /b Duvidas, Sugestoes, Criticas, Opinioes, Denuncias, favor falar help !
[15/05/2012 03:29:51] /b Duvidas, Sugestoes, Criticas, Opinioes, Denuncias, favor falar help !
[15/05/2012 03:29:51] /b Duvidas, Sugestoes, Criticas, Opinioes, Denuncias, favor falar help !
[15/05/2012 03:29:51] /b Duvidas, Sugestoes, Criticas, Opinioes, Denuncias, favor falar help !
[15/05/2012 03:29:51] /b Duvidas, Sugestoes, Criticas, Opinioes, Denuncias, favor falar help !
[15/05/2012 03:29:52] /b Duvidas, Sugestoes, Criticas, Opinioes, Denuncias, favor falar help !
[15/05/2012 03:29:52] /b Duvidas, Sugestoes, Criticas, Opinioes, Denuncias, favor falar help !
[15/05/2012 03:29:52] /b Duvidas, Sugestoes, Criticas, Opinioes, Denuncias, favor falar help !
[15/05/2012 03:29:52] /b Duvidas, Sugestoes, Criticas, Opinioes, Denuncias, favor falar help !
[15/05/2012 03:29:52] /b Duvidas, Sugestoes, Criticas, Opinioes, Denuncias, favor falar help !
[15/05/2012 03:29:52] /b Duvidas, Sugestoes, Criticas, Opinioes, Denuncias, favor falar help !
[15/05/2012 03:29:52] /b Duvidas, Sugestoes, Criticas, Opinioes, Denuncias, favor falar help !
[15/05/2012 03:29:53] /b Duvidas, Sugestoes, Criticas, Opinioes, Denuncias, favor falar help !
[15/05/2012 03:29:53] /b Duvidas, Sugestoes, Criticas, Opinioes, Denuncias, favor falar help !
[15/05/2012 03:29:53] /b Duvidas, Sugestoes, Criticas, Opinioes, Denuncias, favor falar help !
[15/05/2012 03:29:53] /b Duvidas, Sugestoes, Criticas, Opinioes, Denuncias, favor falar help !
[15/05/2012 03:29:53] /b Duvidas, Sugestoes, Criticas, Opinioes, Denuncias, favor falar help !
[15/05/2012 03:29:53] /b Duvidas, Sugestoes, Criticas, Opinioes, Denuncias, favor falar help !
[15/05/2012 03:29:54] /b Duvidas, Sugestoes, Criticas, Opinioes, Denuncias, favor falar help !
[15/05/2012 03:29:54] /b Duvidas, Sugestoes, Criticas, Opinioes, Denuncias, favor falar help !
[15/05/2012 03:29:54] /b Duvidas, Sugestoes, Criticas, Opinioes, Denuncias, favor falar help !
[15/05/2012 03:29:54] /b Duvidas, Sugestoes, Criticas, Opinioes, Denuncias, favor falar help !
[15/05/2012 03:29:54] /b Duvidas, Sugestoes, Criticas, Opinioes, Denuncias, favor falar help !
[15/05/2012 03:29:54] /b Duvidas, Sugestoes, Criticas, Opinioes, Denuncias, favor falar help !
[15/05/2012 03:29:55] /b Duvidas, Sugestoes, Criticas, Opinioes, Denuncias, favor falar help !
[15/05/2012 03:29:55] /b Duvidas, Sugestoes, Criticas, Opinioes, Denuncias, favor falar help !
[15/05/2012 03:29:55] /b Duvidas, Sugestoes, Criticas, Opinioes, Denuncias, favor falar help !
[15/05/2012 03:29:55] /b Duvidas, Sugestoes, Criticas, Opinioes, Denuncias, favor falar help !
[15/05/2012 03:29:55] /b Duvidas, Sugestoes, Criticas, Opinioes, Denuncias, favor falar help !
[15/05/2012 03:29:55] /b Duvidas, Sugestoes, Criticas, Opinioes, Denuncias, favor falar help !
[15/05/2012 03:29:56] /b Duvidas, Sugestoes, Criticas, Opinioes, Denuncias, favor falar help !
[15/05/2012 03:29:56] /b Duvidas, Sugestoes, Criticas, Opinioes, Denuncias, favor falar help !
[15/05/2012 03:29:56] /b Duvidas, Sugestoes, Criticas, Opinioes, Denuncias, favor falar help !
[15/05/2012 03:29:56] /b Duvidas, Sugestoes, Criticas, Opinioes, Denuncias, favor falar help !
[15/05/2012 03:29:56] /b Duvidas, Sugestoes, Criticas, Opinioes, Denuncias, favor falar help !
[15/05/2012 03:29:56] /b Duvidas, Sugestoes, Criticas, Opinioes, Denuncias, favor falar help !
[15/05/2012 03:29:57] /b Duvidas, Sugestoes, Criticas, Opinioes, Denuncias, favor falar help !
[15/05/2012 03:29:57] /b Duvidas, Sugestoes, Criticas, Opinioes, Denuncias, favor falar help !
[15/05/2012 03:29:57] /b Duvidas, Sugestoes, Criticas, Opinioes, Denuncias, favor falar help !
[15/05/2012 03:29:57] /b Duvidas, Sugestoes, Criticas, Opinioes, Denuncias, favor falar help !
[15/05/2012 03:29:57] /b Duvidas, Sugestoes, Criticas, Opinioes, Denuncias, favor falar help !
[15/05/2012 03:29:57] /b Duvidas, Sugestoes, Criticas, Opinioes, Denuncias, favor falar help !
[15/05/2012 03:29:58] /b Duvidas, Sugestoes, Criticas, Opinioes, Denuncias, favor falar help !
[15/05/2012 03:29:58] /b Duvidas, Sugestoes, Criticas, Opinioes, Denuncias, favor falar help !
[15/05/2012 03:29:58] /b Duvidas, Sugestoes, Criticas, Opinioes, Denuncias, favor falar help !
[15/05/2012 03:29:58] /b Duvidas, Sugestoes, Criticas, Opinioes, Denuncias, favor falar help !
[15/05/2012 03:29:58] /b Duvidas, Sugestoes, Criticas, Opinioes, Denuncias, favor falar help !
[15/05/2012 03:29:58] /b Duvidas, Sugestoes, Criticas, Opinioes, Denuncias, favor falar help !
[15/05/2012 03:29:59] /b Duvidas, Sugestoes, Criticas, Opinioes, Denuncias, favor falar help !
[15/05/2012 03:29:59] /b Duvidas, Sugestoes, Criticas, Opinioes, Denuncias, favor falar help !
[15/05/2012 03:29:59] /b Duvidas, Sugestoes, Criticas, Opinioes, Denuncias, favor falar help !
[15/05/2012 03:29:59] /b Duvidas, Sugestoes, Criticas, Opinioes, Denuncias, favor falar help !
[15/05/2012 03:29:59] /b Duvidas, Sugestoes, Criticas, Opinioes, Denuncias, favor falar help !
[15/05/2012 03:29:59] /b Duvidas, Sugestoes, Criticas, Opinioes, Denuncias, favor falar help !
[15/05/2012 03:29:59] /b Duvidas, Sugestoes, Criticas, Opinioes, Denuncias, favor falar help !
[15/05/2012 03:30:00] /b Duvidas, Sugestoes, Criticas, Opinioes, Denuncias, favor falar help !
[15/05/2012 03:30:00] /b Duvidas, Sugestoes, Criticas, Opinioes, Denuncias, favor falar help !
[15/05/2012 03:30:00] /b Duvidas, Sugestoes, Criticas, Opinioes, Denuncias, favor falar help !
[15/05/2012 03:30:00] /b Duvidas, Sugestoes, Criticas, Opinioes, Denuncias, favor falar help !
