[06/10/2011 20:37:15] /r
[06/10/2011 20:38:37] /goto runner
[06/10/2011 20:39:12] /attr action 4232
[06/10/2011 20:39:21] /attr action 4323
[06/10/2011 20:39:37] /attr action 1100
[06/10/2011 20:40:57] /attr action 4212
[06/10/2011 20:41:02] /attr action 4213
[06/10/2011 20:41:10] /a
[06/10/2011 20:41:38] /a
[06/10/2011 20:41:55] /c runner
[06/10/2011 20:41:58] /c runner
[06/10/2011 20:42:10] /c runner
[06/10/2011 20:42:22] /c runner
[06/10/2011 20:42:34] /c runner
[06/10/2011 20:42:37] /c runner
[06/10/2011 20:42:39] /c runner
[06/10/2011 20:42:49] /c runner
[06/10/2011 20:43:01] /c runner
[06/10/2011 20:43:04] /c runner
[06/10/2011 20:43:06] /c runner
[06/10/2011 20:43:44] /a
[06/10/2011 20:44:04] /c runner
[06/10/2011 20:44:08] /c runner
[06/10/2011 20:44:10] /c runner
[06/10/2011 20:44:56] /attr health -55555
[06/10/2011 20:45:43] /clean
[06/10/2011 21:02:08] /b lol se morre n volta pro temple n
[06/10/2011 21:02:35] /reload config
[06/10/2011 21:02:48] /b  o ot vai reinicia
[13/04/2012 17:17:57] /newtype 182
[13/04/2012 17:17:59] /newtype 192
[13/04/2012 17:18:01] /newtype 193
[13/04/2012 17:18:01] /newtype 194
[13/04/2012 17:18:02] /newtype 195
[13/04/2012 17:18:03] /newtype 196
[13/04/2012 17:18:03] /newtype 196
[13/04/2012 17:18:04] /newtype 198
[13/04/2012 17:18:05] /newtype 199
[13/04/2012 17:18:08] /newtype 128
[13/04/2012 17:18:09] /newtype 121
[13/04/2012 17:18:10] /newtype 122
[13/04/2012 17:18:10] /newtype 123
[13/04/2012 17:18:11] /newtype 124
[13/04/2012 17:18:12] /newtype 125
[13/04/2012 17:18:12] /newtype 12
[13/04/2012 17:18:13] /newtype 16
[13/04/2012 17:18:14] /newtype 17
[13/04/2012 17:18:17] /newtype 126
[13/04/2012 17:18:18] /newtype 127
[13/04/2012 17:18:19] /newtype 128
[13/04/2012 17:18:20] /newtype 129
[13/04/2012 17:18:22] /newtype 130
[13/04/2012 17:18:23] /newtype 131
[13/04/2012 17:18:24] /newtype 132
[13/04/2012 17:18:25] /newtype 133
[13/04/2012 17:18:26] /newtype 134
[13/04/2012 17:18:26] /newtype 135
[13/04/2012 17:18:27] /newtype 136
[13/04/2012 17:18:28] /newtype 137
[13/04/2012 17:18:29] /newtype 138
[13/04/2012 17:18:30] /newtype 139
[13/04/2012 17:18:32] /newtype 140
[13/04/2012 17:18:33] /newtype 141
[13/04/2012 17:18:33] /newtype 142
[13/04/2012 17:18:34] /newtype 143
[13/04/2012 17:18:35] /newtype 144
[13/04/2012 17:18:35] /newtype 145
[13/04/2012 17:18:36] /newtype 146
[13/04/2012 17:18:37] /newtype 147
[13/04/2012 17:18:37] /newtype 148
[13/04/2012 17:18:38] /newtype 149
[13/04/2012 17:18:41] /newtype 150
[13/04/2012 17:18:41] /newtype 151
[13/04/2012 17:18:42] /newtype 152
[13/04/2012 17:18:54] /newtype 156
[13/04/2012 17:21:43] /n addon seller
[13/04/2012 17:26:11] /newtype 127
[13/04/2012 17:26:13] /newtype 121
[13/04/2012 17:26:14] /newtype 122
[13/04/2012 17:26:14] /newtype 123
[13/04/2012 17:26:15] /newtype 124
[13/04/2012 17:26:16] /newtype 125
[13/04/2012 17:26:16] /newtype 126
[13/04/2012 17:26:17] /newtype 127
[13/04/2012 17:26:18] /newtype 128
[13/04/2012 17:26:19] /newtype 129
[13/04/2012 17:26:21] /newtype 130
[13/04/2012 17:26:22] /newtype 131
[13/04/2012 17:26:23] /newtype 132
[13/04/2012 17:26:24] /newtype 133
[13/04/2012 17:26:24] /newtype 134
[13/04/2012 17:26:25] /newtype 135
[13/04/2012 17:26:26] /newtype 136
[13/04/2012 17:26:27] /newtype 137
[13/04/2012 17:26:27] /newtype 138
[13/04/2012 17:26:28] /newtype 139
[13/04/2012 17:26:31] /newtype 140
[13/04/2012 17:26:32] /newtype 141
[13/04/2012 17:26:32] /newtype 142
[13/04/2012 17:26:33] /newtype 143
[13/04/2012 17:26:34] /newtype 144
[13/04/2012 17:26:34] /newtype 145
[13/04/2012 17:26:35] /newtype 146
[13/04/2012 17:26:36] /newtype 147
[13/04/2012 17:26:37] /newtype 148
[13/04/2012 17:26:37] /newtype 149
[13/04/2012 17:26:42] /newtype 148
[13/04/2012 17:26:43] /newtype 149
[13/04/2012 17:26:46] /newtype 150
[13/04/2012 17:26:48] /newtype 151
[13/04/2012 17:26:48] /newtype 152
[13/04/2012 17:26:55] /newtype 152
[13/04/2012 17:28:10] /newtype 192
[13/04/2012 17:28:11] /newtype 193
[13/04/2012 17:28:12] /newtype 194
[13/04/2012 17:28:14] /newtype 194
[25/04/2012 20:57:03] /t
[25/04/2012 20:59:03] /a 5
[25/04/2012 20:59:04] /a 5
[25/04/2012 20:59:06] /t
[25/04/2012 20:59:17] /m training monk
[25/04/2012 20:59:20] /r
[25/04/2012 21:00:17] /town 1
[25/04/2012 21:00:18] /town 2
[25/04/2012 21:36:35] /up
[25/04/2012 21:36:36] /a 2
[25/04/2012 21:38:20] /up
[25/04/2012 21:38:30] /down
[25/04/2012 21:40:55] /cliport
[25/04/2012 21:41:29] /a 5
[25/04/2012 21:41:50] /down
[25/04/2012 21:41:57] /a 5
[25/04/2012 21:53:12] /t
[25/04/2012 21:53:15] /t 2
[25/04/2012 21:53:18] /town 2
[25/04/2012 21:54:23] /t
[25/04/2012 22:10:26] /reload globalevents
[25/04/2012 22:12:54] /reload globalevents
[25/04/2012 22:14:02] /reload globalevents
[25/04/2012 22:16:27] /reload globalevents
[25/04/2012 22:16:51] /reload globalevents
[25/04/2012 22:17:16] /reload globalevents
[25/04/2012 22:18:01] /reload globalevents
[25/04/2012 22:23:33] /m catapult manager
[25/04/2012 22:24:41] /n catapult manager
[25/04/2012 22:24:44] /r
[25/04/2012 22:24:48] /n ring seller
[25/04/2012 22:24:53] /r
[25/04/2012 22:25:12] /n especial decoration seller
[25/04/2012 22:25:18] /r
[25/04/2012 22:27:11] /n deruno
[25/04/2012 22:27:25] /r
[25/04/2012 22:41:23] /t
[25/04/2012 23:18:14] /reload globalevents
[25/04/2012 23:18:15] /t
[25/04/2012 23:22:14] /i 9800
[25/04/2012 23:27:03] /t
[25/04/2012 23:28:50] /reload globalevents
[25/04/2012 23:31:12] /reload globalevents
[25/04/2012 23:31:41] /reload globalevents
[25/04/2012 23:33:05] /reload globalevents
[25/04/2012 23:33:53] /reload globalevents
[25/04/2012 23:34:01] /i 9800
[25/04/2012 23:34:30] /reload globalevents
[25/04/2012 23:34:43] /i 416
[25/04/2012 23:35:58] /reload globalevents
[25/04/2012 23:36:05] /t
[25/04/2012 23:36:10] /t
[25/04/2012 23:37:08] /reload globalevents
[25/04/2012 23:37:16] /reload globalevents
[25/04/2012 23:37:26] /reload globalevents
[25/04/2012 23:37:40] /reload globalevents
[25/04/2012 23:37:56] /i 1387
[25/04/2012 23:37:57] /i 1387
[25/04/2012 23:38:13] /i 9800
[25/04/2012 23:38:14] /i 9800
[25/04/2012 23:39:03] /cliport
[25/04/2012 23:39:41] /t
[25/04/2012 23:39:58] /m vip train
[25/04/2012 23:40:01] /m training monk
[25/04/2012 23:40:11] /i sudden death rune
[25/04/2012 23:42:33] /reload actions
[25/04/2012 23:46:57] /reload creatureevents
[26/04/2012 22:58:54] /t
[26/04/2012 22:58:55] /t
[26/04/2012 22:59:51] /goto tiuzinho do'inxadao
[26/04/2012 23:00:32] /attr group 6
[26/04/2012 23:00:35] /r
[26/04/2012 23:06:00] /t
[26/04/2012 23:09:55] /attr group 6
[26/04/2012 23:10:04] /kick Yunkell Soul
[26/04/2012 23:11:45] /town 2
[26/04/2012 23:11:46] /c Yunkell Soul
[26/04/2012 23:12:10] /clean
[26/04/2012 23:13:14] /c Guachini
[26/04/2012 23:13:17] /c Guachini
[26/04/2012 23:17:19] /t
[26/04/2012 23:17:21] /c Yunkell Soul
[26/04/2012 23:17:25] /c guachinin
[26/04/2012 23:17:28] /c guachini
[26/04/2012 23:18:53] /r
[26/04/2012 23:18:59] /i minotaur backpack
[26/04/2012 23:20:21] /t
[26/04/2012 23:20:39] /info guachini
[26/04/2012 23:20:47] /attr group 6
[26/04/2012 23:20:48] /r
[26/04/2012 23:22:03] /goto champz
[26/04/2012 23:26:59] /c Champz
[26/04/2012 23:27:04] /c Champz
[26/04/2012 23:27:07] /c Champz
[26/04/2012 23:27:09] /c Champz
[26/04/2012 23:27:10] /c Champz
[26/04/2012 23:27:11] /c Champz
[26/04/2012 23:27:12] /c Champz
[26/04/2012 23:27:14] /c Champz
[26/04/2012 23:27:15] /c Champz
[26/04/2012 23:28:31] /goto champz
[26/04/2012 23:28:34] /goto champz
[26/04/2012 23:28:37] /goto champz
[26/04/2012 23:29:08] /c Luucas Gatin
[26/04/2012 23:29:14] /attr group 6
[26/04/2012 23:33:27] /attr health 1000
[26/04/2012 23:33:27] /attr health 1000
[26/04/2012 23:33:28] /attr health 1000
[26/04/2012 23:33:28] /attr health 1000
[26/04/2012 23:33:28] /attr health 1000
[26/04/2012 23:33:31] /attr health -1000
[26/04/2012 23:34:08] /attr health -1000
[26/04/2012 23:34:21] /goto Yunkell Soul
[26/04/2012 23:34:47] /attr health -1000
[26/04/2012 23:34:55] /closeserver
[27/04/2012 22:54:14] /t
[28/04/2012 13:50:52] /i 2160
[28/04/2012 13:52:07] /reload talkactions
[28/04/2012 13:52:31] /addskill gm mandhy, level, 20
[28/04/2012 13:52:51] /a
[28/04/2012 13:53:04] /town
[28/04/2012 13:53:05] /t
[28/04/2012 13:53:36] /t
[28/04/2012 13:54:44] /a 2
[28/04/2012 13:54:45] /a 2
[28/04/2012 13:59:25] /i 2160
[28/04/2012 13:59:31] /r 100
[28/04/2012 14:03:13] /r 100
[28/04/2012 14:03:13] /r 100
[28/04/2012 14:03:22] /i 4552
[28/04/2012 14:04:27] /i magic plate armor
[28/04/2012 14:04:28] /i magic plate armor
[28/04/2012 14:04:29] /i magic plate armor
[28/04/2012 14:04:29] /i magic plate armor
[28/04/2012 14:04:30] /i magic plate armor
[28/04/2012 14:04:33] /i golden legs
[28/04/2012 14:04:33] /i golden legs
[28/04/2012 14:04:33] /i golden legs
[28/04/2012 14:04:34] /i golden legs
[28/04/2012 14:04:49] /clean
[28/04/2012 14:15:22] /addskill pally furius, level, 200
[28/04/2012 14:16:07] /kick pally furius
[28/04/2012 14:21:24] /m apocalypse
[28/04/2012 14:26:46] /attr unique 5031
[28/04/2012 14:26:58] /attr unique 5032
[28/04/2012 14:27:43] /attr action 5032
[28/04/2012 14:27:59] /attr action 5031
[28/04/2012 14:28:16] /a
[28/04/2012 14:28:23] /attr action 5031
[28/04/2012 14:28:26] /a
[28/04/2012 14:28:31] /attr action 5032
[28/04/2012 14:28:38] /attr unique 5032
[28/04/2012 14:28:39] /a
[28/04/2012 14:28:45] /attr unique 5031
[28/04/2012 14:28:47] /a
[28/04/2012 14:28:48] /a
[28/04/2012 14:28:50] /a
[28/04/2012 14:28:52] /a
[28/04/2012 14:28:53] /a
[28/04/2012 14:28:55] /a
[28/04/2012 14:34:26] /m apocalupse
[28/04/2012 14:34:30] /m apocalypse
[28/04/2012 14:36:11] /addskill pally furius, level, 25
[28/04/2012 14:36:23] /addskill pally furius, level, 55
[28/04/2012 14:40:30] /addskill pally furius
[28/04/2012 14:40:35] /addskill pally furius, level, 250
[28/04/2012 14:40:43] /m apocalypse
[28/04/2012 14:41:22] /m demon
[28/04/2012 14:43:21] /m apocalypse
[28/04/2012 14:43:37] /addskill pally furius, level, 1000
[28/04/2012 14:45:08] /m apocalypse
[28/04/2012 15:05:56] /m apocalypse
[28/04/2012 15:06:37] /addskill pally furius, level, 100
[28/04/2012 15:13:13] /i legion helmet
[28/04/2012 15:15:15] /reload npcs
[28/04/2012 15:15:29] /i 2160
[28/04/2012 15:17:21] /reload npcs
[28/04/2012 15:17:34] /reload npcs
[28/04/2012 15:18:35] /reload npcs
[28/04/2012 15:20:15] /reload npcs
[28/04/2012 15:20:31] /reload npcs
[28/04/2012 15:21:22] /reload npcs
[28/04/2012 15:22:39] /i red dragon leather
[28/04/2012 15:23:27] /reload npcs
[28/04/2012 15:25:56] /reload npcs
[28/04/2012 15:27:11] /reload npcs
[28/04/2012 15:27:51] /reload npcs
[28/04/2012 15:30:21] /i ferumbras hat
[28/04/2012 15:30:24] /i ferumbras'hat
[28/04/2012 15:30:26] /i ferumbras'rat
[28/04/2012 15:30:32] /m ferumbras
[28/04/2012 15:32:53] /reload npc
[28/04/2012 15:34:16] /i fire sword
[28/04/2012 15:34:19] /i fire sword
[28/04/2012 15:34:20] /i fire sword
[28/04/2012 15:34:21] /i fire sword
[28/04/2012 15:34:59] /reload npcs
[28/04/2012 15:38:53] /reload npcs
[28/04/2012 15:40:16] /i soul stone
[28/04/2012 15:40:42] /reload npcs
[28/04/2012 15:46:55] /reload npcs
[28/04/2012 15:50:38] /reload npcs
[28/04/2012 15:50:41] /i 2160
[28/04/2012 15:55:11] /reload npcs
[28/04/2012 15:56:43] /newtype 308
[28/04/2012 15:56:46] /newtype 294
[28/04/2012 15:56:49] /newtype 194
[28/04/2012 15:57:52] /reload npcs
[28/04/2012 16:00:47] /i dragon claw
[28/04/2012 16:01:06] /i 2160
[30/04/2012 21:35:24] /reload npcs
[30/04/2012 21:40:03] /i medusa shield
[30/04/2012 21:40:59] /reload npcs
[30/04/2012 21:41:33] /i dragon scale mail
[30/04/2012 21:45:17] /i crown legs
[30/04/2012 21:46:08] /i ring of the sky
[30/04/2012 21:49:50] /i mermaid comb
[30/04/2012 21:55:12] /reload npcs
[30/04/2012 22:06:11] /newtype 192
[30/04/2012 23:09:11] /i nose ring
[30/04/2012 23:09:22] /reload npcs
[30/04/2012 23:24:58] /i /i pirate voodoo doll
[30/04/2012 23:25:00] /i pirate voodoo doll
[30/04/2012 23:36:20] /newtype 154
[30/04/2012 23:36:29] /t
[30/04/2012 23:37:59] /attr group 6
[30/04/2012 23:38:34] /t
[30/04/2012 23:39:39] /a
[30/04/2012 23:40:49] /town 2, lucas celicia
[30/04/2012 23:40:54] /town 2, lucas delicia
[30/04/2012 23:40:54] /t
[30/04/2012 23:40:58] /goto lucas delicia
[30/04/2012 23:41:37] /t
[30/04/2012 23:41:46] /goto lucas delicia
[30/04/2012 23:42:08] /goto lucas delicia
[30/04/2012 23:42:16] /goto lucas delicia
[30/04/2012 23:42:20] /goto lucas delicia
[30/04/2012 23:42:40] /a 15
[30/04/2012 23:42:42] /a 15
[30/04/2012 23:42:45] /goto lucas delicia
[30/04/2012 23:42:55] /goto lucas delicia
[30/04/2012 23:42:57] /goto lucas delicia
[30/04/2012 23:43:11] /goto lucas delicia
[30/04/2012 23:43:17] /up
[30/04/2012 23:43:24] /goto lucas delicia
[30/04/2012 23:43:27] /goto lucas delicia
[30/04/2012 23:43:31] /goto lucas delicia
[30/04/2012 23:43:47] /goto lucas delicia
[30/04/2012 23:45:09] /m rat
[30/04/2012 23:45:09] /m rat
[30/04/2012 23:45:09] /m rat
[30/04/2012 23:45:10] /m rat
[30/04/2012 23:45:10] /m rat
[30/04/2012 23:45:12] /m rat
[30/04/2012 23:45:12] /m rat
[30/04/2012 23:45:13] /m rat
[30/04/2012 23:45:13] /m rat
[30/04/2012 23:45:13] /m rat
[30/04/2012 23:45:14] /m rat
[30/04/2012 23:45:15] /m rat
[30/04/2012 23:45:15] /m rat
[30/04/2012 23:45:16] /m rat
[30/04/2012 23:45:16] /m rat
[30/04/2012 23:45:16] /m rat
[30/04/2012 23:45:17] /m rat
[30/04/2012 23:45:17] /m rat
[30/04/2012 23:45:19] /m rat
[30/04/2012 23:45:22] /m rat
[30/04/2012 23:45:22] /m rat
[30/04/2012 23:45:22] /m rat
[30/04/2012 23:45:23] /m rat
[30/04/2012 23:45:23] /m rat
[30/04/2012 23:45:23] /m rat
[30/04/2012 23:45:24] /m rat
[30/04/2012 23:45:24] /m rat
[30/04/2012 23:45:25] /m rat
[30/04/2012 23:45:47] /r
[30/04/2012 23:45:48] /r
[30/04/2012 23:45:50] /r
[30/04/2012 23:45:52] /r
[30/04/2012 23:45:54] /r
[30/04/2012 23:45:54] /r
[30/04/2012 23:45:57] /r
[30/04/2012 23:45:59] /r
[30/04/2012 23:46:00] /r
[30/04/2012 23:46:03] /r
[30/04/2012 23:46:10] /r
[30/04/2012 23:46:12] /clean
[30/04/2012 23:46:43] /t
[30/04/2012 23:49:18] /i pirate voodoo doll
[30/04/2012 23:51:06] /i voodoo doll
[30/04/2012 23:51:07] /i voodoo doll
[30/04/2012 23:51:07] /i voodoo doll
[30/04/2012 23:51:08] /i voodoo doll
[30/04/2012 23:51:08] /i voodoo doll
[30/04/2012 23:52:36] /i mandrake
[30/04/2012 23:52:39] /i mandrake
[30/04/2012 23:53:06] /i 5810
[30/04/2012 23:53:59] /i 5810
[30/04/2012 23:53:59] /i 5810
[30/04/2012 23:54:00] /i 5810
[30/04/2012 23:54:01] /i 5810
[30/04/2012 23:54:37] /i 3955
[30/04/2012 23:55:42] /i 3955
[30/04/2012 23:55:43] /i 3955
[30/04/2012 23:55:43] /i 3955
[30/04/2012 23:56:12] /i 5015
[30/04/2012 23:56:26] /i 3955
[30/04/2012 23:56:39] /i 3955
[30/04/2012 23:57:37] /reload npcs
[01/05/2012 00:01:15] /clean
[02/05/2012 20:56:29] /reload npcs
[02/05/2012 20:59:50] /reload npcs
[02/05/2012 21:03:36] /i great mana potion
[02/05/2012 21:13:39] /reload spells
[02/05/2012 21:14:07] /reload spells
[02/05/2012 21:14:14] /reload spells
[02/05/2012 21:14:30] /m minotaur
[02/05/2012 21:14:58] /r
[02/05/2012 21:15:00] /r
[02/05/2012 21:15:02] /r
[02/05/2012 21:15:09] /m training monk
[02/05/2012 21:16:14] /reload spells
[02/05/2012 21:17:10] /reload spells
[02/05/2012 21:18:38] /reload spells
[02/05/2012 21:18:52] /m training monk
[02/05/2012 21:19:13] /reload spells
[02/05/2012 21:19:38] /reload spells
[02/05/2012 21:20:19] /i ultimate healing rune
[02/05/2012 21:21:42] /reload spells
[02/05/2012 21:22:23] /reload spells
[02/05/2012 21:22:46] /reload spells
[02/05/2012 21:28:15] /reload spells
[02/05/2012 21:28:53] /reload spells
[02/05/2012 21:30:11] /reload spells
[02/05/2012 21:30:35] /reload spells
[02/05/2012 21:31:19] /i mana potion
[02/05/2012 21:32:30] /reload spells
[02/05/2012 21:33:28] /m training monk
[02/05/2012 21:34:59] /reload spells
[02/05/2012 21:37:35] /reload spells
[02/05/2012 21:38:09] /reload spells
[02/05/2012 21:41:03] /reload spells
[02/05/2012 21:42:25] /reload spells
[02/05/2012 21:42:42] /reload spells
[02/05/2012 21:43:06] /reload spells
[02/05/2012 21:44:13] /reload spells
[02/05/2012 21:44:40] /reload spells
[02/05/2012 21:45:09] /reload spells
[02/05/2012 21:45:20] /m apocalypse
[02/05/2012 21:46:31] /reload spells
[02/05/2012 21:46:48] /r
[02/05/2012 21:46:51] /m training monk
[02/05/2012 21:48:48] /reload spells
[02/05/2012 21:50:41] /reload spells
[02/05/2012 21:51:30] /reload spells
[02/05/2012 21:52:09] /reload spells
[02/05/2012 21:52:44] /reload spells
[02/05/2012 21:53:04] /reload spells
[02/05/2012 21:53:46] /reload spells
[02/05/2012 21:54:32] /reload spells
[02/05/2012 21:55:16] /reload spells
[02/05/2012 21:55:47] /reload spells
[02/05/2012 21:57:59] /reload spells
[02/05/2012 21:59:19] /reload spells
[02/05/2012 22:00:05] /reload spells
[02/05/2012 22:00:42] /reload spells
[02/05/2012 22:03:11] /t
[02/05/2012 22:04:54] /town 1
[02/05/2012 22:04:55] /town 2
[02/05/2012 22:04:57] /down 4
[02/05/2012 22:06:48] /reload spells
[02/05/2012 22:06:49] /t
[02/05/2012 22:06:55] /a
[02/05/2012 22:06:56] /a
[02/05/2012 22:06:59] /r
[02/05/2012 22:06:59] /r
[02/05/2012 22:07:00] /r
[02/05/2012 22:07:00] /r
[02/05/2012 22:07:00] /r
[02/05/2012 22:07:01] /r
[02/05/2012 22:07:02] /r
[02/05/2012 22:07:05] /m mage seller
[02/05/2012 22:07:06] /m mage seller
[02/05/2012 22:07:09] /n mage seller
[02/05/2012 22:07:12] /r
[02/05/2012 22:07:15] /n mage seller
[02/05/2012 22:07:16] /a 2
[02/05/2012 22:07:20] /a 2
[02/05/2012 22:07:21] /a 2
[02/05/2012 22:08:22] /a 5
[02/05/2012 22:08:24] /a 5
[02/05/2012 22:10:10] /a
