[21/07/2010 02:56:52] /t
[21/07/2010 02:58:13] /i great mana potion
[21/07/2010 03:03:56] /i spellbook
[26/08/2011 17:58:40] /r
[26/08/2011 17:58:52] /a
[26/08/2011 17:58:55] /a
[26/08/2011 18:06:01] /newtype 152
[26/08/2011 18:22:00] /reload spells
[26/08/2011 18:22:44] /reload spells
[26/08/2011 18:22:49] /reload spells
[26/08/2011 18:23:09] /reload spells
[26/08/2011 18:23:50] /m demon
[26/08/2011 18:24:03] /i 2300
[26/08/2011 18:25:06] /reload spells
[26/08/2011 18:25:21] /addskill GoD of War (Toridox), magic
[26/08/2011 18:25:22] /addskill GoD of War (Toridox), magic
[26/08/2011 18:25:22] /addskill GoD of War (Toridox), magic
[26/08/2011 18:25:23] /addskill GoD of War (Toridox), magic
[26/08/2011 18:25:23] /addskill GoD of War (Toridox), magic
[26/08/2011 18:25:23] /addskill GoD of War (Toridox), magic
[26/08/2011 18:25:24] /addskill GoD of War (Toridox), magic
[26/08/2011 18:25:24] /addskill GoD of War (Toridox), magic
[26/08/2011 18:25:25] /addskill GoD of War (Toridox), magic
[26/08/2011 18:25:28] /addskill GoD of War (Toridox), magic
[26/08/2011 18:25:28] /addskill GoD of War (Toridox), magic
[26/08/2011 18:25:31] /addskill GoD of War (Toridox), magic
[26/08/2011 18:25:31] /addskill GoD of War (Toridox), magic
[26/08/2011 18:25:34] /addskill GoD of War (Toridox), magic, 5
[26/08/2011 18:25:34] /addskill GoD of War (Toridox), magic, 5
[26/08/2011 18:25:35] /addskill GoD of War (Toridox), magic, 5
[26/08/2011 18:25:36] /addskill GoD of War (Toridox), magic, 
[26/08/2011 18:25:36] /addskill GoD of War (Toridox), magic, 
[26/08/2011 18:25:36] /addskill GoD of War (Toridox), magic, 
[26/08/2011 18:25:37] /addskill GoD of War (Toridox), magic, 
[26/08/2011 18:25:38] /addskill GoD of War (Toridox), magic
[26/08/2011 18:25:38] /addskill GoD of War (Toridox), magic
[26/08/2011 18:25:39] /addskill GoD of War (Toridox), magic
[26/08/2011 18:25:39] /addskill GoD of War (Toridox), magic
[26/08/2011 18:25:40] /addskill GoD of War (Toridox), magic
[26/08/2011 18:25:40] /addskill GoD of War (Toridox), magic
[26/08/2011 18:26:35] /reload spells
[26/08/2011 18:29:05] /reload spells
[26/08/2011 18:29:07] /m demon
[26/08/2011 18:31:17] /i wand of voodoo
[26/08/2011 18:31:37] /i underworld rod
[26/08/2011 18:32:32] /i 2278
[26/08/2011 18:32:45] /i 2269
