[08/11/2011 07:04:29] /a 3
[08/11/2011 07:04:57] /goto guerra mooca
[08/11/2011 07:05:04] /i 2160
[08/11/2011 07:05:12] /a 3
[08/11/2011 07:05:21] /clean
[08/11/2011 07:05:24] /save
[08/11/2011 07:06:27] /goto Dona Florinda
[08/11/2011 07:06:33] /goto Rafinha Almeida
[08/11/2011 07:06:40] /goto Sneyp
[08/11/2011 07:06:43] /goto Sneyp
[08/11/2011 07:06:46] /goto Sneyp
[08/11/2011 07:06:53] /ghost
[08/11/2011 07:06:57] /ghost
[08/11/2011 07:07:02] /ghost
[08/11/2011 07:07:07] /goto Sneyp
[08/11/2011 07:07:10] /goto Sneyp
[08/11/2011 07:07:15] /goto Sneyp
[08/11/2011 07:07:21] /goto Sneyp
[08/11/2011 07:07:43] /a 3
[08/11/2011 07:09:29] /a 3
[08/11/2011 07:09:46] /goto guerra mooca
[08/11/2011 07:12:33] /goto Sneyp
[08/11/2011 07:12:50] /goto Sneyp
[08/11/2011 07:13:00] /goto Sneyp
[08/11/2011 07:13:07] /goto Sneyp
[08/11/2011 07:15:12] /goto Sneyp
[08/11/2011 07:15:20] /goto Sneyp
[08/11/2011 07:15:22] /goto Sneyp
[08/11/2011 07:15:44] /goto Sneyp
[08/11/2011 07:16:26] /i 7958
[08/11/2011 07:17:19] /i 7891
[08/11/2011 07:17:25] /i 2504
[08/11/2011 07:17:32] /i 2503
[08/11/2011 07:17:40] /i 2502
[08/11/2011 07:17:47] /i 2519
[08/11/2011 07:17:56] /i 7413
[08/11/2011 07:18:03] /i 7697
[08/11/2011 07:18:15] /i 10309
[08/11/2011 07:19:35] /clean
[08/11/2011 07:21:05] /i 2160
[08/11/2011 07:46:45] /clean
[08/11/2011 07:47:12] /save
[08/11/2011 07:47:31] /save
[08/11/2011 07:53:13] /b Duvidas no help
[08/11/2011 07:57:04] /save
[08/11/2011 07:57:18] /clean
[08/11/2011 09:21:53] /clean
[08/11/2011 09:21:57] /save
[08/11/2011 09:22:09] /goto Skol Sensation
[08/11/2011 09:22:15] /goto Rafinha Almeida
[08/11/2011 09:22:21] /goto Fell Leni
[08/11/2011 09:22:33] /goto Betinho
[08/11/2011 09:22:41] /goto Betinho
[08/11/2011 09:22:58] /goto guerra mooca
[08/11/2011 13:00:25] /clean
[08/11/2011 13:00:28] /save
[08/11/2011 13:01:36] /b Pessoal temos itens Donatios venha conferi isso com a sua doacao tera muito mais Vantagens lugar novos para caçar itens melhor e Isso ajudar ot ficar on sempre
[08/11/2011 13:01:44] /ghost
[08/11/2011 13:01:54] /b Estou aqui nos iten donations
[08/11/2011 13:01:58] /b Pessoal temos itens Donatios venha conferi isso com a sua doacao tera muito mais Vantagens lugar novos para caçar itens melhor e Isso ajudar ot ficar on sempre
[08/11/2011 13:03:22] /b Pessoal temos itens Donatios venha conferi isso com a sua doacao tera muito mais Vantagens lugar novos para caçar itens melhor e Isso ajudar ot ficar on sempre
[08/11/2011 13:03:25] /goto Apple Joga'levz
[08/11/2011 13:05:18] /b Alguem quiser saber mais sobre os donations manda mgs private
[08/11/2011 13:05:20] /b Alguem quiser saber mais sobre os donations manda mgs private
[08/11/2011 13:07:51] /b Itens donations tem muita vatagem venha conferir
[08/11/2011 13:10:56] /b itens donations baratos e vam ajudar manter ot sempre on
[08/11/2011 13:12:15] /i 2127
[08/11/2011 13:14:32] /a 3
[08/11/2011 13:15:04] /c Knight Lokao
[08/11/2011 13:16:04] /t
[08/11/2011 13:16:09] /c Knight Lokao
[08/11/2011 13:18:00] /b Pessoa venha conferir o donations e estaram ajundo ot fica on
[08/11/2011 13:22:59] /ghost
[08/11/2011 13:25:58] /i 2160
[08/11/2011 13:25:59] /i 2160
[08/11/2011 13:26:00] /i 2160
[08/11/2011 13:26:02] /i 2160
[08/11/2011 13:26:38] /t
[08/11/2011 13:26:53] /b Escondi 4kk pelo sever ogogo
[08/11/2011 13:26:55] /b Escondi 4kk pelo sever ogogo
[08/11/2011 13:26:56] /b Escondi 4kk pelo sever ogogo
[08/11/2011 13:27:15] /b Escondi 4kk pelo sever ogogo Na city
[08/11/2011 13:27:33] /b Escondi 4kk pelo sever ogogo Na city
[08/11/2011 13:27:36] /b Escondi 4kk pelo sever ogogo Na city
[08/11/2011 13:28:25] /goto Rodrigo Rullez
[08/11/2011 13:28:27] /goto Rodrigo Rullez
[08/11/2011 13:28:40] /goto Rodrigo Rullez
[08/11/2011 13:28:53] /goto Rodrigo Rullez
[08/11/2011 13:29:37] /goto Pestinha
[08/11/2011 13:29:56] /b pestinha achou
[08/11/2011 13:29:57] /b pestinha achou
[08/11/2011 13:31:03] /t
[08/11/2011 13:31:20] /goto Apple Joga'levz
[08/11/2011 13:31:50] /goto Apple Joga'levz
[08/11/2011 13:32:30] /a 3
[08/11/2011 13:32:35] /a 3
[08/11/2011 13:32:36] /a 3
[08/11/2011 13:33:10] /a 3
[08/11/2011 13:33:11] /a 3
[08/11/2011 13:33:12] /a 3
[08/11/2011 13:33:27] /goto Rafinha Almeida
[08/11/2011 13:33:35] /goto Seejay Fool
[08/11/2011 13:34:11] /goto Seejay Fool
[08/11/2011 13:34:13] /t
[08/11/2011 13:34:35] /a 4
[08/11/2011 13:34:36] /a 4
[08/11/2011 13:34:41] /a 4
[08/11/2011 13:34:43] /a 4
[08/11/2011 13:35:21] /a 4
[08/11/2011 13:35:40] /clean
[08/11/2011 13:35:42] /save
[08/11/2011 13:35:49] /goto Rodrigo Rullez
[08/11/2011 14:16:15] /ghost
[08/11/2011 14:16:16] /ghost
[08/11/2011 14:16:59] /goto quest vip 2
[08/11/2011 14:17:17] /goto 1431
[08/11/2011 14:17:39] /a 10
[08/11/2011 14:17:43] /a 100
[08/11/2011 14:17:48] /a 30
[08/11/2011 14:17:50] /a 30
[08/11/2011 14:18:00] /a 30
[08/11/2011 14:18:07] /a 30
[08/11/2011 14:18:08] /a 30
[08/11/2011 14:18:12] /a 30
[08/11/2011 14:18:13] /a 30
[08/11/2011 14:18:21] /goto demon
[08/11/2011 14:18:23] /goto demon
[08/11/2011 14:18:24] /goto demon
[08/11/2011 14:18:25] /goto demon
[08/11/2011 14:18:27] /goto demon
[08/11/2011 14:18:30] /goto demon
[08/11/2011 14:18:37] /goto  Rodrigo Rullez
[08/11/2011 14:18:50] /a 30
[08/11/2011 14:18:52] /a 30
[08/11/2011 14:19:19] /a 4
[08/11/2011 14:19:34] /a 4
[08/11/2011 14:19:43] /a 4
[08/11/2011 14:20:11] /goto [ADM] Lucas
[08/11/2011 14:20:34] /a 2
[08/11/2011 14:20:39] /a 2
[08/11/2011 14:20:43] /a 5
[08/11/2011 14:20:49] /a 5
[08/11/2011 14:20:50] /a 5
[08/11/2011 14:21:24] /a 5
[08/11/2011 14:21:35] /a 5
[08/11/2011 14:21:40] /a 5
[08/11/2011 14:21:48] /c Rodrigo Rullez
[08/11/2011 14:22:00] /clean
[08/11/2011 14:22:04] /save
[08/11/2011 16:52:58] /ghost
[08/11/2011 16:53:04] /ghost
[08/11/2011 16:53:57] /goto [ADM] Lucas
[08/11/2011 17:00:48] /goto [GM] H'dois
[08/11/2011 17:00:58] /goto t
[08/11/2011 17:01:00] /t
[08/11/2011 17:01:42] /goto [GM] H'dois
[08/11/2011 17:01:45] /t
[08/11/2011 17:02:36] /a 4
[08/11/2011 17:04:08] /goto Rafinha Almeida
[08/11/2011 17:04:14] /goto Sneyp
[08/11/2011 17:04:35] /goto [GM] H'dois
[08/11/2011 17:04:39] /goto [GM] H'dois
[08/11/2011 17:04:53] /t
[08/11/2011 17:05:19] /goto Sneyp
[08/11/2011 17:05:36] /goto Sneyp
[08/11/2011 19:13:57] /a 4
[08/11/2011 19:19:32] /clean
[08/11/2011 19:19:38] /save
[08/11/2011 20:10:04] /clean
[08/11/2011 20:10:11] /save
[08/11/2011 20:12:15] /goto Eurushomtmtmtpqp
[08/11/2011 20:12:18] /goto Eurushomtmtmtpqp
[08/11/2011 20:12:20] /goto Eurushomtmtmtpqp
[08/11/2011 20:12:41] /goto Princs Blackz
[08/11/2011 20:12:59] /goto Savage Thuug
[08/11/2011 20:13:26] /goto Rafinha Almeida
[08/11/2011 20:14:46] /goto Rafinha Almeida
[08/11/2011 20:15:43] /goto Rafinha Almeida
[08/11/2011 20:15:52] /t
[09/11/2011 05:34:26] /clean
[09/11/2011 05:34:30] /save
[09/11/2011 05:34:48] /goto Guerra Mooca
[09/11/2011 05:34:56] /goto Skol Sensation
[09/11/2011 05:35:21] /goto Rafinha Almeida
[09/11/2011 05:35:37] /goto Skol Sensation
[09/11/2011 05:35:40] /t
[09/11/2011 05:35:49] /goto Princs Blackz
[09/11/2011 05:43:14] /goto Fell Leni
[09/11/2011 05:46:26] /goto Skol Sensation
[09/11/2011 05:46:29] /t
[09/11/2011 05:46:57] /a 3
[09/11/2011 05:49:30] /m bug xp
[09/11/2011 05:49:34] /m bug
[09/11/2011 05:49:50] /m xp bug
[09/11/2011 05:50:16] /m bug x
[09/11/2011 05:50:19] /m bug xp
[09/11/2011 05:50:36] /m Bug xp
[09/11/2011 05:50:42] /m Bug xp
[09/11/2011 05:50:50] /m bugxp
[09/11/2011 05:50:59] /m xp bug
[09/11/2011 05:51:07] /m bug xp
[09/11/2011 05:51:11] /t
[09/11/2011 05:51:23] /goto Skol Sensation
[09/11/2011 05:51:26] /t
[09/11/2011 05:53:58] /a 3
[09/11/2011 05:54:25] /m exp bug
[09/11/2011 05:54:35] /c Guerra Mooca
[09/11/2011 05:55:52] /m exp bug
[09/11/2011 05:55:55] /m exp bug
[09/11/2011 05:55:58] /m exp bug
[09/11/2011 05:55:59] /m exp bug
[09/11/2011 05:56:01] /m exp bug
[09/11/2011 05:56:03] /m exp bug
[09/11/2011 05:56:04] /m exp bug
[09/11/2011 05:56:07] /t
[09/11/2011 05:57:37] /clean
[09/11/2011 05:57:40] /save
[09/11/2011 05:57:51] /goto [GM] H'dois
[09/11/2011 05:58:08] /t
[09/11/2011 05:58:16] /t
[09/11/2011 05:58:18] /goto [GM] H'dois
[09/11/2011 05:58:20] /t
[09/11/2011 07:49:55] /clean
[09/11/2011 07:49:59] /save
[09/11/2011 07:50:56] /m exp bug
[09/11/2011 07:50:58] /m exp bug
[09/11/2011 07:50:59] /m exp bug
[09/11/2011 07:51:00] /m exp bug
[09/11/2011 07:51:02] /m exp bug
[09/11/2011 07:51:03] /m exp bug
[09/11/2011 07:51:04] /m exp bug
[09/11/2011 07:51:05] /m exp bug
[09/11/2011 07:51:07] /t
[09/11/2011 07:55:54] /goto Lord Techanno
[09/11/2011 07:56:03] /t
[09/11/2011 07:56:07] /c Lord Techanno
[09/11/2011 08:44:37] /c Guerra Mooca
[09/11/2011 08:45:36] /goto Princs Blackz
[09/11/2011 08:45:42] /goto Eurushomtmtmtpqp
[09/11/2011 08:45:49] /a 3
[09/11/2011 08:46:44] /goto Relaxaeurushoo'sz
[09/11/2011 08:46:49] /goto Savage Thuug
[09/11/2011 08:47:14] /clean
[09/11/2011 08:47:48] /i 3966
[09/11/2011 08:48:03] /a 2
[09/11/2011 08:56:12] /b Rei Knight
[09/11/2011 08:58:39] /goto Rei Knight
[09/11/2011 09:05:57] /a 
[09/11/2011 09:06:30] /clean
[09/11/2011 09:11:04] /i 2160
[09/11/2011 09:11:06] /i 2160
[09/11/2011 09:11:07] /i 2160
[09/11/2011 09:11:08] /i 2160
[09/11/2011 09:11:37] /b pessoal escondi na city 4kk
[09/11/2011 09:11:39] /b pessoal escondi na city 4kk
[09/11/2011 09:11:41] /b pessoal escondi na city 4kk
[09/11/2011 09:12:01] /goto Maazah
[09/11/2011 09:13:07] /i 8854
[09/11/2011 09:13:19] /goto Maazah
[09/11/2011 09:14:14] /goto Maazah
[09/11/2011 09:16:22] /a 
[09/11/2011 09:16:29] /a 3
[09/11/2011 09:17:56] /a 
[09/11/2011 09:19:03] /a 
[09/11/2011 09:19:22] /a 3
[09/11/2011 09:20:09] /a 4
[09/11/2011 09:20:13] /a 4
[09/11/2011 09:20:14] /a 4
[09/11/2011 09:20:15] /a 4
[09/11/2011 09:20:16] /a 4
[09/11/2011 09:20:17] /a 4
[09/11/2011 09:20:17] /a 4
[09/11/2011 09:20:18] /a 4
[09/11/2011 09:20:36] /a 3
[09/11/2011 09:21:19] /a 3
[09/11/2011 09:21:22] /a 3
[09/11/2011 09:21:23] /a 3
[09/11/2011 09:22:50] /goto Maazah
[09/11/2011 09:23:44] /b E ia niguem vai quero os 4kk q ta escondido ccity
[09/11/2011 09:23:45] /b E ia niguem vai quero os 4kk q ta escondido ccity
[09/11/2011 09:24:13] /c Maazah
[09/11/2011 09:25:46] /goto [GM] H'dois
[09/11/2011 09:26:09] /ghost
[09/11/2011 09:26:53] /clean
[09/11/2011 09:26:57] /r
[09/11/2011 09:27:04] /save
[09/11/2011 09:29:32] /ghost
[09/11/2011 09:31:17] /i 2160
[09/11/2011 09:32:21] /goto Relaxaeurushoo'sz
[09/11/2011 09:32:27] /goto Sneyp
[09/11/2011 09:32:39] /a 
[09/11/2011 09:33:29] /a 3
[09/11/2011 09:33:40] /i 2160
[09/11/2011 09:33:41] /i 2160
[09/11/2011 09:33:42] /i 2160
[09/11/2011 09:33:43] /i 2160
[09/11/2011 09:33:46] /i 2160
[09/11/2011 09:33:47] /i 2160
[09/11/2011 09:33:47] /i 2160
[09/11/2011 09:33:48] /i 2160
[09/11/2011 09:33:49] /i 2160
[09/11/2011 09:33:50] /i 2160
[09/11/2011 09:34:01] /i 2160
[09/11/2011 09:34:16] /i 2160
[09/11/2011 09:34:17] /i 2160
[09/11/2011 09:34:17] /i 2160
[09/11/2011 09:34:18] /i 2160
[09/11/2011 09:34:19] /i 2160
[09/11/2011 09:34:24] /i 2160
[09/11/2011 09:34:25] /i 2160
[09/11/2011 09:34:33] /t
[09/11/2011 09:34:57] /t
[09/11/2011 09:35:15] /c Maazah
[10/11/2011 12:56:10] /clean
[10/11/2011 12:56:14] /save
[10/11/2011 12:56:31] /goto Palizin 
[10/11/2011 12:57:17] /a 
[10/11/2011 12:57:23] /t
[10/11/2011 12:57:54] /goto Palizin 
[10/11/2011 12:59:23] /t
[10/11/2011 14:55:59] /clean
[10/11/2011 14:56:01] /save
[10/11/2011 14:56:09] /goto Sneyp
[10/11/2011 14:56:13] /goto Sneyp
[10/11/2011 14:56:58] /a 3
[10/11/2011 14:57:05] /t
[10/11/2011 15:43:39] /b ja vai pasar o lag
[10/11/2011 16:30:53] /clean
[10/11/2011 16:30:57] /save
[10/11/2011 16:31:20] /a 4
[10/11/2011 16:31:36] /a 2
[10/11/2011 16:31:38] /a 2
[10/11/2011 16:33:18] /i Dragon Scale Helmet
[10/11/2011 16:33:41] /i Golden Boots
[10/11/2011 16:33:50] /i Dragon Scale Boots
[10/11/2011 16:34:16] /i Great Shield
[10/11/2011 16:34:34] /i Nightmare Shield
[10/11/2011 16:35:23] /i Magma Legs
[10/11/2011 16:35:36] /i Zaoan Legs
[10/11/2011 16:36:13] /i The Epiphany
[10/11/2011 16:36:26] /i Magic Long Sword
[10/11/2011 16:36:37] /i Magic Sword
[10/11/2011 16:37:03] /goto Hell
[10/11/2011 16:37:46] /goto shiiva
[10/11/2011 16:37:52] /c Hell
[10/11/2011 16:38:23] /m ferumbras
[10/11/2011 16:38:41] /r
[10/11/2011 16:39:17] /b
[10/11/2011 16:39:19] /t
[10/11/2011 16:41:01] /b Pessoal chama seus amigos para jodar ajuda nois a divugar ot
[10/11/2011 16:41:03] /b Pessoal chama seus amigos para jodar ajuda nois a divugar ot
[10/11/2011 16:50:23] /a 3
[10/11/2011 16:50:39] /a 3
[10/11/2011 16:51:25] /i Magic Sword
[10/11/2011 16:51:46] /i Draken Boots
[10/11/2011 16:51:54] /i Golden Boots
[10/11/2011 16:52:00] /i Dragon Scale Boots
[10/11/2011 16:52:25] /i Great Shield
[10/11/2011 16:52:38] /i Dragon Scale Helmet
[10/11/2011 16:53:27] /i Jade Hammer
[10/11/2011 16:53:48] /i Zaoan Legs
[10/11/2011 16:54:26] /i Nightmare Shield
[10/11/2011 16:55:46] /a 3
[10/11/2011 16:56:33] /a 4
[10/11/2011 16:57:39] /a 5
[10/11/2011 16:57:40] /a 5
[10/11/2011 16:57:41] /a 5
[10/11/2011 16:57:42] /a 5
[10/11/2011 16:57:42] /a 5
[10/11/2011 16:57:54] /a 2
[10/11/2011 16:58:02] /c Hell
[10/11/2011 16:58:12] /c Shiiva
[10/11/2011 16:58:26] /i 7366
[10/11/2011 16:59:13] /save
[10/11/2011 16:59:17] /clean
[10/11/2011 16:59:19] /save
[10/11/2011 17:01:23] /goto Irakiiana
[10/11/2011 17:01:29] /a
[10/11/2011 17:03:19] /c Tabata
[10/11/2011 17:03:25] /m exp bug
[10/11/2011 17:03:49] /save
[10/11/2011 17:04:02] /i 2160
[10/11/2011 17:05:13] /i 12609
[10/11/2011 17:30:31] /b pessoal Hoje as 6 horas teremos zombie event, mais se o ot tiver 60 players online, os premios sao 1° evento 3 dias de vip gold, 2° evento um master vip set mais arma e aceso a area master vip, 3° evento 5kk e uma arma da quest vip 2. ENTAO APROVEITEM 
[10/11/2011 17:30:38] /b pessoal Hoje as 6 horas teremos zombie event, mais se o ot tiver 60 players online, os premios sao 1° evento 3 dias de vip gold, 2° evento um master vip set mais arma e aceso a area master vip, 3° evento 5kk e uma arma da quest vip 2. ENTAO APROVEITEM 
[10/11/2011 17:30:39] /b pessoal Hoje as 6 horas teremos zombie event, mais se o ot tiver 60 players online, os premios sao 1° evento 3 dias de vip gold, 2° evento um master vip set mais arma e aceso a area master vip, 3° evento 5kk e uma arma da quest vip 2. ENTAO APROVEITEM 
[10/11/2011 17:30:41] /b pessoal Hoje as 6 horas teremos zombie event, mais se o ot tiver 60 players online, os premios sao 1° evento 3 dias de vip gold, 2° evento um master vip set mais arma e aceso a area master vip, 3° evento 5kk e uma arma da quest vip 2. ENTAO APROVEITEM 
[10/11/2011 17:30:42] /b pessoal Hoje as 6 horas teremos zombie event, mais se o ot tiver 60 players online, os premios sao 1° evento 3 dias de vip gold, 2° evento um master vip set mais arma e aceso a area master vip, 3° evento 5kk e uma arma da quest vip 2. ENTAO APROVEITEM 
[10/11/2011 17:30:43] /b pessoal Hoje as 6 horas teremos zombie event, mais se o ot tiver 60 players online, os premios sao 1° evento 3 dias de vip gold, 2° evento um master vip set mais arma e aceso a area master vip, 3° evento 5kk e uma arma da quest vip 2. ENTAO APROVEITEM 
[10/11/2011 17:30:45] /b pessoal Hoje as 6 horas teremos zombie event, mais se o ot tiver 60 players online, os premios sao 1° evento 3 dias de vip gold, 2° evento um master vip set mais arma e aceso a area master vip, 3° evento 5kk e uma arma da quest vip 2. ENTAO APROVEITEM 
[10/11/2011 17:30:47] /b pessoal Hoje as 6 horas teremos zombie event, mais se o ot tiver 60 players online, os premios sao 1° evento 3 dias de vip gold, 2° evento um master vip set mais arma e aceso a area master vip, 3° evento 5kk e uma arma da quest vip 2. ENTAO APROVEITEM 
[10/11/2011 17:30:48] /b pessoal Hoje as 6 horas teremos zombie event, mais se o ot tiver 60 players online, os premios sao 1° evento 3 dias de vip gold, 2° evento um master vip set mais arma e aceso a area master vip, 3° evento 5kk e uma arma da quest vip 2. ENTAO APROVEITEM 
[10/11/2011 17:30:50] /b pessoal Hoje as 6 horas teremos zombie event, mais se o ot tiver 60 players online, os premios sao 1° evento 3 dias de vip gold, 2° evento um master vip set mais arma e aceso a area master vip, 3° evento 5kk e uma arma da quest vip 2. ENTAO APROVEITEM 
[10/11/2011 17:31:09] /b pessoal Hoje as 6 horas teremos zombie event, mais se o ot tiver 60 players online, os premios sao 1° evento 3 dias de vip gold, 2° evento um master vip set mais arma e aceso a area master vip, 3° evento 5kk e uma arma da quest vip 2. ENTAO APROVEITEM 
[10/11/2011 17:38:50] /i 8925
[10/11/2011 17:52:07] /i 8925
[10/11/2011 17:52:52] /i 2160
[10/11/2011 17:53:17] /i 8925
[10/11/2011 17:53:42] /ghost
[10/11/2011 17:57:42] /i 2160
[10/11/2011 18:00:30] /i 12609
[10/11/2011 18:02:50] /ghost
[10/11/2011 18:03:01] /save
[10/11/2011 18:03:05] /clean
[10/11/2011 18:11:41] /goto Irakiiana
[10/11/2011 18:12:40] /a 2
[10/11/2011 18:12:59] /goto The Fasth
[10/11/2011 18:13:18] /goto Princs Blackz
[10/11/2011 18:46:39] /clean
[10/11/2011 18:46:41] /save
[12/11/2011 01:02:20] /clean
[12/11/2011 01:02:23] /save
[12/11/2011 01:02:38] /goto Irakiiana
[12/11/2011 01:02:46] /goto Rafinha Almeida
[12/11/2011 01:02:49] /t
[12/11/2011 05:36:43] /clean
[12/11/2011 05:36:46] /save
[12/11/2011 05:37:18] /b Bom dia pessoal
[12/11/2011 05:37:29] /goto Skol Sensation
[12/11/2011 05:37:34] /t
[12/11/2011 05:38:00] /goto Lord Techanno
[12/11/2011 05:38:20] /goto 
[12/11/2011 05:38:25] /goto Katacresi
[12/11/2011 05:38:32] /t
[12/11/2011 05:38:47] /goto Steel Dragon
[12/11/2011 05:38:53] /t
[12/11/2011 05:39:01] /goto Lucas Zika
[12/11/2011 05:39:07] /t
[12/11/2011 05:39:38] /b PEssoal ja temos 4 player com itens donations
[12/11/2011 05:40:14] /b Manda mgs private para eu para saber sobre os donations
[12/11/2011 05:40:59] /ghost
[12/11/2011 05:46:38] /b Itens donations tem muitas vanatagens tem acesso ao gold vip huntes novas 
[12/11/2011 05:47:06] /goto magoot@hotmail.com.br
[12/11/2011 05:47:10] /goto Lucas Zika
[12/11/2011 05:47:39] /t
[12/11/2011 05:47:42] /c Lucas Zika
[12/11/2011 05:50:25] /a 2
[12/11/2011 05:50:48] /ghost
[12/11/2011 05:51:05] /t
[12/11/2011 05:51:30] /a 3
[12/11/2011 05:51:46] /a 3
[12/11/2011 06:03:01] /b Pessoal to tentao resolver o lag
[13/11/2011 14:27:00] /clean
[13/11/2011 14:27:03] /save
[13/11/2011 14:27:15] /goto Rafinha Almeida
[13/11/2011 14:27:26] /goto Katacresi
[13/11/2011 14:27:32] /goto Dona Florinda
[13/11/2011 14:28:00] /a 3
[13/11/2011 14:28:26] /m exp bug
[13/11/2011 14:28:27] /m exp bug
[13/11/2011 14:28:28] /m exp bug
[13/11/2011 14:28:29] /m exp bug
[13/11/2011 14:28:30] /m exp bug
[13/11/2011 14:28:31] /m exp bug
[13/11/2011 14:28:32] /m exp bug
[13/11/2011 14:28:33] /m exp bug
[13/11/2011 14:28:34] /m exp bug
[13/11/2011 14:28:34] /m exp bug
[13/11/2011 14:28:35] /m exp bug
[13/11/2011 14:28:36] /m exp bug
[13/11/2011 14:28:39] /t
[13/11/2011 14:29:50] /clean
[13/11/2011 14:32:25] /b Bom dia pessoal duvidas help
[13/11/2011 14:32:28] /b Bom dia pessoal duvidas help
[13/11/2011 14:32:57] /b Bom dia pessoal duvidas help
[13/11/2011 14:32:59] /b Bom dia pessoal duvidas help
[13/11/2011 14:33:23] /a 3
[13/11/2011 14:33:47] /r
[13/11/2011 14:33:55] /a 3
[13/11/2011 14:33:58] /a 3
[13/11/2011 14:36:14] /a 3
[13/11/2011 14:36:16] /a 3
[13/11/2011 14:36:21] /a
[13/11/2011 14:36:30] /a 3
[13/11/2011 14:37:44] /a 3
[13/11/2011 14:37:47] /a 3
[13/11/2011 14:39:08] /a 2
[13/11/2011 14:39:18] /c Kina Techanno
[13/11/2011 14:39:51] /a 3
[13/11/2011 14:39:54] /a 3
[13/11/2011 14:39:55] /a 3
[13/11/2011 14:39:59] /a 3
[13/11/2011 14:39:59] /a 3
[13/11/2011 14:40:01] /a 3
[13/11/2011 14:40:05] /a 3
[13/11/2011 14:40:12] /a 3
[13/11/2011 14:40:20] /a 3
[13/11/2011 14:40:39] /a 3
[13/11/2011 14:40:41] /a 3
[13/11/2011 14:40:43] /a 3
[13/11/2011 14:40:45] /a 3
[13/11/2011 14:41:50] /a 2
[13/11/2011 14:41:53] /a 2
[13/11/2011 14:41:56] /a 2
[13/11/2011 14:41:57] /a 2
[13/11/2011 14:41:59] /a 2
[13/11/2011 14:42:03] /a 2
[13/11/2011 14:42:05] /a 2
[13/11/2011 14:42:06] /a 2
[13/11/2011 14:42:31] /goto Meu Macho
[13/11/2011 14:42:40] /a 2
[13/11/2011 14:42:43] /a 2
[13/11/2011 14:42:46] /a 2
[13/11/2011 14:42:48] /a 2
[13/11/2011 14:42:54] /a 2
[13/11/2011 14:43:08] /a 2
[13/11/2011 14:44:56] /t
[13/11/2011 14:45:00] /clean
[13/11/2011 14:45:22] /i 2160
[13/11/2011 14:46:21] /t
[13/11/2011 14:46:42] /a 3
[13/11/2011 14:47:42] /t
[13/11/2011 14:49:17] /a 2
[13/11/2011 14:54:49] /c Guerra Mooca
[13/11/2011 14:54:50] /t
[13/11/2011 15:02:48] /a 2
[13/11/2011 15:02:57] /a 2
[13/11/2011 15:05:14] /goto Meu Macho
[13/11/2011 15:05:19] /goto Meu Macho
[13/11/2011 15:05:20] /goto Meu Macho
[13/11/2011 15:05:21] /goto Meu Macho
[13/11/2011 15:05:24] /goto Meu Macho
[13/11/2011 15:05:25] /goto Meu Macho
[13/11/2011 15:05:27] /goto Meu Macho
[13/11/2011 15:05:29] /goto Meu Macho
[13/11/2011 15:05:30] /goto Meu Macho
[13/11/2011 15:05:32] /goto Meu Macho
[13/11/2011 15:05:33] /goto Meu Macho
[13/11/2011 15:05:34] /goto Meu Macho
[13/11/2011 15:05:35] /goto Meu Macho
[13/11/2011 15:05:39] /goto Meu Macho
[13/11/2011 15:05:40] /goto Meu Macho
[13/11/2011 15:05:41] /goto Meu Macho
[13/11/2011 15:05:43] /goto Meu Macho
[13/11/2011 15:05:44] /goto Meu Macho
[13/11/2011 15:05:45] /goto Meu Macho
[13/11/2011 15:05:48] /goto Meu Macho
[13/11/2011 15:05:49] /goto Meu Macho
[13/11/2011 15:05:50] /goto Meu Macho
[13/11/2011 15:05:52] /goto Meu Macho
[13/11/2011 15:06:04] /goto Meu Macho
[13/11/2011 15:06:06] /goto Meu Macho
[13/11/2011 15:12:02] /clean
[13/11/2011 15:12:05] /save
[13/11/2011 15:12:24] /b Boa tarde pessoal duvidas falam no help
[13/11/2011 15:12:25] /b Boa tarde pessoal duvidas falam no help
[13/11/2011 15:12:27] /b Boa tarde pessoal duvidas falam no help
[13/11/2011 15:17:36] /goto Meu Macho
[13/11/2011 15:19:13] /a 3
[13/11/2011 15:19:24] /a 3
[13/11/2011 15:20:55] /a 3
[13/11/2011 15:21:36] /goto Rafinha Almeida
[13/11/2011 15:21:41] /goto Skol Sensation
[13/11/2011 15:21:49] /goto Katacresi
[13/11/2011 15:21:59] /goto Meu Macho
[13/11/2011 15:22:07] /goto Mitanih
[13/11/2011 15:22:17] /goto Mitanih
[13/11/2011 15:22:29] /goto Meu Macho
[13/11/2011 15:22:38] /a 3
[13/11/2011 15:23:25] /a 3
[13/11/2011 15:23:30] /a 3
[13/11/2011 15:24:46] /goto Meu Macho
[13/11/2011 15:25:28] /goto Kina Techanno
[13/11/2011 15:25:40] /goto Polentz
[13/11/2011 15:25:55] /r
[13/11/2011 15:25:59] /r
[13/11/2011 15:26:06] /r
[13/11/2011 15:26:18] /goto Kina Techanno
[13/11/2011 15:26:27] /goto Kina Techanno
[13/11/2011 15:26:29] /goto Kina Techanno
[13/11/2011 15:26:30] /goto Kina Techanno
[13/11/2011 15:26:31] /goto Kina Techanno
[13/11/2011 15:26:33] /goto Kina Techanno
[13/11/2011 15:26:34] /goto Kina Techanno
[13/11/2011 15:26:38] /goto Kina Techanno
[13/11/2011 15:28:13] /c Kina Techanno
[13/11/2011 15:28:27] /c lord techanno
[13/11/2011 15:28:50] /goto Meu Macho
[13/11/2011 15:29:10] /goto Kina Techanno
[13/11/2011 15:29:15] /goto Kina Techanno
[13/11/2011 15:29:17] /goto Kina Techanno
[13/11/2011 15:29:19] /goto Kina Techanno
[13/11/2011 15:29:22] /goto Kina Techanno
[13/11/2011 15:29:24] /goto Kina Techanno
[13/11/2011 15:29:33] /goto Kina Techanno
[13/11/2011 15:29:36] /goto Kina Techanno
[13/11/2011 15:29:42] /goto Kina Techanno
[13/11/2011 15:30:39] /i 2436
[13/11/2011 15:30:47] /i 7429
[13/11/2011 15:30:49] /t
[13/11/2011 15:31:53] /b pessoal vou sumoar um bicho templo
[13/11/2011 15:31:54] /b pessoal vou sumoar um bicho templo
[13/11/2011 15:32:03] /r
[13/11/2011 15:32:24] /goto Messi
[13/11/2011 15:32:28] /t
[13/11/2011 15:32:50] /m ushuriel
[13/11/2011 15:33:17] /r
[13/11/2011 15:37:08] /i 12609
[13/11/2011 15:37:32] /c Leo gatinho
[13/11/2011 15:39:19] /i 2160
[13/11/2011 15:39:21] /i 2160
[13/11/2011 15:41:24] /goto Leo gatinho
[13/11/2011 15:41:44] /goto Leo gatinho
[13/11/2011 15:42:12] /m orshabal
[13/11/2011 15:42:18] /m demon
[13/11/2011 15:42:19] /m demon
[13/11/2011 15:42:20] /m demon
[13/11/2011 15:42:21] /m demon
[13/11/2011 15:42:22] /m demon
[13/11/2011 15:42:23] /m demon
[13/11/2011 15:42:24] /m demon
[13/11/2011 15:42:36] /goto v
[13/11/2011 15:42:39] /goto Leo gatinho
[13/11/2011 15:43:03] /goto Leo gatinho
[13/11/2011 15:45:44] /t
[13/11/2011 15:45:56] /clean
[13/11/2011 18:19:00] /clean
[13/11/2011 18:19:03] /save
[13/11/2011 18:19:08] /goto David Villa
[13/11/2011 18:19:15] /goto Katacresi
[13/11/2011 18:19:25] /goto Katacresi
[13/11/2011 18:20:23] /goto Messi
[13/11/2011 18:20:30] /goto Messi
[13/11/2011 18:20:40] /t
[13/11/2011 18:45:41] /clean
[13/11/2011 18:46:15] /goto David Villa
[13/11/2011 19:01:57] /goto Skol Sensation
[13/11/2011 19:02:14] /goto Irakiiana
[13/11/2011 19:16:08] /goto Steel Dragon
[13/11/2011 19:16:13] /goto mesi
[13/11/2011 19:16:22] /goto messi
[13/11/2011 19:16:49] /goto Steel Dragon
[13/11/2011 19:17:10] /goto Steel Dragon
[13/11/2011 19:17:19] /goto Steel Dragon
[13/11/2011 19:27:45] /t
[13/11/2011 19:27:52] /a 3
[13/11/2011 19:27:58] /c guerra mooca
[13/11/2011 19:28:06] /goto Messi
[13/11/2011 19:28:09] /goto Messi
[13/11/2011 19:28:22] /goto Messi
[13/11/2011 19:28:27] /goto Messi
[13/11/2011 19:28:29] /goto Messi
[13/11/2011 19:28:36] /goto Todynho'com'bulacha
[13/11/2011 19:28:39] /goto Todynho'com'bulacha
[13/11/2011 19:28:43] /goto Todynho'com'bulacha
[13/11/2011 19:28:47] /goto Todynho'com'bulacha
[13/11/2011 19:28:54] /goto Todynho'com'bulacha
[13/11/2011 19:29:06] /goto Todynho'com'bulacha
[13/11/2011 19:29:13] /t
[13/11/2011 19:59:47] /goto Elite draken
[13/11/2011 20:00:01] /goto Messi
[13/11/2011 20:00:27] /a
[13/11/2011 20:00:30] /a
[13/11/2011 20:00:31] /a
[13/11/2011 20:01:00] /goto Steel Dragon
[13/11/2011 20:01:45] /m Infernatil
[13/11/2011 20:02:06] /r
[13/11/2011 20:02:13] /t
[13/11/2011 20:05:04] /goto messi
[13/11/2011 20:05:45] /t
[13/11/2011 20:30:38] /goto Messi
[13/11/2011 20:31:00] /goto Steel Dragon
[13/11/2011 20:31:04] /goto Steel Dragon
[13/11/2011 20:31:07] /goto Steel Dragon
[13/11/2011 20:31:14] /t
[14/11/2011 00:30:51] /clean
[14/11/2011 00:31:00] /goto Todynho'com'bulacha
[14/11/2011 00:31:03] /goto Todynho'com'bulacha
[14/11/2011 00:31:10] /goto Skol Sensation
[14/11/2011 00:31:18] /goto Katacresi
[14/11/2011 00:31:44] /goto Socz Rullez
[14/11/2011 00:31:56] /a 4
[14/11/2011 00:33:53] /t
[14/11/2011 00:34:23] /goto guerra mooca
[14/11/2011 16:54:31] /clean
[14/11/2011 16:54:36] /save
[14/11/2011 16:55:24] /goto Messi
[14/11/2011 16:55:49] /goto [ADM] Lucas
[14/11/2011 16:55:57] /goto Meu Macho
[14/11/2011 16:56:10] /goto Trotsky
[14/11/2011 16:57:21] /a 4
[14/11/2011 16:58:06] /goto Messi
[14/11/2011 17:00:20] /goto [ADM] Lucas
[14/11/2011 17:01:22] /a 6
[14/11/2011 17:01:25] /a 6
[14/11/2011 17:01:30] /a 6
[14/11/2011 17:01:38] /t
[14/11/2011 17:02:10] /goto [ADM] Lucas
[14/11/2011 17:04:56] /goto Derek Plux
[14/11/2011 17:06:59] /r
[14/11/2011 17:07:02] /t
[14/11/2011 17:07:27] /goto Messi
[14/11/2011 17:07:29] /goto Messi
[14/11/2011 17:07:36] /goto Steel Dragon
[14/11/2011 17:07:42] /t
[14/11/2011 17:08:01] /clean
[14/11/2011 17:09:14] /goto David Villa
[14/11/2011 17:09:19] /t
[14/11/2011 17:12:44] /goto Reck
[14/11/2011 17:12:52] /r
[14/11/2011 17:12:54] /t
[14/11/2011 17:15:29] /clean
[14/11/2011 17:21:33] /a
[14/11/2011 17:21:36] /a
[15/11/2011 10:01:27] /clean
[15/11/2011 10:01:42] /goto Messi
[15/11/2011 10:01:53] /goto Mitanih
[15/11/2011 10:02:03] /goto Rafinha Almeida
[15/11/2011 10:02:20] /goto Rafinha Almeida
[15/11/2011 10:02:23] /t
[15/11/2011 10:34:25] /clean
[15/11/2011 10:34:27] /save
[15/11/2011 10:34:32] /goto Skol Sensation
[15/11/2011 10:34:49] /a 2
[15/11/2011 10:35:06] /m exp bug
[15/11/2011 10:35:07] /m exp bug
[15/11/2011 10:35:09] /m exp bug
[15/11/2011 10:35:10] /m exp bug
[15/11/2011 10:35:11] /m exp bug
[15/11/2011 10:35:13] /m exp bug
[15/11/2011 10:35:14] /t
[16/11/2011 16:08:13] /goto Steel Dragon
[16/11/2011 16:08:17] /goto Steel Dragon
[16/11/2011 16:08:22] /goto Steel Dragon
[16/11/2011 16:08:25] /goto Steel Dragon
[16/11/2011 16:08:26] /goto Steel Dragon
[16/11/2011 16:08:28] /goto Steel Dragon
[16/11/2011 16:08:30] /goto Steel Dragon
[16/11/2011 16:08:36] /goto Skol Sensation
[16/11/2011 16:08:43] /goto Reck
[16/11/2011 16:08:50] /goto Rafinha Almeida
[16/11/2011 16:08:55] /goto Rafinha Almeida
[16/11/2011 16:08:57] /goto Rafinha Almeida
[16/11/2011 16:09:04] /goto Meu Macho
[16/11/2011 16:09:11] /goto David Villa
[16/11/2011 16:09:16] /t
[17/11/2011 11:34:52] /goto Katacresi
[17/11/2011 11:34:58] /goto Rafinha Almeida
[17/11/2011 11:35:03] /goto Skol Sensation
[17/11/2011 11:35:51] /goto Polo Play
[17/11/2011 11:36:44] /t
[17/11/2011 11:36:57] /goto v
[17/11/2011 11:37:02] /goto Revenger
[17/11/2011 11:37:06] /goto Revenger
[17/11/2011 11:37:07] /goto Revenger
[17/11/2011 11:37:09] /goto Revenger
[17/11/2011 11:37:12] /goto Revenger
[17/11/2011 11:37:14] /goto Revenger
[17/11/2011 11:38:02] /t
[17/11/2011 11:38:32] /a 4
[18/11/2011 12:46:28] /goto Polo Play 
[18/11/2011 12:46:39] /t
[18/11/2011 12:46:47] /goto Rafinha Almeida
[18/11/2011 12:47:14] /goto v
[18/11/2011 12:47:17] /goto Bob Marley
[18/11/2011 12:47:22] /t
[18/11/2011 12:47:25] /goto Bob Marley
[18/11/2011 12:47:46] /t
[18/11/2011 12:47:55] /goto v
[18/11/2011 12:47:56] /goto Splink Gere
[18/11/2011 12:48:39] /goto David Villa
[18/11/2011 12:48:43] /t
[18/11/2011 12:51:31] /clean
[18/11/2011 12:54:33] /goto Bob Marley
[18/11/2011 12:54:37] /goto Bob Marley
[18/11/2011 12:54:54] /goto Bob Marley
[18/11/2011 12:55:16] /goto Bob Marley
[18/11/2011 12:55:18] /goto Bob Marley
[18/11/2011 12:55:42] /goto Bob Marley
[18/11/2011 12:55:46] /t
[18/11/2011 12:57:48] /t
[18/11/2011 12:57:53] /goto Rafinha Almeida
[18/11/2011 12:57:59] /goto Polo Play
[18/11/2011 13:00:40] /t
[19/11/2011 06:09:30] /goto Old Warrior
[19/11/2011 06:09:44] /goto Zaronios
[19/11/2011 06:10:19] /goto Maligno Furioso
[19/11/2011 06:10:25] /t
[19/11/2011 06:10:33] /goto Soul Druid 
[19/11/2011 06:11:18] /goto Blaster Knight
[19/11/2011 06:11:23] /t
[19/11/2011 22:20:31] /a 4
[19/11/2011 22:23:27] /m exp bug
[19/11/2011 22:23:29] /m exp bug
[19/11/2011 22:23:30] /m exp bug
[19/11/2011 22:23:31] /m exp bug
[19/11/2011 22:23:32] /m exp bug
[19/11/2011 22:23:33] /m exp bug
[19/11/2011 22:23:34] /m exp bug
[19/11/2011 22:23:35] /m exp bug
[19/11/2011 22:23:35] /m exp bug
[19/11/2011 22:23:36] /m exp bug
[19/11/2011 22:23:37] /m exp bug
[19/11/2011 22:23:38] /m exp bug
[19/11/2011 22:23:39] /m exp bug
[19/11/2011 22:23:40] /m exp bug
[19/11/2011 22:23:41] /m exp bug
[19/11/2011 22:23:43] /m exp bug
[19/11/2011 22:23:43] /m exp bug
[19/11/2011 22:23:44] /m exp bug
[19/11/2011 22:23:45] /m exp bug
[19/11/2011 22:23:46] /m exp bug
[19/11/2011 22:23:48] /t
[19/11/2011 22:25:26] /a 4
[19/11/2011 22:25:31] /clean
[19/11/2011 22:25:37] /r
[19/11/2011 22:25:40] /r
[19/11/2011 22:25:41] /r
[19/11/2011 22:25:42] /r
[19/11/2011 22:25:44] /r
[19/11/2011 22:25:45] /r
[19/11/2011 22:25:47] /r
[19/11/2011 22:25:48] /r
[19/11/2011 22:25:57] /clean
[19/11/2011 22:26:08] /m exp bug
[19/11/2011 22:26:09] /m exp bug
[19/11/2011 22:26:10] /m exp bug
[19/11/2011 22:26:11] /m exp bug
[19/11/2011 22:26:12] /m exp bug
[19/11/2011 22:26:14] /m exp bug
[19/11/2011 22:26:15] /m exp bug
[19/11/2011 22:26:16] /m exp bug
[19/11/2011 22:26:17] /m exp bug
[19/11/2011 22:26:18] /m exp bug
[19/11/2011 22:26:19] /m exp bug
[19/11/2011 22:26:19] /m exp bug
[19/11/2011 22:26:20] /m exp bug
[19/11/2011 22:26:21] /m exp bug
[19/11/2011 22:26:22] /m exp bug
[19/11/2011 22:26:23] /m exp bug
[19/11/2011 22:26:24] /m exp bug
[19/11/2011 22:26:25] /m exp bug
[19/11/2011 22:26:28] /m exp bug
[19/11/2011 22:26:30] /m exp bug
[19/11/2011 22:26:30] /m exp bug
[19/11/2011 22:26:31] /m exp bug
[19/11/2011 22:26:32] /m exp bug
[19/11/2011 22:26:33] /m exp bug
[19/11/2011 22:26:34] /m exp bug
[19/11/2011 22:26:35] /m exp bug
[19/11/2011 22:26:35] /m exp bug
[19/11/2011 22:26:36] /m exp bug
[19/11/2011 22:26:37] /m exp bug
[19/11/2011 22:26:38] /m exp bug
[19/11/2011 22:28:35] /clean
[19/11/2011 22:28:50] /t
[19/11/2011 22:29:59] /goto Polo Play
[19/11/2011 22:30:21] /goto Doorgas
[19/11/2011 22:31:11] /save
[19/11/2011 22:31:45] /goto Doorgas
[19/11/2011 22:31:47] /goto Doorgas
[19/11/2011 22:31:57] /goto Doorgas
[19/11/2011 22:32:06] /goto Doorgas
[19/11/2011 22:32:10] /goto Doorgas
[19/11/2011 22:37:25] /clean
[19/11/2011 22:38:06] /goto Revenger
[19/11/2011 22:38:12] /goto Meu Macho
[19/11/2011 22:38:18] /t
[19/11/2011 22:39:15] /b Pessoal Qualquer duvidas sobre itens donatios mgs me
[19/11/2011 22:39:16] /b Pessoal Qualquer duvidas sobre itens donatios mgs me
[19/11/2011 22:39:17] /b Pessoal Qualquer duvidas sobre itens donatios mgs me
[19/11/2011 22:39:18] /b Pessoal Qualquer duvidas sobre itens donatios mgs me
[19/11/2011 22:39:18] /b Pessoal Qualquer duvidas sobre itens donatios mgs me
[19/11/2011 22:39:19] /b Pessoal Qualquer duvidas sobre itens donatios mgs me
[19/11/2011 22:39:20] /b Pessoal Qualquer duvidas sobre itens donatios mgs me
[19/11/2011 22:41:00] /b Pessoal Qualquer duvidas sobre itens donatios mgs me
[19/11/2011 22:41:01] /b Pessoal Qualquer duvidas sobre itens donatios mgs me
[19/11/2011 22:41:19] /b Pessoal Qualquer duvidas sobre itens donatios mgs me.Itens donatios tem muitas vantagens
[19/11/2011 22:41:20] /b Pessoal Qualquer duvidas sobre itens donatios mgs me.Itens donatios tem muitas vantagens
[19/11/2011 22:41:22] /b Pessoal Qualquer duvidas sobre itens donatios mgs me.Itens donatios tem muitas vantagens
[19/11/2011 22:41:22] /b Pessoal Qualquer duvidas sobre itens donatios mgs me.Itens donatios tem muitas vantagens
[19/11/2011 22:41:23] /b Pessoal Qualquer duvidas sobre itens donatios mgs me.Itens donatios tem muitas vantagens
[19/11/2011 22:41:24] /b Pessoal Qualquer duvidas sobre itens donatios mgs me.Itens donatios tem muitas vantagens
[19/11/2011 22:45:58] /b Itens donatios tem muitas vantagens 
[19/11/2011 22:45:59] /b Itens donatios tem muitas vantagens 
[19/11/2011 22:46:00] /b Itens donatios tem muitas vantagens 
[19/11/2011 22:46:01] /b Itens donatios tem muitas vantagens 
[19/11/2011 22:46:02] /b Itens donatios tem muitas vantagens 
[19/11/2011 22:46:03] /b Itens donatios tem muitas vantagens 
[19/11/2011 22:46:04] /b Itens donatios tem muitas vantagens 
[19/11/2011 22:46:04] /b Itens donatios tem muitas vantagens 
[19/11/2011 22:47:11] /goto Doorgas
[19/11/2011 22:48:12] /t
[19/11/2011 22:49:54] /b Comprem itens donatios e tb estaram ajudando vc mesmo e ot ficar sempre on
[19/11/2011 22:49:55] /b Comprem itens donatios e tb estaram ajudando vc mesmo e ot ficar sempre on
[19/11/2011 22:49:58] /b Comprem itens donatios e tb estaram ajudando vc mesmo e ot ficar sempre on
[19/11/2011 22:49:59] /b Comprem itens donatios e tb estaram ajudando vc mesmo e ot ficar sempre on
[19/11/2011 22:50:00] /b Comprem itens donatios e tb estaram ajudando vc mesmo e ot ficar sempre on
[19/11/2011 22:50:01] /b Comprem itens donatios e tb estaram ajudando vc mesmo e ot ficar sempre on
[19/11/2011 22:51:27] /goto v
[19/11/2011 22:51:31] /goto Knighton
[19/11/2011 22:51:48] /goto Soul Druid
[19/11/2011 22:51:59] /goto Zaronios
[19/11/2011 22:52:02] /goto Zaronios
[19/11/2011 22:52:05] /goto Zaronios
[19/11/2011 22:52:21] /t
[19/11/2011 22:52:42] /i 6132
[19/11/2011 22:52:59] /i 8918
[19/11/2011 22:53:05] /goto Doorgas
[20/11/2011 01:07:27] /goto Skol Sensation
[20/11/2011 01:07:34] /goto Skol Sensation
[20/11/2011 01:07:38] /goto Skol Sensation
[20/11/2011 01:07:40] /goto Skol Sensation
[20/11/2011 01:07:57] /t
[20/11/2011 08:08:35] /goto Doorgas
[20/11/2011 08:08:37] /goto Doorgas
[20/11/2011 08:08:41] /goto Doorgas
[20/11/2011 08:08:53] /goto Rafinha Almeida
[20/11/2011 08:08:57] /goto Rafinha Almeida
[20/11/2011 08:08:59] /goto Rafinha Almeida
[20/11/2011 08:09:02] /goto Rafinha Almeida
[20/11/2011 08:09:15] /goto Revenger
[20/11/2011 08:09:24] /goto Soul Druid
[20/11/2011 08:09:28] /goto Thor
[20/11/2011 08:09:33] /goto Skol Sensation
[21/11/2011 03:11:55] /t
[21/11/2011 03:12:12] /i 7413
[21/11/2011 03:12:28] /i 10309
[21/11/2011 03:12:43] /t
[24/11/2011 02:38:45] /goto [ADM] Lucas
[24/11/2011 03:00:20] /goto [ADM] Lucas
[24/11/2011 03:01:05] /t
[24/11/2011 03:01:16] /clean
[24/11/2011 03:03:59] /goto [ADM] Lucas
[24/11/2011 03:04:02] /goto [ADM] Lucas
[25/11/2011 21:41:22] /a 5
[25/11/2011 21:41:30] /a 5
[25/11/2011 21:41:32] /a 5
[25/11/2011 21:42:02] /a 2
[26/11/2011 20:01:54] /clean
[26/11/2011 20:02:15] /a 5
[26/11/2011 20:02:27] /m exp bug
[26/11/2011 20:02:28] /m exp bug
[26/11/2011 20:02:29] /m exp bug
[26/11/2011 20:02:31] /m exp bug
[26/11/2011 20:02:32] /m exp bug
[26/11/2011 20:02:34] /m exp bug
[26/11/2011 20:02:35] /m exp bug
[26/11/2011 20:02:36] /m exp bug
[26/11/2011 20:02:37] /m exp bug
[26/11/2011 20:02:38] /m exp bug
[26/11/2011 20:02:39] /m exp bug
[26/11/2011 20:02:40] /m exp bug
[26/11/2011 20:02:41] /m exp bug
[26/11/2011 20:02:42] /m exp bug
[26/11/2011 20:02:45] /m exp bug
[26/11/2011 20:02:46] /t
[26/11/2011 20:04:25] /clean
[27/11/2011 10:25:39] /goto Siewertt
[27/11/2011 10:25:47] /goto Megha Destruction
[27/11/2011 10:25:54] /t
[27/11/2011 10:26:04] /a 4
[27/11/2011 10:26:30] /m exp bug
[27/11/2011 10:26:32] /m exp bug
[27/11/2011 10:26:32] /m exp bug
[27/11/2011 10:26:33] /m exp bug
[27/11/2011 10:26:36] /a 4
[27/11/2011 10:26:38] /m exp bug
[27/11/2011 10:26:40] /m exp bug
[27/11/2011 10:26:40] /m exp bug
[27/11/2011 10:26:41] /m exp bug
[27/11/2011 10:26:43] /m exp bug
[27/11/2011 10:26:44] /m exp bug
[27/11/2011 10:26:45] /m exp bug
[27/11/2011 10:26:45] /m exp bug
[27/11/2011 10:26:48] /t
[27/11/2011 10:28:38] /clean
[27/11/2011 13:28:59] /goto Thor 
[27/11/2011 13:29:07] /goto Thor
[28/11/2011 12:52:58] /t
[28/11/2011 12:53:23] /goto Megha Destruction
[28/11/2011 12:53:30] /goto Vascaino
[28/11/2011 12:53:35] /t
[28/11/2011 12:53:40] /goto Rafinha Almeida
[28/11/2011 12:53:48] /goto Skol Sensation
[28/11/2011 12:54:06] /t
[28/11/2011 12:55:09] /goto Tupintacmmeu'pinto 
[28/11/2011 12:55:25] /goto Lek Zica
[28/11/2011 12:55:29] /goto Lek Zica
[28/11/2011 12:55:31] /goto Lek Zica
[28/11/2011 12:55:45] /goto Niih 
[28/11/2011 12:55:54] /t
[28/11/2011 12:57:25] /goto Lek Zica
[28/11/2011 12:57:34] /t
[28/11/2011 12:59:07] /goto Skol Sensation
[28/11/2011 12:59:15] /r
[28/11/2011 12:59:18] /t
[28/11/2011 12:59:31] /clean
[28/11/2011 13:00:22] /i 2410
[28/11/2011 13:01:07] /t
[29/11/2011 14:04:13] /goto Vascaino
[29/11/2011 14:04:18] /goto Rafinha Almeida
[29/11/2011 14:04:24] /goto Megha Destruction
[29/11/2011 14:04:28] /goto Lek Zica
[29/11/2011 14:04:37] /goto Katacresi
[29/11/2011 14:04:39] /t
[29/11/2011 14:06:01] /clean
[29/11/2011 14:06:25] /goto Jack The Rippeer
[29/11/2011 14:06:30] /a 1
[29/11/2011 14:06:32] /r
[29/11/2011 14:06:36] /t
[29/11/2011 14:08:34] /i 8903
[29/11/2011 14:08:45] /i 7901
[29/11/2011 14:09:09] /i 7898
[29/11/2011 14:09:15] /i 7895
[29/11/2011 14:09:22] /i 11234
[29/11/2011 14:11:04] /goto Guerra Mooca
[29/11/2011 14:11:09] /a
[29/11/2011 14:11:12] /a
[29/11/2011 14:11:13] /a
[29/11/2011 14:11:16] /a
[29/11/2011 14:11:18] /a
[29/11/2011 14:11:27] /t
[29/11/2011 14:12:18] /a 5
[29/11/2011 14:12:28] /t
[29/11/2011 14:13:25] /goto Sasuke
[29/11/2011 14:14:17] /save
[29/11/2011 14:50:05] /goto Thor
[29/11/2011 14:50:17] /goto Rafinha Almeida
[29/11/2011 14:50:19] /t
[29/11/2011 14:50:32] /goto Lek Zica
[29/11/2011 14:50:34] /goto Lek Zica
[29/11/2011 14:50:38] /t
[01/12/2011 12:45:19] /clean
[02/12/2011 12:30:20] /clean
[02/12/2011 12:30:51] /goto Rafinha Almeida
[02/12/2011 12:30:55] /goto Lady Rullex
[02/12/2011 12:30:59] /goto Jack The Rippeer
[02/12/2011 12:31:01] /t
[09/12/2011 18:51:03] /a 2
[09/12/2011 18:53:23] /a 2
[09/12/2011 18:53:28] /a 2
[12/12/2011 18:28:52] /ghost
[12/12/2011 18:29:52] /ghost
[12/12/2011 18:30:15] /ghost
[12/12/2011 18:58:29] /i 2160
[12/12/2011 18:58:30] /i 2160
[12/12/2011 18:58:31] /i 2160
[12/12/2011 18:58:40] /a
[16/12/2011 13:32:19] /a 
[16/12/2011 13:32:23] /a 4
[16/12/2011 13:32:30] /m exp bug
[16/12/2011 13:32:33] /t
[16/12/2011 13:33:52] /a 
[16/12/2011 13:33:56] /a 3
[16/12/2011 13:34:05] /m exp bug
[16/12/2011 13:34:07] /m exp bug
[16/12/2011 13:34:08] /m exp bug
[16/12/2011 13:34:10] /m exp bug
[16/12/2011 13:34:11] /m exp bug
[16/12/2011 13:34:13] /m exp bug
[16/12/2011 13:34:15] /m exp bug
[16/12/2011 13:35:16] /clean
[16/12/2011 13:35:20] /t
[16/12/2011 13:35:23] /save
[16/12/2011 13:35:48] /a
[16/12/2011 13:36:08] /a
[16/12/2011 13:36:13] /a 4
[16/12/2011 13:39:25] /a 4
[16/12/2011 13:39:35] /a 4
