[09/12/2011 22:25:59] /a 10
[09/12/2011 22:26:03] /a 1
[09/12/2011 22:26:06] /a 2
[09/12/2011 22:26:18] /kick Swr druid
[09/12/2011 22:26:33] /i 122288
[09/12/2011 22:26:45] /i 12288
[09/12/2011 22:26:52] /clean
[09/12/2011 22:26:56] /clean
[09/12/2011 22:27:09] /r
[09/12/2011 22:27:11] /r
[09/12/2011 22:27:12] /r
[09/12/2011 22:27:14] /r
[09/12/2011 22:27:15] /r
[09/12/2011 22:27:16] /r
[09/12/2011 22:27:17] /r
[09/12/2011 22:28:44] /a 1
[09/12/2011 22:28:45] /a 1
[09/12/2011 22:28:45] /a 1
[09/12/2011 22:28:45] /a 1
[09/12/2011 22:28:45] /a 1
[09/12/2011 22:28:45] /a 1
[09/12/2011 22:28:45] /a 1
[09/12/2011 22:28:45] /a 1
[09/12/2011 22:28:45] /a 1
[09/12/2011 22:28:46] /a 1
[09/12/2011 22:28:46] /a 1
[09/12/2011 22:28:46] /a 1
[09/12/2011 22:28:46] /a 1
[09/12/2011 22:28:46] /a 1
[09/12/2011 22:28:46] /a 1
[09/12/2011 22:28:46] /a 1
[09/12/2011 22:28:46] /a 1
[09/12/2011 22:28:46] /a 1
[09/12/2011 22:28:46] /a 1
[09/12/2011 22:28:46] /a 1
[09/12/2011 22:28:46] /a 1
[09/12/2011 22:28:46] /a 1
[09/12/2011 22:28:46] /a 1
[09/12/2011 22:28:46] /a 1
[09/12/2011 22:28:46] /a 1
[09/12/2011 22:28:46] /a 1
[09/12/2011 22:28:46] /a 1
[09/12/2011 22:28:46] /a 1
[09/12/2011 22:28:46] /a 1
[09/12/2011 22:28:46] /a 1
[09/12/2011 22:28:46] /a 1
[09/12/2011 22:28:46] /a 1
[09/12/2011 22:28:46] /a 1
[09/12/2011 22:28:46] /a 1
[09/12/2011 22:28:46] /a 1
[09/12/2011 22:28:46] /a 1
[09/12/2011 22:28:46] /a 1
[09/12/2011 22:28:46] /a 1
[09/12/2011 22:28:46] /a 1
[09/12/2011 22:28:46] /a 1
[09/12/2011 22:28:47] /a 1
[09/12/2011 22:28:47] /a 1
[09/12/2011 22:28:47] /a 1
[09/12/2011 22:28:47] /a 1
[09/12/2011 22:28:47] /a 1
[09/12/2011 22:28:47] /a 1
[09/12/2011 22:28:47] /a 1
[09/12/2011 22:28:47] /a 1
[09/12/2011 22:28:47] /a 1
[09/12/2011 22:28:47] /a 1
[09/12/2011 22:28:47] /a 1
[09/12/2011 22:28:47] /a 1
[09/12/2011 22:28:47] /a 1
[09/12/2011 22:28:47] /a 1
[09/12/2011 22:28:47] /a 1
[09/12/2011 22:28:47] /a 1
[09/12/2011 22:28:47] /a 1
[09/12/2011 22:28:47] /a 1
[09/12/2011 22:28:47] /a 1
[09/12/2011 22:28:47] /a 1
[09/12/2011 22:28:47] /a 1
[09/12/2011 22:28:47] /a 1
[09/12/2011 22:28:47] /a 1
[09/12/2011 22:28:47] /a 1
[09/12/2011 22:28:47] /a 1
[09/12/2011 22:28:47] /a 1
[09/12/2011 22:28:47] /a 1
[09/12/2011 22:28:47] /a 1
[09/12/2011 22:28:47] /a 1
[09/12/2011 22:28:47] /a 1
[09/12/2011 22:28:48] /a 1
[09/12/2011 22:28:48] /a 1
[09/12/2011 22:28:48] /a 1
[09/12/2011 22:28:48] /a 1
[09/12/2011 22:28:48] /a 1
[09/12/2011 22:28:48] /a 1
[09/12/2011 22:28:48] /a 1
[09/12/2011 22:28:48] /a 1
[09/12/2011 22:28:48] /a 1
[09/12/2011 22:28:48] /a 1
[09/12/2011 22:28:48] /a 1
[09/12/2011 22:28:48] /a 1
[09/12/2011 22:28:48] /a 1
[09/12/2011 22:28:48] /a 1
[09/12/2011 22:28:48] /a 1
[09/12/2011 22:28:48] /a 1
[09/12/2011 22:28:48] /a 1
[09/12/2011 22:28:48] /a 1
[09/12/2011 22:28:48] /a 1
[09/12/2011 22:28:48] /a 1
[09/12/2011 22:28:48] /a 1
[09/12/2011 22:28:48] /a 1
[09/12/2011 22:28:48] /a 1
[09/12/2011 22:28:48] /a 1
[09/12/2011 22:28:48] /a 1
[09/12/2011 22:28:48] /a 1
[09/12/2011 22:28:48] /a 1
[09/12/2011 22:28:49] /a 1
[09/12/2011 22:28:49] /a 1
[09/12/2011 22:28:49] /a 1
[09/12/2011 22:28:49] /a 1
[09/12/2011 22:28:49] /a 1
[09/12/2011 22:28:49] /a 1
[09/12/2011 22:28:49] /a 1
[09/12/2011 22:28:49] /a 1
[09/12/2011 22:28:49] /a 1
[09/12/2011 22:28:49] /a 1
[09/12/2011 22:28:49] /a 1
[09/12/2011 22:28:49] /a 1
[09/12/2011 22:28:49] /a 1
[09/12/2011 22:28:49] /a 1
[09/12/2011 22:28:49] /a 1
[09/12/2011 22:28:49] /a 1
[09/12/2011 22:28:49] /a 1
[09/12/2011 22:28:49] /a 1
[09/12/2011 22:28:49] /a 1
[09/12/2011 22:28:49] /a 1
[09/12/2011 22:28:49] /a 1
[09/12/2011 22:28:49] /a 1
[09/12/2011 22:28:49] /a 1
[09/12/2011 22:28:49] /a 1
[09/12/2011 22:28:49] /a 1
[09/12/2011 22:28:49] /a 1
[09/12/2011 22:28:49] /a 1
[09/12/2011 22:28:50] /a 1
[09/12/2011 22:28:50] /a 1
[09/12/2011 22:28:50] /a 1
[09/12/2011 22:28:50] /a 1
[09/12/2011 22:28:50] /a 1
[09/12/2011 22:28:50] /a 1
[09/12/2011 22:28:50] /a 1
[09/12/2011 22:28:50] /a 1
[09/12/2011 22:28:50] /a 1
[09/12/2011 22:28:50] /a 1
[09/12/2011 22:28:50] /a 1
[09/12/2011 22:28:50] /a 1
[09/12/2011 22:28:50] /a 1
[09/12/2011 22:28:50] /a 1
[09/12/2011 22:28:50] /a 1
[09/12/2011 22:28:50] /a 1
[09/12/2011 22:28:50] /a 1
[09/12/2011 22:28:50] /a 1
[09/12/2011 22:28:50] /a 1
[09/12/2011 22:28:50] /a 1
[09/12/2011 22:28:50] /a 1
[09/12/2011 22:28:50] /a 1
[09/12/2011 22:28:50] /a 1
[09/12/2011 22:28:50] /a 1
[09/12/2011 22:28:50] /a 1
[09/12/2011 22:28:50] /a 1
[09/12/2011 22:28:50] /a 1
[09/12/2011 22:28:51] /a 1
[09/12/2011 22:28:51] /a 1
[09/12/2011 22:28:51] /a 1
[09/12/2011 22:28:51] /a 1
[09/12/2011 22:28:51] /a 1
[09/12/2011 22:28:51] /a 1
[09/12/2011 22:28:51] /a 1
[09/12/2011 22:28:51] /a 1
[09/12/2011 22:28:51] /a 1
[09/12/2011 22:28:51] /a 1
[09/12/2011 22:28:52] /a 1
[09/12/2011 22:28:52] /a 1
[09/12/2011 22:28:52] /a 1
[09/12/2011 22:28:52] /a 1
[09/12/2011 22:28:52] /a 1
[09/12/2011 22:28:52] /a 1
[09/12/2011 22:28:52] /a 1
[09/12/2011 22:28:52] /a 1
[09/12/2011 22:28:52] /a 1
[09/12/2011 22:28:53] /a 1
[09/12/2011 22:28:53] /a 1
[09/12/2011 22:28:53] /a 1
[09/12/2011 22:28:53] /a 1
[09/12/2011 22:28:53] /a 1
[09/12/2011 22:28:53] /a 1
[09/12/2011 22:28:53] /a 1
[09/12/2011 22:28:53] /a 1
[09/12/2011 22:28:53] /a 1
[09/12/2011 22:28:53] /a 1
[09/12/2011 22:28:53] /a 1
[09/12/2011 22:28:53] /a 1
[09/12/2011 22:28:53] /a 1
[09/12/2011 22:28:53] /a 1
[09/12/2011 22:28:53] /a 1
[09/12/2011 22:28:53] /a 1
[09/12/2011 22:28:53] /a 1
[09/12/2011 22:28:53] /a 1
[09/12/2011 22:28:53] /a 1
[09/12/2011 22:28:53] /a 1
[09/12/2011 22:28:53] /a 1
[09/12/2011 22:28:53] /a 1
[09/12/2011 22:28:53] /a 1
[09/12/2011 22:28:53] /a 1
[09/12/2011 22:28:53] /a 1
[09/12/2011 22:28:53] /a 1
[09/12/2011 22:28:53] /a 1
[09/12/2011 22:28:53] /a 1
[09/12/2011 22:28:53] /a 1
[09/12/2011 22:28:53] /a 1
[09/12/2011 22:28:54] /a 1
[09/12/2011 22:28:54] /a 1
[09/12/2011 22:28:54] /a 1
[09/12/2011 22:28:54] /a 1
[09/12/2011 22:28:54] /a 1
[09/12/2011 22:28:54] /a 1
[09/12/2011 22:28:54] /a 1
[09/12/2011 22:28:54] /a 1
[09/12/2011 22:28:54] /a 1
[09/12/2011 22:28:54] /a 1
[09/12/2011 22:28:54] /a 1
[09/12/2011 22:28:54] /a 1
[09/12/2011 22:28:54] /a 1
[09/12/2011 22:28:54] /a 1
[09/12/2011 22:28:54] /a 1
[09/12/2011 22:28:56] /a 1
[09/12/2011 22:28:56] /a 1
[09/12/2011 22:28:56] /a 1
[09/12/2011 22:28:56] /a 1
[09/12/2011 22:28:56] /a 1
[09/12/2011 22:28:56] /a 1
[09/12/2011 22:28:56] /a 1
[09/12/2011 22:28:56] /a 1
[09/12/2011 22:28:56] /a 1
[09/12/2011 22:28:56] /a 1
[09/12/2011 22:28:56] /a 1
[09/12/2011 22:28:57] /a 1
[09/12/2011 22:28:57] /a 1
[09/12/2011 22:28:57] /a 1
[09/12/2011 22:28:57] /a 1
[09/12/2011 22:28:57] /a 1
[09/12/2011 22:28:58] /a 1
[09/12/2011 22:28:58] /a 1
[09/12/2011 22:28:58] /a 1
[09/12/2011 22:28:58] /a 1
[09/12/2011 22:28:58] /a 1
[09/12/2011 22:28:58] /a 1
[09/12/2011 22:28:58] /a 1
[09/12/2011 22:28:58] /a 1
[09/12/2011 22:28:58] /a 1
[09/12/2011 22:28:58] /a 1
[09/12/2011 22:28:58] /a 1
[09/12/2011 22:28:58] /a 1
[09/12/2011 22:28:58] /a 1
[09/12/2011 22:28:58] /a 1
[09/12/2011 22:28:58] /a 1
[09/12/2011 22:28:58] /a 1
[09/12/2011 22:28:58] /a 1
[09/12/2011 22:28:59] /a 1
[09/12/2011 22:28:59] /a 1
[09/12/2011 22:28:59] /a 1
[09/12/2011 22:28:59] /a 1
[09/12/2011 22:28:59] /a 1
[09/12/2011 22:29:00] /a 1
[09/12/2011 22:29:00] /a 1
[09/12/2011 22:29:00] /a 1
[09/12/2011 22:29:00] /a 1
[09/12/2011 22:29:00] /a 1
[09/12/2011 22:29:00] /a 1
[09/12/2011 22:29:00] /a 1
[09/12/2011 22:29:00] /a 1
[09/12/2011 22:29:00] /a 1
[09/12/2011 22:29:00] /a 1
[09/12/2011 22:29:00] /a 1
[09/12/2011 22:29:00] /a 1
[09/12/2011 22:29:00] /a 1
[09/12/2011 22:29:00] /a 1
[09/12/2011 22:29:00] /a 1
[09/12/2011 22:29:00] /a 1
[09/12/2011 22:29:00] /a 1
[09/12/2011 22:29:00] /a 1
[09/12/2011 22:29:00] /a 1
[09/12/2011 22:29:00] /a 1
[09/12/2011 22:29:00] /a 1
[09/12/2011 22:29:01] /a 1
[09/12/2011 22:29:01] /a 1
[09/12/2011 22:29:01] /a 1
[09/12/2011 22:29:01] /a 1
[09/12/2011 22:29:01] /a 1
[09/12/2011 22:29:01] /a 1
[09/12/2011 22:29:01] /a 1
[09/12/2011 22:29:01] /a 1
[09/12/2011 22:29:01] /a 1
[09/12/2011 22:29:01] /a 1
[09/12/2011 22:29:01] /a 1
[09/12/2011 22:29:01] /a 1
[09/12/2011 22:29:01] /a 1
[09/12/2011 22:29:01] /a 1
[09/12/2011 22:29:01] /a 1
[09/12/2011 22:29:01] /a 1
[09/12/2011 22:29:01] /a 1
[09/12/2011 22:29:01] /a 1
[09/12/2011 22:29:01] /a 1
[09/12/2011 22:29:01] /a 1
[09/12/2011 22:29:01] /a 1
[09/12/2011 22:29:01] /a 1
[09/12/2011 22:29:01] /a 1
[09/12/2011 22:29:01] /a 1
[09/12/2011 22:29:01] /a 1
[09/12/2011 22:29:01] /a 1
[09/12/2011 22:29:01] /a 1
[09/12/2011 22:29:01] /a 1
[09/12/2011 22:29:01] /a 1
[09/12/2011 22:29:01] /a 1
[09/12/2011 22:29:01] /a 1
[09/12/2011 22:29:02] /a 1
[09/12/2011 22:29:02] /a 1
[09/12/2011 22:29:02] /a 1
[09/12/2011 22:29:02] /a 1
[09/12/2011 22:29:02] /a 1
[09/12/2011 22:29:02] /a 1
[09/12/2011 22:29:02] /a 1
[09/12/2011 22:29:02] /a 1
[09/12/2011 22:29:02] /a 1
[09/12/2011 22:29:02] /a 1
[09/12/2011 22:29:02] /a 1
[09/12/2011 22:29:02] /a 1
[09/12/2011 22:29:02] /a 1
[09/12/2011 22:29:02] /a 1
[09/12/2011 22:29:02] /a 1
[09/12/2011 22:29:02] /a 1
[09/12/2011 22:29:02] /a 1
[09/12/2011 22:29:02] /a 1
[09/12/2011 22:29:02] /a 1
[09/12/2011 22:29:02] /a 1
[09/12/2011 22:29:02] /a 1
[09/12/2011 22:29:02] /a 1
[09/12/2011 22:29:02] /a 1
[09/12/2011 22:29:02] /a 1
[09/12/2011 22:29:02] /a 1
[09/12/2011 22:29:02] /a 1
[09/12/2011 22:29:02] /a 1
[09/12/2011 22:29:02] /a 1
[09/12/2011 22:29:02] /a 1
[09/12/2011 22:29:02] /a 1
[09/12/2011 22:29:03] /a 1
[09/12/2011 22:29:03] /a 1
[09/12/2011 22:29:03] /a 1
[09/12/2011 22:29:03] /a 1
[09/12/2011 22:29:03] /a 1
[09/12/2011 22:29:03] /a 1
[09/12/2011 22:29:03] /a 1
[09/12/2011 22:29:03] /a 1
[09/12/2011 22:29:03] /a 1
[09/12/2011 22:29:03] /a 1
[09/12/2011 22:29:03] /a 1
[09/12/2011 22:29:03] /a 1
[09/12/2011 22:29:03] /a 1
[09/12/2011 22:29:03] /a 1
[09/12/2011 22:29:03] /a 1
[09/12/2011 22:29:03] /a 1
[09/12/2011 22:29:03] /a 1
[09/12/2011 22:29:03] /a 1
[09/12/2011 22:29:03] /a 1
[09/12/2011 22:29:03] /a 1
[09/12/2011 22:29:03] /a 1
[09/12/2011 22:29:03] /a 1
[09/12/2011 22:29:03] /a 1
[09/12/2011 22:29:03] /a 1
[09/12/2011 22:29:03] /a 1
[09/12/2011 22:29:03] /a 1
[09/12/2011 22:29:03] /a 1
[09/12/2011 22:29:03] /a 1
[09/12/2011 22:29:03] /a 1
[09/12/2011 22:29:03] /a 1
[09/12/2011 22:29:03] /a 1
[09/12/2011 22:29:03] /a 1
[09/12/2011 22:29:04] /a 1
[09/12/2011 22:29:04] /a 1
[09/12/2011 22:29:04] /a 1
[09/12/2011 22:29:04] /a 1
[09/12/2011 22:29:04] /a 1
[09/12/2011 22:29:04] /a 1
[09/12/2011 22:29:04] /a 1
[09/12/2011 22:29:04] /a 1
[09/12/2011 22:29:04] /a 1
[09/12/2011 22:29:04] /a 1
[09/12/2011 22:29:04] /a 1
[09/12/2011 22:29:04] /a 1
[09/12/2011 22:29:04] /a 1
[09/12/2011 22:29:04] /a 1
[09/12/2011 22:29:04] /a 1
[09/12/2011 22:29:04] /a 1
[09/12/2011 22:29:04] /a 1
[09/12/2011 22:29:04] /a 1
[09/12/2011 22:29:04] /a 1
[09/12/2011 22:29:04] /a 1
[09/12/2011 22:29:04] /a 1
[09/12/2011 22:29:04] /a 1
[09/12/2011 22:29:04] /a 1
[09/12/2011 22:29:04] /a 1
[09/12/2011 22:29:04] /a 1
[09/12/2011 22:29:04] /a 1
[09/12/2011 22:29:04] /a 1
[09/12/2011 22:29:04] /a 1
[09/12/2011 22:29:04] /a 1
[09/12/2011 22:29:04] /a 1
[09/12/2011 22:29:04] /a 1
[09/12/2011 22:29:05] /a 1
[09/12/2011 22:29:05] /a 1
[09/12/2011 22:29:05] /a 1
[09/12/2011 22:29:05] /a 1
[09/12/2011 22:29:05] /a 1
[09/12/2011 22:29:05] /a 1
[09/12/2011 22:29:05] /a 1
[09/12/2011 22:29:05] /a 1
[09/12/2011 22:29:05] /a 1
[09/12/2011 22:29:05] /a 1
[09/12/2011 22:29:05] /a 1
[09/12/2011 22:29:05] /a 1
[09/12/2011 22:29:05] /a 1
[09/12/2011 22:29:05] /a 1
[09/12/2011 22:29:05] /a 1
[09/12/2011 22:29:05] /a 1
[09/12/2011 22:29:05] /a 1
[09/12/2011 22:29:05] /a 1
[09/12/2011 22:29:05] /a 1
[09/12/2011 22:29:05] /a 1
[09/12/2011 22:29:05] /a 1
[09/12/2011 22:29:05] /a 1
[09/12/2011 22:29:05] /a 1
[09/12/2011 22:29:05] /a 1
[09/12/2011 22:29:05] /a 1
[09/12/2011 22:29:05] /a 1
[09/12/2011 22:29:06] /a 1
[09/12/2011 22:29:06] /a 1
[09/12/2011 22:29:06] /a 1
[09/12/2011 22:29:06] /a 1
[09/12/2011 22:29:06] /a 1
[09/12/2011 22:29:06] /a 1
[09/12/2011 22:29:06] /a 1
[09/12/2011 22:29:06] /a 1
[09/12/2011 22:29:06] /a 1
[09/12/2011 22:29:06] /a 1
[09/12/2011 22:29:06] /a 1
[09/12/2011 22:29:06] /a 1
[09/12/2011 22:29:06] /a 1
[09/12/2011 22:29:06] /a 1
[09/12/2011 22:29:06] /a 1
[09/12/2011 22:29:06] /a 1
[09/12/2011 22:29:06] /a 1
[09/12/2011 22:29:06] /a 1
[09/12/2011 22:29:06] /a 1
[09/12/2011 22:29:06] /a 1
[09/12/2011 22:29:06] /a 1
[09/12/2011 22:29:06] /a 1
[09/12/2011 22:29:06] /a 1
[09/12/2011 22:29:06] /a 1
[09/12/2011 22:29:06] /a 1
[09/12/2011 22:29:06] /a 1
[09/12/2011 22:29:06] /a 1
[09/12/2011 22:29:06] /a 1
[09/12/2011 22:29:06] /a 1
[09/12/2011 22:29:06] /a 1
[09/12/2011 22:29:06] /a 1
[09/12/2011 22:29:06] /a 1
[09/12/2011 22:29:06] /a 1
[09/12/2011 22:29:06] /a 1
[09/12/2011 22:29:07] /a 1
[09/12/2011 22:29:07] /a 1
[09/12/2011 22:29:07] /a 1
[09/12/2011 22:29:07] /a 1
[09/12/2011 22:29:07] /a 1
[09/12/2011 22:29:07] /a 1
[09/12/2011 22:29:07] /a 1
[09/12/2011 22:29:21] /c swr druid
[09/12/2011 22:29:45] /a 1
[09/12/2011 22:29:45] /a 1
[09/12/2011 22:29:45] /a 1
[09/12/2011 22:29:46] /a 1
[09/12/2011 22:29:46] /a 1
[09/12/2011 22:29:46] /a 1
[09/12/2011 22:29:46] /a 1
[09/12/2011 22:29:46] /a 1
[09/12/2011 22:29:46] /a 1
[09/12/2011 22:29:46] /a 1
[09/12/2011 22:29:46] /a 1
[09/12/2011 22:29:46] /a 1
[09/12/2011 22:29:46] /a 1
[09/12/2011 22:29:46] /a 1
[09/12/2011 22:29:46] /a 1
[09/12/2011 22:29:46] /a 1
[09/12/2011 22:29:46] /a 1
[09/12/2011 22:29:46] /a 1
[09/12/2011 22:29:46] /a 1
[09/12/2011 22:29:46] /a 1
[09/12/2011 22:29:46] /a 1
[09/12/2011 22:29:46] /a 1
[09/12/2011 22:29:46] /a 1
[09/12/2011 22:29:46] /a 1
[09/12/2011 22:29:46] /a 1
[09/12/2011 22:29:46] /a 1
[09/12/2011 22:29:46] /a 1
[09/12/2011 22:29:46] /a 1
[09/12/2011 22:29:46] /a 1
[09/12/2011 22:29:46] /a 1
[09/12/2011 22:29:46] /a 1
[09/12/2011 22:29:47] /a 1
[09/12/2011 22:29:47] /a 1
[09/12/2011 22:29:47] /a 1
[09/12/2011 22:29:47] /a 1
[09/12/2011 22:29:47] /a 1
[09/12/2011 22:29:47] /a 1
[09/12/2011 22:29:47] /a 1
[09/12/2011 22:29:47] /a 1
[09/12/2011 22:29:47] /a 1
[09/12/2011 22:29:47] /a 1
[09/12/2011 22:29:47] /a 1
[09/12/2011 22:29:47] /a 1
[09/12/2011 22:29:47] /a 1
[09/12/2011 22:29:47] /a 1
[09/12/2011 22:29:47] /a 1
[09/12/2011 22:29:47] /a 1
[09/12/2011 22:29:47] /a 1
[09/12/2011 22:29:47] /a 1
[09/12/2011 22:29:47] /a 1
[09/12/2011 22:29:47] /a 1
[09/12/2011 22:29:47] /a 1
[09/12/2011 22:29:47] /a 1
[09/12/2011 22:29:47] /a 1
[09/12/2011 22:29:47] /a 1
[09/12/2011 22:29:47] /a 1
[09/12/2011 22:29:47] /a 1
[09/12/2011 22:29:47] /a 1
[09/12/2011 22:29:47] /a 1
[09/12/2011 22:29:48] /a 1
[09/12/2011 22:29:48] /a 1
[09/12/2011 22:29:48] /a 1
[09/12/2011 22:29:48] /a 1
[09/12/2011 22:29:48] /a 1
[09/12/2011 22:29:48] /a 1
[09/12/2011 22:29:48] /a 1
[09/12/2011 22:29:48] /a 1
[09/12/2011 22:29:49] /a 1
[09/12/2011 22:29:49] /a 1
[09/12/2011 22:29:49] /a 1
[09/12/2011 22:29:49] /a 1
[09/12/2011 22:29:49] /a 1
[09/12/2011 22:29:49] /a 1
[09/12/2011 22:29:49] /a 1
[09/12/2011 22:29:49] /a 1
[09/12/2011 22:29:49] /a 1
[09/12/2011 22:29:49] /a 1
[09/12/2011 22:29:49] /a 1
[09/12/2011 22:29:49] /a 1
[09/12/2011 22:29:49] /a 1
[09/12/2011 22:29:49] /a 1
[09/12/2011 22:29:49] /a 1
[09/12/2011 22:29:49] /a 1
[09/12/2011 22:29:49] /a 1
[09/12/2011 22:29:49] /a 1
[09/12/2011 22:29:49] /a 1
[09/12/2011 22:29:49] /a 1
[09/12/2011 22:29:49] /a 1
[09/12/2011 22:29:49] /a 1
[09/12/2011 22:29:49] /a 1
[09/12/2011 22:29:50] /a 1
[09/12/2011 22:29:50] /a 1
[09/12/2011 22:29:50] /a 1
[09/12/2011 22:29:50] /a 1
[09/12/2011 22:29:50] /a 1
[09/12/2011 22:29:50] /a 1
[09/12/2011 22:29:50] /a 1
[09/12/2011 22:29:50] /a 1
[09/12/2011 22:29:50] /a 1
[09/12/2011 22:29:50] /a 1
[09/12/2011 22:29:50] /a 1
[09/12/2011 22:29:50] /a 1
[09/12/2011 22:29:50] /a 1
[09/12/2011 22:29:50] /a 1
[09/12/2011 22:29:50] /a 1
[09/12/2011 22:29:50] /a 1
[09/12/2011 22:29:51] /a 1
[09/12/2011 22:29:51] /a 1
[09/12/2011 22:29:51] /a 1
[09/12/2011 22:29:51] /a 1
[09/12/2011 22:29:51] /a 1
[09/12/2011 22:29:52] /a 1
[09/12/2011 22:29:52] /a 1
[09/12/2011 22:29:52] /a 1
[09/12/2011 22:29:52] /a 1
[09/12/2011 22:29:52] /a 1
[09/12/2011 22:29:52] /a 1
[09/12/2011 22:29:52] /a 1
[09/12/2011 22:29:52] /a 1
[09/12/2011 22:29:52] /a 1
[09/12/2011 22:29:52] /a 1
[09/12/2011 22:29:52] /a 1
[09/12/2011 22:29:52] /a 1
[09/12/2011 22:29:52] /a 1
[09/12/2011 22:29:52] /a 1
[09/12/2011 22:29:52] /a 1
[09/12/2011 22:29:52] /a 1
[09/12/2011 22:29:52] /a 1
[09/12/2011 22:29:52] /a 1
[09/12/2011 22:29:52] /a 1
[09/12/2011 22:29:53] /a 1
[09/12/2011 22:29:53] /a 1
[09/12/2011 22:29:53] /a 1
[09/12/2011 22:29:53] /a 1
[09/12/2011 22:29:53] /a 1
[09/12/2011 22:29:53] /a 1
[09/12/2011 22:29:53] /a 1
[09/12/2011 22:29:53] /a 1
[09/12/2011 22:29:53] /a 1
[09/12/2011 22:29:53] /a 1
[09/12/2011 22:29:53] /a 1
[09/12/2011 22:29:53] /a 1
[09/12/2011 22:29:53] /a 1
[09/12/2011 22:29:53] /a 1
[09/12/2011 22:29:53] /a 1
[09/12/2011 22:29:53] /a 1
[09/12/2011 22:29:53] /a 1
[09/12/2011 22:29:53] /a 1
[09/12/2011 22:29:53] /a 1
[09/12/2011 22:29:53] /a 1
[09/12/2011 22:29:53] /a 1
[09/12/2011 22:29:53] /a 1
[09/12/2011 22:29:53] /a 1
[09/12/2011 22:29:53] /a 1
[09/12/2011 22:29:53] /a 1
[09/12/2011 22:29:53] /a 1
[09/12/2011 22:29:53] /a 1
[09/12/2011 22:29:53] /a 1
[09/12/2011 22:29:53] /a 1
[09/12/2011 22:29:53] /a 1
[09/12/2011 22:29:53] /a 1
[09/12/2011 22:29:53] /a 1
[09/12/2011 22:29:53] /a 1
[09/12/2011 22:29:53] /a 1
[09/12/2011 22:29:53] /a 1
[09/12/2011 22:29:53] /a 1
[09/12/2011 22:29:53] /a 1
[09/12/2011 22:29:53] /a 1
[09/12/2011 22:29:53] /a 1
[09/12/2011 22:29:53] /a 1
[09/12/2011 22:29:54] /a 1
[09/12/2011 22:29:54] /a 1
[09/12/2011 22:29:55] /a 1
[09/12/2011 22:29:55] /a 1
[09/12/2011 22:29:55] /a 1
[09/12/2011 22:29:55] /a 1
[09/12/2011 22:29:56] /a 1
[09/12/2011 22:29:57] /t
[09/12/2011 22:30:14] /a 3
[09/12/2011 22:30:34] /a 2
[09/12/2011 22:30:46] /a 1
[09/12/2011 22:30:46] /a 1
[09/12/2011 22:30:47] /a 1
[09/12/2011 22:30:47] /a 1
[09/12/2011 22:30:47] /a 1
[09/12/2011 22:30:47] /a 1
[09/12/2011 22:30:47] /a 1
[09/12/2011 22:30:47] /a 1
[09/12/2011 22:30:47] /a 1
[09/12/2011 22:30:47] /a 1
[09/12/2011 22:30:47] /a 1
[09/12/2011 22:30:48] /a 1
[09/12/2011 22:30:48] /a 1
[09/12/2011 22:30:48] /a 1
[09/12/2011 22:30:48] /a 1
[09/12/2011 22:30:48] /a 1
[09/12/2011 22:30:48] /a 1
[09/12/2011 22:30:48] /a 1
[09/12/2011 22:30:48] /a 1
[09/12/2011 22:30:49] /a 1
[09/12/2011 22:30:49] /a 1
[09/12/2011 22:30:49] /a 1
[09/12/2011 22:30:49] /a 1
[09/12/2011 22:30:49] /a 1
[09/12/2011 22:30:49] /a 1
[09/12/2011 22:30:49] /a 1
[09/12/2011 22:30:50] /a 1
[09/12/2011 22:30:50] /a 1
[09/12/2011 22:30:50] /a 1
[09/12/2011 22:30:50] /a 1
[09/12/2011 22:30:50] /a 1
[09/12/2011 22:30:50] /a 1
[09/12/2011 22:30:50] /a 1
[09/12/2011 22:30:50] /a 1
[09/12/2011 22:30:50] /a 1
[09/12/2011 22:30:50] /a 1
[09/12/2011 22:30:50] /a 1
[09/12/2011 22:30:52] /a 1
[09/12/2011 22:30:53] /a 1
[09/12/2011 22:30:54] /a 1
[09/12/2011 22:30:57] /a 1
[09/12/2011 22:30:58] /a 1
[09/12/2011 22:30:58] /a 1
[09/12/2011 22:31:53] /addskill Kawan Gato
[09/12/2011 22:32:17] /a 1
[09/12/2011 22:32:17] /a 1
[09/12/2011 22:32:17] /a 1
[09/12/2011 22:32:17] /a 1
[09/12/2011 22:32:17] /a 1
[09/12/2011 22:32:18] /a 1
[09/12/2011 22:32:18] /a 1
[09/12/2011 22:32:18] /a 1
[09/12/2011 22:32:18] /a 1
[09/12/2011 22:32:18] /a 1
[09/12/2011 22:32:18] /a 1
[09/12/2011 22:32:18] /a 1
[09/12/2011 22:32:18] /a 1
[09/12/2011 22:32:18] /a 1
[09/12/2011 22:32:18] /a 1
[09/12/2011 22:32:18] /a 1
[09/12/2011 22:32:18] /a 1
[09/12/2011 22:32:18] /a 1
[09/12/2011 22:32:18] /a 1
[09/12/2011 22:32:18] /a 1
[09/12/2011 22:32:18] /a 1
[09/12/2011 22:32:18] /a 1
[09/12/2011 22:32:18] /a 1
[09/12/2011 22:32:18] /a 1
[09/12/2011 22:32:18] /a 1
[09/12/2011 22:32:18] /a 1
[09/12/2011 22:32:18] /a 1
[09/12/2011 22:32:18] /a 1
[09/12/2011 22:32:18] /a 1
[09/12/2011 22:32:18] /a 1
[09/12/2011 22:32:18] /a 1
[09/12/2011 22:32:18] /a 1
[09/12/2011 22:32:18] /a 1
[09/12/2011 22:32:18] /a 1
[09/12/2011 22:32:18] /a 1
[09/12/2011 22:32:18] /a 1
[09/12/2011 22:32:18] /a 1
[09/12/2011 22:32:19] /a 1
[09/12/2011 22:32:19] /a 1
[09/12/2011 22:32:19] /a 1
[09/12/2011 22:32:19] /a 1
[09/12/2011 22:32:19] /a 1
[09/12/2011 22:32:19] /a 1
[09/12/2011 22:32:19] /a 1
[09/12/2011 22:32:20] /a 1
[09/12/2011 22:32:20] /a 1
[09/12/2011 22:32:20] /a 1
[09/12/2011 22:32:20] /a 1
[09/12/2011 22:32:20] /a 1
[09/12/2011 22:32:20] /a 1
[09/12/2011 22:32:20] /a 1
[09/12/2011 22:32:20] /a 1
[09/12/2011 22:32:20] /a 1
[09/12/2011 22:32:20] /a 1
[09/12/2011 22:32:20] /a 1
[09/12/2011 22:32:20] /a 1
[09/12/2011 22:32:21] /a 1
[09/12/2011 22:32:21] /a 1
[09/12/2011 22:32:21] /a 1
[09/12/2011 22:32:21] /a 1
[09/12/2011 22:32:21] /a 1
[09/12/2011 22:32:21] /a 1
[09/12/2011 22:32:21] /a 1
[09/12/2011 22:32:21] /a 1
[09/12/2011 22:32:21] /a 1
[09/12/2011 22:32:21] /a 1
[09/12/2011 22:32:21] /a 1
[09/12/2011 22:32:21] /a 1
[09/12/2011 22:32:21] /a 1
[09/12/2011 22:32:21] /a 1
[09/12/2011 22:32:23] /a 1
[09/12/2011 22:32:23] /a 1
[09/12/2011 22:32:23] /a 1
[09/12/2011 22:32:24] /a 1
[09/12/2011 22:32:24] /a 1
[09/12/2011 22:32:24] /a 1
[09/12/2011 22:32:24] /a 1
[09/12/2011 22:32:24] /a 1
[09/12/2011 22:32:25] /a 1
[09/12/2011 22:32:26] /a 1
[09/12/2011 22:32:34] /a 1
[09/12/2011 22:32:34] /a 1
[09/12/2011 22:32:34] /a 1
[09/12/2011 22:32:34] /a 1
[09/12/2011 22:32:34] /a 1
[09/12/2011 22:32:34] /a 1
[09/12/2011 22:32:34] /a 1
[09/12/2011 22:32:34] /a 1
[09/12/2011 22:32:34] /a 1
[09/12/2011 22:32:34] /a 1
[09/12/2011 22:32:35] /a 1
[09/12/2011 22:32:35] /a 1
[09/12/2011 22:32:35] /a 1
[09/12/2011 22:32:35] /a 1
[09/12/2011 22:32:35] /a 1
[09/12/2011 22:32:35] /a 1
[09/12/2011 22:32:35] /a 1
[09/12/2011 22:32:35] /a 1
[09/12/2011 22:32:35] /a 1
[09/12/2011 22:32:35] /a 1
[09/12/2011 22:32:35] /a 1
[09/12/2011 22:32:35] /a 1
[09/12/2011 22:32:35] /a 1
[09/12/2011 22:32:35] /a 1
[09/12/2011 22:32:35] /a 1
[09/12/2011 22:32:35] /a 1
[09/12/2011 22:32:35] /a 1
[09/12/2011 22:32:35] /a 1
[09/12/2011 22:32:35] /a 1
[09/12/2011 22:32:35] /a 1
[09/12/2011 22:32:35] /a 1
[09/12/2011 22:32:35] /a 1
[09/12/2011 22:32:35] /a 1
[09/12/2011 22:32:35] /a 1
[09/12/2011 22:32:35] /a 1
[09/12/2011 22:32:35] /a 1
[09/12/2011 22:32:35] /a 1
[09/12/2011 22:32:35] /a 1
[09/12/2011 22:32:35] /a 1
[09/12/2011 22:32:35] /a 1
[09/12/2011 22:32:35] /a 1
[09/12/2011 22:32:36] /a 1
[09/12/2011 22:32:36] /a 1
[09/12/2011 22:32:36] /a 1
[09/12/2011 22:32:36] /a 1
[09/12/2011 22:32:36] /a 1
[09/12/2011 22:32:36] /a 1
[09/12/2011 22:32:36] /a 1
[09/12/2011 22:32:36] /a 1
[09/12/2011 22:32:36] /a 1
[09/12/2011 22:32:36] /a 1
[09/12/2011 22:32:36] /a 1
[09/12/2011 22:32:36] /a 1
[09/12/2011 22:32:36] /a 1
[09/12/2011 22:32:36] /a 1
[09/12/2011 22:32:36] /a 1
[09/12/2011 22:32:36] /a 1
[09/12/2011 22:32:36] /a 1
[09/12/2011 22:32:36] /a 1
[09/12/2011 22:32:36] /a 1
[09/12/2011 22:32:36] /a 1
[09/12/2011 22:32:36] /a 1
[09/12/2011 22:32:36] /a 1
[09/12/2011 22:32:36] /a 1
[09/12/2011 22:32:36] /a 1
[09/12/2011 22:32:36] /a 1
[09/12/2011 22:32:36] /a 1
[09/12/2011 22:32:36] /a 1
[09/12/2011 22:32:36] /a 1
[09/12/2011 22:32:36] /a 1
[09/12/2011 22:32:36] /a 1
[09/12/2011 22:32:37] /a 1
[09/12/2011 22:32:37] /a 1
[09/12/2011 22:32:37] /a 1
[09/12/2011 22:32:37] /a 1
[09/12/2011 22:32:37] /a 1
[09/12/2011 22:32:37] /a 1
[09/12/2011 22:32:37] /a 1
[09/12/2011 22:32:37] /a 1
[09/12/2011 22:32:37] /a 1
[09/12/2011 22:32:37] /a 1
[09/12/2011 22:32:37] /a 1
[09/12/2011 22:32:37] /a 1
[09/12/2011 22:32:37] /a 1
[09/12/2011 22:32:37] /a 1
[09/12/2011 22:32:37] /a 1
[09/12/2011 22:32:37] /a 1
[09/12/2011 22:32:37] /a 1
[09/12/2011 22:32:37] /a 1
[09/12/2011 22:32:37] /a 1
[09/12/2011 22:32:37] /a 1
[09/12/2011 22:32:37] /a 1
[09/12/2011 22:32:37] /a 1
[09/12/2011 22:32:37] /a 1
[09/12/2011 22:32:37] /a 1
[09/12/2011 22:32:37] /a 1
[09/12/2011 22:32:37] /a 1
[09/12/2011 22:32:37] /a 1
[09/12/2011 22:32:37] /a 1
[09/12/2011 22:32:37] /a 1
[09/12/2011 22:32:38] /a 1
[09/12/2011 22:32:38] /a 1
[09/12/2011 22:32:39] /a 1
[09/12/2011 22:33:55] /a 1
[09/12/2011 22:33:56] /a 1
[09/12/2011 22:33:56] /a 1
[09/12/2011 22:33:56] /a 1
[09/12/2011 22:33:56] /a 1
[09/12/2011 22:33:56] /a 1
[09/12/2011 22:33:56] /a 1
[09/12/2011 22:33:56] /a 1
[09/12/2011 22:34:13] /a 1
[09/12/2011 22:34:14] /a 1
[09/12/2011 22:34:14] /a 1
[09/12/2011 22:34:15] /a 1
[09/12/2011 22:34:15] /a 1
[09/12/2011 22:34:15] /a 1
[09/12/2011 22:34:22] /a 1
[09/12/2011 22:34:22] /a 1
[09/12/2011 22:34:22] /a 1
[09/12/2011 22:34:22] /a 1
[09/12/2011 22:34:22] /a 1
[09/12/2011 22:34:22] /a 1
[09/12/2011 22:34:22] /a 1
[09/12/2011 22:34:22] /a 1
[09/12/2011 22:34:22] /a 1
[09/12/2011 22:34:23] /a 1
[09/12/2011 22:34:23] /a 1
[09/12/2011 22:34:23] /a 1
[09/12/2011 22:34:23] /a 1
[09/12/2011 22:34:23] /a 1
[09/12/2011 22:34:23] /a 1
[09/12/2011 22:34:23] /a 1
[09/12/2011 22:34:23] /a 1
[09/12/2011 22:34:23] /a 1
[09/12/2011 22:34:23] /a 1
[09/12/2011 22:34:23] /a 1
[09/12/2011 22:34:23] /a 1
[09/12/2011 22:34:23] /a 1
[09/12/2011 22:34:23] /a 1
[09/12/2011 22:34:23] /a 1
[09/12/2011 22:34:23] /a 1
[09/12/2011 22:34:23] /a 1
[09/12/2011 22:34:23] /a 1
[09/12/2011 22:34:23] /a 1
[09/12/2011 22:34:23] /a 1
[09/12/2011 22:34:23] /a 1
[09/12/2011 22:34:23] /a 1
[09/12/2011 22:34:23] /a 1
[09/12/2011 22:34:23] /a 1
[09/12/2011 22:34:24] /a 1
[09/12/2011 22:34:24] /a 1
[09/12/2011 22:34:24] /a 1
[09/12/2011 22:34:24] /a 1
[09/12/2011 22:34:24] /a 1
[09/12/2011 22:34:24] /a 1
[09/12/2011 22:34:24] /a 1
[09/12/2011 22:34:24] /a 1
[09/12/2011 22:34:24] /a 1
[09/12/2011 22:34:25] /a 1
[09/12/2011 22:34:25] /a 1
[09/12/2011 22:34:25] /a 1
[09/12/2011 22:34:25] /a 1
[09/12/2011 22:34:25] /a 1
[09/12/2011 22:34:25] /a 1
[09/12/2011 22:34:25] /a 1
[09/12/2011 22:34:25] /a 1
[09/12/2011 22:34:25] /a 1
[09/12/2011 22:34:25] /a 1
[09/12/2011 22:34:25] /a 1
[09/12/2011 22:34:25] /a 1
[09/12/2011 22:34:25] /a 1
[09/12/2011 22:34:25] /a 1
[09/12/2011 22:34:25] /a 1
[09/12/2011 22:34:25] /a 1
[09/12/2011 22:34:25] /a 1
[09/12/2011 22:34:25] /a 1
[09/12/2011 22:34:25] /a 1
[09/12/2011 22:34:25] /a 1
[09/12/2011 22:34:25] /a 1
[09/12/2011 22:34:25] /a 1
[09/12/2011 22:34:25] /a 1
[09/12/2011 22:34:26] /a 1
[09/12/2011 22:34:26] /a 1
[09/12/2011 22:34:27] /a 1
[09/12/2011 22:34:28] /a 1
[09/12/2011 22:34:28] /a 1
[09/12/2011 22:34:28] /a 1
[09/12/2011 22:34:28] /a 1
[09/12/2011 22:34:28] /a 1
[09/12/2011 22:34:28] /a 1
[09/12/2011 22:34:28] /a 1
[09/12/2011 22:34:28] /a 1
[09/12/2011 22:34:28] /a 1
[09/12/2011 22:34:28] /a 1
[09/12/2011 22:34:28] /a 1
[09/12/2011 22:34:28] /a 1
[09/12/2011 22:34:28] /a 1
[09/12/2011 22:34:28] /a 1
[09/12/2011 22:34:28] /a 1
[09/12/2011 22:34:28] /a 1
[09/12/2011 22:34:28] /a 1
[09/12/2011 22:34:28] /a 1
[09/12/2011 22:34:28] /a 1
[09/12/2011 22:34:28] /a 1
[09/12/2011 22:34:29] /a 1
[09/12/2011 22:34:29] /a 1
[09/12/2011 22:34:29] /a 1
[09/12/2011 22:34:29] /a 1
[09/12/2011 22:34:29] /a 1
[09/12/2011 22:34:29] /a 1
[09/12/2011 22:34:29] /a 1
[09/12/2011 22:34:29] /a 1
[09/12/2011 22:34:29] /a 1
[09/12/2011 22:34:29] /a 1
[09/12/2011 22:34:29] /a 1
[09/12/2011 22:34:29] /a 1
[09/12/2011 22:34:29] /a 1
[09/12/2011 22:34:29] /a 1
[09/12/2011 22:34:29] /a 1
[09/12/2011 22:34:29] /a 1
[09/12/2011 22:34:29] /a 1
[09/12/2011 22:34:29] /a 1
[09/12/2011 22:34:29] /a 1
[09/12/2011 22:34:29] /a 1
[09/12/2011 22:34:29] /a 1
[09/12/2011 22:34:29] /a 1
[09/12/2011 22:34:29] /a 1
[09/12/2011 22:34:29] /a 1
[09/12/2011 22:34:29] /a 1
[09/12/2011 22:34:29] /a 1
[09/12/2011 22:34:29] /a 1
[09/12/2011 22:34:30] /a 1
[09/12/2011 22:34:31] /a 1
[09/12/2011 22:34:31] /a 1
[09/12/2011 22:34:31] /a 1
[09/12/2011 22:34:31] /a 1
[09/12/2011 22:34:31] /a 1
[09/12/2011 22:34:31] /a 1
[09/12/2011 22:34:31] /a 1
[09/12/2011 22:34:31] /a 1
[09/12/2011 22:34:31] /a 1
[09/12/2011 22:34:31] /a 1
[09/12/2011 22:34:31] /a 1
[09/12/2011 22:34:31] /a 1
[09/12/2011 22:34:31] /a 1
[09/12/2011 22:34:31] /a 1
[09/12/2011 22:34:31] /a 1
[09/12/2011 22:34:31] /a 1
[09/12/2011 22:34:31] /a 1
[09/12/2011 22:34:31] /a 1
[09/12/2011 22:34:31] /a 1
[09/12/2011 22:34:32] /a 1
[09/12/2011 22:34:32] /a 1
[09/12/2011 22:34:33] /a 1
[09/12/2011 22:34:33] /a 1
[09/12/2011 22:34:33] /a 1
[09/12/2011 22:34:33] /a 1
[09/12/2011 22:34:33] /a 1
[09/12/2011 22:34:34] /a 1
[09/12/2011 22:34:34] /a 1
[09/12/2011 22:34:35] /a 1
[09/12/2011 22:34:35] /a 1
[09/12/2011 22:35:05] /r
[09/12/2011 22:35:22] /i 9485
[09/12/2011 22:35:30] /i 9485
[09/12/2011 22:35:33] /r
[09/12/2011 22:35:50] /b swr bundao
[09/12/2011 22:35:52] /t
[09/12/2011 22:36:53] /i 9485
[09/12/2011 22:36:56] /i 9485
[09/12/2011 22:36:58] /i 9485
[09/12/2011 22:37:00] /i 9485
[09/12/2011 22:37:01] /i 9485
[09/12/2011 22:37:06] /i 9485
[09/12/2011 22:37:07] /i 9485
[09/12/2011 22:37:09] /i 9485
[09/12/2011 22:37:09] /i 9485
[09/12/2011 22:37:10] /i 9485
[09/12/2011 22:37:16] /a 1
[09/12/2011 22:37:17] /a 1
[09/12/2011 22:37:24] /m infernalti
[09/12/2011 22:37:32] /m infernalti
[09/12/2011 22:37:37] /a 1
[09/12/2011 22:37:38] /a 1
[09/12/2011 22:37:39] /m infernalti
[09/12/2011 22:37:41] /m infernalti
[09/12/2011 22:37:44] /a 1
[09/12/2011 22:37:45] /a 1
[09/12/2011 22:37:45] /a 1
[09/12/2011 22:37:45] /a 1
[09/12/2011 22:37:45] /a 1
[09/12/2011 22:37:45] /a 1
[09/12/2011 22:37:45] /a 1
[09/12/2011 22:37:45] /a 1
[09/12/2011 22:37:45] /a 1
[09/12/2011 22:37:45] /a 1
[09/12/2011 22:37:45] /a 1
[09/12/2011 22:37:45] /a 1
[09/12/2011 22:37:45] /a 1
[09/12/2011 22:37:45] /a 1
[09/12/2011 22:37:45] /a 1
[09/12/2011 22:37:45] /a 1
[09/12/2011 22:37:45] /a 1
[09/12/2011 22:37:46] /a 1
[09/12/2011 22:37:46] /a 1
[09/12/2011 22:37:46] /a 1
[09/12/2011 22:37:46] /a 1
[09/12/2011 22:37:46] /a 1
[09/12/2011 22:37:48] /m infernalti
[09/12/2011 22:38:04] /a 1
[09/12/2011 22:38:04] /a 1
[09/12/2011 22:38:31] /i 2160
[09/12/2011 22:38:32] /i 2160
[09/12/2011 22:38:34] /i 2160
[09/12/2011 22:38:36] /i 2160
[09/12/2011 22:38:38] /i 2160
[09/12/2011 22:38:42] /i 2160
[09/12/2011 22:38:42] /i 2160
[09/12/2011 22:38:44] /i 2160
[09/12/2011 22:38:46] /i 2160
[09/12/2011 22:38:47] /i 2160
[09/12/2011 22:38:49] /i 2160
[09/12/2011 22:38:50] /i 2160
[09/12/2011 22:38:51] /i 2160
[09/12/2011 22:38:53] /i 2160
[09/12/2011 22:38:55] /i 2160
[09/12/2011 22:38:55] /i 2160
[09/12/2011 22:38:56] /i 2160
[09/12/2011 22:38:57] /i 2160
[09/12/2011 22:38:58] /i 2160
[09/12/2011 22:39:00] /i 2160
[09/12/2011 22:39:01] /i 2160
[09/12/2011 22:39:04] /i 2160
[09/12/2011 22:39:06] /i 2160
[09/12/2011 22:39:20] /m Barbarian Bloodwalker
[09/12/2011 22:40:25] /clean
[09/12/2011 22:40:28] /clean
[09/12/2011 22:40:38] /r
[09/12/2011 22:40:39] /r
[09/12/2011 22:40:41] /r
[09/12/2011 22:40:42] /r
[09/12/2011 22:40:42] /r
[09/12/2011 22:40:44] /r
[09/12/2011 22:40:45] /r
[09/12/2011 22:40:46] /r
[09/12/2011 22:40:49] /r
[09/12/2011 22:40:51] /r
[09/12/2011 22:40:52] /r
[09/12/2011 22:40:53] /r
[09/12/2011 22:40:54] /r
[09/12/2011 22:40:54] /r
[09/12/2011 22:40:55] /r
[09/12/2011 22:40:55] /r
[09/12/2011 22:40:55] /r
[09/12/2011 22:40:56] /r
[09/12/2011 22:40:58] /r
[09/12/2011 22:41:01] /r
[09/12/2011 22:41:03] /r
[09/12/2011 22:41:04] /r
[09/12/2011 22:43:23] /i 724
[09/12/2011 22:43:37] /t
[09/12/2011 22:43:48] /a 1
[09/12/2011 22:43:52] /a 10
[09/12/2011 22:43:57] /a 10
[09/12/2011 22:44:00] /a 2
[09/12/2011 22:46:25] /i 1618
[09/12/2011 22:46:26] /i 1618
[09/12/2011 22:46:28] /i 1618
[09/12/2011 22:46:29] /i 1618
[09/12/2011 22:46:32] /i 1618
[09/12/2011 22:46:33] /i 1618
[09/12/2011 22:46:35] /i 1618
[09/12/2011 22:46:37] /i 1618
[09/12/2011 22:46:38] /i 1618
[09/12/2011 22:46:40] /clean
[09/12/2011 22:46:42] /i 1618
[09/12/2011 22:46:56] /i 3710
[09/12/2011 22:47:17] /a 1
[09/12/2011 22:47:49] /a 1
[09/12/2011 22:47:53] /r
[09/12/2011 22:48:05] /m infernalti
[09/12/2011 22:48:22] /m azerus
[09/12/2011 22:48:47] /m 3710
[09/12/2011 22:48:53] /i 3710
[09/12/2011 22:49:00] /a 1
[09/12/2011 22:49:00] /a 1
[09/12/2011 22:49:01] /a 1
[09/12/2011 22:49:01] /a 1
[09/12/2011 22:49:01] /a 1
[09/12/2011 22:49:01] /a 1
[09/12/2011 22:49:01] /a 1
[09/12/2011 22:49:01] /a 1
[09/12/2011 22:49:01] /a 1
[09/12/2011 22:49:01] /a 1
[09/12/2011 22:49:01] /a 1
[09/12/2011 22:49:37] /c swr druid
[09/12/2011 22:50:07] /r
[09/12/2011 22:50:16] /r
[09/12/2011 22:50:18] /r
[09/12/2011 22:50:18] /r
[09/12/2011 22:50:19] /r
[09/12/2011 22:50:19] /r
[09/12/2011 22:50:19] /r
[09/12/2011 22:50:20] /r
[09/12/2011 22:50:21] /r
[09/12/2011 22:50:22] /r
[09/12/2011 22:50:23] /r
[09/12/2011 22:50:24] /r
[09/12/2011 22:50:27] /r
[09/12/2011 22:50:28] /r
[09/12/2011 22:50:30] /r
[09/12/2011 22:50:30] /r
[09/12/2011 22:50:56] /i 1277
[09/12/2011 22:51:08] /a 1
[09/12/2011 22:51:18] /i 5064
[09/12/2011 22:51:23] /a 1
[09/12/2011 22:51:31] /i 5064
[09/12/2011 22:51:35] /m Infernatil
[09/12/2011 22:52:02] /r
[09/12/2011 22:52:03] /r
[09/12/2011 22:52:03] /r
[09/12/2011 22:52:10] /i 1618
[09/12/2011 22:52:18] /r
[09/12/2011 22:52:21] /r
[09/12/2011 22:52:24] /r
[09/12/2011 22:52:25] /r
[09/12/2011 22:52:25] /r
[09/12/2011 22:52:25] /r
[09/12/2011 22:52:26] /r
[09/12/2011 22:52:27] /r
[09/12/2011 22:52:28] /r
[09/12/2011 22:52:29] /r
[09/12/2011 22:52:35] /i 1618
[09/12/2011 22:52:37] /i 1618
[09/12/2011 22:52:47] /a 1
[09/12/2011 22:52:48] /a 1
[09/12/2011 22:52:49] /a 1
[09/12/2011 22:52:53] /r
[09/12/2011 22:52:56] /r
[09/12/2011 22:52:57] /r
[09/12/2011 22:52:59] /r
[09/12/2011 22:53:01] /r
[09/12/2011 22:53:09] /i 10669
[09/12/2011 22:53:26] /i 1215
[09/12/2011 22:53:30] /r
[09/12/2011 22:53:31] /r
[09/12/2011 22:53:32] /r
[09/12/2011 22:53:51] /i 1215
[09/12/2011 22:53:53] /r
[09/12/2011 22:53:54] /r
[09/12/2011 22:53:56] /r
