[08/11/2011 15:48:18] /ghost
[08/11/2011 15:49:19] /down
[08/11/2011 15:49:21] /down
[08/11/2011 15:49:23] /down
[08/11/2011 15:49:26] /down
[08/11/2011 15:49:32] /down
[08/11/2011 15:50:35] /kick Kina Boladao
[08/11/2011 15:51:38] /a
[08/11/2011 15:51:40] /a
[08/11/2011 15:51:43] /a
[08/11/2011 15:54:13] /t
[08/11/2011 15:57:48] /down
[08/11/2011 15:57:49] /down
[08/11/2011 16:00:35] /goto anscient scarab
[08/11/2011 16:00:40] /goto larve
[08/11/2011 16:00:42] /goto larva
[08/11/2011 16:00:55] /a 6
[08/11/2011 16:01:32] /goto phantasm
[08/11/2011 16:02:05] /goto phantasm
[08/11/2011 16:07:25] /goto assassin
