[01/11/2011 22:40:22] /i magician robe
[01/11/2011 22:40:27] /i magician head
[01/11/2011 22:40:32] /i magician legs
[01/11/2011 22:40:36] /i magician boots
[01/11/2011 22:40:50] /i 8903
[01/11/2011 22:40:57] /i 12288
[01/11/2011 22:41:10] /i 10310
[01/11/2011 22:41:19] /i 7697
[01/11/2011 22:41:27] /i 6300
[01/11/2011 22:41:35] /save
[01/11/2011 23:18:11] /i 21288
[01/11/2011 23:18:14] /i 12288
[01/11/2011 23:45:26] /i 7891
[01/11/2011 23:55:35] /i 11234
[02/11/2011 00:02:25] /i extreme staff
[02/11/2011 00:08:19] /i backpack
[02/11/2011 00:08:27] /i 7697
[02/11/2011 00:09:25] /i backpack
[02/11/2011 00:09:28] /i 7697
[02/11/2011 00:09:29] /i 7697
[02/11/2011 00:09:29] /i 7697
[02/11/2011 00:09:30] /i 7697
[02/11/2011 00:10:33] /i 2127
[02/11/2011 00:10:34] /i 2127
[02/11/2011 00:48:38] /r
[02/11/2011 00:48:40] /r
[02/11/2011 00:48:47] /r
[02/11/2011 00:48:51] /r
[02/11/2011 00:49:09] /i 457
[02/11/2011 00:51:04] /i 457
[02/11/2011 00:51:06] /i 457
[02/11/2011 00:51:10] /i 457
[02/11/2011 00:51:13] /i 457
[02/11/2011 00:51:17] /i 457
[02/11/2011 00:51:18] /i 457
[02/11/2011 00:52:06] /i magician boots
[02/11/2011 00:55:53] /t
[02/11/2011 00:56:16] /i 457
[02/11/2011 00:56:18] /i 457
[02/11/2011 00:56:20] /i 457
[02/11/2011 00:56:22] /i 457
[02/11/2011 00:56:24] /i 457
[02/11/2011 01:45:27] /t
[02/11/2011 01:45:36] /a 4
[02/11/2011 02:28:19] /goto gue~
[02/11/2011 02:28:26] /c gue~
[02/11/2011 02:28:29] /m exp bug
[02/11/2011 02:28:40] /m exp bug
[02/11/2011 02:28:45] /m exp bug
[03/11/2011 13:33:59] /i backpack
[03/11/2011 13:42:06] /reload talckaction
[03/11/2011 15:40:24] /goto gue~
[03/11/2011 15:40:35] /t
[03/11/2011 15:47:28] /m exp bug
[03/11/2011 15:47:29] /m exp bug
[03/11/2011 15:47:30] /m exp bug
[03/11/2011 15:47:31] /m exp bug
[03/11/2011 15:47:36] /m extreme mage
[03/11/2011 16:01:32] /clean
[03/11/2011 16:15:51] /i extreme mage
[03/11/2011 16:22:31] /i master sword
[03/11/2011 16:24:36] /i 12610
[03/11/2011 16:24:42] /goto Lord'pest
[03/11/2011 16:24:49] /t
[03/11/2011 16:26:12] /reload monster
[03/11/2011 16:26:15] /t
[03/11/2011 16:26:29] /b vo abrir zumbie event
[03/11/2011 16:26:38] /b quem quiser vai la
[03/11/2011 16:26:57] /zombiestart 2
[03/11/2011 16:27:12] /addskill Lord'pest, level, 700
[03/11/2011 16:27:15] /t Lord'pest
[03/11/2011 16:27:23] /t
[03/11/2011 16:27:30] /c mage
[03/11/2011 16:27:44] /a 2
[03/11/2011 16:27:46] /c mage
[03/11/2011 16:27:55] /b vamo querm sobrevive
[03/11/2011 16:28:00] /b e so pra corre mage kkk
[03/11/2011 16:28:25] /i ultimate healing potion
[03/11/2011 16:28:42] /t
[03/11/2011 16:29:35] /zombiestart 2
[03/11/2011 16:29:51] /t
[03/11/2011 16:29:55] /goto lord~
[03/11/2011 16:30:13] /b so corre quem conseguir fikar mais tempo vence
[03/11/2011 16:31:16] /goto lord~
[03/11/2011 16:31:59] /b carai tao resistindo bem
[03/11/2011 16:32:35] /a 5
[03/11/2011 16:32:38] /up
[03/11/2011 16:32:40] /up
[03/11/2011 16:32:42] /a 5
[03/11/2011 16:33:33] /goto mage
[03/11/2011 16:35:04] /b carai man 51 zombie kkkkkk
[03/11/2011 16:35:05] /t
[03/11/2011 16:35:24] /i extreme sword
[03/11/2011 19:38:21] /goto ga~
[03/11/2011 19:52:38] /a 2
[03/11/2011 19:56:23] /t
[03/11/2011 20:16:42] /i vip de 15 dias
