[30/04/2012 23:39:28] /a 2
[30/04/2012 23:39:43] /a 5
[30/04/2012 23:39:46] /a 5
[30/04/2012 23:39:49] /a 5
[30/04/2012 23:41:35] /t
[30/04/2012 23:42:05] /a 20
[30/04/2012 23:42:08] /a 20
[30/04/2012 23:42:11] /a 10
[30/04/2012 23:42:18] /a 10
[30/04/2012 23:42:37] /a 10
[30/04/2012 23:42:40] /a 10
[30/04/2012 23:42:42] /a 10
[30/04/2012 23:42:45] /a 10
[30/04/2012 23:42:48] /a 10
[30/04/2012 23:42:49] /a 10
[30/04/2012 23:42:51] /a 10
[30/04/2012 23:42:53] /a 10
[30/04/2012 23:42:54] /a 10
[30/04/2012 23:42:56] /a 10
[30/04/2012 23:43:09] /a 10
[30/04/2012 23:43:15] /up
[30/04/2012 23:43:21] /a 10
[30/04/2012 23:43:25] /a 10
[30/04/2012 23:43:29] /a 10
[30/04/2012 23:43:44] /a 10
[30/04/2012 23:44:07] /m demon
[30/04/2012 23:44:07] /m demon
[30/04/2012 23:44:08] /m demon
[30/04/2012 23:44:08] /m demon
[30/04/2012 23:44:08] /m demon
[30/04/2012 23:44:08] /m demon
[30/04/2012 23:44:08] /m demon
[30/04/2012 23:44:08] /m demon
[30/04/2012 23:44:08] /m demon
[30/04/2012 23:44:08] /m demon
[30/04/2012 23:44:08] /m demon
[30/04/2012 23:44:08] /m demon
[30/04/2012 23:44:09] /m demon
[30/04/2012 23:44:09] /m demon
[30/04/2012 23:44:09] /m demon
[30/04/2012 23:44:09] /m demon
[30/04/2012 23:44:09] /m demon
[30/04/2012 23:44:09] /m demon
[30/04/2012 23:44:09] /m demon
[30/04/2012 23:44:09] /m demon
[30/04/2012 23:44:09] /m demon
[30/04/2012 23:44:09] /m demon
[30/04/2012 23:44:09] /m demon
[30/04/2012 23:44:09] /m demon
[30/04/2012 23:44:09] /m demon
[30/04/2012 23:44:09] /m demon
[30/04/2012 23:44:09] /m demon
[30/04/2012 23:44:09] /m demon
[30/04/2012 23:44:09] /m demon
[30/04/2012 23:44:09] /m demon
[30/04/2012 23:44:09] /m demon
[30/04/2012 23:44:09] /m demon
[30/04/2012 23:44:09] /m demon
[30/04/2012 23:44:09] /m demon
[30/04/2012 23:44:09] /m demon
[30/04/2012 23:44:09] /m demon
[30/04/2012 23:44:09] /m demon
[30/04/2012 23:44:09] /m demon
[30/04/2012 23:44:09] /m demon
[30/04/2012 23:44:09] /m demon
[30/04/2012 23:44:09] /m demon
[30/04/2012 23:44:09] /m demon
[30/04/2012 23:44:09] /m demon
[30/04/2012 23:44:09] /m demon
[30/04/2012 23:44:09] /m demon
[30/04/2012 23:44:09] /m demon
[30/04/2012 23:44:09] /m demon
[30/04/2012 23:44:09] /m demon
[30/04/2012 23:44:09] /m demon
[30/04/2012 23:44:09] /m demon
[30/04/2012 23:44:09] /m demon
[30/04/2012 23:44:09] /m demon
[30/04/2012 23:44:12] /m demon
[30/04/2012 23:44:12] /m demon
[30/04/2012 23:44:12] /m demon
[30/04/2012 23:44:12] /m demon
[30/04/2012 23:44:12] /m demon
[30/04/2012 23:44:12] /m demon
[30/04/2012 23:44:12] /m demon
[30/04/2012 23:44:12] /m demon
[30/04/2012 23:44:12] /m demon
[30/04/2012 23:44:12] /m demon
[30/04/2012 23:44:12] /m demon
[30/04/2012 23:44:12] /m demon
[30/04/2012 23:44:12] /m demon
[30/04/2012 23:44:12] /m demon
[30/04/2012 23:44:12] /m demon
[30/04/2012 23:44:12] /m demon
[30/04/2012 23:44:12] /m demon
[30/04/2012 23:44:12] /m demon
[30/04/2012 23:44:12] /m demon
[30/04/2012 23:44:12] /m demon
[30/04/2012 23:44:12] /m demon
[30/04/2012 23:44:12] /m demon
[30/04/2012 23:44:12] /m demon
[30/04/2012 23:44:12] /m demon
[30/04/2012 23:44:12] /m demon
[30/04/2012 23:44:12] /m demon
[30/04/2012 23:44:12] /m demon
[30/04/2012 23:44:12] /m demon
[30/04/2012 23:44:12] /m demon
[30/04/2012 23:44:12] /m demon
[30/04/2012 23:44:12] /m demon
[30/04/2012 23:44:12] /m demon
[30/04/2012 23:44:12] /m demon
[30/04/2012 23:44:12] /m demon
[30/04/2012 23:44:12] /m demon
[30/04/2012 23:44:12] /m demon
[30/04/2012 23:44:12] /m demon
[30/04/2012 23:44:12] /m demon
[30/04/2012 23:44:12] /m demon
[30/04/2012 23:44:12] /m demon
[30/04/2012 23:44:12] /m demon
[30/04/2012 23:44:12] /m demon
[30/04/2012 23:44:12] /m demon
[30/04/2012 23:44:12] /m demon
[30/04/2012 23:44:12] /m demon
[30/04/2012 23:44:12] /m demon
[30/04/2012 23:44:12] /m demon
[30/04/2012 23:44:12] /m demon
[30/04/2012 23:44:12] /m demon
[30/04/2012 23:44:12] /m demon
[30/04/2012 23:44:12] /m demon
[30/04/2012 23:44:12] /m demon
[30/04/2012 23:44:13] /m demon
[30/04/2012 23:44:13] /m demon
[30/04/2012 23:44:13] /m demon
[30/04/2012 23:44:13] /m demon
[30/04/2012 23:44:13] /m demon
[30/04/2012 23:44:13] /m demon
[30/04/2012 23:44:13] /m demon
[30/04/2012 23:44:13] /m demon
[30/04/2012 23:44:13] /m demon
[30/04/2012 23:44:13] /m demon
[30/04/2012 23:44:13] /m demon
[30/04/2012 23:44:13] /m demon
[30/04/2012 23:44:13] /m demon
[30/04/2012 23:44:13] /m demon
[30/04/2012 23:44:13] /m demon
[30/04/2012 23:44:13] /m demon
[30/04/2012 23:44:13] /m demon
[30/04/2012 23:44:13] /m demon
[30/04/2012 23:44:13] /m demon
[30/04/2012 23:44:13] /m demon
[30/04/2012 23:44:13] /m demon
[30/04/2012 23:44:13] /m demon
[30/04/2012 23:44:13] /m demon
[30/04/2012 23:44:13] /m demon
[30/04/2012 23:44:13] /m demon
[30/04/2012 23:44:13] /m demon
[30/04/2012 23:44:13] /m demon
[30/04/2012 23:44:13] /m demon
[30/04/2012 23:44:13] /m demon
[30/04/2012 23:44:13] /m demon
[30/04/2012 23:44:13] /m demon
[30/04/2012 23:44:13] /m demon
[30/04/2012 23:44:14] /m demon
[30/04/2012 23:44:14] /m demon
[30/04/2012 23:44:14] /m demon
[30/04/2012 23:44:15] /m demon
[30/04/2012 23:44:15] /m demon
[30/04/2012 23:44:15] /m demon
[30/04/2012 23:44:40] /m infernalt
[30/04/2012 23:44:44] /m infernalte
[30/04/2012 23:44:59] /m morgaroth
[30/04/2012 23:45:02] /m morgaroth
[30/04/2012 23:45:02] /m morgaroth
[30/04/2012 23:45:02] /m morgaroth
[30/04/2012 23:45:03] /m morgaroth
[30/04/2012 23:45:03] /m morgaroth
[30/04/2012 23:45:04] /m morgaroth
[30/04/2012 23:45:04] /m morgaroth
[30/04/2012 23:45:05] /m morgaroth
[30/04/2012 23:45:05] /m morgaroth
[30/04/2012 23:45:06] /m morgaroth
