[15/03/2012 13:32:58] /b Boa tarde galera 
[15/03/2012 13:33:47] /b Eventos horarios esta tudo no site . AFK academia 
[15/03/2012 16:40:28] /b Boa tarde . '_'
[15/03/2012 17:02:13] /b 17:04 You see a dead human (Vol:10). You recognize Legalize Canabis. He was killed by No Name  , Soled :x
[16/03/2012 13:21:35] /b AFK Agora depois ajudo voces ! Fuis.
[16/03/2012 13:22:14] /b Deichem MSG No HELP .
[16/03/2012 16:05:31] /b Duvidas HELP . 
[16/03/2012 16:13:14] /b Ajudem nosso servidor donatando equipe Illusion agradece :D             http://illusion-ot.sytes.net/ 
[16/03/2012 16:52:46] /b Ajude-nos a crescer o nosso Server, chamem seus amigos, rl's, inimigos, ate seus contatos do seu Msn, para jogar no Illusion OT, e para o melhoramento das WAR, Eventos e competição entre Top Experience e etc. Obrigado!¨
[16/03/2012 16:53:08] /b AFK :x
[16/03/2012 19:12:02] /b Ajude-nos a crescer o nosso Server, chamem seus amigos, rl's, inimigos, ate seus contatos do seu Msn, para jogar no Illusion OT, e para o melhoramento das WAR, Eventos e competição entre Top Experience e etc. Obrigado!
[16/03/2012 19:20:59] /b Jente antes que voces começem pedir ajuda para ver bugs etc , decha MSG no help eu repa-so para os ADM eu so apenas Tutor :D.
[16/03/2012 19:22:55] /b Duvidas HELP .
[16/03/2012 19:36:37] /b 19:38 You advanced from Level 499 to Level 500.
[16/03/2012 19:37:07] /b Valeeu pela galera que me mandou gtz ^^
[16/03/2012 19:59:03] /b Ajude-nos a crescer o nosso Server, chamem seus amigos, rl's, inimigos, ate seus contatos do seu Msn, para jogar no Illusion OT, e para o melhoramento das WAR, Eventos e competição entre Top Experience e etc. Obrigado!
[16/03/2012 20:18:47] /notations
[16/03/2012 20:19:27] /baninfo
[16/03/2012 20:21:48] /b Duvidas , Chat HELP !
[16/03/2012 20:44:11] /b Ajude-nos a crescer o nosso Server, chamem seus amigos, rl's, inimigos, ate seus contatos do seu Msn, para jogar no Illusion OT, e para o melhoramento das WAR, Eventos e competição entre Top Experience e etc. Obrigado!
[16/03/2012 20:56:25] /b Juuniin cara de trombeta '_' 
[16/03/2012 20:56:36] /b Ajude-nos a crescer o nosso Server, chamem seus amigos, rl's, inimigos, ate seus contatos do seu Msn, para jogar no Illusion OT, e para o melhoramento das WAR, Eventos e competição entre Top Experience e etc. Obrigado!
[16/03/2012 21:03:32] /b Jente por favor não mandem PVT mande MSG no HELP .
[16/03/2012 21:12:19] /b De volta nosso CM Juuniin tomo soled pra Wotworm :D Bem vindo !
[16/03/2012 21:14:07] /b Jente lembrando que 23:00 tem evento Zombie venha participar e daora :D
[16/03/2012 21:52:13] /b Illusion: 21:52 New record: 150 players are logged in. :D
[16/03/2012 21:52:44] /b Ajude-nos a crescer o nosso Server, chamem seus amigos, rl's, inimigos, ate seus contatos do seu Msn, para jogar no Illusion OT, e para o melhoramento das WAR, Eventos e competição entre Top Experience e etc. Obrigado!
[16/03/2012 22:08:48] /b Duvidas só respondo HELP !
[16/03/2012 22:50:00] /b Ajude-nos a crescer o nosso Server, chamem seus amigos, rl's, inimigos, ate seus contatos do seu Msn, para jogar no Illusion OT, e para o melhoramento das WAR, Eventos e competição entre Top Experience e etc. Obrigado!
[16/03/2012 22:50:59] /b AFK ! decha msg no HELP
[16/03/2012 23:04:44] /b WIN ! 
[16/03/2012 23:11:51] /b Galera afk rapidão ! 
[16/03/2012 23:30:05] /b Duvidas HELP [CM] Illusion Esta presente para responder suas perguntas ! 
[16/03/2012 23:30:29] /b Ajude-nos a crescer o nosso Server, chamem seus amigos, rl's, inimigos, ate seus contatos do seu Msn, para jogar no Illusion OT, e para o melhoramento das WAR, Eventos e competição entre Top Experience e etc. Obrigado!
[16/03/2012 23:31:12] /b Só respondo no HELP não PVT pergunta la !
[16/03/2012 23:37:12] /b HELP é so para duvidas !
[17/03/2012 00:15:44] /b If I had someone to father sent each other messages for me ok ?
[17/03/2012 00:27:04] /b If I had someone to father sent each other messages for me ok
[17/03/2012 01:22:04] /b Ajude-nos a crescer o nosso Server, chamem seus amigos, rl's, inimigos, ate seus contatos do seu Msn, para jogar no Illusion OT, e para o melhoramento das WAR, Eventos e competição entre Top Experience e etc. Obrigado!
[17/03/2012 01:22:20] /b If I had someone to father sent each other messages for me ok
[17/03/2012 02:11:16] /b Duvidas HELP !
[17/03/2012 11:27:19] /b Ajude-nos a crescer o nosso Server, chamem seus amigos, rl's, inimigos, ate seus contatos do seu Msn, para jogar no Illusion OT, e para o melhoramento das WAR, Eventos e competição entre Top Experience e etc. Obrigado!
[17/03/2012 11:27:38] /b If I had someone to father sent each other messages for me ok
[17/03/2012 11:30:01] /b Duvidas HELP
[17/03/2012 11:48:54] /b Mewspecial
[17/03/2012 11:49:01] /b 11:48 Mewspecial [264]: ai fala pra todos q vo bloka vip 2
[17/03/2012 11:49:16] /b Boa sorte :X
[17/03/2012 11:57:12] /b Bom tarde CM 12:00  agora :D
[17/03/2012 11:57:33] /b Vai leva Hunted rapa OEWIOIEW
[17/03/2012 11:58:18] /b Duvida Help CM esta disponivel para responder !
[17/03/2012 12:21:04] /b Proximo que fica chamando ADM ou Tutor ou CM ou GM que fica editando ou chinga a mãe vai leva BAN ! isso é donate
[17/03/2012 12:33:09] /b AFK . 
[17/03/2012 14:03:28] /b Ajude-nos a crescer o nosso Server, chamem seus amigos, rl's, inimigos, ate seus contatos do seu Msn, para jogar no Illusion OT, e para o melhoramento das WAR, Eventos e competição entre Top Experience e etc. Obrigado!
[17/03/2012 14:31:18] /b If I had someone to father sent each other messages for me ok
[17/03/2012 16:25:37] /b Vo sair aque fuis
[20/03/2012 19:25:07] /b Eae bonecas muita saudade :D
[20/03/2012 20:50:16] /b AFK .
[22/03/2012 16:44:31] /b AFK !
[23/03/2012 17:14:14] /b Saindo aqui 
[24/03/2012 00:50:32] /b Boa Noite ! :D
[24/03/2012 16:31:55] /b Af creedo se viro Tutor --' que desgraça
[24/03/2012 16:35:36] /b Olha HELP la Arvore responde la voce não deu /b pra duvidas demoro ja pra responder
[25/03/2012 23:47:28] /b Da pk um no otro seis doi ae Owned War vs Dark Sorc OIEWIWE
[25/03/2012 23:48:22] /b Owned War 1x0 Dark Sorc
[26/03/2012 19:29:30] /b Galera to vazando ae ;~] 
