[28/04/2012 15:30:12] /b Perguntas no Help
[28/04/2012 15:33:24] /b Perguntas no Help
[28/04/2012 15:33:26] /b Perguntas no Help
[28/04/2012 15:33:26] /b Perguntas no Help
[28/04/2012 15:40:34] /b perguntas no help 
[28/04/2012 15:40:35] /b perguntas no help 
[28/04/2012 15:40:36] /b perguntas no help 
[28/04/2012 15:40:36] /b perguntas no help 
[28/04/2012 15:40:38] /b perguntas no help 
[28/04/2012 15:40:38] /b perguntas no help 
[28/04/2012 15:40:39] /b perguntas no help 
[28/04/2012 15:51:23] /ban Vklos
[28/04/2012 15:54:04] /b perguntas no help
[28/04/2012 15:54:05] /b perguntas no help
[28/04/2012 15:54:05] /b perguntas no help
[28/04/2012 15:54:06] /b perguntas no help
[28/04/2012 15:58:10] /clean
[28/04/2012 15:58:45] /b perguntas no help
[28/04/2012 15:58:46] /b perguntas no help
[28/04/2012 15:58:47] /b perguntas no help
[28/04/2012 15:58:48] /b perguntas no help
[28/04/2012 15:58:49] /b perguntas no help
[28/04/2012 15:58:50] /b perguntas no help
[28/04/2012 16:04:45] /b as 20:00 evento de war provalvelmente nao temos certeza , PERGUNTAS DUVIDAS NO HELP
[28/04/2012 16:04:47] /b as 20:00 evento de war provalvelmente nao temos certeza , PERGUNTAS DUVIDAS NO HELP
[28/04/2012 16:04:48] /b as 20:00 evento de war provalvelmente nao temos certeza , PERGUNTAS DUVIDAS NO HELP
[28/04/2012 16:05:03] /b as 20:00 evento de war provalvelmente nao temos certeza , PERGUNTAS DUVIDAS NO HELP
[28/04/2012 16:05:07] /b as 20:00 evento de war provalvelmente nao temos certeza , PERGUNTAS DUVIDAS NO HELP
[28/04/2012 16:05:08] /b as 20:00 evento de war provalvelmente nao temos certeza , PERGUNTAS DUVIDAS NO HELP
[28/04/2012 16:05:09] /b as 20:00 evento de war provalvelmente nao temos certeza , PERGUNTAS DUVIDAS NO HELP
[28/04/2012 16:07:26] /b chamem amigos para o ot formem seu team e gogo war
[28/04/2012 16:07:28] /b chamem amigos para o ot formem seu team e gogo war
[28/04/2012 16:07:29] /b chamem amigos para o ot formem seu team e gogo war
[28/04/2012 16:09:49] /ban belezoka br
[28/04/2012 16:17:26] /b perguntas no help
[28/04/2012 16:17:27] /b perguntas no help
[28/04/2012 16:17:28] /b perguntas no help
[28/04/2012 16:22:43] /b afk ja venho
[28/04/2012 16:59:10] /ban Perfect Baiak
[28/04/2012 16:59:17] /ban Perfect Baiak
[28/04/2012 17:00:39] /ban Perfect Baiak
[28/04/2012 17:01:03] /ban Perfect Baiak
[28/04/2012 21:34:26] /b perguntas no help
[28/04/2012 21:34:28] /b perguntas no help
[28/04/2012 21:34:28] /b perguntas no help
[28/04/2012 21:34:29] /b perguntas no help
[28/04/2012 21:34:34] /b perguntas no help
[28/04/2012 21:34:35] /b perguntas no help
[28/04/2012 21:34:35] /b perguntas no help
[28/04/2012 21:34:36] /b perguntas no help
[28/04/2012 21:34:37] /b perguntas no help
[28/04/2012 21:43:52] /b perguntas no help
[28/04/2012 21:43:52] /b perguntas no help
[28/04/2012 21:43:53] /b perguntas no help
[28/04/2012 21:43:54] /b perguntas no help
[28/04/2012 21:43:55] /b perguntas no help
[28/04/2012 21:43:56] /b perguntas no help
[28/04/2012 21:43:56] /b perguntas no help
[28/04/2012 21:44:06] /ban teste
[28/04/2012 21:57:07] /b perguntas no help
[28/04/2012 21:57:09] /b perguntas no help
[28/04/2012 21:57:09] /b perguntas no help
[28/04/2012 21:57:10] /b perguntas no help
[28/04/2012 22:02:04] /b gente desculpe mais help é pra peguntas nao pra fica me pertubando dizendo q tem mlk editado isso é cm admin se vcs querem sabe
[28/04/2012 22:02:14] /b gente desculpe mais help é pra peguntas nao pra fica me pertubando dizendo q tem mlk editado isso é cm admin se vcs querem sabe
[28/04/2012 22:02:15] /b gente desculpe mais help é pra peguntas nao pra fica me pertubando dizendo q tem mlk editado isso é cm admin se vcs querem sabe
[28/04/2012 22:02:16] /b gente desculpe mais help é pra peguntas nao pra fica me pertubando dizendo q tem mlk editado isso é cm admin se vcs querem sabe
[28/04/2012 22:06:44] /b perguntas no help
[28/04/2012 22:06:45] /b perguntas no help
[28/04/2012 22:06:46] /b perguntas no help
[28/04/2012 22:06:46] /b perguntas no help
[28/04/2012 22:16:39] /b perguntas no help
[28/04/2012 22:16:40] /b perguntas no help
[28/04/2012 22:16:41] /b perguntas no help
[28/04/2012 22:16:41] /b perguntas no help
[28/04/2012 23:18:46] /b perguntas no help
[28/04/2012 23:18:47] /b perguntas no help
[28/04/2012 23:18:48] /b perguntas no help
[29/04/2012 18:55:37] /ban lokos
[30/04/2012 09:14:52] /b lag ?respondao help
[30/04/2012 09:14:53] /b lag ?respondao help
[30/04/2012 09:16:10] /clean
[30/04/2012 09:20:28] /ban pally zikka
[30/04/2012 09:22:49] /b ae gente nao to consiguindo abri o help ;s desculpem mais quem quise pergunta pergunta pm pra mim 
[30/04/2012 09:22:52] /b ae gente nao to consiguindo abri o help ;s desculpem mais quem quise pergunta pergunta pm pra mim 
[30/04/2012 09:22:53] /b ae gente nao to consiguindo abri o help ;s desculpem mais quem quise pergunta pergunta pm pra mim 
[30/04/2012 09:25:06] /b ainda nao consigo abri help ;s 
[30/04/2012 09:32:15] /b se começa a da lag me mandem pm
[30/04/2012 09:32:16] /b se começa a da lag me mandem pm
[30/04/2012 09:32:16] /b se começa a da lag me mandem pm
[30/04/2012 09:32:17] /b se começa a da lag me mandem pm
[30/04/2012 09:32:18] /b se começa a da lag me mandem pm
[30/04/2012 09:34:27] /b lag?? me manda pm
[30/04/2012 09:34:27] /b lag?? me manda pm
[30/04/2012 09:34:28] /b lag?? me manda pm
[30/04/2012 09:55:50] /b perguntas no help 
[30/04/2012 09:55:50] /b perguntas no help 
[30/04/2012 09:55:53] /b perguntas no help 
[30/04/2012 09:55:53] /b perguntas no help 
[30/04/2012 09:55:54] /b perguntas no help 
[30/04/2012 10:22:36] /b perguntas no help
[30/04/2012 10:22:36] /b perguntas no help
[30/04/2012 10:22:37] /b perguntas no help
[30/04/2012 10:27:29] /ban anunciador
[30/04/2012 12:52:05] /b perguntas no help
[30/04/2012 12:52:06] /b perguntas no help
[30/04/2012 12:52:07] /b perguntas no help
[30/04/2012 12:52:08] /b perguntas no help
[30/04/2012 12:52:09] /b perguntas no help
[30/04/2012 12:52:10] /b perguntas no help
[30/04/2012 12:52:16] /b perguntas no help
[30/04/2012 12:52:17] /b perguntas no help
[30/04/2012 12:52:18] /b perguntas no help
[30/04/2012 12:52:19] /b perguntas no help
[30/04/2012 12:52:39] /clean
[30/04/2012 12:53:05] /b 12:56 Collected 7154 items. o gente porca k lixo nao é pra infeite nao xd
[30/04/2012 13:01:59] /b perguntas no help
[30/04/2012 13:02:00] /b perguntas no help
[30/04/2012 13:02:01] /b perguntas no help
[30/04/2012 13:04:02] /ban gemin
[30/04/2012 13:16:10] /b PERGUNTAS NO HELP 
[30/04/2012 13:16:12] /b PERGUNTAS NO HELP 
[30/04/2012 13:16:13] /b PERGUNTAS NO HELP 
[30/04/2012 13:16:37] /b vixi nao to consiguindo abri help s; qualquer coisa pergunta pm
[30/04/2012 13:16:39] /b vixi nao to consiguindo abri help s; qualquer coisa pergunta pm
[30/04/2012 13:18:57] /clean
[30/04/2012 13:19:10] /clean
[30/04/2012 13:20:08] /b nao é d certeza mais acho q as 18:00 vai te invasao e evento d bp mais informaçao pm cmg xd nao estou consiguindo abri help ;/ 
[30/04/2012 13:20:19] /b nao é d certeza mais acho q as 18:00 vai te invasao e evento d bp mais informaçao pm cmg xd nao estou consiguindo abri help ;/ 
[30/04/2012 13:20:20] /b nao é d certeza mais acho q as 18:00 vai te invasao e evento d bp mais informaçao pm cmg xd nao estou consiguindo abri help ;/ 
[30/04/2012 13:20:21] /b nao é d certeza mais acho q as 18:00 vai te invasao e evento d bp mais informaçao pm cmg xd nao estou consiguindo abri help ;/ 
[30/04/2012 13:20:51] /b ae consigui abri qualquer coisa no help
[30/04/2012 13:20:52] /b ae consigui abri qualquer coisa no help
[30/04/2012 13:20:53] /b ae consigui abri qualquer coisa no help
[30/04/2012 13:24:06] /b gente perguntas no help
[30/04/2012 13:24:07] /b gente perguntas no help
[30/04/2012 13:24:08] /b gente perguntas no help
[30/04/2012 13:24:11] /b nao respondo pm
[30/04/2012 13:24:12] /b nao respondo pm
[30/04/2012 13:54:40] /b gente ta lag?responde help
[30/04/2012 13:54:42] /b gente ta lag?responde help
[30/04/2012 13:54:43] /b gente ta lag?responde help
[30/04/2012 14:06:21] /b /b 14:09 New record: 176 players are logged in.
[30/04/2012 14:06:24] /b 14:09 New record: 176 players are logged in.
[30/04/2012 14:06:26] /b 14:09 New record: 176 players are logged in.
[30/04/2012 14:06:27] /b 14:09 New record: 176 players are logged in.
[30/04/2012 14:06:28] /b 14:09 New record: 176 players are logged in.
[30/04/2012 14:06:31] /b 14:09 New record: 176 players are logged in.
[30/04/2012 14:09:02] /b 14:09 New record: 176 players are logged in.
[30/04/2012 14:09:03] /b 14:09 New record: 176 players are logged in.
[30/04/2012 14:09:05] /b 14:09 New record: 176 players are logged in.
[30/04/2012 14:39:27] /b perguntas no help
[30/04/2012 14:39:28] /b perguntas no help
[30/04/2012 14:39:29] /b perguntas no help
[30/04/2012 14:39:30] /b perguntas no help
[30/04/2012 14:39:31] /b perguntas no help
[30/04/2012 14:40:14] /b lag?respondem help
[30/04/2012 14:40:16] /b lag?respondem help
[30/04/2012 14:40:17] /b lag?respondem help
[30/04/2012 14:40:18] /b lag?respondem help
[30/04/2012 14:41:10] /b mano se ta lag acho q é melhor vcs paga uma net melhor entao (: ai passa
[30/04/2012 14:41:11] /b mano se ta lag acho q é melhor vcs paga uma net melhor entao (: ai passa
[30/04/2012 14:45:59] /b o site vai fica off por alguns minutos nao o server rlx
[30/04/2012 14:46:01] /b o site vai fica off por alguns minutos nao o server rlx
[30/04/2012 14:46:02] /b o site vai fica off por alguns minutos nao o server rlx
[30/04/2012 14:47:36] /b perguntas no help
[30/04/2012 14:47:37] /b perguntas no help
[30/04/2012 14:47:37] /b perguntas no help
[30/04/2012 14:47:38] /b perguntas no help
[30/04/2012 14:47:39] /b perguntas no help
[30/04/2012 14:49:05] /b eu sou tutor nao god 
[30/04/2012 14:49:06] /b eu sou tutor nao god 
[30/04/2012 14:49:23] /ban ot noovo
[30/04/2012 14:56:00] /ban Kinghtd
[30/04/2012 15:03:27] /b 15:05 New record: 193 players are logged in. rumo aos 200 :D
[30/04/2012 15:03:28] /b 15:05 New record: 193 players are logged in. rumo aos 200 :D
[30/04/2012 15:03:29] /b 15:05 New record: 193 players are logged in. rumo aos 200 :D
[30/04/2012 15:04:57] /b lag?falem help
[30/04/2012 15:04:58] /b lag?falem help
[30/04/2012 15:04:58] /b lag?falem help
[30/04/2012 15:04:59] /b lag?falem help
[30/04/2012 15:07:34] /clean
[30/04/2012 15:08:07] /b 15:11 Collected 54043 items.
[30/04/2012 15:08:07] /b 15:11 Collected 54043 items.
[30/04/2012 15:08:16] /b q isso jente tem lixo pra q ?lol
[30/04/2012 15:08:18] /b q isso jente tem lixo pra q ?lol
[30/04/2012 15:10:03] /clean
[30/04/2012 15:11:15] /b 15:10 New record: 200 players are logged in. EIIITA PORRA QUERO MAIS LEK ON EM AUHAUH :D
[30/04/2012 15:14:41] /b laag?responde help
[30/04/2012 15:14:42] /b laag?responde help
[30/04/2012 15:14:43] /b laag?responde help
[30/04/2012 15:18:52] /ban Pintim Bunitin
[30/04/2012 15:25:00] /clean
[30/04/2012 15:28:57] /ban olalalo
[30/04/2012 15:33:54] /clean
[30/04/2012 15:34:43] /clean
[30/04/2012 15:36:20] /clean
[30/04/2012 16:01:09] /b desculpem-nos o tfs tinha travado reiniciamos
[30/04/2012 16:01:10] /b desculpem-nos o tfs tinha travado reiniciamos
[30/04/2012 16:21:17] /ban cone cree baiak
[30/04/2012 16:39:47] /clean
[30/04/2012 16:45:47] /clean
[30/04/2012 16:49:53] /clean
[30/04/2012 16:59:57] /clean
[30/04/2012 18:24:13] /clean
[30/04/2012 19:56:39] /clean
[30/04/2012 20:08:01] /ban speedy
[30/04/2012 20:08:40] /ban Royalle 
[30/04/2012 20:08:48] /ban anunciador
[30/04/2012 20:08:48] /ban anunciador
[30/04/2012 20:08:51] /ban anunciador
[30/04/2012 20:09:34] /ban speedy
[30/04/2012 20:19:02] /b vetus war ira abri amanha
[30/04/2012 20:19:03] /b vetus war ira abri amanha
[30/04/2012 20:19:19] /b descumpem-nos pelo lag estao tentando nukar ;s 
[30/04/2012 20:19:20] /b descumpem-nos pelo lag estao tentando nukar ;s 
[30/04/2012 22:00:43] /ban senhora medeiros
[30/04/2012 22:03:14] /ban megaott
[30/04/2012 22:03:17] /ban megaott
[30/04/2012 22:17:31] /ban baiak cone
[30/04/2012 22:17:38] /ban nao temot prajoga
[30/04/2012 22:43:08] /clean
[01/05/2012 08:41:28] /clean
[01/05/2012 08:45:25] /clean
[01/05/2012 11:27:43] /ban character name
[01/05/2012 12:10:02] /clean
[01/05/2012 12:11:11] /clean
[01/05/2012 12:14:49] /clean
[01/05/2012 18:50:22] /clean
[03/05/2012 14:07:51] /ban ue combo
[08/05/2012 16:52:30] /ban iagoo lovee
[08/05/2012 16:55:48] /ban iago love
[09/05/2012 23:54:36] /ban informeishow
[11/05/2012 23:03:51] /ban baiak cone sv 
[12/05/2012 13:13:12] /ban revero
[15/05/2012 19:17:47] /clean
[15/05/2012 19:18:31] /clean
[15/05/2012 19:20:02] /clean
