[21/11/2011 04:46:16] /ghost
[21/11/2011 04:46:24] /ghost
[21/11/2011 04:46:30] /b DUVIDAS?
[21/11/2011 04:46:52] /b EVENTOS È APENAS COM O [ADM] LUCAS !!!!
[21/11/2011 04:47:17] /a 1
[21/11/2011 04:47:21] /a 2
[21/11/2011 04:47:24] /a 2
[21/11/2011 04:47:37] /goto Zaronios
[21/11/2011 04:47:41] /down
[21/11/2011 04:48:56] /b DUVIDAS COMIGO!
[21/11/2011 04:49:13] /ghost
[21/11/2011 04:49:16] /goto Yees
[21/11/2011 04:49:31] /goto Stort
[21/11/2011 04:49:55] /a 2
[21/11/2011 04:50:01] /t
[21/11/2011 04:50:19] /ghost
[21/11/2011 04:50:52] /clean
[21/11/2011 05:03:23] /b opa!
[21/11/2011 05:03:28] /a 
[21/11/2011 05:03:32] /a 2
[21/11/2011 05:03:34] /a 2
[21/11/2011 05:03:47] /t
[21/11/2011 05:03:57] /b voui da clean
[21/11/2011 05:04:09] /b clean
[21/11/2011 05:04:15] /clean
[21/11/2011 05:04:24] /a 4
[21/11/2011 05:04:52] /a 20
[21/11/2011 05:04:57] /a 20
[21/11/2011 05:05:06] /a 10
[21/11/2011 05:05:10] /a 10
[21/11/2011 05:05:26] /ghost
[21/11/2011 05:06:09] /a 5
[21/11/2011 05:06:11] /a 5
[21/11/2011 05:06:13] /a 5
[21/11/2011 05:06:13] /a 5
[21/11/2011 05:06:15] /a 5
[21/11/2011 05:06:39] /b ta lag?
[21/11/2011 06:44:05] /a
[21/11/2011 06:44:08] /a 3
[21/11/2011 06:44:10] /a 3
[21/11/2011 06:44:27] /a 5
[21/11/2011 06:44:29] /a 5
[21/11/2011 06:44:31] /a 5
[21/11/2011 06:44:35] /a 5
[21/11/2011 06:44:41] /a 5
[21/11/2011 06:45:29] /b aew
[21/11/2011 06:45:55] /a 3
[21/11/2011 06:46:12] /a 3
[21/11/2011 06:46:14] /a 3
[21/11/2011 06:46:17] /a 
[21/11/2011 06:46:18] /a 6
[21/11/2011 06:46:20] /a 6
[21/11/2011 06:46:21] /a 6
[21/11/2011 06:46:22] /a 6
[21/11/2011 06:46:24] /a 6
[21/11/2011 06:46:26] /a 6
[21/11/2011 06:46:27] /a 6
[21/11/2011 06:46:29] /a 6
[21/11/2011 06:46:39] /a 6
[21/11/2011 06:46:40] /a 6
[21/11/2011 06:46:46] /a 6
[21/11/2011 06:46:47] /a 6
[21/11/2011 06:46:49] /a 6
[21/11/2011 06:46:50] /a 6
[21/11/2011 06:46:51] /a 6
[21/11/2011 06:46:52] /a 6
[21/11/2011 06:46:53] /a 6
[21/11/2011 06:46:53] /a 6
[21/11/2011 06:46:56] /a 6
[21/11/2011 06:46:58] /a 6
[21/11/2011 06:46:59] /a 10
[21/11/2011 06:47:02] /a 10
[21/11/2011 06:47:04] /a 10
[21/11/2011 06:47:08] /a 10
[21/11/2011 06:48:59] /a 10
[21/11/2011 06:49:05] /a 10
[21/11/2011 06:49:08] /a 10
[21/11/2011 06:49:10] /a 10
[21/11/2011 06:49:12] /a 10
[21/11/2011 06:49:14] /a 10
[21/11/2011 06:49:16] /a 10
[21/11/2011 06:49:16] /a 10
[21/11/2011 06:49:18] /a 10
[21/11/2011 06:49:20] /a 10
[21/11/2011 06:49:23] /a 10
[21/11/2011 06:49:26] /a 10
[21/11/2011 06:49:27] /a 10
[21/11/2011 06:49:28] /a 10
[21/11/2011 06:49:29] /a 10
[21/11/2011 06:49:30] /a 10
[21/11/2011 06:49:31] /a 10
[21/11/2011 06:49:32] /a 10
[21/11/2011 06:49:33] /a 10
[21/11/2011 06:49:34] /a 10
[21/11/2011 06:49:36] /a 10
[21/11/2011 06:49:38] /a 10
[21/11/2011 06:53:08] /c Rastafari
[21/11/2011 07:15:18] /t
[21/11/2011 07:16:01] /ghost
[21/11/2011 07:16:04] /b AEW!
[21/11/2011 07:16:07] /ghost
[21/11/2011 07:16:33] /b ja falei que o EVENTO È COM O ADM LUCAS
[21/11/2011 07:16:39] /goto Coco Mole
[21/11/2011 09:27:37] /b EAI :D
[21/11/2011 09:27:45] /b DUVIDAS?
[21/11/2011 09:27:46] /t
[21/11/2011 09:59:07] /t
[21/11/2011 09:59:11] /ghost
[21/11/2011 09:59:16] /b GALERAAAAAAA !
[21/11/2011 09:59:23] /b to indo dormir , amanha trabalho cedo :/
[21/11/2011 09:59:29] /b amanha detarde to online!
[21/11/2011 09:59:34] /b abraços a todos
[21/11/2011 09:59:36] /clean
[21/11/2011 09:59:42] /goto soul mage
[21/11/2011 10:00:15] /a 6
[21/11/2011 10:00:45] /ghost
[21/11/2011 10:00:55] /b QUERO VE SE VOCEDS SAO TIBIANOS MESMO
[21/11/2011 10:01:02] /b JOGO TIBIA A 4 ANOS
[21/11/2011 10:01:23] /a
[21/11/2011 10:01:36] /t
[21/11/2011 16:43:47] /ghost
[21/11/2011 16:43:49] /b EAI!
[21/11/2011 16:44:06] /clean
[21/11/2011 16:44:09] /b quem ta on?
[21/11/2011 16:44:15] /a
[21/11/2011 16:46:31] /a 2
[21/11/2011 16:47:05] /a
[21/11/2011 16:47:07] /a 2
[21/11/2011 16:47:22] /a 5
[21/11/2011 16:47:23] /a 5
[21/11/2011 16:47:27] /a 5
[21/11/2011 16:47:48] /c rastafari
[22/11/2011 08:37:26] /b Oi :)
[22/11/2011 08:38:12] /b DUVIDAS?
[22/11/2011 08:38:32] /goto Pakita Rullex
[22/11/2011 08:39:06] /b EVENTO APENAS COM O ADM LUCAS :/
[22/11/2011 08:39:11] /clean
[22/11/2011 08:39:16] /b TA LAG?
[22/11/2011 08:39:49] /goto 22:38 Pakita Rullex [593]: me puxa pro final da quest 22:38 Pakita Rullex [593]: eu falo a ngm ñ
[22/11/2011 08:40:21] /t
[22/11/2011 08:40:55] /b 22:40 Zeh Do Po [769]: FALA PRA TODOS COLA TEMPLO PRA FAZE UMA WARZINHA
[22/11/2011 08:41:10] /ghost
[22/11/2011 08:41:19] /b ESTOU AFK!
[22/11/2011 08:41:21] /b JA VOLTO
[22/11/2011 08:42:54] /b JA VOLTO GALERA!
[22/11/2011 09:22:41] /clean
[22/11/2011 09:32:18] /a 5
[22/11/2011 09:32:20] /a 5
[22/11/2011 09:32:22] /a 4
[22/11/2011 09:32:44] /a 3
[22/11/2011 09:32:53] /c rastafari
[22/11/2011 09:41:28] /t
[22/11/2011 09:43:55] /ghost
[22/11/2011 09:43:58] /b DUVIDAS?
[22/11/2011 09:44:08] /b vou da clean para melhora a lag!
[22/11/2011 09:44:10] /b Ok ? :d
[22/11/2011 09:44:25] /clean
[22/11/2011 09:44:30] /goto Lambada Francesa
[22/11/2011 09:45:47] /goto [ADM] Lucas
[22/11/2011 09:46:40] /a 5
[22/11/2011 09:47:58] /goto Lambada Francesa
[22/11/2011 09:48:22] /a 5
[22/11/2011 09:48:23] /a 5
[22/11/2011 09:48:24] /a 5
[22/11/2011 09:48:26] /a 5
[22/11/2011 09:48:26] /a 5
[22/11/2011 09:48:27] /a 5
[22/11/2011 09:48:27] /a 5
[22/11/2011 09:48:28] /a 5
[22/11/2011 09:48:28] /a 5
[22/11/2011 09:48:29] /a 5
[22/11/2011 09:48:30] /a 5
[22/11/2011 09:48:30] /a 5
[22/11/2011 09:48:30] /a 5
[22/11/2011 09:48:31] /a 5
[22/11/2011 09:48:32] /a 5
[22/11/2011 09:48:34] /a 5
[22/11/2011 09:48:36] /a 5
[22/11/2011 09:48:37] /a 5
[22/11/2011 09:48:39] /a 5
[22/11/2011 09:48:42] /a 5
[22/11/2011 09:48:42] /a 5
[22/11/2011 09:48:43] /a 5
[22/11/2011 09:48:44] /a 5
[22/11/2011 09:48:44] /a 5
[22/11/2011 09:48:45] /a 5
[22/11/2011 09:48:46] /a 5
[22/11/2011 09:48:47] /a 5
[22/11/2011 09:48:49] /a 5
[22/11/2011 09:49:15] /a 1
[22/11/2011 09:49:18] /a 10
[22/11/2011 09:50:22] /a 5
[22/11/2011 09:50:23] /a 5
[22/11/2011 09:50:24] /a 5
[22/11/2011 09:50:24] /a 5
[22/11/2011 09:50:25] /a 5
[22/11/2011 09:50:25] /a 5
[22/11/2011 09:50:26] /a 5
[22/11/2011 09:50:26] /a 5
[22/11/2011 09:50:27] /a 5
[22/11/2011 09:50:27] /a 5
[22/11/2011 09:50:27] /a 5
[22/11/2011 09:50:28] /a 5
[22/11/2011 09:50:29] /a 5
[22/11/2011 09:50:30] /a 5
[22/11/2011 09:50:30] /a 5
[22/11/2011 09:51:12] /a 4
[22/11/2011 09:52:24] /a 1
[22/11/2011 09:52:27] /a 10
[22/11/2011 09:52:53] /a 10
[22/11/2011 09:52:54] /a 10
[22/11/2011 09:52:56] /a 10
[22/11/2011 09:52:56] /a 10
[22/11/2011 09:52:58] /a 10
[22/11/2011 09:53:02] /a 10
[22/11/2011 09:53:03] /a 10
[22/11/2011 09:53:04] /a 10
[22/11/2011 09:53:06] /a 10
[22/11/2011 09:53:09] /a 10
[22/11/2011 09:53:09] /a 10
[22/11/2011 09:53:11] /a 10
[22/11/2011 09:53:13] /a 10
[22/11/2011 09:53:14] /a 10
[22/11/2011 09:53:17] /a 10
[22/11/2011 09:53:19] /a 10
[22/11/2011 09:53:21] /a 10
[22/11/2011 09:54:15] /a 10
[22/11/2011 09:54:18] /a 5
[22/11/2011 09:54:59] /a
[22/11/2011 09:55:14] /a 10
[22/11/2011 09:55:16] /a 10
[22/11/2011 09:55:18] /a 10
[22/11/2011 09:55:19] /a 10
[22/11/2011 09:55:20] /a 10
[22/11/2011 09:55:24] /a 10
[22/11/2011 09:55:27] /a 10
[22/11/2011 09:55:35] /a 5
[22/11/2011 09:59:21] /c rastafari
[22/11/2011 10:02:21] /t
