[02/09/2011 21:43:27] /m assassin
[02/09/2011 21:44:33] /m ungrez
[02/09/2011 21:44:39] /r
[02/09/2011 21:45:30] /m Orchid Frog
[02/09/2011 21:46:37] /newtype 143
[02/09/2011 21:47:07] /reload monsters
[02/09/2011 21:47:22] /m orchid frog
[02/09/2011 21:48:01] /reload monsters
[02/09/2011 21:48:02] /m orchid frog
[02/09/2011 21:48:06] /r
[06/10/2011 20:38:28] /down
[06/10/2011 20:39:11] /a
[06/10/2011 20:40:10] /a
[06/10/2011 20:40:13] /a
[06/10/2011 20:40:15] /a
[06/10/2011 20:40:50] /r
[06/10/2011 20:41:34] /a
[06/10/2011 20:41:36] /a
[06/10/2011 20:41:48] /a
[06/10/2011 20:41:59] /goto GM Mandhy
[06/10/2011 20:42:01] /goto GM Mandhy
[06/10/2011 20:42:10] /goto GM Mandhy
[06/10/2011 20:42:16] /goto GM Mandhy
[06/10/2011 20:42:16] /goto GM Mandhy
[06/10/2011 20:42:16] /goto GM Mandhy
[06/10/2011 20:42:16] /goto GM Mandhy
[06/10/2011 20:42:16] /goto GM Mandhy
[06/10/2011 20:42:17] /goto GM Mandhy
[06/10/2011 20:42:17] /goto GM Mandhy
[06/10/2011 20:42:17] /goto GM Mandhy
[06/10/2011 20:42:17] /goto GM Mandhy
[06/10/2011 20:42:18] /goto GM Mandhy
[06/10/2011 20:42:18] /goto GM Mandhy
[06/10/2011 20:42:23] /goto GM Mandhy
[06/10/2011 20:42:23] /goto GM Mandhy
[06/10/2011 20:42:23] /goto GM Mandhy
[06/10/2011 20:42:24] /goto GM Mandhy
[06/10/2011 20:42:24] /goto GM Mandhy
[06/10/2011 20:42:25] /goto GM Mandhy
[06/10/2011 20:42:25] /goto GM Mandhy
[06/10/2011 20:42:25] /goto GM Mandhy
[06/10/2011 20:42:25] /goto GM Mandhy
[06/10/2011 20:42:25] /goto GM Mandhy
[06/10/2011 20:42:25] /goto GM Mandhy
[06/10/2011 20:42:26] /goto GM Mandhy
[06/10/2011 20:42:26] /goto GM Mandhy
[06/10/2011 20:42:27] /goto GM Mandhy
[06/10/2011 20:42:27] /goto GM Mandhy
[06/10/2011 20:42:27] /goto GM Mandhy
[06/10/2011 20:42:27] /goto GM Mandhy
[06/10/2011 20:42:27] /goto GM Mandhy
[06/10/2011 20:42:27] /goto GM Mandhy
[06/10/2011 20:42:27] /goto GM Mandhy
[06/10/2011 20:42:28] /goto GM Mandhy
[06/10/2011 20:42:28] /goto GM Mandhy
[06/10/2011 20:42:28] /goto GM Mandhy
[06/10/2011 20:42:28] /goto GM Mandhy
[06/10/2011 20:42:29] /goto GM Mandhy
[06/10/2011 20:42:30] /goto GM Mandhy
[06/10/2011 20:42:30] /goto GM Mandhy
[06/10/2011 20:42:30] /goto GM Mandhy
[06/10/2011 20:42:30] /goto GM Mandhy
[06/10/2011 20:42:31] /goto GM Mandhy
[06/10/2011 20:42:31] /goto GM Mandhy
[06/10/2011 20:42:50] /goto GM Mandhy
[06/10/2011 20:42:57] /goto GM Mandhy
[06/10/2011 20:42:59] /goto GM Mandhy
[06/10/2011 20:43:01] /goto GM Mandhy
[06/10/2011 20:43:03] /goto GM Mandhy
[06/10/2011 20:43:06] /goto GM Mandhy
[06/10/2011 20:43:08] /goto GM Mandhy
[06/10/2011 20:43:10] /goto GM Mandhy
[06/10/2011 20:43:13] /goto GM Mandhy
[06/10/2011 20:43:21] /goto GM Mandhy
[06/10/2011 20:43:31] /goto GM Mandhy
[06/10/2011 20:43:39] /goto GM Mandhy
[06/10/2011 20:43:41] /goto GM Mandhy
[06/10/2011 20:43:45] /goto GM Mandhy
[06/10/2011 20:43:47] /goto GM Mandhy
[06/10/2011 20:43:58] /goto GM Mandhy
[06/10/2011 20:44:02] /goto GM Mandhy
[06/10/2011 20:44:12] /goto GM Mandhy
[06/10/2011 20:44:14] /goto GM Mandhy
[06/10/2011 20:44:17] /goto GM Mandhy
[06/10/2011 20:44:19] /goto GM Mandhy
[06/10/2011 20:44:20] /goto GM Mandhy
[06/10/2011 20:44:22] /goto GM Mandhy
[06/10/2011 20:44:43] /r
[06/10/2011 20:44:46] /a
[06/10/2011 20:44:52] /goto GM Mandhy
[06/10/2011 20:44:53] /goto GM Mandhy
[06/10/2011 20:44:54] /goto GM Mandhy
[06/10/2011 20:44:54] /goto GM Mandhy
