[31/03/2012 21:08:35] /b Perguntas no Help
[31/03/2012 21:15:01] /b Perguntas no Help
[31/03/2012 21:15:02] /b Perguntas no Help
[31/03/2012 21:16:45] /b 21:15 Clevinjogalevis [460]: Need team master vip Quest tem bloker vai sai jaja quem quisér ir falar cmg
[31/03/2012 21:25:24] /b 21:25 Clevinjogalevis [461]: neeed team vip Quest 2 (precisar -se DE BLOKER )
[31/03/2012 21:25:25] /b 21:25 Clevinjogalevis [461]: neeed team vip Quest 2 (precisar -se DE BLOKER )
[31/03/2012 21:29:55] /b neeed team vip Quest 2 (precisar -se DE BLOKER )
[31/03/2012 21:29:57] /b neeed team vip Quest 2 (precisar -se DE BLOKER )
[31/03/2012 21:30:20] /b 21:29 Clevinjogalevis [461]: neeed team vip Quest 2 (precisar -se DE BLOKER )
[31/03/2012 21:30:22] /b 21:29 Clevinjogalevis [461]: neeed team vip Quest 2 (precisar -se DE BLOKER )
[31/03/2012 21:30:23] /b 21:29 Clevinjogalevis [461]: neeed team vip Quest 2 (precisar -se DE BLOKER )
[31/03/2012 21:45:46] /b Perguntas no Help
[31/03/2012 21:45:47] /b Perguntas no Help
[31/03/2012 21:45:48] /b Perguntas no Help
[31/03/2012 21:45:49] /b Perguntas no Help
[01/04/2012 06:44:02] /b Perguntas no Help
[01/04/2012 06:44:03] /b Perguntas no Help
[01/04/2012 06:44:04] /b Perguntas no Help
[01/04/2012 06:59:41] /b Perguntas no Help
[01/04/2012 06:59:43] /b Perguntas no Help
[01/04/2012 06:59:44] /b Perguntas no Help
[01/04/2012 07:32:37] /b Perguntas no Help
[01/04/2012 07:32:38] /b Perguntas no Help
[01/04/2012 07:32:39] /b Perguntas no Help
[01/04/2012 08:31:04] /b Perguntas no Help
[01/04/2012 08:31:05] /b Perguntas no Help
[01/04/2012 08:31:06] /b Perguntas no Help
[01/04/2012 08:31:07] /b Perguntas no Help
[01/04/2012 10:13:20] /b Perguntas no Help
[01/04/2012 10:13:20] /b Perguntas no Help
[01/04/2012 10:13:22] /b Perguntas no Help
[01/04/2012 10:32:48] /b afk gente depois volto
[01/04/2012 20:53:47] /b Perguntas no Help
[01/04/2012 20:53:48] /b Perguntas no Help
[01/04/2012 20:53:49] /b Perguntas no Help
[01/04/2012 20:53:50] /b Perguntas no Help
[01/04/2012 20:57:29] /b Perguntas no Help
[01/04/2012 20:57:30] /b Perguntas no Help
[01/04/2012 20:59:52] /b ae gente vo da uma saidinha depois volto ;] 
[02/04/2012 13:41:00] /b Perguntas no Help
[02/04/2012 13:41:01] /b Perguntas no Help
[02/04/2012 13:41:02] /b Perguntas no Help
[02/04/2012 13:41:48] /b ajudem a publicar o server chamem amigos e rls seus 
[02/04/2012 13:42:28] /b Tomamo no Ku procura team pra ir quest vip 2 quem quiser ir cole templo
[02/04/2012 13:44:05] /b 13:43 Tomamo no Ku [466]: tenho mai  o que fazer 13:43 Tomamo no Ku [466]: QUERO FAZER VIP 2 :@
[02/04/2012 13:46:22] /b 13:45 Tomamo no Ku [466]: manda qe quiser fazer vip 2 vim pro templo
[02/04/2012 15:44:20] /ban Jefferson Mc'z 
[02/04/2012 17:33:47] /b Perguntas no Help
[02/04/2012 17:33:48] /b Perguntas no Help
