[27/02/2012 23:05:17] /a 2
[27/02/2012 23:05:51] /t
[27/02/2012 23:06:01] /a 3
[27/02/2012 23:06:11] /t
[27/02/2012 23:07:22] /reload globalevents
[27/02/2012 23:11:28] /i 11720
[27/02/2012 23:11:29] /i 11720
[27/02/2012 23:11:31] /i 11720
[27/02/2012 23:11:33] /i 11720
[27/02/2012 23:11:48] /i 11720
[27/02/2012 23:11:51] /i 11720
[27/02/2012 23:12:25] /i 8047
[27/02/2012 23:12:29] /i 8047
[27/02/2012 23:13:49] /addskill spunk, level, 100
[27/02/2012 23:14:48] /i 2160
[27/02/2012 23:17:24] /r
[27/02/2012 23:17:25] /r
[27/02/2012 23:17:34] /r
[27/02/2012 23:17:37] /r
[27/02/2012 23:17:41] /r
[27/02/2012 23:17:43] /r
[27/02/2012 23:17:51] /i 8047
[27/02/2012 23:17:54] /i 8047
[27/02/2012 23:22:21] /newtype 194
[27/02/2012 23:22:35] /newtype 194
[27/02/2012 23:37:01] /reload talkactions
[27/02/2012 23:37:03] /level
[27/02/2012 23:37:07] /level spunk, 100000
[27/02/2012 23:37:23] /goto kaiozeraa
[27/02/2012 23:37:42] /goto no name
[27/02/2012 23:38:08] /level spunk, 100000
[27/02/2012 23:38:13] /level spunk, 721000
[27/02/2012 23:38:20] /level spunk, 721004
[27/02/2012 23:38:22] /t
[27/02/2012 23:38:35] /goto kinazihow
[27/02/2012 23:39:05] /level spunk, 1
[27/02/2012 23:39:41] /t
[27/02/2012 23:39:48] /level spunk, 100
[27/02/2012 23:39:50] /level spunk, 100
[27/02/2012 23:39:50] /level spunk, 100
[27/02/2012 23:39:50] /level spunk, 100
[27/02/2012 23:39:53] /level spunk, 1000000
[27/02/2012 23:40:01] /level spunk, 100000
[27/02/2012 23:40:03] /level spunk, 10000
[27/02/2012 23:40:05] /level spunk, 10
[27/02/2012 23:40:06] /level spunk, 1
[27/02/2012 23:40:09] /level spunk, 1
[28/02/2012 19:48:26] /goto account manager
[28/02/2012 19:48:32] /c account manager
[28/02/2012 19:48:33] /r
[28/02/2012 19:48:34] /c account manager
[28/02/2012 19:48:36] /r
[28/02/2012 19:48:37] /c account manager
[28/02/2012 19:48:40] /r
[28/02/2012 19:48:42] /c account manager
[28/02/2012 19:48:42] /c account manager
[28/02/2012 19:48:43] /r
[28/02/2012 19:48:44] /c account manager
[28/02/2012 19:50:24] /info Rafu
[28/02/2012 19:50:39] /ghost
[28/02/2012 19:51:38] /goto no name
[28/02/2012 19:51:45] /ghost
[28/02/2012 19:55:21] /level spunk, 10000
[08/03/2012 15:04:08] /ghost
[08/03/2012 15:08:54] /ghost
[15/05/2012 21:29:50] /b Duvidas? Use o Help Channel...
