[12/03/2012 19:40:25] /goto kiji
[12/03/2012 19:43:10] /reload actions
[12/03/2012 19:43:15] /goto adm
[12/03/2012 19:43:19] /goto champz
[12/03/2012 19:44:26] /b Reiniciando pela causa do "BUG" do Book...
[12/03/2012 19:44:49] /b Reiniciando pela causa do "BUG" do Book...
[12/03/2012 19:44:53] /b Reiniciando pela causa do "BUG" do Book...
[12/03/2012 19:48:37] /i spellbook of shadown
[12/03/2012 19:48:45] /i spellbook of shadow
[12/03/2012 19:49:06] /b Bug do Shield retirado!
[12/03/2012 19:49:12] /goto CM
[12/03/2012 19:50:31] /mc
[12/03/2012 19:52:01] /i super aol
[12/03/2012 19:52:09] /goto pally of inferno
[12/03/2012 19:53:36] /c e
[12/03/2012 19:55:19] /mc
[12/03/2012 19:55:26] /mc
[12/03/2012 20:26:36] /baninfo sem futuro
[12/03/2012 20:26:46] /baninfo Sem Futuro
[12/03/2012 20:33:13] /b Galera espere um pouco e ja resolvo tudo...
[12/03/2012 20:38:06] /goto Kina Maldita
[12/03/2012 20:38:14] /c Kina Maldita
[12/03/2012 20:38:59] /baninfo 
[12/03/2012 20:39:01] /baninfo 70
[12/03/2012 20:39:03] /baninfo 70
[12/03/2012 20:39:07] /baninfo 69
[12/03/2012 20:39:10] /baninfo 5
[12/03/2012 20:39:13] /baninfo 6
[12/03/2012 20:39:19] /baninfo 4
[12/03/2012 20:39:23] /baninfo 20
[12/03/2012 20:39:24] /baninfo 25
[12/03/2012 20:39:26] /baninfo 15
[12/03/2012 20:39:28] /baninfo 40
[12/03/2012 20:39:30] /baninfo 42
[12/03/2012 20:46:51] /clean
[12/03/2012 20:53:55] /a
[12/03/2012 20:54:02] /a 3
[12/03/2012 20:55:57] /s
[12/03/2012 21:03:47] /clean
[12/03/2012 21:08:43] /clean
[12/03/2012 21:08:57] /goto Ikkakus
[12/03/2012 21:09:01] /mc
[12/03/2012 21:46:32] /t
[12/03/2012 21:46:41] /newtype 134
[12/03/2012 21:55:09] /clean
[13/03/2012 12:29:03] /t
[13/03/2012 12:29:07] /ghost
[13/03/2012 22:42:27] /newtype 12, fadinha sanguinaria
[13/03/2012 22:49:24] /goto Ikkakus
[13/03/2012 22:58:42] /goto Fadinha Sanguinaria
[13/03/2012 22:59:03] /level Fadinha Sanguinaria, 4000000
[13/03/2012 22:59:19] /level Fadinha Sanguinaria, 40000
[13/03/2012 22:59:33] /level Fadinha Sanguinaria, 400000
[13/03/2012 22:59:44] /level Fadinha Sanguinaria, 4000000
[13/03/2012 22:59:56] /level Fadinha Sanguinaria, 400000
[13/03/2012 23:00:03] /level Fadinha Sanguinaria, 4000000
[13/03/2012 23:00:14] /level Fadinha Sanguinaria, 40
[13/03/2012 23:01:47] /level Fadinha Sanguinaria, 4000000
[13/03/2012 23:01:49] /level Fadinha Sanguinaria, 400000
[13/03/2012 23:02:00] /level Fadinha Sanguinaria, 40
[13/03/2012 23:03:01] /level Fadinha Sanguinaria, 50
[14/03/2012 01:41:09] /info Kadinho
[14/03/2012 01:43:15] /bc . OT vai ser reiniciado em 30 segundos...
[14/03/2012 01:43:28] /ghost
