[09/12/2011 21:21:49] /i Sword
[09/12/2011 21:21:55] /i Sword 2
[09/12/2011 21:22:03] /i Solar axe
[09/12/2011 21:23:22] /i katana
[09/12/2011 21:23:40] /s OI
[09/12/2011 21:23:41] /s OI
[09/12/2011 21:23:41] /s OI
[09/12/2011 21:23:42] /s OI
[09/12/2011 21:24:11] /i schimater
[09/12/2011 21:24:20] /i scimeter
[09/12/2011 21:24:27] /i scimitar
[09/12/2011 21:25:14] /clean
[09/12/2011 21:25:16] /clean
[09/12/2011 21:25:17] /clean
[09/12/2011 21:25:18] /clean
[09/12/2011 21:25:19] /clean
[09/12/2011 21:25:36] /i haunted Blade
[09/12/2011 21:25:52] /i tio
[09/12/2011 21:26:31] /i runed sword
[09/12/2011 21:26:44] /i hauted blade
[09/12/2011 21:27:15] /t 200
[09/12/2011 21:27:17] /t 200
[09/12/2011 21:29:33] /s infernatil
[09/12/2011 21:29:37] /s infernatil
[09/12/2011 21:30:28] /ghost
[09/12/2011 21:31:54] /i hauted blade
[09/12/2011 21:32:18] /i Haunted blade
[09/12/2011 21:33:00] /m gay
[09/12/2011 21:33:46] /s treiner
[09/12/2011 21:34:39] /t 100
[09/12/2011 21:34:40] /t 100
[09/12/2011 21:34:41] /t 100
[09/12/2011 21:35:32] /m mexcalibur
[09/12/2011 21:35:35] /m mexcalibur Oi
[09/12/2011 21:35:46] /i extreme wand
[09/12/2011 21:35:52] /i extreme mage
[09/12/2011 21:35:54] /i extreme mage
[09/12/2011 21:35:55] /i extreme mage
[09/12/2011 21:35:55] /i extreme mage
[09/12/2011 21:35:56] /i extreme mage
[09/12/2011 21:35:56] /i extreme mage
[09/12/2011 21:41:41] /ghost
[09/12/2011 21:41:46] /ghost
[09/12/2011 21:44:40] /t oi
[09/12/2011 21:44:47] /t Druid Pertubado
[09/12/2011 21:44:49] /t Druid Pertubado
[09/12/2011 21:45:05] /t Druid Pertubado
[09/12/2011 21:45:14] /t 200
[09/12/2011 21:45:25] /t druid pertubado
[09/12/2011 21:45:26] /t druid pertubado
[09/12/2011 21:45:26] /t druid pertubado
[09/12/2011 21:45:27] /t druid pertubado
[09/12/2011 21:45:27] /t druid pertubado
[09/12/2011 21:45:29] /t druid pertubado
[09/12/2011 21:45:30] /t druid pertubado
[09/12/2011 21:45:43] /t luukinhas here
[09/12/2011 21:45:44] /t luukinhas here
[09/12/2011 21:45:46] /t luukinhas here
[09/12/2011 21:45:49] /t luukinhas here
[09/12/2011 21:47:24] /m warrior helmet
[09/12/2011 21:47:59] /t luukinas here
[09/12/2011 21:48:05] /t luukinhas here
[09/12/2011 21:48:08] /t luukinhas here
[09/12/2011 21:48:08] /t luukinhas here
[09/12/2011 21:48:08] /t luukinhas here
[09/12/2011 21:48:09] /t luukinhas here
[09/12/2011 21:48:09] /t luukinhas here
[09/12/2011 21:48:09] /t luukinhas here
[09/12/2011 21:48:11] /t luukinas here
[09/12/2011 21:49:36] /s troll
[09/12/2011 21:49:39] /s troll
[09/12/2011 21:49:39] /s troll
[09/12/2011 21:49:39] /s troll
[09/12/2011 21:49:40] /s troll
[09/12/2011 21:49:40] /s troll
[09/12/2011 21:49:40] /s troll
[09/12/2011 21:49:41] /s troll
[09/12/2011 21:49:49] /clean
[09/12/2011 21:50:12] /clean
[09/12/2011 21:50:14] /clean
[09/12/2011 21:50:15] /clean
[09/12/2011 21:51:08] /s bazir
[09/12/2011 21:54:38] /s infernatil
[09/12/2011 21:54:39] /s infernatil
[09/12/2011 21:54:40] /s infernatil
[09/12/2011 21:54:40] /s infernatil
[09/12/2011 21:54:41] /s infernatil
[09/12/2011 21:54:41] /s infernatil
[09/12/2011 21:54:41] /s infernatil
[09/12/2011 21:54:42] /s infernatil
[09/12/2011 21:54:42] /s infernatil
[09/12/2011 21:54:44] /s infernatil
[09/12/2011 21:54:45] /s infernatil
[09/12/2011 21:54:51] /s infernatil
[09/12/2011 21:54:52] /s infernatil
[09/12/2011 21:54:52] /s infernatil
[09/12/2011 21:54:53] /s infernatil
[09/12/2011 21:54:55] /s infernatil
[09/12/2011 21:54:55] /s infernatil
[09/12/2011 21:54:55] /s infernatil
[09/12/2011 21:54:55] /s infernatil
[09/12/2011 21:54:55] /s infernatil
[09/12/2011 21:54:56] /s infernatil
[09/12/2011 21:54:56] /s infernatil
[09/12/2011 21:54:57] /s infernatil
[09/12/2011 21:54:57] /s infernatil
[09/12/2011 21:57:14] /clean infernatil
[09/12/2011 21:57:15] /clean infernatil
[09/12/2011 21:57:27] /clean 2916
[09/12/2011 21:57:39] /clean 2
[09/12/2011 21:57:49] /clean 2horas
[09/12/2011 21:57:57] /clean 2:00
[09/12/2011 22:00:57] /a 
[09/12/2011 22:01:01] /a 1
[09/12/2011 22:01:04] /a 200
[09/12/2011 22:01:07] /a 200
[09/12/2011 22:01:12] /a 50
[09/12/2011 22:01:14] /a 50
[09/12/2011 22:01:17] /a 10
[09/12/2011 22:01:18] /a 10
[09/12/2011 22:01:19] /a 10
[09/12/2011 22:01:19] /a 10
[09/12/2011 22:01:20] /a 10
[09/12/2011 22:01:20] /a 10
[09/12/2011 22:01:21] /a 10
[09/12/2011 22:01:21] /a 10
[09/12/2011 22:01:22] /a 10
[09/12/2011 22:01:22] /a 10
[09/12/2011 22:01:23] /a 10
[09/12/2011 22:01:23] /a 10
[09/12/2011 22:01:24] /a 10
[09/12/2011 22:01:24] /a 10
[09/12/2011 22:01:25] /a 10
[09/12/2011 22:01:25] /a 10
[09/12/2011 22:01:25] /a 10
[09/12/2011 22:01:26] /a 10
[09/12/2011 22:01:28] /a 10
[09/12/2011 22:01:28] /a 10
[09/12/2011 22:01:28] /a 10
[09/12/2011 22:01:29] /a 10
[09/12/2011 22:01:29] /a 10
[09/12/2011 22:01:30] /a 10
[09/12/2011 22:01:31] /a 10
[09/12/2011 22:01:32] /a 10
[09/12/2011 22:01:33] /a 10
[09/12/2011 22:01:33] /a 10
[09/12/2011 22:01:38] /a 50
[09/12/2011 22:01:39] /a 50
[09/12/2011 22:01:41] /a 50
[09/12/2011 22:01:43] /a 50
[09/12/2011 22:01:44] /a 50
[09/12/2011 22:01:50] /a 20
[09/12/2011 22:01:52] /a 20
[09/12/2011 22:01:59] /a 200
[09/12/2011 22:02:01] /a 200
[09/12/2011 22:02:04] /a 200
[09/12/2011 22:02:10] /a 30
[09/12/2011 22:02:14] /a 20
[09/12/2011 22:02:51] /goto luucas
[09/12/2011 22:03:18] /goto god soul
[09/12/2011 22:03:21] /goto 
[09/12/2011 22:03:29] /goto [God] soul
[09/12/2011 22:04:28] /ghost 
[09/12/2011 22:04:34] /ghost 
[09/12/2011 22:04:47] /goto poileo
[09/12/2011 22:04:56] /goto luucas
[09/12/2011 22:05:21] /ghost
[09/12/2011 22:05:27] /a 5
[09/12/2011 22:05:32] /a 2
[09/12/2011 22:05:33] /a 2
[09/12/2011 22:05:34] /a 2
[09/12/2011 22:05:37] /a 3
[09/12/2011 22:05:39] /a 3
[09/12/2011 22:05:59] /goto druid perturbado
[09/12/2011 22:06:30] /a 3
[09/12/2011 22:06:37] /c luucas
[09/12/2011 22:06:47] /t
[09/12/2011 22:06:53] /c luuca
[09/12/2011 22:06:55] /c luucas
[09/12/2011 22:07:12] /goto demon
[09/12/2011 22:07:15] /t
[09/12/2011 22:07:44] /a 1
[09/12/2011 22:07:47] /a 2
[09/12/2011 22:08:14] /c luucas
[09/12/2011 22:08:30] /i aol
[09/12/2011 22:08:58] /c druid pertubado
[09/12/2011 22:09:11] /t
[09/12/2011 22:09:58] /a 3
[09/12/2011 22:10:50] /a 5
[09/12/2011 22:10:53] /a 5
[09/12/2011 22:10:54] /a 5
[09/12/2011 22:10:55] /a 5
[09/12/2011 22:10:58] /a 5
[09/12/2011 22:11:09] /c kawan gato
[09/12/2011 22:11:11] /c kawan gato
[09/12/2011 22:11:17] /t kawan gato
[09/12/2011 22:11:52] /m dragon
[09/12/2011 22:12:14] /r dragon
[09/12/2011 22:12:17] /r 
[09/12/2011 22:12:18] /r 
[09/12/2011 22:12:22] /r 
[09/12/2011 22:13:11] /m trol
[09/12/2011 22:13:13] /m troll
[09/12/2011 22:13:32] /m infernatil
[09/12/2011 22:13:44] /r infernatil
[09/12/2011 22:13:48] /r 
[09/12/2011 22:13:49] /r 
[09/12/2011 22:13:54] /r 
[09/12/2011 22:13:58] /r 
[09/12/2011 22:13:59] /r 
[09/12/2011 22:14:03] /r 
[09/12/2011 22:14:19] /r
[09/12/2011 22:14:20] /r
[09/12/2011 22:14:24] /r
[09/12/2011 22:14:27] /r
[09/12/2011 22:14:31] /r
[09/12/2011 22:15:25] /c infernatilç
[09/12/2011 22:15:27] /c infernatil
[09/12/2011 22:15:29] /c infernatil
[09/12/2011 22:15:40] /goto infernatil
[09/12/2011 22:16:05] /addskill kawan gato
[09/12/2011 22:17:04] /kick druid pertubado
[09/12/2011 22:17:05] /kick druid pertubado
[09/12/2011 22:17:19] /a 1
[09/12/2011 22:17:20] /ghost
[09/12/2011 22:17:37] /a 2
[09/12/2011 22:17:40] /a 1
[09/12/2011 22:17:43] /a 5
[09/12/2011 22:17:44] /a 5
[09/12/2011 22:17:46] /a 5
[09/12/2011 22:17:48] /a 5
[09/12/2011 22:18:06] /m Rotworns
[09/12/2011 22:19:00] /addskill kawan gato 650
[09/12/2011 22:19:19] /s infernatil
[09/12/2011 22:19:27] /s infernatil
[09/12/2011 22:19:27] /s infernatil
[09/12/2011 22:19:33] /r
[09/12/2011 22:19:34] /r
[09/12/2011 22:19:35] /r
[09/12/2011 22:19:38] /r
[09/12/2011 22:19:40] /r
[09/12/2011 22:19:41] /r
[09/12/2011 22:19:43] /r
[09/12/2011 22:19:46] /r
[09/12/2011 22:19:48] /r
[09/12/2011 22:19:50] /r
[09/12/2011 22:19:54] /r
[09/12/2011 22:20:04] /r
[09/12/2011 22:20:05] /r
[09/12/2011 22:20:06] /r
[09/12/2011 22:20:53] /addskill kawan gato
[09/12/2011 22:20:56] /addskill kawan gato
[09/12/2011 22:22:03] /m hellfire
[09/12/2011 22:22:09] /m hell fire
[09/12/2011 22:23:13] /i vip god
[09/12/2011 22:23:17] /i vip rod
[09/12/2011 22:25:11] /a 3
[09/12/2011 22:25:14] /a 1
[09/12/2011 22:25:22] /a 5
[09/12/2011 22:26:29] /a 1000
[09/12/2011 22:26:34] /a  500
[09/12/2011 22:26:36] /a  300
[09/12/2011 22:26:38] /a  200
[09/12/2011 22:26:41] /a  100
[09/12/2011 22:26:43] /a  50
[09/12/2011 22:26:44] /a  50
[09/12/2011 22:26:45] /a  50
[09/12/2011 22:26:48] /a 300
[09/12/2011 22:26:50] /a 200
[09/12/2011 22:26:54] /a 100
[09/12/2011 22:27:00] /a 50
[09/12/2011 22:29:34] /goto [GOD] SOUL
[09/12/2011 22:30:03] /c luucas
[09/12/2011 22:31:53] /c luucas
[09/12/2011 22:31:54] /c luucas
[09/12/2011 22:31:57] /c luucas
[09/12/2011 22:32:00] /c luucas
[09/12/2011 22:32:02] /c luucas
[09/12/2011 22:32:05] /c luucas
[09/12/2011 22:32:31] /goto kawan gato
[09/12/2011 22:32:39] /a 5
[09/12/2011 22:32:40] /a 5
[09/12/2011 22:32:40] /a 5
[09/12/2011 22:32:41] /a 5
[09/12/2011 22:32:41] /a 5
[09/12/2011 22:32:42] /a 5
[09/12/2011 22:32:42] /a 5
[09/12/2011 22:32:44] /a 5
[09/12/2011 22:32:52] /a 5
[09/12/2011 22:32:54] /a 5
[09/12/2011 22:32:54] /a 5
[09/12/2011 22:32:55] /a 5
[09/12/2011 22:32:55] /a 5
[09/12/2011 22:32:56] /a 5
[09/12/2011 22:32:57] /a 5
[09/12/2011 22:32:57] /a 5
[09/12/2011 22:32:58] /a 5
[09/12/2011 22:32:59] /a 5
[09/12/2011 22:32:59] /a 5
[09/12/2011 22:33:00] /a 5
[09/12/2011 22:33:00] /a 5
[09/12/2011 22:33:01] /a 5
[09/12/2011 22:33:02] /a 5
[09/12/2011 22:33:02] /a 5
[09/12/2011 22:33:04] /a 5
[09/12/2011 22:33:05] /a 5
[09/12/2011 22:33:06] /a 5
[09/12/2011 22:33:06] /a 5
[09/12/2011 22:33:07] /a 5
[09/12/2011 22:33:09] /a 5
[09/12/2011 22:33:10] /a 5
[09/12/2011 22:33:10] /a 5
[09/12/2011 22:33:11] /a 5
[09/12/2011 22:33:12] /a 5
[09/12/2011 22:33:13] /a 5
[09/12/2011 22:33:13] /a 5
[09/12/2011 22:33:14] /a 5
[09/12/2011 22:33:14] /a 5
[09/12/2011 22:34:25] /a 5
[09/12/2011 22:34:25] /a 5
[09/12/2011 22:34:25] /a 5
[09/12/2011 22:34:25] /a 5
[09/12/2011 22:34:25] /a 5
[09/12/2011 22:34:25] /a 5
[09/12/2011 22:34:25] /a 5
[09/12/2011 22:34:25] /a 5
[09/12/2011 22:34:25] /a 5
[09/12/2011 22:34:25] /a 5
[09/12/2011 22:34:25] /a 5
[09/12/2011 22:34:25] /a 5
[09/12/2011 22:34:25] /a 5
[09/12/2011 22:34:25] /a 5
[09/12/2011 22:34:25] /a 5
[09/12/2011 22:34:26] /a 5
[09/12/2011 22:34:26] /a 5
[09/12/2011 22:34:26] /a 5
[09/12/2011 22:34:26] /a 5
[09/12/2011 22:34:29] /a 5
[09/12/2011 22:34:29] /a 5
[09/12/2011 22:34:29] /a 5
[09/12/2011 22:34:29] /a 5
[09/12/2011 22:34:29] /a 5
[09/12/2011 22:34:29] /a 5
[09/12/2011 22:34:29] /a 5
[09/12/2011 22:34:29] /a 5
[09/12/2011 22:34:29] /a 5
[09/12/2011 22:34:29] /a 5
[09/12/2011 22:34:30] /a 5
[09/12/2011 22:34:30] /a 5
[09/12/2011 22:34:30] /a 5
[09/12/2011 22:34:30] /a 5
[09/12/2011 22:34:30] /a 5
[09/12/2011 22:34:30] /a 5
[09/12/2011 22:34:30] /a 5
[09/12/2011 22:34:30] /a 5
[09/12/2011 22:34:32] /a 5
[09/12/2011 22:34:34] /a 5
[09/12/2011 22:34:34] /a 5
[09/12/2011 22:34:38] /a 5
[09/12/2011 22:34:38] /a 5
[09/12/2011 22:34:38] /a 5
[09/12/2011 22:34:40] /a 5
[09/12/2011 22:34:40] /a 5
[09/12/2011 22:34:41] /a 5
[09/12/2011 22:34:42] /a 5
[09/12/2011 22:34:42] /a 5
[09/12/2011 22:34:44] /a 5
[09/12/2011 22:34:44] /a 5
[09/12/2011 22:34:44] /a 5
[09/12/2011 22:34:44] /a 5
[09/12/2011 22:34:45] /a 5
[09/12/2011 22:34:46] /a 5
[09/12/2011 22:34:46] /a 5
[09/12/2011 22:34:47] /a 5
[09/12/2011 22:34:48] /a 5
[09/12/2011 22:34:48] /a 5
[09/12/2011 22:34:52] /a 5
[09/12/2011 22:34:54] /a 5
[09/12/2011 22:34:57] /a 1
[09/12/2011 22:34:59] /a 1
[09/12/2011 22:35:02] /a 5
[09/12/2011 22:35:03] /a 5
[09/12/2011 22:35:03] /a 5
[09/12/2011 22:35:03] /a 5
[09/12/2011 22:35:03] /a 5
[09/12/2011 22:35:03] /a 5
[09/12/2011 22:35:04] /a 5
[09/12/2011 22:35:04] /a 5
[09/12/2011 22:35:04] /a 5
[09/12/2011 22:35:05] /a 5
[09/12/2011 22:35:05] /a 5
[09/12/2011 22:35:06] /a 5
[09/12/2011 22:35:06] /a 5
[09/12/2011 22:35:07] /a 5
[09/12/2011 22:35:07] /a 5
[09/12/2011 22:35:07] /a 5
[09/12/2011 22:35:08] /a 5
[09/12/2011 22:35:09] /a 5
[09/12/2011 22:35:09] /a 5
[09/12/2011 22:35:10] /a 5
[09/12/2011 22:35:11] /a 5
[09/12/2011 22:35:11] /a 5
[09/12/2011 22:35:11] /a 5
[09/12/2011 22:35:11] /a 5
[09/12/2011 22:35:11] /a 5
[09/12/2011 22:35:12] /a 5
[09/12/2011 22:35:14] /a 5
[09/12/2011 22:35:15] /a 5
[09/12/2011 22:35:15] /a 5
[09/12/2011 22:35:15] /a 5
[09/12/2011 22:35:17] /a 5
[09/12/2011 22:35:17] /a 5
[09/12/2011 22:35:17] /a 5
[09/12/2011 22:35:17] /a 5
[09/12/2011 22:35:17] /a 5
[09/12/2011 22:35:17] /a 5
[09/12/2011 22:35:17] /a 5
[09/12/2011 22:35:17] /a 5
[09/12/2011 22:35:17] /a 5
[09/12/2011 22:35:17] /a 5
[09/12/2011 22:35:19] /a 5
[09/12/2011 22:35:19] /a 5
[09/12/2011 22:35:19] /a 5
[09/12/2011 22:35:19] /a 5
[09/12/2011 22:35:19] /a 5
[09/12/2011 22:35:20] /a 5
[09/12/2011 22:35:23] /a 5
[09/12/2011 22:35:50] /a 5
[09/12/2011 22:35:50] /a 5
[09/12/2011 22:35:51] /a 5
[09/12/2011 22:35:51] /a 5
[09/12/2011 22:35:51] /a 5
[09/12/2011 22:35:51] /a 5
[09/12/2011 22:35:51] /a 5
[09/12/2011 22:35:51] /a 5
[09/12/2011 22:35:51] /a 5
[09/12/2011 22:35:51] /a 5
[09/12/2011 22:35:51] /a 5
[09/12/2011 22:35:51] /a 5
[09/12/2011 22:35:51] /a 5
[09/12/2011 22:35:51] /a 5
[09/12/2011 22:35:51] /a 5
[09/12/2011 22:36:08] /a 5
[09/12/2011 22:36:10] /a 5
[09/12/2011 22:36:10] /a 5
[09/12/2011 22:36:10] /a 5
[09/12/2011 22:36:10] /a 5
[09/12/2011 22:36:13] /a 5
[09/12/2011 22:36:34] /a 5
[09/12/2011 22:36:35] /a 5
[09/12/2011 22:36:38] /a 5
[09/12/2011 22:36:39] /a 5
[09/12/2011 22:36:41] /a 5
[09/12/2011 22:36:46] /a 5
[09/12/2011 22:36:46] /a 5
[09/12/2011 22:36:46] /a 5
[09/12/2011 22:36:47] /a 5
[09/12/2011 22:36:47] /a 5
[09/12/2011 22:36:47] /a 5
[09/12/2011 22:36:50] /a 5
[09/12/2011 22:36:52] /a 5
[09/12/2011 22:36:53] /a 5
[09/12/2011 22:36:53] /a 5
[09/12/2011 22:36:53] /a 5
[09/12/2011 22:36:55] /a 5
[09/12/2011 22:36:56] /a 5
[09/12/2011 22:36:56] /a 5
[09/12/2011 22:36:57] /a 5
[09/12/2011 22:36:57] /a 5
[09/12/2011 22:36:58] /a 5
[09/12/2011 22:36:58] /a 5
[09/12/2011 22:36:59] /a 5
[09/12/2011 22:37:00] /a 5
[09/12/2011 22:37:00] /a 5
[09/12/2011 22:37:02] /a 5
[09/12/2011 22:37:02] /a 5
[09/12/2011 22:37:04] /a 5
[09/12/2011 22:37:05] /a 5
[09/12/2011 22:37:07] /a 5
[09/12/2011 22:37:08] /a 5
[09/12/2011 22:37:12] /a 5
[09/12/2011 22:37:12] /a 5
[09/12/2011 22:37:25] /a 5
[09/12/2011 22:37:25] /a 5
[09/12/2011 22:37:25] /a 5
[09/12/2011 22:37:26] /a 5
[09/12/2011 22:37:29] /a 5
[09/12/2011 22:37:30] /a 5
[09/12/2011 22:37:30] /a 5
[09/12/2011 22:37:30] /a 5
[09/12/2011 22:37:31] /a 5
[09/12/2011 22:37:34] /a 5
[09/12/2011 22:37:35] /a 5
[09/12/2011 22:37:38] /a 5
[09/12/2011 22:37:41] /a 5
[09/12/2011 22:37:41] /a 5
[09/12/2011 22:37:42] /a 5
[09/12/2011 22:37:42] /a 5
[09/12/2011 22:37:43] /a 5
[09/12/2011 22:37:43] /a 5
[09/12/2011 22:37:43] /a 5
[09/12/2011 22:37:44] /a 5
[09/12/2011 22:37:44] /a 5
[09/12/2011 22:37:46] /a 5
[09/12/2011 22:37:46] /a 5
[09/12/2011 22:37:47] /a 5
[09/12/2011 22:37:48] /a 5
[09/12/2011 22:37:51] /a 5
[09/12/2011 22:38:02] /a 5
[09/12/2011 22:38:04] /a 5
[09/12/2011 22:38:04] /a 5
[09/12/2011 22:38:04] /a 5
[09/12/2011 22:38:08] /a 5
[09/12/2011 22:38:11] /a 3
[09/12/2011 22:38:13] /a 5
[09/12/2011 22:38:14] /a 5
[09/12/2011 22:38:15] /a 5
[09/12/2011 22:38:17] /a 5
[09/12/2011 22:38:18] /a 5
[09/12/2011 22:38:23] /a 5
[09/12/2011 22:38:23] /a 5
[09/12/2011 22:38:23] /a 5
[09/12/2011 22:38:23] /a 5
[09/12/2011 22:38:24] /a 5
[09/12/2011 22:38:27] /a 5
[09/12/2011 22:38:31] /a 5
[09/12/2011 22:38:31] /a 5
[09/12/2011 22:38:35] /a 5
[09/12/2011 22:38:35] /a 5
[09/12/2011 22:38:40] /a 5
[09/12/2011 22:38:42] /a 5
[09/12/2011 22:38:42] /a 5
[09/12/2011 22:38:42] /a 5
[09/12/2011 22:38:42] /a 5
[09/12/2011 22:38:43] /a 5
[09/12/2011 22:38:43] /a 5
[09/12/2011 22:38:45] /a 5
[09/12/2011 22:38:45] /a 5
[09/12/2011 22:38:45] /a 5
[09/12/2011 22:38:48] /a 5
[09/12/2011 22:38:50] /a 5
[09/12/2011 22:38:50] /a 5
[09/12/2011 22:38:51] /a 5
[09/12/2011 22:38:51] /a 5
[09/12/2011 22:38:53] /a 5
[09/12/2011 22:38:53] /a 5
[09/12/2011 22:38:54] /a 5
[09/12/2011 22:38:54] /a 5
[09/12/2011 22:38:55] /a 5
[09/12/2011 22:38:55] /a 5
[09/12/2011 22:38:56] /a 5
[09/12/2011 22:38:57] /a 5
[09/12/2011 22:39:04] /a 5
[09/12/2011 22:39:05] /a 5
[09/12/2011 22:39:07] /a 5
[09/12/2011 22:39:11] /a 5
[09/12/2011 22:39:11] /a 5
[09/12/2011 22:39:12] /a 5
[09/12/2011 22:39:12] /a 5
[09/12/2011 22:39:13] /a 5
[09/12/2011 22:39:16] /a 5
[09/12/2011 22:39:17] /a 5
[09/12/2011 22:39:17] /a 5
[09/12/2011 22:39:17] /a 5
[09/12/2011 22:39:17] /a 5
[09/12/2011 22:39:17] /a 5
[09/12/2011 22:39:17] /a 5
[09/12/2011 22:39:18] /a 5
[09/12/2011 22:39:18] /a 5
[09/12/2011 22:39:18] /a 5
[09/12/2011 22:39:19] /a 5
[09/12/2011 22:39:19] /a 5
[09/12/2011 22:39:19] /a 5
[09/12/2011 22:39:19] /a 5
[09/12/2011 22:39:21] /a 5
[09/12/2011 22:39:22] /a 5
[09/12/2011 22:39:23] /a 5
[09/12/2011 22:39:23] /a 5
[09/12/2011 22:39:23] /a 5
[09/12/2011 22:39:25] /a 5
[09/12/2011 22:39:35] /a 2
[09/12/2011 22:39:35] /a 2
[09/12/2011 22:39:35] /a 2
[09/12/2011 22:39:35] /a 2
[09/12/2011 22:39:36] /a 2
[09/12/2011 22:39:36] /a 2
[09/12/2011 22:40:03] /a 2
[09/12/2011 22:40:03] /a 2
[09/12/2011 22:40:04] /a 2
[09/12/2011 22:40:04] /a 2
[09/12/2011 22:40:07] /a 2
[09/12/2011 22:40:07] /a 2
[09/12/2011 22:40:16] /ghost
[09/12/2011 22:40:18] /ghost
[09/12/2011 22:40:19] /a 2
[09/12/2011 22:40:52] /m dragon lord
[09/12/2011 22:41:45] /m demon
[09/12/2011 22:42:01] /i extreme sword
[09/12/2011 22:42:26] /m dragon lord
[09/12/2011 22:42:27] /m dragon lord
[09/12/2011 22:42:27] /m dragon lord
[09/12/2011 22:42:28] /m dragon lord
[09/12/2011 22:42:28] /m dragon lord
[09/12/2011 22:42:29] /m dragon lord
[09/12/2011 22:42:29] /m dragon lord
[09/12/2011 22:42:30] /m dragon lord
[09/12/2011 22:42:31] /m dragon lord
[09/12/2011 22:42:37] /m dragon lord
[09/12/2011 22:42:49] /a 2
[09/12/2011 22:42:49] /a 2
[09/12/2011 22:42:50] /a 2
[09/12/2011 22:43:08] /c luucas
[09/12/2011 22:43:22] /m demion
[09/12/2011 22:43:25] /m demon
[09/12/2011 22:43:25] /m demon
[09/12/2011 22:44:16] /r
[09/12/2011 22:44:42] /c 200
[09/12/2011 22:44:49] /c ra'zo
[09/12/2011 22:44:50] /c ra'zor
[09/12/2011 22:44:54] /c ra'zor
[09/12/2011 22:44:55] /c ra'zor
[09/12/2011 22:44:55] /c ra'zor
[09/12/2011 22:44:56] /c ra'zor
[09/12/2011 22:44:56] /c ra'zor
[09/12/2011 22:44:56] /c ra'zor
[09/12/2011 22:44:57] /c ra'zor
[09/12/2011 22:44:57] /c ra'zor
[09/12/2011 22:45:04] /m rotworn
[09/12/2011 22:45:06] /m rotworm
[09/12/2011 22:45:08] /m rotworm
[09/12/2011 22:45:09] /m rotworm
[09/12/2011 22:45:10] /m rotworm
[09/12/2011 22:45:10] /m rotworm
[09/12/2011 22:45:11] /m rotworm
[09/12/2011 22:45:11] /m rotworm
[09/12/2011 22:45:14] /m rotworm
[09/12/2011 22:45:15] /m rotworm
[09/12/2011 22:45:15] /m rotworm
[09/12/2011 22:45:16] /m rotworm
[09/12/2011 22:45:18] /m rotworm
[09/12/2011 22:45:19] /m rotworm
[09/12/2011 22:45:20] /m rotworm
[09/12/2011 22:45:22] /m rotworm
[09/12/2011 22:45:22] /m rotworm
[09/12/2011 22:45:23] /m rotworm
[09/12/2011 22:45:23] /m rotworm
[09/12/2011 22:45:27] /m rotworm
[09/12/2011 22:45:30] /m rotworm
[09/12/2011 22:45:31] /m rotworm
[09/12/2011 22:45:46] /clean 1
[09/12/2011 22:46:07] /clean 030
[09/12/2011 22:46:26] /clean 1
[09/12/2011 22:46:56] /m amazon
[09/12/2011 22:47:04] /m amazon
[09/12/2011 22:47:05] /m amazon
[09/12/2011 22:47:06] /m amazon
[09/12/2011 22:47:06] /m amazon
[09/12/2011 22:47:26] /i wand vip
[09/12/2011 22:47:36] /i vip staff
[09/12/2011 22:47:39] /i vip staf
[09/12/2011 22:47:42] /a 2
[09/12/2011 22:47:42] /a 2
[09/12/2011 22:47:45] /a 2
[09/12/2011 22:47:46] /a 2
[09/12/2011 22:47:47] /a 2
[09/12/2011 22:47:49] /a 2
[09/12/2011 22:47:49] /a 2
[09/12/2011 22:47:51] /a 2
[09/12/2011 22:47:52] /a 2
[09/12/2011 22:47:54] /a 2
[09/12/2011 22:47:54] /a 2
[09/12/2011 22:47:54] /a 2
[09/12/2011 22:47:55] /a 2
[09/12/2011 22:48:15] /t
[09/12/2011 22:48:24] /i staff of baiak
[09/12/2011 22:48:32] /i staff of baiak
[09/12/2011 22:48:32] /i staff of baiak
[09/12/2011 22:48:35] /i staff of baiak
[09/12/2011 22:48:35] /i staff of baiak
[09/12/2011 22:48:36] /i staff of baiak
[09/12/2011 22:49:28] /c kawan gato
[09/12/2011 22:49:39] /goto kawan gato
[09/12/2011 22:50:08] /a 2
[09/12/2011 22:50:09] /a 2
[09/12/2011 22:50:11] /a 2
[09/12/2011 22:50:13] /r
[09/12/2011 22:50:18] /r
[09/12/2011 22:50:26] /r
[09/12/2011 22:50:29] /r
[09/12/2011 22:50:31] /r
[09/12/2011 22:50:32] /r
[09/12/2011 22:50:34] /r
[09/12/2011 22:50:37] /r
[09/12/2011 22:50:39] /r
[09/12/2011 22:50:41] /r
[09/12/2011 22:50:43] /r
[09/12/2011 22:50:45] /r
[09/12/2011 22:50:47] /r
[09/12/2011 22:50:59] /r
[09/12/2011 22:51:01] /r
[09/12/2011 22:52:41] /i spellbook of dark mysreries
[09/12/2011 22:52:45] /i spellbook of dark mysreries
[09/12/2011 22:53:02] /i 100 crystal coins
[09/12/2011 22:53:03] /i 100 crystal coins
[09/12/2011 22:53:03] /i 100 crystal coins
[09/12/2011 22:53:15] /goto kawan gato
[09/12/2011 22:53:17] /goto kawan gato
[09/12/2011 22:53:20] /goto kawan gato
[09/12/2011 22:53:21] /goto kawan gato
[09/12/2011 22:53:22] /goto kawan gato
[09/12/2011 22:53:23] /goto kawan gato
[09/12/2011 22:53:40] /ghost
[09/12/2011 22:53:47] /t
