[04/05/2012 17:48:25] /attr group 6
[04/05/2012 17:48:59] /r
[04/05/2012 17:49:09] /t
[04/05/2012 17:49:37] /a 3
[04/05/2012 17:49:47] /i vip stone
[04/05/2012 17:53:21] /a
[04/05/2012 17:54:03] /a
[04/05/2012 17:54:16] /a
[04/05/2012 17:54:18] /t
[04/05/2012 17:54:46] /r
[04/05/2012 17:54:52] /r
[04/05/2012 17:55:15] /r
[04/05/2012 17:55:39] /r
[04/05/2012 17:55:39] /r
[04/05/2012 17:55:40] /r
[04/05/2012 17:55:40] /r
[04/05/2012 17:55:40] /r
[04/05/2012 17:55:40] /r
[04/05/2012 17:55:40] /r
[04/05/2012 17:55:40] /r
[04/05/2012 17:55:40] /r
[04/05/2012 17:55:40] /r
[04/05/2012 17:55:40] /r
[04/05/2012 17:55:40] /r
[04/05/2012 17:55:41] /r
[04/05/2012 17:55:41] /r
[04/05/2012 17:55:41] /r
[04/05/2012 17:55:41] /r
[04/05/2012 17:55:41] /r
[04/05/2012 17:55:41] /r
[04/05/2012 17:55:41] /r
[04/05/2012 17:55:41] /r
[04/05/2012 17:55:41] /r
[04/05/2012 17:55:41] /r
[04/05/2012 17:55:41] /r
[04/05/2012 17:55:41] /r
[04/05/2012 17:55:41] /r
[04/05/2012 17:55:41] /r
[04/05/2012 17:55:41] /r
[04/05/2012 17:55:41] /r
[04/05/2012 17:55:41] /r
[04/05/2012 17:55:41] /r
[04/05/2012 17:55:41] /r
[04/05/2012 17:55:41] /r
[04/05/2012 17:55:41] /r
[04/05/2012 17:55:41] /r
[04/05/2012 17:55:41] /r
[04/05/2012 17:55:41] /r
[04/05/2012 17:55:42] /r
[04/05/2012 17:55:42] /r
[04/05/2012 17:55:42] /r
[04/05/2012 17:55:42] /r
[04/05/2012 17:55:42] /r
[04/05/2012 17:55:42] /r
[04/05/2012 17:55:42] /r
[04/05/2012 17:55:42] /r
[04/05/2012 17:55:42] /r
[04/05/2012 17:55:42] /r
[04/05/2012 17:55:42] /r
[04/05/2012 17:55:42] /r
[04/05/2012 17:55:42] /r
[04/05/2012 17:55:42] /r
[04/05/2012 17:55:42] /r
[04/05/2012 17:55:42] /r
[04/05/2012 17:55:42] /r
[04/05/2012 17:55:42] /r
[04/05/2012 17:55:42] /r
[04/05/2012 17:55:42] /r
[04/05/2012 17:55:42] /r
[04/05/2012 17:55:42] /r
[04/05/2012 17:55:42] /r
[04/05/2012 17:55:42] /r
[04/05/2012 17:55:42] /r
[04/05/2012 17:55:42] /r
[04/05/2012 17:55:42] /r
[04/05/2012 17:55:42] /r
[04/05/2012 17:55:42] /r
[04/05/2012 17:55:42] /r
[04/05/2012 17:55:44] /r
[04/05/2012 17:55:44] /r
[04/05/2012 17:55:44] /r
[04/05/2012 17:55:44] /r
[04/05/2012 17:55:44] /r
[04/05/2012 17:55:44] /r
[04/05/2012 17:55:44] /r
[04/05/2012 17:55:44] /r
[04/05/2012 17:55:44] /r
[04/05/2012 17:55:44] /r
[04/05/2012 17:55:44] /r
[04/05/2012 17:55:44] /r
[04/05/2012 17:55:44] /r
[04/05/2012 17:55:44] /r
[04/05/2012 17:55:44] /r
[04/05/2012 17:55:44] /r
[04/05/2012 17:55:44] /r
[04/05/2012 17:55:44] /r
[04/05/2012 17:55:44] /r
[04/05/2012 17:55:49] /r
[04/05/2012 17:55:49] /r
[04/05/2012 17:55:49] /r
[04/05/2012 17:55:49] /r
[04/05/2012 17:55:49] /r
[04/05/2012 17:55:49] /r
[04/05/2012 17:55:49] /r
[04/05/2012 17:55:49] /r
[04/05/2012 17:55:49] /r
[04/05/2012 17:55:49] /r
[04/05/2012 17:55:49] /r
[04/05/2012 17:55:49] /r
[04/05/2012 17:55:49] /r
[04/05/2012 17:55:49] /r
[04/05/2012 17:55:49] /r
[04/05/2012 17:55:49] /r
[04/05/2012 17:55:49] /r
[04/05/2012 17:55:49] /r
[04/05/2012 17:55:49] /r
[04/05/2012 17:55:49] /r
[04/05/2012 17:55:49] /r
[04/05/2012 17:55:49] /r
[04/05/2012 17:55:49] /r
[04/05/2012 17:55:49] /r
[04/05/2012 17:55:49] /r
[04/05/2012 17:55:49] /r
[04/05/2012 17:55:49] /r
[04/05/2012 17:55:49] /r
[04/05/2012 17:55:49] /r
[04/05/2012 17:55:49] /r
[04/05/2012 17:55:49] /r
[04/05/2012 17:55:49] /r
[04/05/2012 17:55:49] /r
[04/05/2012 17:55:49] /r
[04/05/2012 17:55:49] /r
[04/05/2012 17:55:49] /r
[04/05/2012 17:55:49] /r
[04/05/2012 17:55:49] /r
[04/05/2012 17:55:49] /r
[04/05/2012 17:55:49] /r
[04/05/2012 17:55:49] /r
[04/05/2012 17:55:49] /r
[04/05/2012 17:55:49] /r
[04/05/2012 17:55:49] /r
[04/05/2012 17:55:49] /r
[04/05/2012 17:55:49] /r
[04/05/2012 17:55:49] /r
[04/05/2012 17:55:49] /r
[04/05/2012 17:55:49] /r
[04/05/2012 17:55:49] /r
[04/05/2012 17:55:49] /r
[04/05/2012 17:55:49] /r
[04/05/2012 17:55:49] /r
[04/05/2012 17:55:49] /r
[04/05/2012 17:55:49] /r
[04/05/2012 17:55:49] /r
[04/05/2012 17:55:49] /r
[04/05/2012 17:55:49] /r
[04/05/2012 17:55:49] /r
[04/05/2012 17:55:49] /r
[04/05/2012 17:55:49] /r
[04/05/2012 17:55:49] /r
[04/05/2012 17:55:49] /r
[04/05/2012 17:55:49] /r
[04/05/2012 17:55:49] /r
[04/05/2012 17:55:49] /r
[04/05/2012 17:55:49] /r
[04/05/2012 17:55:49] /r
[04/05/2012 17:55:49] /r
[04/05/2012 17:55:49] /r
[04/05/2012 17:55:49] /r
[04/05/2012 17:55:49] /r
[04/05/2012 17:55:49] /r
[04/05/2012 17:55:49] /r
[04/05/2012 17:55:49] /r
[04/05/2012 17:55:49] /r
[04/05/2012 17:55:49] /r
[04/05/2012 17:55:49] /r
[04/05/2012 17:55:49] /r
[04/05/2012 17:55:49] /r
[04/05/2012 17:55:49] /r
[04/05/2012 17:55:49] /r
[04/05/2012 17:55:49] /r
[04/05/2012 17:55:49] /r
[04/05/2012 17:55:49] /r
[04/05/2012 17:55:49] /r
[04/05/2012 17:55:49] /r
[04/05/2012 17:55:49] /r
[04/05/2012 17:55:49] /r
[04/05/2012 17:55:49] /r
[04/05/2012 17:55:49] /r
[04/05/2012 17:55:49] /r
[04/05/2012 17:55:49] /r
[04/05/2012 17:55:49] /r
[04/05/2012 17:55:49] /r
[04/05/2012 17:55:49] /r
[04/05/2012 17:55:49] /r
[04/05/2012 17:55:49] /r
[04/05/2012 17:55:49] /r
[04/05/2012 17:55:49] /r
[04/05/2012 17:55:49] /r
[04/05/2012 17:55:49] /r
[04/05/2012 17:55:49] /r
[04/05/2012 17:55:49] /r
[04/05/2012 17:55:49] /r
[04/05/2012 17:55:49] /r
[04/05/2012 17:55:49] /r
[04/05/2012 17:55:49] /r
[04/05/2012 17:55:49] /r
[04/05/2012 17:55:49] /r
[04/05/2012 17:55:49] /r
[04/05/2012 17:55:49] /r
[04/05/2012 17:55:49] /r
[04/05/2012 17:55:49] /r
[04/05/2012 17:55:49] /r
[04/05/2012 17:55:49] /r
[04/05/2012 17:55:49] /r
[04/05/2012 17:55:49] /r
[04/05/2012 17:55:49] /r
[04/05/2012 17:55:49] /r
[04/05/2012 17:55:49] /r
[04/05/2012 17:55:49] /r
[04/05/2012 17:55:49] /r
[04/05/2012 17:55:49] /r
[04/05/2012 17:55:49] /r
[04/05/2012 17:55:49] /r
[04/05/2012 17:55:49] /r
[04/05/2012 17:55:49] /r
[04/05/2012 17:55:49] /r
[04/05/2012 17:55:49] /r
[04/05/2012 17:55:49] /r
[04/05/2012 17:55:49] /r
[04/05/2012 17:55:49] /r
[04/05/2012 17:55:49] /r
[04/05/2012 17:55:49] /r
[04/05/2012 17:55:49] /r
[04/05/2012 17:55:49] /r
[04/05/2012 17:55:49] /r
[04/05/2012 17:55:49] /r
[04/05/2012 17:55:49] /r
[04/05/2012 17:55:49] /r
[04/05/2012 17:55:49] /r
[04/05/2012 17:55:49] /r
[04/05/2012 17:55:49] /r
[04/05/2012 17:55:49] /r
[04/05/2012 17:55:49] /r
[04/05/2012 17:55:49] /r
[04/05/2012 17:55:49] /r
[04/05/2012 17:55:49] /r
[04/05/2012 17:55:49] /r
[04/05/2012 17:55:49] /r
[04/05/2012 17:55:49] /r
[04/05/2012 17:55:49] /r
[04/05/2012 17:55:49] /r
[04/05/2012 17:55:49] /r
[04/05/2012 17:55:49] /r
[04/05/2012 17:55:49] /r
[04/05/2012 17:55:49] /r
[04/05/2012 17:55:49] /r
[04/05/2012 17:55:49] /r
[04/05/2012 17:55:49] /r
[04/05/2012 17:55:49] /r
[04/05/2012 17:55:49] /r
[04/05/2012 17:55:49] /r
[04/05/2012 17:55:49] /r
[04/05/2012 17:55:49] /r
[04/05/2012 17:55:49] /r
[04/05/2012 17:55:49] /r
[04/05/2012 17:55:49] /r
[04/05/2012 17:55:49] /r
[04/05/2012 17:55:49] /r
[04/05/2012 17:55:49] /r
[04/05/2012 17:55:49] /r
[04/05/2012 17:55:49] /r
[04/05/2012 17:55:49] /r
[04/05/2012 17:55:49] /r
[04/05/2012 17:55:49] /r
[04/05/2012 17:55:49] /r
[04/05/2012 17:55:49] /r
[04/05/2012 17:55:49] /r
[04/05/2012 17:55:49] /r
[04/05/2012 17:55:49] /r
[04/05/2012 17:55:49] /r
[04/05/2012 17:55:49] /r
[04/05/2012 17:55:49] /r
[04/05/2012 17:55:49] /r
[04/05/2012 17:55:49] /r
[04/05/2012 17:55:49] /r
[04/05/2012 17:55:49] /r
[04/05/2012 17:55:49] /r
[04/05/2012 17:55:49] /r
[04/05/2012 17:55:49] /r
[04/05/2012 17:55:49] /r
[04/05/2012 17:55:49] /r
[04/05/2012 17:55:49] /r
[04/05/2012 17:55:49] /r
[04/05/2012 17:55:49] /r
[04/05/2012 17:55:49] /r
[04/05/2012 17:55:49] /r
[04/05/2012 17:55:49] /r
[04/05/2012 17:55:49] /r
[04/05/2012 17:55:49] /r
[04/05/2012 17:55:49] /r
[04/05/2012 17:55:49] /r
[04/05/2012 17:55:49] /r
[04/05/2012 17:55:49] /r
[04/05/2012 17:55:49] /r
[04/05/2012 17:55:49] /r
[04/05/2012 17:55:49] /r
[04/05/2012 17:55:49] /r
[04/05/2012 17:55:49] /r
[04/05/2012 17:55:49] /r
[04/05/2012 17:55:49] /r
[04/05/2012 17:55:49] /r
[04/05/2012 17:55:49] /r
[04/05/2012 17:55:49] /r
[04/05/2012 17:55:49] /r
[04/05/2012 17:55:49] /r
[04/05/2012 17:55:49] /r
[04/05/2012 17:55:49] /r
[04/05/2012 17:55:49] /r
[04/05/2012 17:55:49] /r
[04/05/2012 17:55:49] /r
[04/05/2012 17:55:49] /r
[04/05/2012 17:55:49] /r
[04/05/2012 17:55:50] /r
[04/05/2012 17:55:50] /r
[04/05/2012 17:55:50] /r
[04/05/2012 17:55:50] /r
[04/05/2012 17:55:50] /r
[04/05/2012 17:55:50] /r
[04/05/2012 17:55:50] /r
[04/05/2012 17:55:50] /r
[04/05/2012 17:55:50] /r
[04/05/2012 17:55:50] /r
[04/05/2012 17:55:50] /r
[04/05/2012 17:55:50] /r
[04/05/2012 17:55:50] /r
[04/05/2012 17:55:50] /r
[04/05/2012 17:55:50] /r
[04/05/2012 17:55:50] /r
[04/05/2012 17:55:50] /r
[04/05/2012 17:55:50] /r
[04/05/2012 17:55:50] /r
[04/05/2012 17:55:50] /r
[04/05/2012 17:55:50] /r
[04/05/2012 17:55:50] /r
[04/05/2012 17:55:51] /r
[04/05/2012 17:55:51] /r
[04/05/2012 17:55:51] /r
[04/05/2012 17:55:51] /r
[04/05/2012 17:55:51] /r
[04/05/2012 17:55:51] /r
[04/05/2012 17:55:51] /r
[04/05/2012 17:55:55] /r
[04/05/2012 17:55:59] /r
[04/05/2012 17:55:59] /r
[04/05/2012 17:55:59] /r
[04/05/2012 17:55:59] /r
[04/05/2012 17:55:59] /r
[04/05/2012 17:55:59] /r
[04/05/2012 17:55:59] /r
[04/05/2012 17:55:59] /r
[04/05/2012 17:55:59] /r
[04/05/2012 17:55:59] /r
[04/05/2012 17:55:59] /r
[04/05/2012 17:55:59] /r
[04/05/2012 17:55:59] /r
[04/05/2012 17:55:59] /r
[04/05/2012 17:55:59] /r
[04/05/2012 17:55:59] /r
[04/05/2012 17:55:59] /r
[04/05/2012 17:55:59] /r
[04/05/2012 17:55:59] /r
[04/05/2012 17:55:59] /r
[04/05/2012 17:55:59] /r
[04/05/2012 17:55:59] /r
[04/05/2012 17:55:59] /r
[04/05/2012 17:55:59] /r
[04/05/2012 17:55:59] /r
[04/05/2012 17:55:59] /r
[04/05/2012 17:55:59] /r
[04/05/2012 17:55:59] /r
[04/05/2012 17:55:59] /r
[04/05/2012 17:55:59] /r
[04/05/2012 17:55:59] /r
[04/05/2012 17:55:59] /r
[04/05/2012 17:55:59] /r
[04/05/2012 17:55:59] /r
[04/05/2012 17:55:59] /r
[04/05/2012 17:55:59] /r
[04/05/2012 17:55:59] /r
[04/05/2012 17:55:59] /r
[04/05/2012 17:55:59] /r
[04/05/2012 17:55:59] /r
[04/05/2012 17:55:59] /r
[04/05/2012 17:55:59] /r
[04/05/2012 17:55:59] /r
[04/05/2012 17:55:59] /r
[04/05/2012 17:55:59] /r
[04/05/2012 17:55:59] /r
[04/05/2012 17:55:59] /r
[04/05/2012 17:55:59] /r
[04/05/2012 17:55:59] /r
[04/05/2012 17:55:59] /r
[04/05/2012 17:55:59] /r
[04/05/2012 17:55:59] /r
[04/05/2012 17:55:59] /r
[04/05/2012 17:55:59] /r
[04/05/2012 17:55:59] /r
[04/05/2012 17:55:59] /r
[04/05/2012 17:55:59] /r
[04/05/2012 17:55:59] /r
[04/05/2012 17:55:59] /r
[04/05/2012 17:55:59] /r
[04/05/2012 17:55:59] /r
[04/05/2012 17:55:59] /r
[04/05/2012 17:55:59] /r
[04/05/2012 17:55:59] /r
[04/05/2012 17:55:59] /r
[04/05/2012 17:55:59] /r
[04/05/2012 17:55:59] /r
[04/05/2012 17:55:59] /r
[04/05/2012 17:55:59] /r
[04/05/2012 17:55:59] /r
[04/05/2012 17:55:59] /r
[04/05/2012 17:55:59] /r
[04/05/2012 17:55:59] /r
[04/05/2012 17:55:59] /r
[04/05/2012 17:55:59] /r
[04/05/2012 17:55:59] /r
[04/05/2012 17:55:59] /r
[04/05/2012 17:55:59] /r
[04/05/2012 17:55:59] /r
[04/05/2012 17:55:59] /r
[04/05/2012 17:55:59] /r
[04/05/2012 17:55:59] /r
[04/05/2012 17:55:59] /r
[04/05/2012 17:55:59] /r
[04/05/2012 17:55:59] /r
[04/05/2012 17:55:59] /r
[04/05/2012 17:55:59] /r
[04/05/2012 17:55:59] /r
[04/05/2012 17:55:59] /r
[04/05/2012 17:55:59] /r
[04/05/2012 17:55:59] /r
[04/05/2012 17:55:59] /r
[04/05/2012 17:55:59] /r
[04/05/2012 17:55:59] /r
[04/05/2012 17:55:59] /r
[04/05/2012 17:55:59] /r
[04/05/2012 17:55:59] /r
[04/05/2012 17:55:59] /r
[04/05/2012 17:55:59] /r
[04/05/2012 17:55:59] /r
[04/05/2012 17:55:59] /r
[04/05/2012 17:55:59] /r
[04/05/2012 17:55:59] /r
[04/05/2012 17:55:59] /r
[04/05/2012 17:56:00] /r
[04/05/2012 17:56:00] /r
[04/05/2012 17:56:00] /r
[04/05/2012 17:56:00] /r
[04/05/2012 17:56:00] /r
[04/05/2012 17:56:00] /r
[04/05/2012 17:56:00] /r
[04/05/2012 17:56:00] /r
[04/05/2012 17:56:00] /r
[04/05/2012 17:56:00] /r
[04/05/2012 17:56:00] /r
[04/05/2012 17:56:00] /r
[04/05/2012 17:56:00] /r
[04/05/2012 17:56:00] /r
[04/05/2012 17:56:00] /r
[04/05/2012 17:56:00] /r
[04/05/2012 17:56:00] /r
[04/05/2012 17:56:00] /r
[04/05/2012 17:56:00] /r
[04/05/2012 17:56:00] /r
[04/05/2012 17:56:01] /r
[04/05/2012 17:56:01] /r
[04/05/2012 17:56:01] /r
[04/05/2012 17:56:01] /r
[04/05/2012 17:56:01] /r
[04/05/2012 17:56:01] /r
[04/05/2012 17:56:01] /r
[04/05/2012 17:56:01] /r
[04/05/2012 17:56:01] /r
[04/05/2012 17:56:01] /r
[04/05/2012 17:56:01] /r
[04/05/2012 17:56:01] /r
[04/05/2012 17:56:01] /r
[04/05/2012 17:56:01] /r
[04/05/2012 17:56:01] /r
[04/05/2012 17:56:01] /r
[04/05/2012 17:56:01] /r
[04/05/2012 17:56:01] /r
[04/05/2012 17:56:01] /r
[04/05/2012 17:56:01] /r
[04/05/2012 17:56:01] /r
[04/05/2012 17:56:01] /r
[04/05/2012 17:56:01] /r
[04/05/2012 17:56:01] /r
[04/05/2012 17:56:01] /r
[04/05/2012 17:56:01] /r
[04/05/2012 17:56:01] /r
[04/05/2012 17:56:01] /r
[04/05/2012 17:56:01] /r
[04/05/2012 17:56:01] /r
[04/05/2012 17:56:01] /r
[04/05/2012 17:56:01] /r
[04/05/2012 17:56:02] /r
[04/05/2012 17:56:02] /r
[04/05/2012 17:56:02] /r
[04/05/2012 17:56:02] /r
[04/05/2012 17:56:02] /r
[04/05/2012 17:56:02] /r
[04/05/2012 17:56:02] /r
[04/05/2012 17:56:02] /r
[04/05/2012 17:56:02] /r
[04/05/2012 17:56:02] /r
[04/05/2012 17:56:02] /r
[04/05/2012 17:56:02] /r
[04/05/2012 17:56:02] /r
[04/05/2012 17:56:02] /r
[04/05/2012 17:56:02] /r
[04/05/2012 17:56:02] /r
[04/05/2012 17:56:02] /r
[04/05/2012 17:56:02] /r
[04/05/2012 17:56:02] /r
[04/05/2012 17:56:02] /r
[04/05/2012 17:56:02] /r
[04/05/2012 17:56:02] /r
[04/05/2012 17:56:02] /r
[04/05/2012 17:56:02] /r
[04/05/2012 17:56:02] /r
[04/05/2012 17:56:02] /r
[04/05/2012 17:56:02] /r
[04/05/2012 17:56:02] /r
[04/05/2012 17:56:02] /r
[04/05/2012 17:56:02] /r
[04/05/2012 17:56:02] /r
[04/05/2012 17:56:02] /r
[04/05/2012 17:56:02] /r
[04/05/2012 17:56:02] /r
[04/05/2012 17:56:02] /r
[04/05/2012 17:56:02] /r
[04/05/2012 17:56:02] /r
[04/05/2012 17:56:02] /r
[04/05/2012 17:56:02] /r
[04/05/2012 17:56:02] /r
[04/05/2012 17:56:02] /r
[04/05/2012 17:56:02] /r
[04/05/2012 17:56:02] /r
[04/05/2012 17:56:02] /r
[04/05/2012 17:56:02] /r
[04/05/2012 17:56:02] /r
[04/05/2012 17:56:02] /r
[04/05/2012 17:56:02] /r
[04/05/2012 17:56:02] /r
[04/05/2012 17:56:02] /r
[04/05/2012 17:56:03] /r
[04/05/2012 17:56:03] /r
[04/05/2012 17:56:03] /r
[04/05/2012 17:56:03] /r
[04/05/2012 17:56:03] /r
[04/05/2012 17:56:03] /r
[04/05/2012 17:56:03] /r
[04/05/2012 17:56:03] /r
[04/05/2012 17:56:03] /r
[04/05/2012 17:56:03] /r
[04/05/2012 17:56:03] /r
[04/05/2012 17:56:03] /r
[04/05/2012 17:56:03] /r
[04/05/2012 17:56:03] /r
[04/05/2012 17:56:03] /r
[04/05/2012 17:56:03] /r
[04/05/2012 17:56:03] /r
[04/05/2012 17:56:03] /r
[04/05/2012 17:56:03] /r
[04/05/2012 17:56:03] /r
[04/05/2012 17:56:03] /r
[04/05/2012 17:56:03] /r
[04/05/2012 17:56:03] /r
[04/05/2012 17:56:03] /r
[04/05/2012 17:56:03] /r
[04/05/2012 17:56:03] /r
[04/05/2012 17:56:03] /r
[04/05/2012 17:56:03] /r
[04/05/2012 17:56:03] /r
[04/05/2012 17:56:03] /r
[04/05/2012 17:56:03] /r
[04/05/2012 17:56:03] /r
[04/05/2012 17:56:03] /r
[04/05/2012 17:56:03] /r
[04/05/2012 17:56:03] /r
[04/05/2012 17:56:03] /r
[04/05/2012 17:56:03] /r
[04/05/2012 17:56:03] /r
[04/05/2012 17:56:03] /r
[04/05/2012 17:56:03] /r
[04/05/2012 17:56:03] /r
[04/05/2012 17:56:04] /r
[04/05/2012 17:56:04] /r
[04/05/2012 17:56:04] /r
[04/05/2012 17:56:04] /r
[04/05/2012 17:56:04] /r
[04/05/2012 17:56:04] /r
[04/05/2012 17:56:04] /r
[04/05/2012 17:56:04] /r
[04/05/2012 17:56:04] /r
[04/05/2012 17:56:04] /r
[04/05/2012 17:56:04] /r
[04/05/2012 17:56:04] /r
[04/05/2012 17:56:04] /r
[04/05/2012 17:56:04] /r
[04/05/2012 17:56:04] /r
[04/05/2012 17:56:04] /r
[04/05/2012 17:56:04] /r
[04/05/2012 17:56:04] /r
[04/05/2012 17:56:04] /r
[04/05/2012 17:56:04] /r
[04/05/2012 17:56:04] /r
[04/05/2012 17:56:05] /r
[04/05/2012 17:56:05] /r
[04/05/2012 17:56:05] /r
[04/05/2012 17:56:05] /r
[04/05/2012 17:56:05] /r
[04/05/2012 17:56:05] /r
[04/05/2012 17:56:05] /r
[04/05/2012 17:56:05] /r
[04/05/2012 17:56:05] /r
[04/05/2012 17:56:05] /r
[04/05/2012 17:56:05] /r
[04/05/2012 17:56:05] /r
[04/05/2012 17:56:05] /r
[04/05/2012 17:56:05] /r
[04/05/2012 17:56:05] /r
[04/05/2012 17:56:05] /r
[04/05/2012 17:56:05] /r
[04/05/2012 17:56:05] /r
[04/05/2012 17:56:05] /r
[04/05/2012 17:56:05] /r
[04/05/2012 17:56:05] /r
[04/05/2012 17:56:05] /r
[04/05/2012 17:56:05] /r
[04/05/2012 17:56:05] /r
[04/05/2012 17:56:05] /r
[04/05/2012 17:56:05] /r
[04/05/2012 17:56:05] /r
[04/05/2012 17:56:05] /r
[04/05/2012 17:56:05] /r
[04/05/2012 17:56:05] /r
[04/05/2012 17:56:05] /r
[04/05/2012 17:56:05] /r
[04/05/2012 17:56:05] /r
[04/05/2012 17:56:05] /r
[04/05/2012 17:56:05] /r
[04/05/2012 17:56:05] /r
[04/05/2012 17:56:05] /r
[04/05/2012 17:56:05] /r
[04/05/2012 17:56:05] /r
[04/05/2012 17:56:06] /r
[04/05/2012 17:56:06] /r
[04/05/2012 17:56:06] /r
[04/05/2012 17:56:06] /r
[04/05/2012 17:56:06] /r
[04/05/2012 17:56:06] /r
[04/05/2012 17:56:06] /r
[04/05/2012 17:56:06] /r
[04/05/2012 17:56:06] /r
[04/05/2012 17:56:06] /r
[04/05/2012 17:56:06] /r
[04/05/2012 17:56:06] /r
[04/05/2012 17:56:06] /r
[04/05/2012 17:56:06] /r
[04/05/2012 17:56:06] /r
[04/05/2012 17:56:06] /r
[04/05/2012 17:56:06] /r
[04/05/2012 17:56:06] /r
[04/05/2012 17:56:06] /r
[04/05/2012 17:56:06] /r
[04/05/2012 17:56:06] /r
[04/05/2012 17:56:06] /r
[04/05/2012 17:56:06] /r
[04/05/2012 17:56:06] /r
[04/05/2012 17:56:06] /r
[04/05/2012 17:56:06] /r
[04/05/2012 17:56:06] /r
[04/05/2012 17:56:06] /r
[04/05/2012 17:56:06] /r
[04/05/2012 17:56:06] /r
[04/05/2012 17:56:06] /r
[04/05/2012 17:56:06] /r
[04/05/2012 17:56:07] /r
[04/05/2012 17:56:07] /r
[04/05/2012 17:56:07] /r
[04/05/2012 17:56:07] /r
[04/05/2012 17:56:07] /r
[04/05/2012 17:56:07] /r
[04/05/2012 17:56:07] /r
[04/05/2012 17:56:07] /r
[04/05/2012 17:56:07] /r
[04/05/2012 17:56:07] /r
[04/05/2012 17:56:07] /r
[04/05/2012 17:56:07] /r
[04/05/2012 17:56:07] /r
[04/05/2012 17:56:07] /r
[04/05/2012 17:56:07] /r
[04/05/2012 17:56:07] /r
[04/05/2012 17:56:07] /r
[04/05/2012 17:56:07] /r
[04/05/2012 17:56:07] /r
[04/05/2012 17:56:07] /r
[04/05/2012 17:56:07] /r
[04/05/2012 17:56:07] /r
[04/05/2012 17:56:07] /r
[04/05/2012 17:56:07] /r
[04/05/2012 17:56:07] /r
[04/05/2012 17:56:07] /r
[04/05/2012 17:56:07] /r
[04/05/2012 17:56:07] /r
[04/05/2012 17:56:07] /r
[04/05/2012 17:56:07] /r
[04/05/2012 17:56:07] /r
[04/05/2012 17:56:07] /r
[04/05/2012 17:56:07] /r
[04/05/2012 17:56:07] /r
[04/05/2012 17:56:08] /r
[04/05/2012 17:56:08] /r
[04/05/2012 17:56:08] /r
[04/05/2012 17:56:08] /r
[04/05/2012 17:56:08] /r
[04/05/2012 17:56:08] /r
[04/05/2012 17:56:08] /r
[04/05/2012 17:56:08] /r
[04/05/2012 17:56:08] /r
[04/05/2012 17:56:08] /r
[04/05/2012 17:56:08] /r
[04/05/2012 17:56:08] /r
[04/05/2012 17:56:08] /r
[04/05/2012 17:56:08] /r
[04/05/2012 17:56:08] /r
[04/05/2012 17:56:08] /r
[04/05/2012 17:56:08] /r
[04/05/2012 17:56:08] /r
[04/05/2012 17:56:08] /r
[04/05/2012 17:56:08] /r
[04/05/2012 17:56:08] /r
[04/05/2012 17:56:08] /r
[04/05/2012 17:56:08] /r
[04/05/2012 17:56:08] /r
[04/05/2012 17:56:08] /r
[04/05/2012 17:56:08] /r
[04/05/2012 17:56:08] /r
[04/05/2012 17:56:08] /r
[04/05/2012 17:56:08] /r
[04/05/2012 17:56:08] /r
[04/05/2012 17:56:08] /r
[04/05/2012 17:56:08] /r
[04/05/2012 17:56:08] /r
[04/05/2012 17:56:08] /r
[04/05/2012 17:56:08] /r
[04/05/2012 17:56:08] /r
[04/05/2012 17:56:08] /r
[04/05/2012 17:56:08] /r
[04/05/2012 17:56:08] /r
[04/05/2012 17:56:08] /r
[04/05/2012 17:56:08] /r
[04/05/2012 17:56:08] /r
[04/05/2012 17:56:08] /r
[04/05/2012 17:56:08] /r
[04/05/2012 17:56:09] /r
[04/05/2012 17:56:09] /r
[04/05/2012 17:56:09] /r
[04/05/2012 17:56:09] /r
[04/05/2012 17:56:09] /r
[04/05/2012 17:56:09] /r
[04/05/2012 17:56:09] /r
[04/05/2012 17:56:09] /r
[04/05/2012 17:56:09] /r
[04/05/2012 17:56:09] /r
[04/05/2012 17:56:09] /r
[04/05/2012 17:56:09] /r
[04/05/2012 17:56:09] /r
[04/05/2012 17:56:09] /r
[04/05/2012 17:56:09] /r
[04/05/2012 17:56:09] /r
[04/05/2012 17:56:09] /r
[04/05/2012 17:56:09] /r
[04/05/2012 17:56:09] /r
[04/05/2012 17:56:09] /r
[04/05/2012 17:56:09] /r
[04/05/2012 17:56:09] /r
[04/05/2012 17:56:09] /r
[04/05/2012 17:56:09] /r
[04/05/2012 17:56:09] /r
[04/05/2012 17:56:09] /r
[04/05/2012 17:56:09] /r
[04/05/2012 17:56:09] /r
[04/05/2012 17:56:09] /r
[04/05/2012 17:56:09] /r
[04/05/2012 17:56:09] /r
[04/05/2012 17:56:09] /r
[04/05/2012 17:56:10] /r
[04/05/2012 17:56:10] /r
[04/05/2012 17:56:10] /r
[04/05/2012 17:56:10] /r
[04/05/2012 17:56:10] /r
[04/05/2012 17:56:10] /r
[04/05/2012 17:56:10] /r
[04/05/2012 17:56:10] /r
[04/05/2012 17:56:10] /r
[04/05/2012 17:56:10] /r
[04/05/2012 17:56:10] /r
[04/05/2012 17:56:10] /r
[04/05/2012 17:56:10] /r
[04/05/2012 17:56:10] /r
[04/05/2012 17:56:10] /r
[04/05/2012 17:56:10] /r
[04/05/2012 17:56:10] /r
[04/05/2012 17:56:10] /r
[04/05/2012 17:56:10] /r
[04/05/2012 17:56:10] /r
[04/05/2012 17:56:10] /r
[04/05/2012 17:56:10] /r
[04/05/2012 17:56:10] /r
[04/05/2012 17:56:10] /r
[04/05/2012 17:56:10] /r
[04/05/2012 17:56:10] /r
[04/05/2012 17:56:10] /r
[04/05/2012 17:56:10] /r
[04/05/2012 17:56:10] /r
[04/05/2012 17:56:10] /r
[04/05/2012 17:56:10] /r
[04/05/2012 17:56:10] /r
[04/05/2012 17:56:10] /r
[04/05/2012 17:56:10] /r
[04/05/2012 17:56:10] /r
[04/05/2012 17:56:10] /r
[04/05/2012 17:56:10] /r
[04/05/2012 17:56:10] /r
[04/05/2012 17:56:10] /r
[04/05/2012 17:56:10] /r
[04/05/2012 17:56:10] /r
[04/05/2012 17:56:10] /r
[04/05/2012 17:56:10] /r
[04/05/2012 17:56:10] /r
[04/05/2012 17:56:10] /r
[04/05/2012 17:56:10] /r
[04/05/2012 17:56:10] /r
[04/05/2012 17:56:10] /r
[04/05/2012 17:56:10] /r
[04/05/2012 17:56:10] /r
[04/05/2012 17:56:10] /r
[04/05/2012 17:56:10] /r
[04/05/2012 17:56:10] /r
[04/05/2012 17:56:11] /r
[04/05/2012 17:56:11] /r
[04/05/2012 17:56:11] /r
[04/05/2012 17:56:11] /r
[04/05/2012 17:56:11] /r
[04/05/2012 17:56:11] /r
[04/05/2012 17:56:11] /r
[04/05/2012 17:56:11] /r
[04/05/2012 17:56:11] /r
[04/05/2012 17:56:11] /r
[04/05/2012 17:56:11] /r
[04/05/2012 17:56:11] /r
[04/05/2012 17:56:11] /r
[04/05/2012 17:56:11] /r
[04/05/2012 17:56:11] /r
[04/05/2012 17:56:11] /r
[04/05/2012 17:56:11] /r
[04/05/2012 17:56:11] /r
[04/05/2012 17:56:11] /r
[04/05/2012 17:56:11] /r
[04/05/2012 17:56:11] /r
[04/05/2012 17:56:11] /r
[04/05/2012 17:56:11] /r
[04/05/2012 17:56:11] /r
[04/05/2012 17:56:11] /r
[04/05/2012 17:56:11] /r
[04/05/2012 17:56:11] /r
[04/05/2012 17:56:11] /r
[04/05/2012 17:56:11] /r
[04/05/2012 17:56:11] /r
[04/05/2012 17:56:11] /r
[04/05/2012 17:56:11] /r
[04/05/2012 17:56:11] /r
[04/05/2012 17:56:11] /r
[04/05/2012 17:56:11] /r
[04/05/2012 17:56:11] /r
[04/05/2012 17:56:12] /r
[04/05/2012 17:56:12] /r
[04/05/2012 17:56:12] /r
[04/05/2012 17:56:12] /r
[04/05/2012 17:56:12] /r
[04/05/2012 17:56:12] /r
[04/05/2012 17:56:12] /r
[04/05/2012 17:56:12] /r
[04/05/2012 17:56:12] /r
[04/05/2012 17:56:12] /r
[04/05/2012 17:56:12] /r
[04/05/2012 17:56:12] /r
[04/05/2012 17:56:12] /r
[04/05/2012 17:56:12] /r
[04/05/2012 17:56:12] /r
[04/05/2012 17:56:12] /r
[04/05/2012 17:56:12] /r
[04/05/2012 17:56:12] /r
[04/05/2012 17:56:12] /r
[04/05/2012 17:56:12] /r
[04/05/2012 17:56:12] /r
[04/05/2012 17:56:12] /r
[04/05/2012 17:56:12] /r
[04/05/2012 17:56:12] /r
[04/05/2012 17:56:12] /r
[04/05/2012 17:56:12] /r
[04/05/2012 17:56:12] /r
[04/05/2012 17:56:12] /r
[04/05/2012 17:56:13] /r
[04/05/2012 17:56:13] /r
[04/05/2012 17:56:13] /r
[04/05/2012 17:56:13] /r
[04/05/2012 17:56:13] /r
[04/05/2012 17:56:13] /r
[04/05/2012 17:56:13] /r
[04/05/2012 17:56:13] /r
[04/05/2012 17:56:13] /r
[04/05/2012 17:56:13] /r
[04/05/2012 17:56:13] /r
[04/05/2012 17:56:13] /r
[04/05/2012 17:56:13] /r
[04/05/2012 17:56:13] /r
[04/05/2012 17:56:13] /r
[04/05/2012 17:56:13] /r
[04/05/2012 17:56:13] /r
[04/05/2012 17:56:13] /r
[04/05/2012 17:56:13] /r
[04/05/2012 17:56:13] /r
[04/05/2012 17:56:13] /r
[04/05/2012 17:56:13] /r
[04/05/2012 17:56:13] /r
[04/05/2012 17:56:13] /r
[04/05/2012 17:56:13] /r
[04/05/2012 17:56:13] /r
[04/05/2012 17:56:13] /r
[04/05/2012 17:56:13] /r
[04/05/2012 17:56:13] /r
[04/05/2012 17:56:13] /r
[04/05/2012 17:56:13] /r
[04/05/2012 17:56:13] /r
[04/05/2012 17:56:13] /r
[04/05/2012 17:56:13] /r
[04/05/2012 17:56:13] /r
[04/05/2012 17:56:13] /r
[04/05/2012 17:56:13] /r
[04/05/2012 17:56:13] /r
[04/05/2012 17:56:14] /r
[04/05/2012 17:56:14] /r
[04/05/2012 17:56:14] /r
[04/05/2012 17:56:14] /r
[04/05/2012 17:56:14] /r
[04/05/2012 17:56:14] /r
[04/05/2012 17:56:14] /r
[04/05/2012 17:56:14] /r
[04/05/2012 17:56:14] /r
[04/05/2012 17:56:14] /r
[04/05/2012 17:56:14] /r
[04/05/2012 17:56:14] /r
[04/05/2012 17:56:14] /r
[04/05/2012 17:56:14] /r
[04/05/2012 17:56:14] /r
[04/05/2012 17:56:14] /r
[04/05/2012 17:56:14] /r
[04/05/2012 17:56:14] /r
[04/05/2012 17:56:14] /r
[04/05/2012 17:56:14] /r
[04/05/2012 17:56:14] /r
[04/05/2012 17:56:14] /r
[04/05/2012 17:56:14] /r
[04/05/2012 17:56:14] /r
[04/05/2012 17:56:14] /r
[04/05/2012 17:56:14] /r
[04/05/2012 17:56:14] /r
[04/05/2012 17:56:14] /r
[04/05/2012 17:56:14] /r
[04/05/2012 17:56:14] /r
[04/05/2012 17:56:14] /r
[04/05/2012 17:56:14] /r
[04/05/2012 17:56:14] /r
[04/05/2012 17:56:14] /r
[04/05/2012 17:56:14] /r
[04/05/2012 17:56:14] /r
[04/05/2012 17:56:14] /r
[04/05/2012 17:56:14] /r
[04/05/2012 17:56:14] /r
[04/05/2012 17:56:15] /r
[04/05/2012 17:56:15] /r
[04/05/2012 17:56:15] /r
[04/05/2012 17:56:15] /r
[04/05/2012 17:56:15] /r
[04/05/2012 17:56:15] /r
[04/05/2012 17:56:15] /r
[04/05/2012 17:56:15] /r
[04/05/2012 17:56:15] /r
[04/05/2012 17:56:15] /r
[04/05/2012 17:56:15] /r
[04/05/2012 17:56:15] /r
[04/05/2012 17:56:15] /r
[04/05/2012 17:56:15] /r
[04/05/2012 17:56:15] /r
[04/05/2012 17:56:15] /r
[04/05/2012 17:56:15] /r
[04/05/2012 17:56:15] /r
[04/05/2012 17:56:15] /r
[04/05/2012 17:56:15] /r
[04/05/2012 17:56:15] /r
[04/05/2012 17:56:15] /r
[04/05/2012 17:56:15] /r
[04/05/2012 17:56:15] /r
[04/05/2012 17:56:16] /r
[04/05/2012 17:56:16] /r
[04/05/2012 17:56:16] /r
[04/05/2012 17:56:16] /r
[04/05/2012 17:56:16] /r
[04/05/2012 17:56:16] /r
[04/05/2012 17:56:16] /r
[04/05/2012 17:56:16] /r
[04/05/2012 17:56:16] /r
[04/05/2012 17:56:16] /r
[04/05/2012 17:56:16] /r
[04/05/2012 17:56:16] /r
[04/05/2012 17:56:16] /r
[04/05/2012 17:56:16] /r
[04/05/2012 17:56:16] /r
[04/05/2012 17:56:16] /r
[04/05/2012 17:56:16] /r
[04/05/2012 17:56:16] /r
[04/05/2012 17:56:16] /r
[04/05/2012 17:56:16] /r
[04/05/2012 17:56:16] /r
[04/05/2012 17:56:16] /r
[04/05/2012 17:56:16] /r
[04/05/2012 17:56:16] /r
[04/05/2012 17:56:16] /r
[04/05/2012 17:56:16] /r
[04/05/2012 17:56:16] /r
[04/05/2012 17:56:16] /r
[04/05/2012 17:56:16] /r
[04/05/2012 17:56:16] /r
[04/05/2012 17:56:16] /r
[04/05/2012 17:56:16] /r
[04/05/2012 17:56:16] /r
[04/05/2012 17:56:16] /r
[04/05/2012 17:56:16] /r
[04/05/2012 17:56:16] /r
[04/05/2012 17:56:16] /r
[04/05/2012 17:56:16] /r
[04/05/2012 17:56:16] /r
[04/05/2012 17:56:16] /r
[04/05/2012 17:56:16] /r
[04/05/2012 17:56:16] /r
[04/05/2012 17:56:17] /r
[04/05/2012 17:56:17] /r
[04/05/2012 17:56:17] /r
[04/05/2012 17:56:17] /r
[04/05/2012 17:56:17] /r
[04/05/2012 17:56:17] /r
[04/05/2012 17:56:17] /r
[04/05/2012 17:56:17] /r
[04/05/2012 17:56:17] /r
[04/05/2012 17:56:17] /r
[04/05/2012 17:56:17] /r
[04/05/2012 17:56:17] /r
[04/05/2012 17:56:17] /r
[04/05/2012 17:56:17] /r
[04/05/2012 17:56:17] /r
[04/05/2012 17:56:17] /r
[04/05/2012 17:56:17] /r
[04/05/2012 17:56:17] /r
[04/05/2012 17:56:17] /r
[04/05/2012 17:56:17] /r
[04/05/2012 17:56:17] /r
[04/05/2012 17:56:17] /r
[04/05/2012 17:56:17] /r
[04/05/2012 17:56:17] /r
[04/05/2012 17:56:17] /r
[04/05/2012 17:56:17] /r
[04/05/2012 17:56:17] /r
[04/05/2012 17:56:17] /r
[04/05/2012 17:56:17] /r
[04/05/2012 17:56:17] /r
[04/05/2012 17:56:17] /r
[04/05/2012 17:56:17] /r
[04/05/2012 17:56:17] /r
[04/05/2012 17:56:17] /r
[04/05/2012 17:56:18] /r
[04/05/2012 17:56:18] /r
[04/05/2012 17:56:18] /r
[04/05/2012 17:56:18] /r
[04/05/2012 17:56:18] /r
[04/05/2012 17:56:18] /r
[04/05/2012 17:56:18] /r
[04/05/2012 17:56:18] /r
[04/05/2012 17:56:18] /r
[04/05/2012 17:56:18] /r
[04/05/2012 17:56:18] /r
[04/05/2012 17:56:18] /r
[04/05/2012 17:56:18] /r
[04/05/2012 17:56:18] /r
[04/05/2012 17:56:18] /r
[04/05/2012 17:56:18] /r
[04/05/2012 17:56:18] /r
[04/05/2012 17:56:18] /r
[04/05/2012 17:56:18] /r
[04/05/2012 17:56:18] /r
[04/05/2012 17:56:18] /r
[04/05/2012 17:56:18] /r
[04/05/2012 17:56:18] /r
[04/05/2012 17:56:18] /r
[04/05/2012 17:56:18] /r
[04/05/2012 17:56:18] /r
[04/05/2012 17:56:18] /r
[04/05/2012 17:56:18] /r
[04/05/2012 17:56:18] /r
[04/05/2012 17:56:18] /r
[04/05/2012 17:56:18] /r
[04/05/2012 17:56:18] /r
[04/05/2012 17:56:18] /r
[04/05/2012 17:56:18] /r
[04/05/2012 17:56:18] /r
[04/05/2012 17:56:18] /r
[04/05/2012 17:56:18] /r
[04/05/2012 17:56:18] /r
[04/05/2012 17:56:18] /r
[04/05/2012 17:56:18] /r
[04/05/2012 17:56:18] /r
[04/05/2012 17:56:18] /r
[04/05/2012 17:56:18] /r
[04/05/2012 17:56:18] /r
[04/05/2012 17:56:19] /r
[04/05/2012 17:56:19] /r
[04/05/2012 17:56:19] /r
[04/05/2012 17:56:19] /r
[04/05/2012 17:56:19] /r
[04/05/2012 17:56:19] /r
[04/05/2012 17:56:19] /r
[04/05/2012 17:56:19] /r
[04/05/2012 17:56:19] /r
[04/05/2012 17:56:19] /r
[04/05/2012 17:56:19] /r
[04/05/2012 17:56:19] /r
[04/05/2012 17:56:19] /r
[04/05/2012 17:56:19] /r
[04/05/2012 17:56:19] /r
[04/05/2012 17:56:19] /r
[04/05/2012 17:56:19] /r
[04/05/2012 17:56:19] /r
[04/05/2012 17:56:19] /r
[04/05/2012 17:56:19] /r
[04/05/2012 17:56:19] /r
[04/05/2012 17:56:19] /r
[04/05/2012 17:56:19] /r
[04/05/2012 17:56:19] /r
[04/05/2012 17:56:19] /r
[04/05/2012 17:56:19] /r
[04/05/2012 17:56:19] /r
[04/05/2012 17:56:19] /r
[04/05/2012 17:56:19] /r
[04/05/2012 17:56:19] /r
[04/05/2012 17:56:19] /r
[04/05/2012 17:56:19] /r
[04/05/2012 17:56:19] /r
[04/05/2012 17:56:19] /r
[04/05/2012 17:56:19] /r
[04/05/2012 17:56:20] /r
[04/05/2012 17:56:20] /r
[04/05/2012 17:56:20] /r
[04/05/2012 17:56:20] /r
[04/05/2012 17:56:20] /r
[04/05/2012 17:56:20] /r
[04/05/2012 17:56:20] /r
[04/05/2012 17:56:20] /r
[04/05/2012 17:56:20] /r
[04/05/2012 17:56:20] /r
[04/05/2012 17:56:20] /r
[04/05/2012 17:56:20] /r
[04/05/2012 17:56:20] /r
[04/05/2012 17:56:20] /r
[04/05/2012 17:56:20] /r
[04/05/2012 17:56:20] /r
[04/05/2012 17:56:20] /r
[04/05/2012 17:56:20] /r
[04/05/2012 17:56:20] /r
[04/05/2012 17:56:20] /r
[04/05/2012 17:56:20] /r
[04/05/2012 17:56:20] /r
[04/05/2012 17:56:20] /r
[04/05/2012 17:56:20] /r
[04/05/2012 17:56:20] /r
[04/05/2012 17:56:20] /r
[04/05/2012 17:56:20] /r
[04/05/2012 17:56:20] /r
[04/05/2012 17:56:20] /r
[04/05/2012 17:56:20] /r
[04/05/2012 17:56:20] /r
[04/05/2012 17:56:20] /r
[04/05/2012 17:56:20] /r
[04/05/2012 17:56:21] /r
[04/05/2012 17:56:21] /r
[04/05/2012 17:56:21] /r
[04/05/2012 17:56:21] /r
[04/05/2012 17:56:21] /r
[04/05/2012 17:56:21] /r
[04/05/2012 17:56:21] /r
[04/05/2012 17:56:21] /r
[04/05/2012 17:56:21] /r
[04/05/2012 17:56:21] /r
[04/05/2012 17:56:21] /r
[04/05/2012 17:56:21] /r
[04/05/2012 17:56:21] /r
[04/05/2012 17:56:21] /r
[04/05/2012 17:56:21] /r
[04/05/2012 17:56:21] /r
[04/05/2012 17:56:21] /r
[04/05/2012 17:56:21] /r
[04/05/2012 17:56:21] /r
[04/05/2012 17:56:21] /r
[04/05/2012 17:56:21] /r
[04/05/2012 17:56:21] /r
[04/05/2012 17:56:21] /r
[04/05/2012 17:56:22] /r
[04/05/2012 17:56:22] /r
[04/05/2012 17:56:22] /r
[04/05/2012 17:56:22] /r
[04/05/2012 17:56:22] /r
[04/05/2012 17:56:22] /r
[04/05/2012 17:56:22] /r
[04/05/2012 17:56:22] /r
[04/05/2012 17:56:22] /r
[04/05/2012 17:56:22] /r
[04/05/2012 17:56:22] /r
[04/05/2012 17:56:22] /r
[04/05/2012 17:56:22] /r
[04/05/2012 17:56:22] /r
[04/05/2012 17:56:22] /r
[04/05/2012 17:56:22] /r
[04/05/2012 17:56:22] /r
[04/05/2012 17:56:22] /r
[04/05/2012 17:56:22] /r
[04/05/2012 17:56:22] /r
[04/05/2012 17:56:22] /r
[04/05/2012 17:56:22] /r
[04/05/2012 17:56:22] /r
[04/05/2012 17:56:22] /r
[04/05/2012 17:56:22] /r
[04/05/2012 17:56:22] /r
[04/05/2012 17:56:22] /r
[04/05/2012 17:56:22] /r
[04/05/2012 17:56:22] /r
[04/05/2012 17:56:22] /r
[04/05/2012 17:56:22] /r
[04/05/2012 17:56:22] /r
[04/05/2012 17:56:22] /r
[04/05/2012 17:56:22] /r
[04/05/2012 17:56:22] /r
[04/05/2012 17:56:22] /r
[04/05/2012 17:56:22] /r
[04/05/2012 17:56:22] /r
[04/05/2012 17:56:22] /r
[04/05/2012 17:56:22] /r
[04/05/2012 17:56:23] /r
[04/05/2012 17:56:23] /r
[04/05/2012 17:56:23] /r
[04/05/2012 17:56:23] /r
[04/05/2012 17:56:23] /r
[04/05/2012 17:56:23] /r
[04/05/2012 17:56:23] /r
[04/05/2012 17:56:23] /r
[04/05/2012 17:56:23] /r
[04/05/2012 17:56:23] /r
[04/05/2012 17:56:23] /r
[04/05/2012 17:56:23] /r
[04/05/2012 17:56:23] /r
[04/05/2012 17:56:23] /r
[04/05/2012 17:56:23] /r
[04/05/2012 17:56:23] /r
[04/05/2012 17:56:23] /r
[04/05/2012 17:56:23] /r
[04/05/2012 17:56:23] /r
[04/05/2012 17:56:23] /r
[04/05/2012 17:56:23] /r
[04/05/2012 17:56:23] /r
[04/05/2012 17:56:23] /r
[04/05/2012 17:56:23] /r
[04/05/2012 17:56:23] /r
[04/05/2012 17:56:23] /r
[04/05/2012 17:56:23] /r
[04/05/2012 17:56:23] /r
[04/05/2012 17:56:23] /r
[04/05/2012 17:56:23] /r
[04/05/2012 17:56:23] /r
[04/05/2012 17:56:23] /r
[04/05/2012 17:56:23] /r
[04/05/2012 17:56:23] /r
[04/05/2012 17:56:23] /r
[04/05/2012 17:56:23] /r
[04/05/2012 17:56:23] /r
